{"timestamp":"2024-12-18T18:23:45,836","container":"bd2d3851d152","level":"INFO","thread":"main","class":"Besu","message":"Starting Besu","throwable":""}
{"timestamp":"2024-12-18T18:23:47,352","container":"bd2d3851d152","level":"WARN","thread":"main","class":"Besu","message":"--min-gas-price has been ignored because --miner-enabled was not defined on the command line.","throwable":""}
{"timestamp":"2024-12-18T18:23:51,353","container":"bd2d3851d152","level":"INFO","thread":"main","class":"Besu","message":"
####################################################################################################
#                                                                                                  #
# Besu version 23.4.1                                                                              #
#                                                                                                  #
# Configuration:                                                                                   #
# Network: Custom genesis file specified                                                           #
# Network Id: 1337                                                                                 #
# Data storage: Forest                                                                             #
# Sync mode: Full                                                                                  #
# RPC HTTP APIs: EEA,WEB3,ETH,NET,TRACE,DEBUG,ADMIN,TXPOOL,PRIV,PERM,QBFT                          #
# RPC HTTP port: 8545                                                                              #
#                                                                                                  #
# Host:                                                                                            #
# Java: openjdk-java-17                                                                            #
# Maximum heap size: 1.86 GB                                                                       #
# OS: linux-x86_64                                                                                 #
# glibc: 2.35                                                                                      #
# jemalloc: 5.2.1-0-gea6b3e973b477b8061e0076bb257dbd7f3faa756                                      #
# Total memory: 7.45 GB                                                                            #
# CPU cores: 12                                                                                    #
#                                                                                                  #
####################################################################################################","throwable":""}
{"timestamp":"2024-12-18T18:23:51,353","container":"bd2d3851d152","level":"INFO","thread":"main","class":"Besu","message":"Connecting to 8 static nodes.","throwable":""}
{"timestamp":"2024-12-18T18:23:51,354","container":"bd2d3851d152","level":"INFO","thread":"main","class":"Besu","message":"Security Module: localfile","throwable":""}
{"timestamp":"2024-12-18T18:23:51,463","container":"bd2d3851d152","level":"INFO","thread":"main","class":"Besu","message":"Using the native implementation of alt bn128","throwable":""}
{"timestamp":"2024-12-18T18:23:51,574","container":"bd2d3851d152","level":"INFO","thread":"main","class":"Besu","message":"Using the native implementation of modexp","throwable":""}
{"timestamp":"2024-12-18T18:23:51,577","container":"bd2d3851d152","level":"INFO","thread":"main","class":"Besu","message":"Using the native implementation of the signature algorithm","throwable":""}
{"timestamp":"2024-12-18T18:23:51,590","container":"bd2d3851d152","level":"INFO","thread":"main","class":"Besu","message":"Using the native implementation of the blake2bf algorithm","throwable":""}
{"timestamp":"2024-12-18T18:23:51,658","container":"bd2d3851d152","level":"INFO","thread":"main","class":"RocksDBKeyValueStorageFactory","message":"No existing database detected at /opt/besu/data. Using version 1","throwable":""}
{"timestamp":"2024-12-18T18:23:56,946","container":"bd2d3851d152","level":"INFO","thread":"main","class":"KeyPairUtil","message":"Loaded public key 0x86fcc16f4730fbfd238dc17ea552854c0943923bb1d5e886e5601b8d884fb0519060e0023f495dd24ffe60a65660fb7fdcdebfceedd2b3673dfa63658825924b from /opt/besu/keys/nodekey","throwable":""}
{"timestamp":"2024-12-18T18:23:56,983","container":"bd2d3851d152","level":"WARN","thread":"main","class":"Besu","message":"Privacy is disabled. Cannot use EEA/PRIV API methods when not using Privacy.","throwable":""}
{"timestamp":"2024-12-18T18:23:57,692","container":"bd2d3851d152","level":"INFO","thread":"main","class":"ProtocolScheduleBuilder","message":"Protocol schedule created with milestones: [GrayGlacier: 0]","throwable":""}
{"timestamp":"2024-12-18T18:23:58,537","container":"bd2d3851d152","level":"INFO","thread":"main","class":"TransactionPoolFactory","message":"Enabling transaction pool","throwable":""}
{"timestamp":"2024-12-18T18:23:58,617","container":"bd2d3851d152","level":"INFO","thread":"main","class":"BesuControllerBuilder","message":"TTD difficulty is not present, creating initial sync phase for PoW","throwable":""}
{"timestamp":"2024-12-18T18:23:58,892","container":"bd2d3851d152","level":"INFO","thread":"main","class":"RunnerBuilder","message":"Detecting NAT service.","throwable":""}
{"timestamp":"2024-12-18T18:24:00,397","container":"bd2d3851d152","level":"INFO","thread":"main","class":"Runner","message":"Starting external services ... ","throwable":""}
{"timestamp":"2024-12-18T18:24:00,398","container":"bd2d3851d152","level":"INFO","thread":"main","class":"MetricsHttpService","message":"Starting metrics http service on 0.0.0.0:9545","throwable":""}
{"timestamp":"2024-12-18T18:24:00,676","container":"bd2d3851d152","level":"INFO","thread":"vert.x-eventloop-thread-1","class":"MetricsHttpService","message":"Metrics service started and listening on 0.0.0.0:9545","throwable":""}
{"timestamp":"2024-12-18T18:24:00,677","container":"bd2d3851d152","level":"INFO","thread":"main","class":"JsonRpcHttpService","message":"Starting JSON-RPC service on 0.0.0.0:8545","throwable":""}
{"timestamp":"2024-12-18T18:24:00,707","container":"bd2d3851d152","level":"INFO","thread":"vert.x-eventloop-thread-1","class":"JsonRpcHttpService","message":"JSON-RPC service started and listening on 0.0.0.0:8545","throwable":""}
{"timestamp":"2024-12-18T18:24:00,709","container":"bd2d3851d152","level":"INFO","thread":"main","class":"GraphQLHttpService","message":"Starting GraphQL HTTP service on 0.0.0.0:8547","throwable":""}
{"timestamp":"2024-12-18T18:24:00,716","container":"bd2d3851d152","level":"INFO","thread":"vert.x-eventloop-thread-1","class":"GraphQLHttpService","message":"GraphQL HTTP service started and listening on 0.0.0.0:8547","throwable":""}
{"timestamp":"2024-12-18T18:24:00,717","container":"bd2d3851d152","level":"INFO","thread":"main","class":"WebSocketService","message":"Starting Websocket service on 0.0.0.0:8546","throwable":""}
{"timestamp":"2024-12-18T18:24:00,723","container":"bd2d3851d152","level":"INFO","thread":"vert.x-eventloop-thread-1","class":"WebSocketService","message":"Websocket service started and listening on 0.0.0.0:8546","throwable":""}
{"timestamp":"2024-12-18T18:24:00,728","container":"bd2d3851d152","level":"INFO","thread":"main","class":"AutoTransactionLogBloomCachingService","message":"Starting auto transaction log bloom caching service.","throwable":""}
{"timestamp":"2024-12-18T18:24:00,731","container":"bd2d3851d152","level":"INFO","thread":"main","class":"LogBloomCacheMetadata","message":"Lookup cache metadata file in data directory: /opt/besu/data/caches","throwable":""}
{"timestamp":"2024-12-18T18:24:00,753","container":"bd2d3851d152","level":"INFO","thread":"main","class":"Runner","message":"Starting Ethereum main loop ... ","throwable":""}
{"timestamp":"2024-12-18T18:24:00,753","container":"bd2d3851d152","level":"INFO","thread":"main","class":"DockerNatManager","message":"Starting docker NAT manager.","throwable":""}
{"timestamp":"2024-12-18T18:24:04,482","container":"bd2d3851d152","level":"INFO","thread":"main","class":"NetworkRunner","message":"Starting Network.","throwable":""}
{"timestamp":"2024-12-18T18:24:04,515","container":"bd2d3851d152","level":"INFO","thread":"nioEventLoopGroup-2-1","class":"RlpxAgent","message":"P2P RLPx agent started and listening on /[0:0:0:0:0:0:0:0]:30303.","throwable":""}
{"timestamp":"2024-12-18T18:24:04,517","container":"bd2d3851d152","level":"INFO","thread":"main","class":"PeerDiscoveryAgent","message":"Starting peer discovery agent on host=0.0.0.0, port=30303","throwable":""}
{"timestamp":"2024-12-18T18:24:04,561","container":"bd2d3851d152","level":"INFO","thread":"vert.x-eventloop-thread-1","class":"VertxPeerDiscoveryAgent","message":"Started peer discovery agent successfully, on effective host=0:0:0:0:0:0:0:0%0 and port=30303","throwable":""}
{"timestamp":"2024-12-18T18:24:04,565","container":"bd2d3851d152","level":"INFO","thread":"main","class":"PeerDiscoveryAgent","message":"P2P peer discovery agent started and listening on /[0:0:0:0:0:0:0:0%0]:30303","throwable":""}
{"timestamp":"2024-12-18T18:24:04,717","container":"bd2d3851d152","level":"INFO","thread":"main","class":"PeerDiscoveryAgent","message":"Writing node record to disk. NodeRecord{seq=1, publicKey=0x0386fcc16f4730fbfd238dc17ea552854c0943923bb1d5e886e5601b8d884fb051, udpAddress=Optional[/172.16.239.15:30303], tcpAddress=Optional[/172.16.239.15:30303], asBase64=-Je4QHbVAqq_YjbL6IAr81xnMYKqRVzOmx6AmbcqgUCMRHQEN9SAw59T4DbMzherWU1vh9bbGPkx2k67wjWil36SMWQBg2V0aMfGhGg-ugyAgmlkgnY0gmlwhKwQ7w-Jc2VjcDI1NmsxoQOG_MFvRzD7_SONwX6lUoVMCUOSO7HV6IblYBuNiE-wUYN0Y3CCdl-DdWRwgnZf, nodeId=0x133b4f32d7750cdfd4048f04df8b560be949c229c821731554c33ead5e3888a4, customFields={tcp=30303, udp=30303, ip=0xac10ef0f, eth=[[0x683eba0c, 0x]], id=V4, secp256k1=0x0386fcc16f4730fbfd238dc17ea552854c0943923bb1d5e886e5601b8d884fb051}}","throwable":""}
{"timestamp":"2024-12-18T18:24:04,852","container":"bd2d3851d152","level":"INFO","thread":"main","class":"DefaultP2PNetwork","message":"Enode URL enode://86fcc16f4730fbfd238dc17ea552854c0943923bb1d5e886e5601b8d884fb0519060e0023f495dd24ffe60a65660fb7fdcdebfceedd2b3673dfa63658825924b@172.16.239.15:30303","throwable":""}
{"timestamp":"2024-12-18T18:24:04,854","container":"bd2d3851d152","level":"INFO","thread":"main","class":"DefaultP2PNetwork","message":"Node address 0xdf8b560be949c229c821731554c33ead5e3888a4","throwable":""}
{"timestamp":"2024-12-18T18:24:05,002","container":"bd2d3851d152","level":"INFO","thread":"main","class":"NetworkRunner","message":"Supported capabilities: [eth/62, eth/63, eth/64, eth/65, eth/66, eth/67, eth/68], [istanbul/100], [snap/1]","throwable":""}
{"timestamp":"2024-12-18T18:24:05,003","container":"bd2d3851d152","level":"INFO","thread":"main","class":"DefaultSynchronizer","message":"Starting synchronizer.","throwable":""}
{"timestamp":"2024-12-18T18:24:05,008","container":"bd2d3851d152","level":"INFO","thread":"main","class":"TransactionPoolFactory","message":"Enabling transaction handling following initial sync","throwable":""}
{"timestamp":"2024-12-18T18:24:05,030","container":"bd2d3851d152","level":"INFO","thread":"main","class":"FullSyncDownloader","message":"Starting full sync.","throwable":""}
{"timestamp":"2024-12-18T18:24:05,037","container":"bd2d3851d152","level":"INFO","thread":"main","class":"FullSyncTargetManager","message":"Unable to find sync target. Currently checking 0 peers for usefulness","throwable":""}
{"timestamp":"2024-12-18T18:24:05,151","container":"bd2d3851d152","level":"INFO","thread":"main","class":"Runner","message":"Ethereum main loop is up.","throwable":""}
{"timestamp":"2024-12-18T18:24:05,968","container":"bd2d3851d152","level":"INFO","thread":"nioEventLoopGroup-3-6","class":"FullSyncTargetManager","message":"Unable to find sync target. Currently checking 5 peers for usefulness","throwable":""}
{"timestamp":"2024-12-18T18:24:10,971","container":"bd2d3851d152","level":"INFO","thread":"EthScheduler-Timer-0","class":"FullSyncTargetManager","message":"Unable to find sync target. Currently checking 5 peers for usefulness","throwable":""}
{"timestamp":"2024-12-18T18:24:15,584","container":"bd2d3851d152","level":"INFO","thread":"EthScheduler-Workers-0","class":"PersistBlockTask","message":"Imported #1 / 0 tx / 0 om / 0 (0.0%) gas / (0x05ed38e305c0b19cd966bab7a3bfee6d67a68f0383025d86f2453afae3ba550f) in 0.054s. Peers: 5","throwable":""}
{"timestamp":"2024-12-18T18:24:15,972","container":"bd2d3851d152","level":"INFO","thread":"EthScheduler-Timer-0","class":"FullSyncTargetManager","message":"Unable to find sync target. Currently checking 5 peers for usefulness","throwable":""}
{"timestamp":"2024-12-18T18:24:20,974","container":"bd2d3851d152","level":"INFO","thread":"EthScheduler-Timer-0","class":"FullSyncTargetManager","message":"Unable to find sync target. Currently checking 5 peers for usefulness","throwable":""}
{"timestamp":"2024-12-18T18:24:23,161","container":"bd2d3851d152","level":"INFO","thread":"EthScheduler-Workers-0","class":"PersistBlockTask","message":"Imported #2 / 0 tx / 0 om / 0 (0.0%) gas / (0xd9e62b91523348691f86887a6d6afb01db119c1164acfd378d3ee1b803a58b13) in 0.009s. Peers: 5","throwable":""}
{"timestamp":"2024-12-18T18:24:31,079","container":"bd2d3851d152","level":"INFO","thread":"EthScheduler-Workers-0","class":"PersistBlockTask","message":"Imported #3 / 0 tx / 0 om / 0 (0.0%) gas / (0x78ca49a43f84d68cef6ad18050500f45f253941053eaa2b70212fbc8ff21b5f6) in 0.004s. Peers: 5","throwable":""}
{"timestamp":"2024-12-18T18:24:39,151","container":"bd2d3851d152","level":"INFO","thread":"EthScheduler-Workers-0","class":"PersistBlockTask","message":"Imported #4 / 0 tx / 0 om / 0 (0.0%) gas / (0x64acf9cc6e39c9a83305ea0c4150eb195339eaa3e45d569e7c1033e7f7437f11) in 0.026s. Peers: 5","throwable":""}
{"timestamp":"2024-12-18T18:24:47,061","container":"bd2d3851d152","level":"INFO","thread":"EthScheduler-Workers-0","class":"PersistBlockTask","message":"Imported #5 / 0 tx / 0 om / 0 (0.0%) gas / (0x09f67b1f9d70d2ca34ca7de9761610f58b8f17a3f8737d96321a42bf81b339b9) in 0.007s. Peers: 5","throwable":""}
{"timestamp":"2024-12-18T18:24:55,051","container":"bd2d3851d152","level":"INFO","thread":"EthScheduler-Workers-0","class":"PersistBlockTask","message":"Imported #6 / 0 tx / 0 om / 0 (0.0%) gas / (0x0c1a2e341965f12d70e9a08a52e1d1e6b6232eded262b4e7486964b562001d94) in 0.008s. Peers: 5","throwable":""}
{"timestamp":"2024-12-18T18:25:03,076","container":"bd2d3851d152","level":"INFO","thread":"EthScheduler-Workers-0","class":"PersistBlockTask","message":"Imported #7 / 0 tx / 0 om / 0 (0.0%) gas / (0x69512111c8a773f2f1438ecbc90d12a2dfbefba30a8ccbe762fe3b79726a36a8) in 0.006s. Peers: 5","throwable":""}
{"timestamp":"2024-12-18T18:25:11,047","container":"bd2d3851d152","level":"INFO","thread":"EthScheduler-Workers-0","class":"PersistBlockTask","message":"Imported #8 / 0 tx / 0 om / 0 (0.0%) gas / (0xbeddf5209feb0bd557495f5172524abff47752419127aed0036fd5c8e6dd23f8) in 0.004s. Peers: 5","throwable":""}
{"timestamp":"2024-12-18T18:25:19,069","container":"bd2d3851d152","level":"INFO","thread":"EthScheduler-Workers-0","class":"PersistBlockTask","message":"Imported #9 / 0 tx / 0 om / 0 (0.0%) gas / (0x244348890c03b1bd41b538c5094960357cc6c368ce5185cd0317149c749eb29c) in 0.004s. Peers: 5","throwable":""}
{"timestamp":"2024-12-18T18:25:27,042","container":"bd2d3851d152","level":"INFO","thread":"EthScheduler-Workers-0","class":"PersistBlockTask","message":"Imported #10 / 0 tx / 0 om / 0 (0.0%) gas / (0xe5b559dafbedc84a91b2911d4411ab9670ae40735dfb699d8d4d3906a55ebf1d) in 0.003s. Peers: 5","throwable":""}
{"timestamp":"2024-12-18T18:25:35,094","container":"bd2d3851d152","level":"INFO","thread":"EthScheduler-Workers-0","class":"PersistBlockTask","message":"Imported #11 / 0 tx / 0 om / 0 (0.0%) gas / (0x407569543ddebdf9f7e2de825a40b6a24f953d0237fe9de404a86f55411413da) in 0.006s. Peers: 5","throwable":""}
{"timestamp":"2024-12-18T18:25:43,096","container":"bd2d3851d152","level":"INFO","thread":"EthScheduler-Workers-0","class":"PersistBlockTask","message":"Imported #12 / 0 tx / 0 om / 0 (0.0%) gas / (0x8166405a797d95cd54ff012bfadd4afa531c0cf581c8edd1dde74cb96ad35623) in 0.014s. Peers: 5","throwable":""}
{"timestamp":"2024-12-18T18:25:51,046","container":"bd2d3851d152","level":"INFO","thread":"EthScheduler-Workers-0","class":"PersistBlockTask","message":"Imported #13 / 0 tx / 0 om / 0 (0.0%) gas / (0x118fe0b21822c4aac1de2407a585fe6e72ec927be1bdcbbe4cddb6cdab2d3e83) in 0.004s. Peers: 5","throwable":""}
{"timestamp":"2024-12-18T18:25:59,043","container":"bd2d3851d152","level":"INFO","thread":"EthScheduler-Workers-0","class":"PersistBlockTask","message":"Imported #14 / 0 tx / 0 om / 0 (0.0%) gas / (0xfdc932bf368009e73eaa1071dee134607e677be1592c2920d11a4c7608077a15) in 0.007s. Peers: 5","throwable":""}
{"timestamp":"2024-12-18T18:26:07,042","container":"bd2d3851d152","level":"INFO","thread":"EthScheduler-Workers-0","class":"PersistBlockTask","message":"Imported #15 / 0 tx / 0 om / 0 (0.0%) gas / (0x0c33bace6aa063f8f279777ca22539b966d162526cd60f476922f321e7240b1a) in 0.005s. Peers: 5","throwable":""}
{"timestamp":"2024-12-18T18:26:15,038","container":"bd2d3851d152","level":"INFO","thread":"EthScheduler-Workers-0","class":"PersistBlockTask","message":"Imported #16 / 0 tx / 0 om / 0 (0.0%) gas / (0x7660b8a198e54b026de02f2e51d643778a1c58be838c82a632291887de0abe2f) in 0.006s. Peers: 5","throwable":""}
{"timestamp":"2024-12-18T18:26:23,042","container":"bd2d3851d152","level":"INFO","thread":"EthScheduler-Workers-0","class":"PersistBlockTask","message":"Imported #17 / 0 tx / 0 om / 0 (0.0%) gas / (0x7e804b892452697fe69085cfdd131d616591cfe12cbc21734cfb03d8ac916bdc) in 0.005s. Peers: 5","throwable":""}
{"timestamp":"2024-12-18T18:26:31,038","container":"bd2d3851d152","level":"INFO","thread":"EthScheduler-Workers-0","class":"PersistBlockTask","message":"Imported #18 / 0 tx / 0 om / 0 (0.0%) gas / (0x89656b94e630d817683b84cf7e5cf9fe755b9f238032aa13cddd7eadef3b08c2) in 0.003s. Peers: 5","throwable":""}
{"timestamp":"2024-12-18T18:26:39,035","container":"bd2d3851d152","level":"INFO","thread":"EthScheduler-Workers-0","class":"PersistBlockTask","message":"Imported #19 / 0 tx / 0 om / 0 (0.0%) gas / (0x717315c2465da86e52108b2d646b55d6501fbc6ef6c8b29bf26b83a5030361c6) in 0.003s. Peers: 5","throwable":""}
{"timestamp":"2024-12-18T18:26:47,035","container":"bd2d3851d152","level":"INFO","thread":"EthScheduler-Workers-0","class":"PersistBlockTask","message":"Imported #20 / 0 tx / 0 om / 0 (0.0%) gas / (0xa58ed830f40dff7720df252d093fb0984429593a42083822a39c8aebf4e32837) in 0.004s. Peers: 5","throwable":""}
{"timestamp":"2024-12-18T18:26:55,035","container":"bd2d3851d152","level":"INFO","thread":"EthScheduler-Workers-0","class":"PersistBlockTask","message":"Imported #21 / 0 tx / 0 om / 0 (0.0%) gas / (0x72dab5e905f6941f30e227d332b3ddefd20615bc0b7d2c378981bcd0bd797ba8) in 0.005s. Peers: 5","throwable":""}
{"timestamp":"2024-12-18T18:27:03,051","container":"bd2d3851d152","level":"INFO","thread":"EthScheduler-Workers-0","class":"PersistBlockTask","message":"Imported #22 / 0 tx / 0 om / 0 (0.0%) gas / (0x1a5395692d82dd9e1c09750b37ef6a0b6aca8b80ffc6a48cee002bbe89649249) in 0.018s. Peers: 5","throwable":""}
{"timestamp":"2024-12-18T18:27:11,045","container":"bd2d3851d152","level":"INFO","thread":"EthScheduler-Workers-0","class":"PersistBlockTask","message":"Imported #23 / 0 tx / 0 om / 0 (0.0%) gas / (0x94909eb1041c283b21d1146c5a5526c0f702ae58f02916471b25f72d17fb3c74) in 0.013s. Peers: 5","throwable":""}
{"timestamp":"2024-12-18T18:27:19,046","container":"bd2d3851d152","level":"INFO","thread":"EthScheduler-Workers-0","class":"PersistBlockTask","message":"Imported #24 / 0 tx / 0 om / 0 (0.0%) gas / (0xcf9beef4a2eb4e69ff2e13835729634e6e69823590413bd86dd868647941a955) in 0.003s. Peers: 5","throwable":""}
{"timestamp":"2024-12-18T18:27:27,074","container":"bd2d3851d152","level":"INFO","thread":"EthScheduler-Workers-0","class":"PersistBlockTask","message":"Imported #25 / 0 tx / 0 om / 0 (0.0%) gas / (0xfed896237e211cfdcf02d6ed628e6d3f3d6a4e9ad24740b2c40f486b68e8ecbb) in 0.009s. Peers: 5","throwable":""}
{"timestamp":"2024-12-18T18:27:35,033","container":"bd2d3851d152","level":"INFO","thread":"EthScheduler-Workers-0","class":"PersistBlockTask","message":"Imported #26 / 0 tx / 0 om / 0 (0.0%) gas / (0x6abc64b3a8fda9985164d4f1114ec5ddbcbf5774b384ae3153dd5941428029e5) in 0.004s. Peers: 5","throwable":""}
{"timestamp":"2024-12-18T18:27:43,037","container":"bd2d3851d152","level":"INFO","thread":"EthScheduler-Workers-0","class":"PersistBlockTask","message":"Imported #27 / 0 tx / 0 om / 0 (0.0%) gas / (0x05f1fd0c27935c605ffd2a9b414c63aebe094bf13960db4097b251054529c63e) in 0.004s. Peers: 5","throwable":""}
{"timestamp":"2024-12-18T18:27:51,077","container":"bd2d3851d152","level":"INFO","thread":"EthScheduler-Workers-0","class":"PersistBlockTask","message":"Imported #28 / 0 tx / 0 om / 0 (0.0%) gas / (0x756a4bf7cf3c37a88c68160dc51c6b28b6e082e2ddc93aae3aa456c3c224b8e1) in 0.019s. Peers: 5","throwable":""}
{"timestamp":"2024-12-18T18:27:59,033","container":"bd2d3851d152","level":"INFO","thread":"EthScheduler-Workers-0","class":"PersistBlockTask","message":"Imported #29 / 0 tx / 0 om / 0 (0.0%) gas / (0x701a91cdabe9f9ef6c9496ab10998e9a4aa952d5486d5e2dc3afb3f9711d5ea3) in 0.004s. Peers: 5","throwable":""}
{"timestamp":"2024-12-18T18:28:07,076","container":"bd2d3851d152","level":"INFO","thread":"EthScheduler-Workers-0","class":"PersistBlockTask","message":"Imported #30 / 0 tx / 0 om / 0 (0.0%) gas / (0x21aad3664872e3341a52844959288bf6e2e9c03492ba1b89f7a5f96a861b916b) in 0.019s. Peers: 5","throwable":""}
{"timestamp":"2024-12-18T18:28:15,036","container":"bd2d3851d152","level":"INFO","thread":"EthScheduler-Workers-0","class":"PersistBlockTask","message":"Imported #31 / 0 tx / 0 om / 0 (0.0%) gas / (0x76eba9bd89b0d565997c90c4600bf4c280f0cb1375c57be4732c536519ca448a) in 0.004s. Peers: 5","throwable":""}
{"timestamp":"2024-12-18T18:28:23,034","container":"bd2d3851d152","level":"INFO","thread":"EthScheduler-Workers-0","class":"PersistBlockTask","message":"Imported #32 / 0 tx / 0 om / 0 (0.0%) gas / (0x4d664867716aa5c1fb711ab39fcbe5655c7a9d26c9b2ce7f8bb6d8df6498dc25) in 0.005s. Peers: 5","throwable":""}
{"timestamp":"2024-12-18T18:28:31,030","container":"bd2d3851d152","level":"INFO","thread":"EthScheduler-Workers-0","class":"PersistBlockTask","message":"Imported #33 / 0 tx / 0 om / 0 (0.0%) gas / (0xe416194e548f910b2fbd5fb6d84856c52f2448edffeca165971bc3dde3db71d0) in 0.003s. Peers: 5","throwable":""}
{"timestamp":"2024-12-18T18:28:39,048","container":"bd2d3851d152","level":"INFO","thread":"EthScheduler-Workers-0","class":"PersistBlockTask","message":"Imported #34 / 0 tx / 0 om / 0 (0.0%) gas / (0xf91a4241897b644b694b689c5603703111856403df02fb5cc2e28699250b8cab) in 0.004s. Peers: 5","throwable":""}
{"timestamp":"2024-12-18T18:28:47,054","container":"bd2d3851d152","level":"INFO","thread":"EthScheduler-Workers-0","class":"PersistBlockTask","message":"Imported #35 / 0 tx / 0 om / 0 (0.0%) gas / (0x5421d785ceb9e6c6f92563635a73cc7d5facbcaa3a37c5f4e0097b9173aa3c8e) in 0.009s. Peers: 5","throwable":""}
{"timestamp":"2024-12-18T18:28:55,035","container":"bd2d3851d152","level":"INFO","thread":"EthScheduler-Workers-0","class":"PersistBlockTask","message":"Imported #36 / 0 tx / 0 om / 0 (0.0%) gas / (0x1aa5a13202acf27627ea22497a29605f5626472e19e9718bafd28cdf4a34dc86) in 0.005s. Peers: 5","throwable":""}
{"timestamp":"2024-12-18T18:29:03,037","container":"bd2d3851d152","level":"INFO","thread":"EthScheduler-Workers-0","class":"PersistBlockTask","message":"Imported #37 / 0 tx / 0 om / 0 (0.0%) gas / (0xc34f3b82c7c18085c01648e7491801e3f12081a5fc5974b283fff95b8d67f4fc) in 0.004s. Peers: 5","throwable":""}
{"timestamp":"2024-12-18T18:29:11,042","container":"bd2d3851d152","level":"INFO","thread":"EthScheduler-Workers-0","class":"PersistBlockTask","message":"Imported #38 / 0 tx / 0 om / 0 (0.0%) gas / (0xe84b79e927ad13996b193a676e13ccac1b29397ab76a1fb656cfb9d6f81f962e) in 0.004s. Peers: 5","throwable":""}
{"timestamp":"2024-12-18T18:29:19,033","container":"bd2d3851d152","level":"INFO","thread":"EthScheduler-Workers-0","class":"PersistBlockTask","message":"Imported #39 / 0 tx / 0 om / 0 (0.0%) gas / (0x316e13589e781cb0689ace44e42a26ac2f1ce7278dd0f28882376c19cf91ae33) in 0.004s. Peers: 5","throwable":""}
{"timestamp":"2024-12-18T18:29:27,032","container":"bd2d3851d152","level":"INFO","thread":"EthScheduler-Workers-0","class":"PersistBlockTask","message":"Imported #40 / 0 tx / 0 om / 0 (0.0%) gas / (0x45e2c70549885d8b54fbc3391c02c8598ca6b7b2bd1c7892b0ac48682850a461) in 0.004s. Peers: 5","throwable":""}
{"timestamp":"2024-12-18T18:29:35,028","container":"bd2d3851d152","level":"INFO","thread":"EthScheduler-Workers-0","class":"PersistBlockTask","message":"Imported #41 / 0 tx / 0 om / 0 (0.0%) gas / (0xda278872dafe1c5df669308595246ef960bd1da9c09062d6fe9b9b69bfcf58f6) in 0.003s. Peers: 5","throwable":""}
{"timestamp":"2024-12-18T18:29:43,029","container":"bd2d3851d152","level":"INFO","thread":"EthScheduler-Workers-0","class":"PersistBlockTask","message":"Imported #42 / 0 tx / 0 om / 0 (0.0%) gas / (0xdbda3a9fc716608183b4ae4715f6602618ef7afc1b35bf7b11fd7b6ca106ee60) in 0.003s. Peers: 5","throwable":""}
{"timestamp":"2024-12-18T18:29:51,026","container":"bd2d3851d152","level":"INFO","thread":"EthScheduler-Workers-0","class":"PersistBlockTask","message":"Imported #43 / 0 tx / 0 om / 0 (0.0%) gas / (0xb400620f5de9c80b4ee8bf1ce9106e9c0580bc9a0436e38265438ea8dc85d6a3) in 0.004s. Peers: 5","throwable":""}
{"timestamp":"2024-12-18T18:29:59,028","container":"bd2d3851d152","level":"INFO","thread":"EthScheduler-Workers-0","class":"PersistBlockTask","message":"Imported #44 / 0 tx / 0 om / 0 (0.0%) gas / (0x3a2b321280da611ea4b68c99cddda0aaf7176a1c8b4d7c2bd5d84a23a7e849d4) in 0.004s. Peers: 5","throwable":""}
{"timestamp":"2024-12-18T18:30:07,033","container":"bd2d3851d152","level":"INFO","thread":"EthScheduler-Workers-0","class":"PersistBlockTask","message":"Imported #45 / 0 tx / 0 om / 0 (0.0%) gas / (0xf6c6db34742f60a2c3728360ff4087501071e62f650320b9d8edc8ac51f23e95) in 0.007s. Peers: 5","throwable":""}
{"timestamp":"2024-12-18T18:30:15,031","container":"bd2d3851d152","level":"INFO","thread":"EthScheduler-Workers-0","class":"PersistBlockTask","message":"Imported #46 / 0 tx / 0 om / 0 (0.0%) gas / (0xf5a30a47ba7254ab741cc4f032d9393e7ebc3dc504b823dfab3301f6eeacf7ec) in 0.005s. Peers: 5","throwable":""}
{"timestamp":"2024-12-18T18:30:23,030","container":"bd2d3851d152","level":"INFO","thread":"EthScheduler-Workers-0","class":"PersistBlockTask","message":"Imported #47 / 0 tx / 0 om / 0 (0.0%) gas / (0x0b204e64fb962af8c942723c1a9868572b20f02d6001f46526679d02fdf0fce5) in 0.004s. Peers: 5","throwable":""}
{"timestamp":"2024-12-18T18:30:31,027","container":"bd2d3851d152","level":"INFO","thread":"EthScheduler-Workers-0","class":"PersistBlockTask","message":"Imported #48 / 0 tx / 0 om / 0 (0.0%) gas / (0xbb1463ad47f741043ae700dbcf93097428a16c282bd596a238682fbe604e760c) in 0.003s. Peers: 5","throwable":""}
{"timestamp":"2024-12-18T18:30:39,025","container":"bd2d3851d152","level":"INFO","thread":"EthScheduler-Workers-0","class":"PersistBlockTask","message":"Imported #49 / 0 tx / 0 om / 0 (0.0%) gas / (0x05d4440279b7d0f2cc0cf7275c70fc8ab138e6960c91686b11ee2d28e1ae078f) in 0.003s. Peers: 5","throwable":""}
{"timestamp":"2024-12-18T18:30:47,033","container":"bd2d3851d152","level":"INFO","thread":"EthScheduler-Workers-0","class":"PersistBlockTask","message":"Imported #50 / 0 tx / 0 om / 0 (0.0%) gas / (0xb49f3e3803d0f1f6a1b6b9d60cd499f543e256411e5e840192cfc9e2ee599acf) in 0.003s. Peers: 5","throwable":""}
{"timestamp":"2024-12-18T18:30:55,025","container":"bd2d3851d152","level":"INFO","thread":"EthScheduler-Workers-0","class":"PersistBlockTask","message":"Imported #51 / 0 tx / 0 om / 0 (0.0%) gas / (0xe1392b19d259772ee6e8cb036fb10143bd39ecbbb87adcbdbf3b6e8aff8cc756) in 0.003s. Peers: 5","throwable":""}
{"timestamp":"2024-12-18T18:31:03,027","container":"bd2d3851d152","level":"INFO","thread":"EthScheduler-Workers-0","class":"PersistBlockTask","message":"Imported #52 / 0 tx / 0 om / 0 (0.0%) gas / (0xfb54851d10be50cbf9617ad402b5297cfb8a6f66685533bfe6f3219ae593a181) in 0.003s. Peers: 5","throwable":""}
{"timestamp":"2024-12-18T18:31:11,035","container":"bd2d3851d152","level":"INFO","thread":"EthScheduler-Workers-0","class":"PersistBlockTask","message":"Imported #53 / 0 tx / 0 om / 0 (0.0%) gas / (0x5ef76bec72457a3085e00b0d6fc744007e5c82c320cc2c4ccadece1eaf31797d) in 0.007s. Peers: 5","throwable":""}
{"timestamp":"2024-12-18T18:31:19,032","container":"bd2d3851d152","level":"INFO","thread":"EthScheduler-Workers-0","class":"PersistBlockTask","message":"Imported #54 / 0 tx / 0 om / 0 (0.0%) gas / (0x29307d5adc083300cc813ab841fd4a09910a2c8ae785c4c06848262d8791c037) in 0.004s. Peers: 5","throwable":""}
{"timestamp":"2024-12-18T18:31:27,033","container":"bd2d3851d152","level":"INFO","thread":"EthScheduler-Workers-0","class":"PersistBlockTask","message":"Imported #55 / 0 tx / 0 om / 0 (0.0%) gas / (0x3def40c13667953cf36484f29e7578a2666ffacf80fdba07b851324485366062) in 0.004s. Peers: 5","throwable":""}
{"timestamp":"2024-12-18T18:31:35,030","container":"bd2d3851d152","level":"INFO","thread":"EthScheduler-Workers-0","class":"PersistBlockTask","message":"Imported #56 / 0 tx / 0 om / 0 (0.0%) gas / (0xa38f3abca17259478ef563c423de22351960e9c00974b0b68cafaecdc7e78696) in 0.003s. Peers: 5","throwable":""}
{"timestamp":"2024-12-18T18:31:43,031","container":"bd2d3851d152","level":"INFO","thread":"EthScheduler-Workers-0","class":"PersistBlockTask","message":"Imported #57 / 0 tx / 0 om / 0 (0.0%) gas / (0x465b1ffc8c218440aaa47b6842043bc523bd562aff9c6f02d6cb9b139f7d419b) in 0.003s. Peers: 5","throwable":""}
{"timestamp":"2024-12-18T18:31:51,026","container":"bd2d3851d152","level":"INFO","thread":"EthScheduler-Workers-0","class":"PersistBlockTask","message":"Imported #58 / 0 tx / 0 om / 0 (0.0%) gas / (0x4eb0e9a15f8ac4df508539274973e4311f5f1a86b37233b6c25af96340dcb81b) in 0.005s. Peers: 5","throwable":""}
{"timestamp":"2024-12-18T18:31:59,026","container":"bd2d3851d152","level":"INFO","thread":"EthScheduler-Workers-0","class":"PersistBlockTask","message":"Imported #59 / 0 tx / 0 om / 0 (0.0%) gas / (0x35350f945c8d03b257878902532cc0bc7b2498288e361c6adafd490b6be9a0a8) in 0.003s. Peers: 5","throwable":""}
{"timestamp":"2024-12-18T18:32:07,030","container":"bd2d3851d152","level":"INFO","thread":"EthScheduler-Workers-0","class":"PersistBlockTask","message":"Imported #60 / 0 tx / 0 om / 0 (0.0%) gas / (0x136f452d5ad154801338cf1d84d1f81c776d083905f66fcb84414ed69eadeaf2) in 0.004s. Peers: 5","throwable":""}
{"timestamp":"2024-12-18T18:32:15,026","container":"bd2d3851d152","level":"INFO","thread":"EthScheduler-Workers-0","class":"PersistBlockTask","message":"Imported #61 / 0 tx / 0 om / 0 (0.0%) gas / (0x4875e5eb4f8b426a1517175611860b902202f3f481a7ab053a53279e5ed44279) in 0.004s. Peers: 5","throwable":""}
{"timestamp":"2024-12-18T18:32:23,025","container":"bd2d3851d152","level":"INFO","thread":"EthScheduler-Workers-0","class":"PersistBlockTask","message":"Imported #62 / 0 tx / 0 om / 0 (0.0%) gas / (0x53df0e267049c08906a2355360d8b9d846f4244465f13e97ae849ffd1a02569f) in 0.002s. Peers: 5","throwable":""}
{"timestamp":"2024-12-18T18:32:31,021","container":"bd2d3851d152","level":"INFO","thread":"EthScheduler-Workers-0","class":"PersistBlockTask","message":"Imported #63 / 0 tx / 0 om / 0 (0.0%) gas / (0xc22ca568b0efea9e8f804e388eaaff0adfaaf02bdd985c9c396ba5c2d35aacc7) in 0.003s. Peers: 5","throwable":""}
{"timestamp":"2024-12-18T18:32:39,036","container":"bd2d3851d152","level":"INFO","thread":"EthScheduler-Workers-0","class":"PersistBlockTask","message":"Imported #64 / 0 tx / 0 om / 0 (0.0%) gas / (0x8a25af184f87c566321d79589129e9f1bee9974ba27b0df99c8ca0ed2d73b609) in 0.006s. Peers: 5","throwable":""}
{"timestamp":"2024-12-18T18:32:47,027","container":"bd2d3851d152","level":"INFO","thread":"EthScheduler-Workers-0","class":"PersistBlockTask","message":"Imported #65 / 0 tx / 0 om / 0 (0.0%) gas / (0x15e38e8e11acd3f331de9b7e7e692cbaf5165bf99863ee5a4545c789c01734a4) in 0.003s. Peers: 5","throwable":""}
{"timestamp":"2024-12-18T18:32:55,031","container":"bd2d3851d152","level":"INFO","thread":"EthScheduler-Workers-0","class":"PersistBlockTask","message":"Imported #66 / 0 tx / 0 om / 0 (0.0%) gas / (0x6dfb7671f882daf42503b893033fa5845be3c5a934450f728c14d253bf5d1f8f) in 0.004s. Peers: 5","throwable":""}
{"timestamp":"2024-12-18T18:33:03,025","container":"bd2d3851d152","level":"INFO","thread":"EthScheduler-Workers-0","class":"PersistBlockTask","message":"Imported #67 / 0 tx / 0 om / 0 (0.0%) gas / (0xcf3da64cf9adb2e7f6932e2479466202939de8985190b59c64d10ec9224cfded) in 0.005s. Peers: 5","throwable":""}
{"timestamp":"2024-12-18T18:33:11,023","container":"bd2d3851d152","level":"INFO","thread":"EthScheduler-Workers-0","class":"PersistBlockTask","message":"Imported #68 / 0 tx / 0 om / 0 (0.0%) gas / (0x57b28824491fb20c73a90af77c1c85753789ecfa1fa8da9fc7259a9ed587c415) in 0.004s. Peers: 5","throwable":""}
{"timestamp":"2024-12-18T18:33:19,026","container":"bd2d3851d152","level":"INFO","thread":"EthScheduler-Workers-0","class":"PersistBlockTask","message":"Imported #69 / 0 tx / 0 om / 0 (0.0%) gas / (0xaaf61f3d1f727f9464a0fb3f3cd584366f9c2a1018176455a9c32c89229a5e7e) in 0.003s. Peers: 5","throwable":""}
{"timestamp":"2024-12-18T18:33:27,023","container":"bd2d3851d152","level":"INFO","thread":"EthScheduler-Workers-0","class":"PersistBlockTask","message":"Imported #70 / 0 tx / 0 om / 0 (0.0%) gas / (0xb43cda69883d478b665f1f039cac3fc827c4cd929ad9d75513e7086d7dcbb0c2) in 0.005s. Peers: 5","throwable":""}
{"timestamp":"2024-12-18T18:33:35,029","container":"bd2d3851d152","level":"INFO","thread":"EthScheduler-Workers-0","class":"PersistBlockTask","message":"Imported #71 / 0 tx / 0 om / 0 (0.0%) gas / (0x4fab9dc686031d17a15d6ed9adf689000f649abb291eb34b14f650a38a99ee1d) in 0.003s. Peers: 5","throwable":""}
{"timestamp":"2024-12-18T18:33:43,026","container":"bd2d3851d152","level":"INFO","thread":"EthScheduler-Workers-0","class":"PersistBlockTask","message":"Imported #72 / 0 tx / 0 om / 0 (0.0%) gas / (0xada98fec926a0af39d10dbc69ff0ef1c60812600d5476b4b369e75bc0f1b4040) in 0.003s. Peers: 5","throwable":""}
{"timestamp":"2024-12-18T18:33:51,024","container":"bd2d3851d152","level":"INFO","thread":"EthScheduler-Workers-0","class":"PersistBlockTask","message":"Imported #73 / 0 tx / 0 om / 0 (0.0%) gas / (0x8ab0b9e65767e18584a8b263635770f61dbf1289198dfdba43706dde9bb6b36a) in 0.003s. Peers: 5","throwable":""}
{"timestamp":"2024-12-18T18:33:59,022","container":"bd2d3851d152","level":"INFO","thread":"EthScheduler-Workers-0","class":"PersistBlockTask","message":"Imported #74 / 0 tx / 0 om / 0 (0.0%) gas / (0xa8fd7876b29e25622013a050da94ada06291506e1f8565c7709c9da6aad175c5) in 0.003s. Peers: 5","throwable":""}
{"timestamp":"2024-12-18T18:34:07,029","container":"bd2d3851d152","level":"INFO","thread":"EthScheduler-Workers-0","class":"PersistBlockTask","message":"Imported #75 / 0 tx / 0 om / 0 (0.0%) gas / (0x8f5688bb87996b9c834f96338daee5e0f2ffef09a14fb4dec40befce2d584a8d) in 0.002s. Peers: 5","throwable":""}
{"timestamp":"2024-12-18T18:34:15,029","container":"bd2d3851d152","level":"INFO","thread":"EthScheduler-Workers-0","class":"PersistBlockTask","message":"Imported #76 / 0 tx / 0 om / 0 (0.0%) gas / (0x13e666474bd4139467e847da92bd41f4d4c57c385c9e650839ee7ed8934ba926) in 0.003s. Peers: 5","throwable":""}
{"timestamp":"2024-12-18T18:34:23,030","container":"bd2d3851d152","level":"INFO","thread":"EthScheduler-Workers-0","class":"PersistBlockTask","message":"Imported #77 / 0 tx / 0 om / 0 (0.0%) gas / (0x731e9053f87969590540b715a9b8d0cc9b3db3ba19a3607ed2c0a14a5253ee1b) in 0.007s. Peers: 5","throwable":""}
{"timestamp":"2024-12-18T18:34:31,023","container":"bd2d3851d152","level":"INFO","thread":"EthScheduler-Workers-0","class":"PersistBlockTask","message":"Imported #78 / 0 tx / 0 om / 0 (0.0%) gas / (0xced63a5ecd968f1f83f597cab758e9e169b473549134115fc9caa5a46fa721b7) in 0.003s. Peers: 5","throwable":""}
{"timestamp":"2024-12-18T18:34:39,021","container":"bd2d3851d152","level":"INFO","thread":"EthScheduler-Workers-0","class":"PersistBlockTask","message":"Imported #79 / 0 tx / 0 om / 0 (0.0%) gas / (0x369ff85c66090c912d1aad752a4aebe3d9b548853ff0e9b2f8fb48ac0b7fd2ab) in 0.003s. Peers: 5","throwable":""}
{"timestamp":"2024-12-18T18:34:47,024","container":"bd2d3851d152","level":"INFO","thread":"EthScheduler-Workers-0","class":"PersistBlockTask","message":"Imported #80 / 0 tx / 0 om / 0 (0.0%) gas / (0x52f3ddbf72f06c5e3ba205cfc8511fc8584b54c03e2207fe7a7d97893f7c011c) in 0.003s. Peers: 5","throwable":""}
{"timestamp":"2024-12-18T18:34:55,025","container":"bd2d3851d152","level":"INFO","thread":"EthScheduler-Workers-0","class":"PersistBlockTask","message":"Imported #81 / 0 tx / 0 om / 0 (0.0%) gas / (0x59c84acf2d0aeae020ec599762e70b3d5955db76e73bc98e2c97078ac18b2960) in 0.003s. Peers: 5","throwable":""}
{"timestamp":"2024-12-18T18:35:03,025","container":"bd2d3851d152","level":"INFO","thread":"EthScheduler-Workers-0","class":"PersistBlockTask","message":"Imported #82 / 0 tx / 0 om / 0 (0.0%) gas / (0x11b26249b3deaa87eaf876f3edb01dde7331055e9d27c827e30752abe280d9c4) in 0.003s. Peers: 5","throwable":""}
{"timestamp":"2024-12-18T18:35:11,116","container":"bd2d3851d152","level":"INFO","thread":"EthScheduler-Workers-0","class":"PersistBlockTask","message":"Imported #83 / 1 tx / 0 om / 804,612 (0.0%) gas / (0xeab6f4059db2c58b5ba465520fe20b05cc5c7065fdf853f6f5d67d7d138b0702) in 0.022s. Peers: 5","throwable":""}
{"timestamp":"2024-12-18T18:35:19,027","container":"bd2d3851d152","level":"INFO","thread":"EthScheduler-Workers-0","class":"PersistBlockTask","message":"Imported #84 / 0 tx / 0 om / 0 (0.0%) gas / (0xe385e2983951b3d03055942131b9672d88f5a769c31500f28c5156d73541e742) in 0.004s. Peers: 5","throwable":""}
{"timestamp":"2024-12-18T18:35:27,026","container":"bd2d3851d152","level":"INFO","thread":"EthScheduler-Workers-0","class":"PersistBlockTask","message":"Imported #85 / 0 tx / 0 om / 0 (0.0%) gas / (0xfeff34206e15ed1ace7e52fd4d29a064574322bbbc10d94ce5ebaf600b0bf73e) in 0.005s. Peers: 5","throwable":""}
{"timestamp":"2024-12-18T18:35:35,034","container":"bd2d3851d152","level":"INFO","thread":"EthScheduler-Workers-0","class":"PersistBlockTask","message":"Imported #86 / 0 tx / 0 om / 0 (0.0%) gas / (0x06175bb5c0a7c2cdcd3c081f4c28f2c75288288a7af9b2fa9b4b32b53a07a718) in 0.003s. Peers: 5","throwable":""}
{"timestamp":"2024-12-18T18:35:43,052","container":"bd2d3851d152","level":"INFO","thread":"EthScheduler-Workers-0","class":"PersistBlockTask","message":"Imported #87 / 0 tx / 0 om / 0 (0.0%) gas / (0x85c73e9b903cded8a19f7420f671c4132e4ec9f36083049fa7612aae8f996a0a) in 0.016s. Peers: 5","throwable":""}
{"timestamp":"2024-12-18T18:35:51,030","container":"bd2d3851d152","level":"INFO","thread":"EthScheduler-Workers-0","class":"PersistBlockTask","message":"Imported #88 / 0 tx / 0 om / 0 (0.0%) gas / (0x1bb6efd063a99b2bff75e0d0211ba90f666907575e856132c298c4dbdbff8a7c) in 0.005s. Peers: 5","throwable":""}
{"timestamp":"2024-12-18T18:35:59,025","container":"bd2d3851d152","level":"INFO","thread":"EthScheduler-Workers-0","class":"PersistBlockTask","message":"Imported #89 / 0 tx / 0 om / 0 (0.0%) gas / (0x5d202ec647c021348f27348de55bf3d91bde6e5786ecf560499cce07fa94a3d6) in 0.004s. Peers: 5","throwable":""}
{"timestamp":"2024-12-18T18:36:07,056","container":"bd2d3851d152","level":"INFO","thread":"EthScheduler-Workers-0","class":"PersistBlockTask","message":"Imported #90 / 0 tx / 0 om / 0 (0.0%) gas / (0x55a35b550628f0a0e06f67582f3551695f4f5b3c77d2c52cd547d6b9141f6fc3) in 0.013s. Peers: 5","throwable":""}
{"timestamp":"2024-12-18T18:36:15,025","container":"bd2d3851d152","level":"INFO","thread":"EthScheduler-Workers-0","class":"PersistBlockTask","message":"Imported #91 / 0 tx / 0 om / 0 (0.0%) gas / (0x63ef733302c3653fc9a27165939256f765c873f4bb84d7c4327151d34de4550b) in 0.003s. Peers: 5","throwable":""}
{"timestamp":"2024-12-18T18:36:23,037","container":"bd2d3851d152","level":"INFO","thread":"EthScheduler-Workers-0","class":"PersistBlockTask","message":"Imported #92 / 0 tx / 0 om / 0 (0.0%) gas / (0x4add6c7c116f9bb7394c757e9158c8e2cecb1a0904bf2c1799e969ef324d6b91) in 0.004s. Peers: 5","throwable":""}
{"timestamp":"2024-12-18T18:36:31,027","container":"bd2d3851d152","level":"INFO","thread":"EthScheduler-Workers-0","class":"PersistBlockTask","message":"Imported #93 / 0 tx / 0 om / 0 (0.0%) gas / (0x8eb6833b998d16edc611728f0a8a9e71058cb0d92d6981170ecf8eeb8f0188cc) in 0.003s. Peers: 5","throwable":""}
{"timestamp":"2024-12-18T18:36:39,025","container":"bd2d3851d152","level":"INFO","thread":"EthScheduler-Workers-0","class":"PersistBlockTask","message":"Imported #94 / 0 tx / 0 om / 0 (0.0%) gas / (0xd48c2eedd4f5f0fd249c5b0cfcbde9b795785aa1f6e721a667a9cf709e5fd69b) in 0.002s. Peers: 5","throwable":""}
{"timestamp":"2024-12-18T18:36:47,032","container":"bd2d3851d152","level":"INFO","thread":"EthScheduler-Workers-0","class":"PersistBlockTask","message":"Imported #95 / 0 tx / 0 om / 0 (0.0%) gas / (0x65d42ef1ab693a3c76c6c334ed1f08a4a15239a69329b6054204b566f4316d36) in 0.004s. Peers: 5","throwable":""}
{"timestamp":"2024-12-18T18:36:55,028","container":"bd2d3851d152","level":"INFO","thread":"EthScheduler-Workers-0","class":"PersistBlockTask","message":"Imported #96 / 0 tx / 0 om / 0 (0.0%) gas / (0xe7842be04516d6914d9b7f0dfc9d7915e32390c52a2b739242a07baf250c68e5) in 0.003s. Peers: 5","throwable":""}
{"timestamp":"2024-12-18T18:37:03,026","container":"bd2d3851d152","level":"INFO","thread":"EthScheduler-Workers-0","class":"PersistBlockTask","message":"Imported #97 / 0 tx / 0 om / 0 (0.0%) gas / (0x7eb011f2873bd1f1cccb75298726ab417584a98f0cfebd7dc7517f409e208fb4) in 0.003s. Peers: 5","throwable":""}
{"timestamp":"2024-12-18T18:37:11,022","container":"bd2d3851d152","level":"INFO","thread":"EthScheduler-Workers-0","class":"PersistBlockTask","message":"Imported #98 / 0 tx / 0 om / 0 (0.0%) gas / (0x45a71a8ae9fd483254f2bf4284fe07a0a7ba5ac035a451b5afcb54495be9bfc2) in 0.003s. Peers: 5","throwable":""}
{"timestamp":"2024-12-18T18:37:19,021","container":"bd2d3851d152","level":"INFO","thread":"EthScheduler-Workers-0","class":"PersistBlockTask","message":"Imported #99 / 0 tx / 0 om / 0 (0.0%) gas / (0x6ada1df9aef3980eed94288dd9ae5ab8e96d3914ba7a895d0aa6ad3b9d422820) in 0.003s. Peers: 5","throwable":""}
{"timestamp":"2024-12-18T18:37:27,022","container":"bd2d3851d152","level":"INFO","thread":"EthScheduler-Workers-0","class":"PersistBlockTask","message":"Imported #100 / 0 tx / 0 om / 0 (0.0%) gas / (0x3533fd9bc660fe7c829d0b25eb722d0256ec729c9d0deeecd11a4013e940e2a6) in 0.003s. Peers: 5","throwable":""}
{"timestamp":"2024-12-18T18:37:35,020","container":"bd2d3851d152","level":"INFO","thread":"EthScheduler-Workers-0","class":"PersistBlockTask","message":"Imported #101 / 0 tx / 0 om / 0 (0.0%) gas / (0xe58571418285ce39944379cdbffa0e8aeec7c96d31cd1617b20c1997e60dfff4) in 0.003s. Peers: 5","throwable":""}
{"timestamp":"2024-12-18T18:37:43,025","container":"bd2d3851d152","level":"INFO","thread":"EthScheduler-Workers-0","class":"PersistBlockTask","message":"Imported #102 / 0 tx / 0 om / 0 (0.0%) gas / (0x2ca5fdf5802cf2868f445f8f7c94f90b6282ae47f0261fafbfc6838402de9c04) in 0.003s. Peers: 5","throwable":""}
{"timestamp":"2024-12-18T18:37:51,027","container":"bd2d3851d152","level":"INFO","thread":"EthScheduler-Workers-0","class":"PersistBlockTask","message":"Imported #103 / 0 tx / 0 om / 0 (0.0%) gas / (0x62ef70c8f6337d0a513a430b5940befe372c57ef225466a6fce8b78479d7fcfb) in 0.003s. Peers: 5","throwable":""}
{"timestamp":"2024-12-18T18:37:59,017","container":"bd2d3851d152","level":"INFO","thread":"EthScheduler-Workers-0","class":"PersistBlockTask","message":"Imported #104 / 0 tx / 0 om / 0 (0.0%) gas / (0x25dc83537ccfbafda39f4cb8485f8b9c19b821f58670f1b95939425e2499d738) in 0.003s. Peers: 5","throwable":""}
{"timestamp":"2024-12-18T18:38:07,021","container":"bd2d3851d152","level":"INFO","thread":"EthScheduler-Workers-0","class":"PersistBlockTask","message":"Imported #105 / 0 tx / 0 om / 0 (0.0%) gas / (0x78cd814aabd4b82235b2f735cca3d0a5f5e40bfe468265527605a0677ad0c74c) in 0.003s. Peers: 5","throwable":""}
{"timestamp":"2024-12-18T18:38:15,026","container":"bd2d3851d152","level":"INFO","thread":"EthScheduler-Workers-0","class":"PersistBlockTask","message":"Imported #106 / 0 tx / 0 om / 0 (0.0%) gas / (0x522d34702dcb11ff818ccea8e3375e3df7020ec3398ed76580c01a883e9e3ca7) in 0.003s. Peers: 5","throwable":""}
{"timestamp":"2024-12-18T18:38:23,029","container":"bd2d3851d152","level":"INFO","thread":"EthScheduler-Workers-0","class":"PersistBlockTask","message":"Imported #107 / 0 tx / 0 om / 0 (0.0%) gas / (0x789845e3d8697ee591e1551e4a8fa97dc642bb403ff3d83eb176fc244947ea9a) in 0.007s. Peers: 5","throwable":""}
{"timestamp":"2024-12-18T18:38:31,023","container":"bd2d3851d152","level":"INFO","thread":"EthScheduler-Workers-0","class":"PersistBlockTask","message":"Imported #108 / 0 tx / 0 om / 0 (0.0%) gas / (0xa791cd2bb168bf213f8104aa9974a9a24947c3325e8103cf97bbbb07c7e5ecf0) in 0.002s. Peers: 5","throwable":""}
{"timestamp":"2024-12-18T18:38:39,027","container":"bd2d3851d152","level":"INFO","thread":"EthScheduler-Workers-0","class":"PersistBlockTask","message":"Imported #109 / 0 tx / 0 om / 0 (0.0%) gas / (0xfd49f2c53b735ade0a3861f34edd499b977c7a5cd4970279d22837dbe424deb4) in 0.005s. Peers: 5","throwable":""}
{"timestamp":"2024-12-18T18:38:47,021","container":"bd2d3851d152","level":"INFO","thread":"EthScheduler-Workers-0","class":"PersistBlockTask","message":"Imported #110 / 0 tx / 0 om / 0 (0.0%) gas / (0xd90c2496558618d75c3aa562c7afaecc5a09ceeee52a9e0e22bf882d57bb7d2e) in 0.003s. Peers: 5","throwable":""}
{"timestamp":"2024-12-18T18:38:55,026","container":"bd2d3851d152","level":"INFO","thread":"EthScheduler-Workers-0","class":"PersistBlockTask","message":"Imported #111 / 0 tx / 0 om / 0 (0.0%) gas / (0x477246a4e48b512edf2819aa39a2a54f06a867f7f2f421dd2f39349a8bb19580) in 0.006s. Peers: 5","throwable":""}
{"timestamp":"2024-12-18T18:39:03,024","container":"bd2d3851d152","level":"INFO","thread":"EthScheduler-Workers-0","class":"PersistBlockTask","message":"Imported #112 / 0 tx / 0 om / 0 (0.0%) gas / (0xc6ad52a567fa044bd6c23070ea8fedb49b5c24d2e2d60f8d8d079febbd1739e4) in 0.002s. Peers: 5","throwable":""}
{"timestamp":"2024-12-18T18:39:11,023","container":"bd2d3851d152","level":"INFO","thread":"EthScheduler-Workers-0","class":"PersistBlockTask","message":"Imported #113 / 0 tx / 0 om / 0 (0.0%) gas / (0x5effcaad78fdca57c11bc3b8026e09d9f6fe6c64c4f0b10f666ac6546b43d1ca) in 0.003s. Peers: 5","throwable":""}
{"timestamp":"2024-12-18T18:39:19,025","container":"bd2d3851d152","level":"INFO","thread":"EthScheduler-Workers-0","class":"PersistBlockTask","message":"Imported #114 / 0 tx / 0 om / 0 (0.0%) gas / (0x137d974c44120f464595afc26c72f6cb0f52ef188d04c0f6a141630dd36abbce) in 0.003s. Peers: 5","throwable":""}
{"timestamp":"2024-12-18T18:39:27,019","container":"bd2d3851d152","level":"INFO","thread":"EthScheduler-Workers-0","class":"PersistBlockTask","message":"Imported #115 / 0 tx / 0 om / 0 (0.0%) gas / (0xc84eb3b77999f80ae02e307ca1e9eb84f062241a8925319697e81329980d24d4) in 0.002s. Peers: 5","throwable":""}
{"timestamp":"2024-12-18T18:39:35,021","container":"bd2d3851d152","level":"INFO","thread":"EthScheduler-Workers-0","class":"PersistBlockTask","message":"Imported #116 / 0 tx / 0 om / 0 (0.0%) gas / (0x9e094c51ee616d8e3566f0851a70feb1754969b5fa17cf78108dff9bada280fe) in 0.004s. Peers: 5","throwable":""}
{"timestamp":"2024-12-18T18:39:43,020","container":"bd2d3851d152","level":"INFO","thread":"EthScheduler-Workers-0","class":"PersistBlockTask","message":"Imported #117 / 0 tx / 0 om / 0 (0.0%) gas / (0x101c42fd99d9ec50279c8735da502a23ac9cc1f398aad2acefbd1fdfa324a963) in 0.004s. Peers: 5","throwable":""}
{"timestamp":"2024-12-18T18:39:51,024","container":"bd2d3851d152","level":"INFO","thread":"EthScheduler-Workers-0","class":"PersistBlockTask","message":"Imported #118 / 0 tx / 0 om / 0 (0.0%) gas / (0xa552c88833e6c175be5df50c77538f58ae350ee54f03560c11e0bf238ad9f15b) in 0.003s. Peers: 5","throwable":""}
{"timestamp":"2024-12-18T18:39:59,024","container":"bd2d3851d152","level":"INFO","thread":"EthScheduler-Workers-0","class":"PersistBlockTask","message":"Imported #119 / 0 tx / 0 om / 0 (0.0%) gas / (0xfdc922c61bf986b58d7479bf5355753fa979531e41f65276d47e1e1a3d790702) in 0.003s. Peers: 5","throwable":""}
{"timestamp":"2024-12-18T18:40:07,025","container":"bd2d3851d152","level":"INFO","thread":"EthScheduler-Workers-0","class":"PersistBlockTask","message":"Imported #120 / 0 tx / 0 om / 0 (0.0%) gas / (0xbab40bf286df2c09a82002bf2a6192e4733e964d058b9fc6463056339be68388) in 0.004s. Peers: 5","throwable":""}
{"timestamp":"2024-12-18T18:40:15,021","container":"bd2d3851d152","level":"INFO","thread":"EthScheduler-Workers-0","class":"PersistBlockTask","message":"Imported #121 / 0 tx / 0 om / 0 (0.0%) gas / (0x1edf3deee32c04306223fb6565098c96585e39f337bf84984a9f366105100807) in 0.003s. Peers: 5","throwable":""}
{"timestamp":"2024-12-18T18:40:23,035","container":"bd2d3851d152","level":"INFO","thread":"EthScheduler-Workers-0","class":"PersistBlockTask","message":"Imported #122 / 0 tx / 0 om / 0 (0.0%) gas / (0x1a621c33b77612c86b349b7a946a4b07f199a1b557dbf704bf2f23918b7f5468) in 0.007s. Peers: 5","throwable":""}
{"timestamp":"2024-12-18T18:40:31,021","container":"bd2d3851d152","level":"INFO","thread":"EthScheduler-Workers-0","class":"PersistBlockTask","message":"Imported #123 / 0 tx / 0 om / 0 (0.0%) gas / (0xbd9e1429f3e14e75b05c42830f2e962dc006b69e4e09fccf66b07c7c0cf792ce) in 0.003s. Peers: 5","throwable":""}
{"timestamp":"2024-12-18T18:40:39,022","container":"bd2d3851d152","level":"INFO","thread":"EthScheduler-Workers-0","class":"PersistBlockTask","message":"Imported #124 / 0 tx / 0 om / 0 (0.0%) gas / (0x9efc1ec7ce28eb2164082d7547a66c463c3aac0646c852afd23e86968df0ecaf) in 0.003s. Peers: 5","throwable":""}
{"timestamp":"2024-12-18T18:40:47,032","container":"bd2d3851d152","level":"INFO","thread":"EthScheduler-Workers-0","class":"PersistBlockTask","message":"Imported #125 / 0 tx / 0 om / 0 (0.0%) gas / (0x89672b7587dd3620674f81613f8be3575042a6df833f56e8ad3785a1be893e49) in 0.003s. Peers: 5","throwable":""}
{"timestamp":"2024-12-18T18:40:55,022","container":"bd2d3851d152","level":"INFO","thread":"EthScheduler-Workers-0","class":"PersistBlockTask","message":"Imported #126 / 0 tx / 0 om / 0 (0.0%) gas / (0xc8db842a07407309d7418b2371211b3e408ba8540f21ff4e35edc858d39309eb) in 0.006s. Peers: 5","throwable":""}
{"timestamp":"2024-12-18T18:41:03,024","container":"bd2d3851d152","level":"INFO","thread":"EthScheduler-Workers-0","class":"PersistBlockTask","message":"Imported #127 / 0 tx / 0 om / 0 (0.0%) gas / (0x145699e1d1dc8784789f4bd0ce30b535c892d9902658dc64322847f5d67ebb81) in 0.003s. Peers: 5","throwable":""}
{"timestamp":"2024-12-18T18:41:11,026","container":"bd2d3851d152","level":"INFO","thread":"EthScheduler-Workers-0","class":"PersistBlockTask","message":"Imported #128 / 0 tx / 0 om / 0 (0.0%) gas / (0xe274bcd378e2471f0ff840f6e0ca4863e127ffddba1c5bfbd2cdaabf90769d36) in 0.005s. Peers: 5","throwable":""}
{"timestamp":"2024-12-18T18:41:19,041","container":"bd2d3851d152","level":"INFO","thread":"EthScheduler-Workers-0","class":"PersistBlockTask","message":"Imported #129 / 1 tx / 0 om / 933,771 (0.0%) gas / (0xde291a315e2f694ace8b3f1ab37a0731959fd64d9598b39c58c3dff4903c7be5) in 0.007s. Peers: 5","throwable":""}
{"timestamp":"2024-12-18T18:41:27,020","container":"bd2d3851d152","level":"INFO","thread":"EthScheduler-Workers-0","class":"PersistBlockTask","message":"Imported #130 / 0 tx / 0 om / 0 (0.0%) gas / (0x6eb0e0295c7de56033e933e3c5e03f3ad4fd7447f18b20282542b1cb7be0c2cf) in 0.005s. Peers: 5","throwable":""}
{"timestamp":"2024-12-18T18:41:35,023","container":"bd2d3851d152","level":"INFO","thread":"EthScheduler-Workers-0","class":"PersistBlockTask","message":"Imported #131 / 0 tx / 0 om / 0 (0.0%) gas / (0x04c95e1884a7d332b2fbbc15f1e4e3e71542e79ea8f280bab1b599c70199a738) in 0.002s. Peers: 5","throwable":""}
{"timestamp":"2024-12-18T18:41:43,025","container":"bd2d3851d152","level":"INFO","thread":"EthScheduler-Workers-0","class":"PersistBlockTask","message":"Imported #132 / 0 tx / 0 om / 0 (0.0%) gas / (0x5851c52a399df6d50b85aaf9361c6a0f2ac563edafd0ddb803a764423722722c) in 0.003s. Peers: 5","throwable":""}
{"timestamp":"2024-12-18T18:41:51,017","container":"bd2d3851d152","level":"INFO","thread":"EthScheduler-Workers-0","class":"PersistBlockTask","message":"Imported #133 / 0 tx / 0 om / 0 (0.0%) gas / (0xaaaf5491611ea87119be3e94970786cd5b75a7a2d7869a4a223816f8bda353ff) in 0.003s. Peers: 5","throwable":""}
{"timestamp":"2024-12-18T18:41:59,019","container":"bd2d3851d152","level":"INFO","thread":"EthScheduler-Workers-0","class":"PersistBlockTask","message":"Imported #134 / 0 tx / 0 om / 0 (0.0%) gas / (0xf88d308d65e1d42c7763d428a6c001b7f790b25b1a3855e1614fa3bad44740aa) in 0.002s. Peers: 5","throwable":""}
{"timestamp":"2024-12-18T18:42:07,021","container":"bd2d3851d152","level":"INFO","thread":"EthScheduler-Workers-0","class":"PersistBlockTask","message":"Imported #135 / 0 tx / 0 om / 0 (0.0%) gas / (0x38af3a99c56306acaf93482759deea8960a3497c81dc272e996f326986b82210) in 0.002s. Peers: 5","throwable":""}
{"timestamp":"2024-12-18T18:42:16,027","container":"bd2d3851d152","level":"INFO","thread":"BftProcessorExecutor-QBFT-0","class":"BftProcessor","message":"Shutting down BFT event processor","throwable":""}
{"timestamp":"2024-12-18T18:42:16,030","container":"bd2d3851d152","level":"INFO","thread":"BesuCommand-Shutdown-Hook","class":"DefaultSynchronizer","message":"Stopping synchronizer","throwable":""}
{"timestamp":"2024-12-18T18:42:16,032","container":"bd2d3851d152","level":"INFO","thread":"BesuCommand-Shutdown-Hook","class":"NetworkRunner","message":"Stopping Network.","throwable":""}
{"timestamp":"2024-12-18T18:42:16,039","container":"bd2d3851d152","level":"INFO","thread":"BesuCommand-Shutdown-Hook","class":"EthProtocolManager","message":"Stopping eth Subprotocol.","throwable":""}
{"timestamp":"2024-12-18T18:42:16,041","container":"bd2d3851d152","level":"INFO","thread":"BesuCommand-Shutdown-Hook","class":"EthProtocolManager","message":"eth Subprotocol stopped.","throwable":""}
{"timestamp":"2024-12-18T18:42:16,041","container":"bd2d3851d152","level":"INFO","thread":"BesuCommand-Shutdown-Hook","class":"NetworkRunner","message":"Network stopped.","throwable":""}
{"timestamp":"2024-12-18T18:42:16,042","container":"bd2d3851d152","level":"INFO","thread":"BesuCommand-Shutdown-Hook","class":"AutoTransactionLogBloomCachingService","message":"Shutting down Auto transaction logs caching service.","throwable":""}
{"timestamp":"2024-12-18T18:42:16,045","container":"bd2d3851d152","level":"INFO","thread":"BesuCommand-Shutdown-Hook","class":"DockerNatManager","message":"Stopping docker NAT manager.","throwable":""}
