{"timestamp":"2024-12-02T20:49:10,561","container":"2366747dfd36","level":"INFO","thread":"main","class":"Besu","message":"Starting Besu","throwable":""}
{"timestamp":"2024-12-02T20:49:11,871","container":"2366747dfd36","level":"WARN","thread":"main","class":"Besu","message":"--min-gas-price has been ignored because --miner-enabled was not defined on the command line.","throwable":""}
{"timestamp":"2024-12-02T20:49:15,126","container":"2366747dfd36","level":"INFO","thread":"main","class":"Besu","message":"
####################################################################################################
#                                                                                                  #
# Besu version 23.4.1                                                                              #
#                                                                                                  #
# Configuration:                                                                                   #
# Network: Custom genesis file specified                                                           #
# Network Id: 1337                                                                                 #
# Data storage: Forest                                                                             #
# Sync mode: Full                                                                                  #
# RPC HTTP APIs: EEA,WEB3,ETH,NET,TRACE,DEBUG,ADMIN,TXPOOL,PRIV,PERM,QBFT                          #
# RPC HTTP port: 8545                                                                              #
#                                                                                                  #
# Host:                                                                                            #
# Java: openjdk-java-17                                                                            #
# Maximum heap size: 1.86 GB                                                                       #
# OS: linux-x86_64                                                                                 #
# glibc: 2.35                                                                                      #
# jemalloc: 5.2.1-0-gea6b3e973b477b8061e0076bb257dbd7f3faa756                                      #
# Total memory: 7.45 GB                                                                            #
# CPU cores: 12                                                                                    #
#                                                                                                  #
####################################################################################################","throwable":""}
{"timestamp":"2024-12-02T20:49:15,127","container":"2366747dfd36","level":"INFO","thread":"main","class":"Besu","message":"Connecting to 8 static nodes.","throwable":""}
{"timestamp":"2024-12-02T20:49:15,127","container":"2366747dfd36","level":"INFO","thread":"main","class":"Besu","message":"Security Module: localfile","throwable":""}
{"timestamp":"2024-12-02T20:49:15,289","container":"2366747dfd36","level":"INFO","thread":"main","class":"Besu","message":"Using the native implementation of alt bn128","throwable":""}
{"timestamp":"2024-12-02T20:49:15,409","container":"2366747dfd36","level":"INFO","thread":"main","class":"Besu","message":"Using the native implementation of modexp","throwable":""}
{"timestamp":"2024-12-02T20:49:15,410","container":"2366747dfd36","level":"INFO","thread":"main","class":"Besu","message":"Using the native implementation of the signature algorithm","throwable":""}
{"timestamp":"2024-12-02T20:49:15,422","container":"2366747dfd36","level":"INFO","thread":"main","class":"Besu","message":"Using the native implementation of the blake2bf algorithm","throwable":""}
{"timestamp":"2024-12-02T20:49:15,500","container":"2366747dfd36","level":"INFO","thread":"main","class":"RocksDBKeyValueStorageFactory","message":"No existing database detected at /opt/besu/data. Using version 1","throwable":""}
{"timestamp":"2024-12-02T20:49:19,867","container":"2366747dfd36","level":"INFO","thread":"main","class":"KeyPairUtil","message":"Loaded public key 0xad2c79c6561bc8212c2e8382611c62e406e767d1f3106c68ca206900f575cb8ba9a8be111c645cd9803701d684454c782c40d2361b000a32ed03d26228b30ec1 from /opt/besu/keys/nodekey","throwable":""}
{"timestamp":"2024-12-02T20:49:19,900","container":"2366747dfd36","level":"WARN","thread":"main","class":"Besu","message":"Privacy is disabled. Cannot use EEA/PRIV API methods when not using Privacy.","throwable":""}
{"timestamp":"2024-12-02T20:49:20,655","container":"2366747dfd36","level":"INFO","thread":"main","class":"ProtocolScheduleBuilder","message":"Protocol schedule created with milestones: [GrayGlacier: 0]","throwable":""}
{"timestamp":"2024-12-02T20:49:21,394","container":"2366747dfd36","level":"INFO","thread":"main","class":"TransactionPoolFactory","message":"Enabling transaction pool","throwable":""}
{"timestamp":"2024-12-02T20:49:21,519","container":"2366747dfd36","level":"INFO","thread":"main","class":"BesuControllerBuilder","message":"TTD difficulty is not present, creating initial sync phase for PoW","throwable":""}
{"timestamp":"2024-12-02T20:49:21,803","container":"2366747dfd36","level":"INFO","thread":"main","class":"RunnerBuilder","message":"Detecting NAT service.","throwable":""}
{"timestamp":"2024-12-02T20:49:24,086","container":"2366747dfd36","level":"INFO","thread":"main","class":"Runner","message":"Starting external services ... ","throwable":""}
{"timestamp":"2024-12-02T20:49:24,087","container":"2366747dfd36","level":"INFO","thread":"main","class":"MetricsHttpService","message":"Starting metrics http service on 0.0.0.0:9545","throwable":""}
{"timestamp":"2024-12-02T20:49:24,425","container":"2366747dfd36","level":"INFO","thread":"vert.x-eventloop-thread-1","class":"MetricsHttpService","message":"Metrics service started and listening on 0.0.0.0:9545","throwable":""}
{"timestamp":"2024-12-02T20:49:24,426","container":"2366747dfd36","level":"INFO","thread":"main","class":"JsonRpcHttpService","message":"Starting JSON-RPC service on 0.0.0.0:8545","throwable":""}
{"timestamp":"2024-12-02T20:49:24,460","container":"2366747dfd36","level":"INFO","thread":"vert.x-eventloop-thread-1","class":"JsonRpcHttpService","message":"JSON-RPC service started and listening on 0.0.0.0:8545","throwable":""}
{"timestamp":"2024-12-02T20:49:24,465","container":"2366747dfd36","level":"INFO","thread":"main","class":"GraphQLHttpService","message":"Starting GraphQL HTTP service on 0.0.0.0:8547","throwable":""}
{"timestamp":"2024-12-02T20:49:24,472","container":"2366747dfd36","level":"INFO","thread":"vert.x-eventloop-thread-1","class":"GraphQLHttpService","message":"GraphQL HTTP service started and listening on 0.0.0.0:8547","throwable":""}
{"timestamp":"2024-12-02T20:49:24,474","container":"2366747dfd36","level":"INFO","thread":"main","class":"WebSocketService","message":"Starting Websocket service on 0.0.0.0:8546","throwable":""}
{"timestamp":"2024-12-02T20:49:24,481","container":"2366747dfd36","level":"INFO","thread":"vert.x-eventloop-thread-1","class":"WebSocketService","message":"Websocket service started and listening on 0.0.0.0:8546","throwable":""}
{"timestamp":"2024-12-02T20:49:24,485","container":"2366747dfd36","level":"INFO","thread":"main","class":"AutoTransactionLogBloomCachingService","message":"Starting auto transaction log bloom caching service.","throwable":""}
{"timestamp":"2024-12-02T20:49:24,487","container":"2366747dfd36","level":"INFO","thread":"main","class":"LogBloomCacheMetadata","message":"Lookup cache metadata file in data directory: /opt/besu/data/caches","throwable":""}
{"timestamp":"2024-12-02T20:49:24,537","container":"2366747dfd36","level":"INFO","thread":"main","class":"Runner","message":"Starting Ethereum main loop ... ","throwable":""}
{"timestamp":"2024-12-02T20:49:24,539","container":"2366747dfd36","level":"INFO","thread":"main","class":"DockerNatManager","message":"Starting docker NAT manager.","throwable":""}
{"timestamp":"2024-12-02T20:49:32,256","container":"2366747dfd36","level":"INFO","thread":"main","class":"NetworkRunner","message":"Starting Network.","throwable":""}
{"timestamp":"2024-12-02T20:49:32,283","container":"2366747dfd36","level":"INFO","thread":"nioEventLoopGroup-2-1","class":"RlpxAgent","message":"P2P RLPx agent started and listening on /[0:0:0:0:0:0:0:0]:30303.","throwable":""}
{"timestamp":"2024-12-02T20:49:32,285","container":"2366747dfd36","level":"INFO","thread":"main","class":"PeerDiscoveryAgent","message":"Starting peer discovery agent on host=0.0.0.0, port=30303","throwable":""}
{"timestamp":"2024-12-02T20:49:32,318","container":"2366747dfd36","level":"INFO","thread":"vert.x-eventloop-thread-1","class":"VertxPeerDiscoveryAgent","message":"Started peer discovery agent successfully, on effective host=0:0:0:0:0:0:0:0%0 and port=30303","throwable":""}
{"timestamp":"2024-12-02T20:49:32,320","container":"2366747dfd36","level":"INFO","thread":"vert.x-eventloop-thread-1","class":"PeerDiscoveryAgent","message":"P2P peer discovery agent started and listening on /[0:0:0:0:0:0:0:0%0]:30303","throwable":""}
{"timestamp":"2024-12-02T20:49:32,424","container":"2366747dfd36","level":"INFO","thread":"vert.x-eventloop-thread-1","class":"PeerDiscoveryAgent","message":"Writing node record to disk. NodeRecord{seq=1, publicKey=0x03ad2c79c6561bc8212c2e8382611c62e406e767d1f3106c68ca206900f575cb8b, udpAddress=Optional[/172.16.239.17:30303], tcpAddress=Optional[/172.16.239.17:30303], asBase64=-Je4QAxfNXFRtnLEsMRA4bY0Ht9yH1B1CiN_5AITXC5sET-5c4WY3cS028v3jDZEG6lHq1TZUKPYyPx8XqgptaZmG44Bg2V0aMfGhMw13_-AgmlkgnY0gmlwhKwQ7xGJc2VjcDI1NmsxoQOtLHnGVhvIISwug4JhHGLkBudn0fMQbGjKIGkA9XXLi4N0Y3CCdl-DdWRwgnZf, nodeId=0x77e699b8a5282fa3837e39b3e090a28b8a9d0a69ec259cb745036d5d1030e3ea, customFields={tcp=30303, udp=30303, ip=0xac10ef11, eth=[[0xcc35dfff, 0x]], id=V4, secp256k1=0x03ad2c79c6561bc8212c2e8382611c62e406e767d1f3106c68ca206900f575cb8b}}","throwable":""}
{"timestamp":"2024-12-02T20:49:32,575","container":"2366747dfd36","level":"INFO","thread":"main","class":"DefaultP2PNetwork","message":"Enode URL enode://ad2c79c6561bc8212c2e8382611c62e406e767d1f3106c68ca206900f575cb8ba9a8be111c645cd9803701d684454c782c40d2361b000a32ed03d26228b30ec1@172.16.239.17:30303","throwable":""}
{"timestamp":"2024-12-02T20:49:32,577","container":"2366747dfd36","level":"INFO","thread":"main","class":"DefaultP2PNetwork","message":"Node address 0xe090a28b8a9d0a69ec259cb745036d5d1030e3ea","throwable":""}
{"timestamp":"2024-12-02T20:49:32,680","container":"2366747dfd36","level":"INFO","thread":"main","class":"NetworkRunner","message":"Supported capabilities: [eth/62, eth/63, eth/64, eth/65, eth/66, eth/67, eth/68], [istanbul/100], [snap/1]","throwable":""}
{"timestamp":"2024-12-02T20:49:32,681","container":"2366747dfd36","level":"INFO","thread":"main","class":"DefaultSynchronizer","message":"Starting synchronizer.","throwable":""}
{"timestamp":"2024-12-02T20:49:32,698","container":"2366747dfd36","level":"INFO","thread":"main","class":"TransactionPoolFactory","message":"Enabling transaction handling following initial sync","throwable":""}
{"timestamp":"2024-12-02T20:49:32,700","container":"2366747dfd36","level":"INFO","thread":"main","class":"FullSyncDownloader","message":"Starting full sync.","throwable":""}
{"timestamp":"2024-12-02T20:49:32,701","container":"2366747dfd36","level":"INFO","thread":"main","class":"FullSyncTargetManager","message":"Unable to find sync target. Currently checking 0 peers for usefulness","throwable":""}
{"timestamp":"2024-12-02T20:49:33,024","container":"2366747dfd36","level":"INFO","thread":"main","class":"Runner","message":"Ethereum main loop is up.","throwable":""}
{"timestamp":"2024-12-02T20:49:33,467","container":"2366747dfd36","level":"INFO","thread":"nioEventLoopGroup-3-8","class":"FullSyncTargetManager","message":"Unable to find sync target. Currently checking 6 peers for usefulness","throwable":""}
{"timestamp":"2024-12-02T20:49:33,583","container":"2366747dfd36","level":"INFO","thread":"nioEventLoopGroup-3-9","class":"FullSyncTargetManager","message":"Unable to find sync target. Currently checking 7 peers for usefulness","throwable":""}
{"timestamp":"2024-12-02T20:49:38,591","container":"2366747dfd36","level":"INFO","thread":"EthScheduler-Timer-0","class":"FullSyncTargetManager","message":"Unable to find sync target. Currently checking 7 peers for usefulness","throwable":""}
{"timestamp":"2024-12-02T20:49:43,566","container":"2366747dfd36","level":"INFO","thread":"EthScheduler-Workers-0","class":"PersistBlockTask","message":"Imported #1 / 1 tx / 0 om / 804,612 (5.0%) gas / (0x83c8b5e20179f5f2c4e6c9d3bc4fc2fa908eb3b0a3203a6324f1ba136ab156be) in 0.150s. Peers: 7","throwable":""}
{"timestamp":"2024-12-02T20:49:43,594","container":"2366747dfd36","level":"INFO","thread":"EthScheduler-Timer-0","class":"FullSyncTargetManager","message":"Unable to find sync target. Currently checking 7 peers for usefulness","throwable":""}
{"timestamp":"2024-12-02T20:49:48,085","container":"2366747dfd36","level":"INFO","thread":"EthScheduler-Workers-0","class":"PersistBlockTask","message":"Imported #2 / 0 tx / 0 om / 0 (0.0%) gas / (0xbafa64545912292ab5ea63c6f0b18830ff17408def508c07b700b45dd8388746) in 0.013s. Peers: 7","throwable":""}
{"timestamp":"2024-12-02T20:49:53,137","container":"2366747dfd36","level":"INFO","thread":"EthScheduler-Workers-0","class":"PersistBlockTask","message":"Imported #3 / 0 tx / 0 om / 0 (0.0%) gas / (0x074a86b71055830400dd6bff3482038ae3c7249c742157c0c6d00b57d725c205) in 0.045s. Peers: 7","throwable":""}
{"timestamp":"2024-12-02T20:49:58,106","container":"2366747dfd36","level":"INFO","thread":"EthScheduler-Workers-0","class":"PersistBlockTask","message":"Imported #4 / 0 tx / 0 om / 0 (0.0%) gas / (0xb4c7cc23d17f16555cfa695553b5041733e486e8614a023e6b539b0c2e044203) in 0.019s. Peers: 7","throwable":""}
{"timestamp":"2024-12-02T20:50:03,054","container":"2366747dfd36","level":"INFO","thread":"EthScheduler-Workers-0","class":"PersistBlockTask","message":"Imported #5 / 0 tx / 0 om / 0 (0.0%) gas / (0x7f3e4622af66da025ac26978675bc123df3bb5d05096de4ca5abcac56bc788d0) in 0.004s. Peers: 7","throwable":""}
{"timestamp":"2024-12-02T20:50:08,057","container":"2366747dfd36","level":"INFO","thread":"EthScheduler-Workers-0","class":"PersistBlockTask","message":"Imported #6 / 0 tx / 0 om / 0 (0.0%) gas / (0x83559d965dee50aef8a430a3836d5bdaf0d2979913ffedf05f90b83f4e5b13cd) in 0.006s. Peers: 7","throwable":""}
{"timestamp":"2024-12-02T20:50:13,047","container":"2366747dfd36","level":"INFO","thread":"EthScheduler-Workers-0","class":"PersistBlockTask","message":"Imported #7 / 0 tx / 0 om / 0 (0.0%) gas / (0x85dd8a09f58c80a39a304d9b73495a49cdb319f75b7bf321a1449c56bb7348c1) in 0.006s. Peers: 7","throwable":""}
{"timestamp":"2024-12-02T20:50:18,146","container":"2366747dfd36","level":"INFO","thread":"EthScheduler-Workers-0","class":"PersistBlockTask","message":"Imported #8 / 1 tx / 0 om / 280,295 (1.7%) gas / (0xe8f852b7e723f3f7bb7f568e3abd36b587c9b1b8f3fe95811fc7dc86acbf548f) in 0.054s. Peers: 7","throwable":""}
{"timestamp":"2024-12-02T20:50:23,084","container":"2366747dfd36","level":"INFO","thread":"EthScheduler-Workers-0","class":"PersistBlockTask","message":"Imported #9 / 0 tx / 0 om / 0 (0.0%) gas / (0x91b0eb9b3f37d88ae51ad6bbb3aeb17446e49c214c0a1d8d9397890658b84d99) in 0.020s. Peers: 7","throwable":""}
{"timestamp":"2024-12-02T20:50:28,059","container":"2366747dfd36","level":"INFO","thread":"EthScheduler-Workers-0","class":"PersistBlockTask","message":"Imported #10 / 0 tx / 0 om / 0 (0.0%) gas / (0x778bf076909d9568a3c6e5e69dd1a5b1320821e3b82492fd2b08ea547e8187cd) in 0.008s. Peers: 7","throwable":""}
{"timestamp":"2024-12-02T20:50:33,075","container":"2366747dfd36","level":"INFO","thread":"EthScheduler-Workers-0","class":"PersistBlockTask","message":"Imported #11 / 0 tx / 0 om / 0 (0.0%) gas / (0xd24e76ed2ffc45b77e465b35a9c4f9fb3b0cd6241c92ced85053915e26a84767) in 0.025s. Peers: 7","throwable":""}
{"timestamp":"2024-12-02T20:50:38,045","container":"2366747dfd36","level":"INFO","thread":"EthScheduler-Workers-0","class":"PersistBlockTask","message":"Imported #12 / 0 tx / 0 om / 0 (0.0%) gas / (0x7863efffaa01cdf95d4895a64b72c7bcf97dd4215d06600926c23f842d4fdadb) in 0.007s. Peers: 7","throwable":""}
{"timestamp":"2024-12-02T20:50:43,078","container":"2366747dfd36","level":"INFO","thread":"EthScheduler-Workers-0","class":"PersistBlockTask","message":"Imported #13 / 0 tx / 0 om / 0 (0.0%) gas / (0x579c27e855e51ce4afce3dc2209fe28beed8aae635c99388d95d15e2cb71695d) in 0.019s. Peers: 7","throwable":""}
{"timestamp":"2024-12-02T20:50:48,042","container":"2366747dfd36","level":"INFO","thread":"EthScheduler-Workers-0","class":"PersistBlockTask","message":"Imported #14 / 0 tx / 0 om / 0 (0.0%) gas / (0x2cbb2fa4432f50202222056a88987f315d4c4d38a417ffecbb78f4b7130d3d3a) in 0.004s. Peers: 7","throwable":""}
{"timestamp":"2024-12-02T20:50:53,057","container":"2366747dfd36","level":"INFO","thread":"EthScheduler-Workers-0","class":"PersistBlockTask","message":"Imported #15 / 0 tx / 0 om / 0 (0.0%) gas / (0x3fae6f01e67489b2c74586b02622f8e70f64967cf8348fcdd1f8f761f5d8dd62) in 0.004s. Peers: 7","throwable":""}
{"timestamp":"2024-12-02T20:50:58,052","container":"2366747dfd36","level":"INFO","thread":"EthScheduler-Workers-0","class":"PersistBlockTask","message":"Imported #16 / 0 tx / 0 om / 0 (0.0%) gas / (0x720a76b13a1bbaff050b2c774d4651da083579dcff36e2321efdf7c013e5fea2) in 0.006s. Peers: 7","throwable":""}
{"timestamp":"2024-12-02T20:51:03,049","container":"2366747dfd36","level":"INFO","thread":"EthScheduler-Workers-0","class":"PersistBlockTask","message":"Imported #17 / 0 tx / 0 om / 0 (0.0%) gas / (0x662b0507e7029e33f832bb70dd185b39587e33c72664077f7f8417dd44346103) in 0.017s. Peers: 7","throwable":""}
{"timestamp":"2024-12-02T20:51:08,054","container":"2366747dfd36","level":"INFO","thread":"EthScheduler-Workers-0","class":"PersistBlockTask","message":"Imported #18 / 0 tx / 0 om / 0 (0.0%) gas / (0xaa72ab2aab8a9d0e743b27c33bf05cbaf63709eff01b8998f02c6832f383b1ba) in 0.014s. Peers: 7","throwable":""}
{"timestamp":"2024-12-02T20:51:13,048","container":"2366747dfd36","level":"INFO","thread":"EthScheduler-Workers-0","class":"PersistBlockTask","message":"Imported #19 / 0 tx / 0 om / 0 (0.0%) gas / (0x4281ef9d2b20e607dc6f6704a920afb5fbafddd94d6aa6e77f5cf5bc9f35282b) in 0.004s. Peers: 7","throwable":""}
{"timestamp":"2024-12-02T20:51:18,057","container":"2366747dfd36","level":"INFO","thread":"EthScheduler-Workers-0","class":"PersistBlockTask","message":"Imported #20 / 0 tx / 0 om / 0 (0.0%) gas / (0x4b6b09c50307d3cef11ecbdbf49775a404dfc54c885dcce7fd4b567fd44d2ab1) in 0.007s. Peers: 7","throwable":""}
{"timestamp":"2024-12-02T20:51:23,045","container":"2366747dfd36","level":"INFO","thread":"EthScheduler-Workers-0","class":"PersistBlockTask","message":"Imported #21 / 0 tx / 0 om / 0 (0.0%) gas / (0xc7291d974b0eece7ac323375fd4c316df47627977796360e0b2808f5b76216c1) in 0.006s. Peers: 7","throwable":""}
{"timestamp":"2024-12-02T20:51:28,047","container":"2366747dfd36","level":"INFO","thread":"EthScheduler-Workers-0","class":"PersistBlockTask","message":"Imported #22 / 0 tx / 0 om / 0 (0.0%) gas / (0x9c869f10fadbcff655c19fadbd1b942bc0df3ad35e8a65f870e1061f480277be) in 0.016s. Peers: 7","throwable":""}
{"timestamp":"2024-12-02T20:51:33,069","container":"2366747dfd36","level":"INFO","thread":"EthScheduler-Workers-0","class":"PersistBlockTask","message":"Imported #23 / 0 tx / 0 om / 0 (0.0%) gas / (0x5f45876bfc937ca2723d495805b29f1ab5f47cec43f041ef9a15c4daf2923995) in 0.028s. Peers: 7","throwable":""}
{"timestamp":"2024-12-02T20:51:38,052","container":"2366747dfd36","level":"INFO","thread":"EthScheduler-Workers-0","class":"PersistBlockTask","message":"Imported #24 / 0 tx / 0 om / 0 (0.0%) gas / (0x263430fd6f768a8b694390a613d56054382c402226b05c9559c9da907cb32084) in 0.011s. Peers: 7","throwable":""}
{"timestamp":"2024-12-02T20:51:43,040","container":"2366747dfd36","level":"INFO","thread":"EthScheduler-Workers-0","class":"PersistBlockTask","message":"Imported #25 / 0 tx / 0 om / 0 (0.0%) gas / (0x95523274aa940c9e7e162c3df60a516b53e90c561607c8cb1d51fe459513574a) in 0.004s. Peers: 7","throwable":""}
{"timestamp":"2024-12-02T20:51:48,049","container":"2366747dfd36","level":"INFO","thread":"EthScheduler-Workers-0","class":"PersistBlockTask","message":"Imported #26 / 0 tx / 0 om / 0 (0.0%) gas / (0x219e9a59d34121f488c9afd52e47125eed905775e7b98531790e75c9104e3a36) in 0.012s. Peers: 7","throwable":""}
{"timestamp":"2024-12-02T20:51:53,029","container":"2366747dfd36","level":"INFO","thread":"EthScheduler-Workers-0","class":"PersistBlockTask","message":"Imported #27 / 0 tx / 0 om / 0 (0.0%) gas / (0xfac57bd9ff0ac21313166eeb23a7e4f5b6ec16e0169b6db0ad5eb35006e53711) in 0.004s. Peers: 7","throwable":""}
{"timestamp":"2024-12-02T20:51:58,035","container":"2366747dfd36","level":"INFO","thread":"EthScheduler-Workers-0","class":"PersistBlockTask","message":"Imported #28 / 0 tx / 0 om / 0 (0.0%) gas / (0xd09439c390977120f7b5a1a26d79a005e6768982983df1fd385d07260acce468) in 0.007s. Peers: 7","throwable":""}
{"timestamp":"2024-12-02T20:52:03,055","container":"2366747dfd36","level":"INFO","thread":"EthScheduler-Workers-0","class":"PersistBlockTask","message":"Imported #29 / 0 tx / 0 om / 0 (0.0%) gas / (0x19549840118970a1a24b98ad8a1020bafa00ecbc5e5b764d4ce3a414ee511962) in 0.005s. Peers: 7","throwable":""}
{"timestamp":"2024-12-02T20:52:08,059","container":"2366747dfd36","level":"INFO","thread":"EthScheduler-Workers-0","class":"PersistBlockTask","message":"Imported #30 / 0 tx / 0 om / 0 (0.0%) gas / (0x9def1a0462c6cae950710a5d9259d62e87d448f963f4563fd14efd7a1d9b4b60) in 0.020s. Peers: 7","throwable":""}
{"timestamp":"2024-12-02T20:52:13,043","container":"2366747dfd36","level":"INFO","thread":"EthScheduler-Workers-0","class":"PersistBlockTask","message":"Imported #31 / 0 tx / 0 om / 0 (0.0%) gas / (0x6a2fb1a27c912a90f8b9628ee8353cbd8c9eee1906d62dc8838caff8c4de70d3) in 0.006s. Peers: 7","throwable":""}
{"timestamp":"2024-12-02T20:52:18,035","container":"2366747dfd36","level":"INFO","thread":"EthScheduler-Workers-0","class":"PersistBlockTask","message":"Imported #32 / 0 tx / 0 om / 0 (0.0%) gas / (0x6b115277f8cb462e73e2f3bc46094af9df0e7b72784b8d1899b89f917b12ddbd) in 0.004s. Peers: 7","throwable":""}
{"timestamp":"2024-12-02T20:52:23,030","container":"2366747dfd36","level":"INFO","thread":"EthScheduler-Workers-0","class":"PersistBlockTask","message":"Imported #33 / 0 tx / 0 om / 0 (0.0%) gas / (0x38a92fb779adae434bcdf2445be562ded46866cffe237e26330e23dc3e70e898) in 0.005s. Peers: 7","throwable":""}
{"timestamp":"2024-12-02T20:52:28,040","container":"2366747dfd36","level":"INFO","thread":"EthScheduler-Workers-0","class":"PersistBlockTask","message":"Imported #34 / 0 tx / 0 om / 0 (0.0%) gas / (0xbf2787b2d4af9b6a42c09b84c729fcff4dfbba522d83309a0f57a9e10c920daa) in 0.004s. Peers: 7","throwable":""}
{"timestamp":"2024-12-02T20:52:33,038","container":"2366747dfd36","level":"INFO","thread":"EthScheduler-Workers-0","class":"PersistBlockTask","message":"Imported #35 / 0 tx / 0 om / 0 (0.0%) gas / (0xda845077865960212005f4ecc0d2d1983450c1600a2adcd0610daa1794f1ac31) in 0.004s. Peers: 7","throwable":""}
{"timestamp":"2024-12-02T20:52:38,032","container":"2366747dfd36","level":"INFO","thread":"EthScheduler-Workers-0","class":"PersistBlockTask","message":"Imported #36 / 0 tx / 0 om / 0 (0.0%) gas / (0xbaae8d5221fb42af9c4230f7716fb4d55f917e37b2a5e176f2ecec785d4d8b2e) in 0.004s. Peers: 7","throwable":""}
{"timestamp":"2024-12-02T20:52:43,027","container":"2366747dfd36","level":"INFO","thread":"EthScheduler-Workers-0","class":"PersistBlockTask","message":"Imported #37 / 0 tx / 0 om / 0 (0.0%) gas / (0xdbd6ed3420f7827475171df864a9520dce98c6bfb3d76922e9ece7fbfc0a05f7) in 0.004s. Peers: 7","throwable":""}
{"timestamp":"2024-12-02T20:52:48,044","container":"2366747dfd36","level":"INFO","thread":"EthScheduler-Workers-0","class":"PersistBlockTask","message":"Imported #38 / 0 tx / 0 om / 0 (0.0%) gas / (0x64ab2c9f0e5c1e96ee70d25d7ca9ef8214f85721d4cc63da0f29d36dedfdbbde) in 0.004s. Peers: 7","throwable":""}
{"timestamp":"2024-12-02T20:52:53,033","container":"2366747dfd36","level":"INFO","thread":"EthScheduler-Workers-0","class":"PersistBlockTask","message":"Imported #39 / 0 tx / 0 om / 0 (0.0%) gas / (0xa782928be229e437673e248c0c1d1409c2e06509377c53cbe36208400e4a9fb4) in 0.004s. Peers: 7","throwable":""}
{"timestamp":"2024-12-02T20:52:58,039","container":"2366747dfd36","level":"INFO","thread":"EthScheduler-Workers-0","class":"PersistBlockTask","message":"Imported #40 / 0 tx / 0 om / 0 (0.0%) gas / (0x2d8ff793c2ac572dc2cccbb5c3fc683981e84dabfed42ed6cdb64fe2f0ee3782) in 0.005s. Peers: 7","throwable":""}
{"timestamp":"2024-12-02T20:53:03,050","container":"2366747dfd36","level":"INFO","thread":"EthScheduler-Workers-0","class":"PersistBlockTask","message":"Imported #41 / 0 tx / 0 om / 0 (0.0%) gas / (0xf9353e16d3cf83bd71ae13ba74697be21658257044abad1980688b176dc8e8d1) in 0.013s. Peers: 7","throwable":""}
{"timestamp":"2024-12-02T20:53:08,061","container":"2366747dfd36","level":"INFO","thread":"EthScheduler-Workers-0","class":"PersistBlockTask","message":"Imported #42 / 0 tx / 0 om / 0 (0.0%) gas / (0xe633d0de133903ebd4b428e29e9c6ee998d076ceea641fdcd63d86d20f9c9ab9) in 0.003s. Peers: 7","throwable":""}
{"timestamp":"2024-12-02T20:53:13,030","container":"2366747dfd36","level":"INFO","thread":"EthScheduler-Workers-0","class":"PersistBlockTask","message":"Imported #43 / 0 tx / 0 om / 0 (0.0%) gas / (0x4d102bbdd7d03b4169cd109d0cad0c1bc12bc150380ecc098ec7899b5c5a882f) in 0.005s. Peers: 7","throwable":""}
{"timestamp":"2024-12-02T20:53:18,029","container":"2366747dfd36","level":"INFO","thread":"EthScheduler-Workers-0","class":"PersistBlockTask","message":"Imported #44 / 0 tx / 0 om / 0 (0.0%) gas / (0x7d750d2bd281951baf6baf05f9d1aca406bb1157a07e4e55f261ab653c17f6ba) in 0.004s. Peers: 7","throwable":""}
{"timestamp":"2024-12-02T20:53:23,028","container":"2366747dfd36","level":"INFO","thread":"EthScheduler-Workers-0","class":"PersistBlockTask","message":"Imported #45 / 0 tx / 0 om / 0 (0.0%) gas / (0xa8a2f031da81414294f60fcffd9b1a417eb17f04f30707df2ac71fa7f7c553ad) in 0.005s. Peers: 7","throwable":""}
{"timestamp":"2024-12-02T20:53:28,078","container":"2366747dfd36","level":"INFO","thread":"EthScheduler-Workers-0","class":"PersistBlockTask","message":"Imported #46 / 1 tx / 0 om / 302,959 (1.9%) gas / (0x6822f3891e2b2bd87f3c07d46203e0d69d9322321e74aa0bfb8f9ae177760e8e) in 0.026s. Peers: 7","throwable":""}
{"timestamp":"2024-12-02T20:53:33,067","container":"2366747dfd36","level":"INFO","thread":"EthScheduler-Workers-0","class":"PersistBlockTask","message":"Imported #47 / 1 tx / 0 om / 302,983 (1.9%) gas / (0xbee5bc5be98990e67c8fa2893f6af40321b28394e39124f9b55f010fe40107c3) in 0.016s. Peers: 7","throwable":""}
{"timestamp":"2024-12-02T20:53:38,074","container":"2366747dfd36","level":"INFO","thread":"EthScheduler-Workers-0","class":"PersistBlockTask","message":"Imported #48 / 1 tx / 0 om / 302,959 (1.9%) gas / (0x6615d58075099cb62f03e1d95b3cc11a509aa828851e98e835ad9ce6aabc4d36) in 0.019s. Peers: 7","throwable":""}
{"timestamp":"2024-12-02T20:53:43,084","container":"2366747dfd36","level":"INFO","thread":"EthScheduler-Workers-0","class":"PersistBlockTask","message":"Imported #49 / 1 tx / 0 om / 302,899 (1.9%) gas / (0x197acd5678a020fa43ea7f300d8a721d1c846c7c3859507152681c24b84acb02) in 0.036s. Peers: 7","throwable":""}
{"timestamp":"2024-12-02T20:53:48,067","container":"2366747dfd36","level":"INFO","thread":"EthScheduler-Workers-0","class":"PersistBlockTask","message":"Imported #50 / 1 tx / 0 om / 302,947 (1.9%) gas / (0x13602ba3779787752f958c8b341ffa33b7b051d915b94e7d8a9694972808008b) in 0.020s. Peers: 7","throwable":""}
{"timestamp":"2024-12-02T20:53:53,029","container":"2366747dfd36","level":"INFO","thread":"EthScheduler-Workers-0","class":"PersistBlockTask","message":"Imported #51 / 0 tx / 0 om / 0 (0.0%) gas / (0xce36fe4d8edd063eeadec041e7edd3009522b45550400c42089b1671b20df162) in 0.009s. Peers: 7","throwable":""}
{"timestamp":"2024-12-02T20:53:58,037","container":"2366747dfd36","level":"INFO","thread":"EthScheduler-Workers-0","class":"PersistBlockTask","message":"Imported #52 / 0 tx / 0 om / 0 (0.0%) gas / (0x34c1503409119b11f0d36b98d75f580d94ebe0cc339c8ca23fab34bee55b83f4) in 0.003s. Peers: 7","throwable":""}
{"timestamp":"2024-12-02T20:54:01,538","container":"2366747dfd36","level":"INFO","thread":"BftProcessorExecutor-QBFT-0","class":"BftProcessor","message":"Shutting down BFT event processor","throwable":""}
{"timestamp":"2024-12-02T20:54:01,541","container":"2366747dfd36","level":"INFO","thread":"BesuCommand-Shutdown-Hook","class":"DefaultSynchronizer","message":"Stopping synchronizer","throwable":""}
{"timestamp":"2024-12-02T20:54:01,545","container":"2366747dfd36","level":"INFO","thread":"BesuCommand-Shutdown-Hook","class":"NetworkRunner","message":"Stopping Network.","throwable":""}
{"timestamp":"2024-12-02T20:54:01,582","container":"2366747dfd36","level":"INFO","thread":"BesuCommand-Shutdown-Hook","class":"EthProtocolManager","message":"Stopping eth Subprotocol.","throwable":""}
{"timestamp":"2024-12-02T20:54:01,681","container":"2366747dfd36","level":"INFO","thread":"BesuCommand-Shutdown-Hook","class":"EthProtocolManager","message":"eth Subprotocol stopped.","throwable":""}
{"timestamp":"2024-12-02T20:54:01,682","container":"2366747dfd36","level":"INFO","thread":"BesuCommand-Shutdown-Hook","class":"NetworkRunner","message":"Network stopped.","throwable":""}
{"timestamp":"2024-12-02T20:54:01,683","container":"2366747dfd36","level":"INFO","thread":"BesuCommand-Shutdown-Hook","class":"AutoTransactionLogBloomCachingService","message":"Shutting down Auto transaction logs caching service.","throwable":""}
{"timestamp":"2024-12-02T20:54:01,685","container":"2366747dfd36","level":"INFO","thread":"BesuCommand-Shutdown-Hook","class":"DockerNatManager","message":"Stopping docker NAT manager.","throwable":""}
{"timestamp":"2024-12-02T21:04:43,970","container":"2366747dfd36","level":"INFO","thread":"main","class":"Besu","message":"Starting Besu","throwable":""}
{"timestamp":"2024-12-02T21:04:45,166","container":"2366747dfd36","level":"WARN","thread":"main","class":"Besu","message":"--min-gas-price has been ignored because --miner-enabled was not defined on the command line.","throwable":""}
{"timestamp":"2024-12-02T21:04:49,213","container":"2366747dfd36","level":"INFO","thread":"main","class":"Besu","message":"
####################################################################################################
#                                                                                                  #
# Besu version 23.4.1                                                                              #
#                                                                                                  #
# Configuration:                                                                                   #
# Network: Custom genesis file specified                                                           #
# Network Id: 1337                                                                                 #
# Data storage: Forest                                                                             #
# Sync mode: Full                                                                                  #
# RPC HTTP APIs: EEA,WEB3,ETH,NET,TRACE,DEBUG,ADMIN,TXPOOL,PRIV,PERM,QBFT                          #
# RPC HTTP port: 8545                                                                              #
#                                                                                                  #
# Host:                                                                                            #
# Java: openjdk-java-17                                                                            #
# Maximum heap size: 1.86 GB                                                                       #
# OS: linux-x86_64                                                                                 #
# glibc: 2.35                                                                                      #
# jemalloc: 5.2.1-0-gea6b3e973b477b8061e0076bb257dbd7f3faa756                                      #
# Total memory: 7.45 GB                                                                            #
# CPU cores: 12                                                                                    #
#                                                                                                  #
####################################################################################################","throwable":""}
{"timestamp":"2024-12-02T21:04:49,216","container":"2366747dfd36","level":"INFO","thread":"main","class":"Besu","message":"Connecting to 8 static nodes.","throwable":""}
{"timestamp":"2024-12-02T21:04:49,216","container":"2366747dfd36","level":"INFO","thread":"main","class":"Besu","message":"Security Module: localfile","throwable":""}
{"timestamp":"2024-12-02T21:04:49,348","container":"2366747dfd36","level":"INFO","thread":"main","class":"Besu","message":"Using the native implementation of alt bn128","throwable":""}
{"timestamp":"2024-12-02T21:04:49,553","container":"2366747dfd36","level":"INFO","thread":"main","class":"Besu","message":"Using the native implementation of modexp","throwable":""}
{"timestamp":"2024-12-02T21:04:49,553","container":"2366747dfd36","level":"INFO","thread":"main","class":"Besu","message":"Using the native implementation of the signature algorithm","throwable":""}
{"timestamp":"2024-12-02T21:04:49,599","container":"2366747dfd36","level":"INFO","thread":"main","class":"Besu","message":"Using the native implementation of the blake2bf algorithm","throwable":""}
{"timestamp":"2024-12-02T21:04:49,823","container":"2366747dfd36","level":"INFO","thread":"main","class":"DatabaseMetadata","message":"Lookup database metadata file in data directory: /opt/besu/data","throwable":""}
{"timestamp":"2024-12-02T21:04:50,033","container":"2366747dfd36","level":"INFO","thread":"main","class":"RocksDBKeyValueStorageFactory","message":"Existing database detected at /opt/besu/data. Version 1. Compacting database...","throwable":""}
{"timestamp":"2024-12-02T21:04:52,467","container":"2366747dfd36","level":"INFO","thread":"main","class":"KeyPairUtil","message":"Loaded public key 0xad2c79c6561bc8212c2e8382611c62e406e767d1f3106c68ca206900f575cb8ba9a8be111c645cd9803701d684454c782c40d2361b000a32ed03d26228b30ec1 from /opt/besu/keys/nodekey","throwable":""}
{"timestamp":"2024-12-02T21:04:52,491","container":"2366747dfd36","level":"WARN","thread":"main","class":"Besu","message":"Privacy is disabled. Cannot use EEA/PRIV API methods when not using Privacy.","throwable":""}
{"timestamp":"2024-12-02T21:04:53,303","container":"2366747dfd36","level":"INFO","thread":"main","class":"ProtocolScheduleBuilder","message":"Protocol schedule created with milestones: [GrayGlacier: 0]","throwable":""}
{"timestamp":"2024-12-02T21:04:54,069","container":"2366747dfd36","level":"INFO","thread":"main","class":"TransactionPoolFactory","message":"Enabling transaction pool","throwable":""}
{"timestamp":"2024-12-02T21:04:54,151","container":"2366747dfd36","level":"INFO","thread":"main","class":"BesuControllerBuilder","message":"TTD difficulty is not present, creating initial sync phase for PoW","throwable":""}
{"timestamp":"2024-12-02T21:04:54,440","container":"2366747dfd36","level":"INFO","thread":"main","class":"RunnerBuilder","message":"Detecting NAT service.","throwable":""}
{"timestamp":"2024-12-02T21:04:58,725","container":"2366747dfd36","level":"INFO","thread":"main","class":"Runner","message":"Starting external services ... ","throwable":""}
{"timestamp":"2024-12-02T21:04:58,738","container":"2366747dfd36","level":"INFO","thread":"main","class":"MetricsHttpService","message":"Starting metrics http service on 0.0.0.0:9545","throwable":""}
{"timestamp":"2024-12-02T21:04:59,366","container":"2366747dfd36","level":"INFO","thread":"main","class":"JsonRpcHttpService","message":"Starting JSON-RPC service on 0.0.0.0:8545","throwable":""}
{"timestamp":"2024-12-02T21:04:59,380","container":"2366747dfd36","level":"INFO","thread":"vert.x-eventloop-thread-1","class":"MetricsHttpService","message":"Metrics service started and listening on 0.0.0.0:9545","throwable":""}
{"timestamp":"2024-12-02T21:04:59,404","container":"2366747dfd36","level":"INFO","thread":"vert.x-eventloop-thread-1","class":"JsonRpcHttpService","message":"JSON-RPC service started and listening on 0.0.0.0:8545","throwable":""}
{"timestamp":"2024-12-02T21:04:59,411","container":"2366747dfd36","level":"INFO","thread":"main","class":"GraphQLHttpService","message":"Starting GraphQL HTTP service on 0.0.0.0:8547","throwable":""}
{"timestamp":"2024-12-02T21:04:59,421","container":"2366747dfd36","level":"INFO","thread":"vert.x-eventloop-thread-1","class":"GraphQLHttpService","message":"GraphQL HTTP service started and listening on 0.0.0.0:8547","throwable":""}
{"timestamp":"2024-12-02T21:04:59,423","container":"2366747dfd36","level":"INFO","thread":"main","class":"WebSocketService","message":"Starting Websocket service on 0.0.0.0:8546","throwable":""}
{"timestamp":"2024-12-02T21:04:59,429","container":"2366747dfd36","level":"INFO","thread":"vert.x-eventloop-thread-1","class":"WebSocketService","message":"Websocket service started and listening on 0.0.0.0:8546","throwable":""}
{"timestamp":"2024-12-02T21:04:59,442","container":"2366747dfd36","level":"INFO","thread":"main","class":"AutoTransactionLogBloomCachingService","message":"Starting auto transaction log bloom caching service.","throwable":""}
{"timestamp":"2024-12-02T21:04:59,445","container":"2366747dfd36","level":"INFO","thread":"main","class":"LogBloomCacheMetadata","message":"Lookup cache metadata file in data directory: /opt/besu/data/caches","throwable":""}
{"timestamp":"2024-12-02T21:04:59,472","container":"2366747dfd36","level":"INFO","thread":"main","class":"Runner","message":"Starting Ethereum main loop ... ","throwable":""}
{"timestamp":"2024-12-02T21:04:59,473","container":"2366747dfd36","level":"INFO","thread":"main","class":"DockerNatManager","message":"Starting docker NAT manager.","throwable":""}
{"timestamp":"2024-12-02T21:05:03,196","container":"2366747dfd36","level":"INFO","thread":"main","class":"NetworkRunner","message":"Starting Network.","throwable":""}
{"timestamp":"2024-12-02T21:05:03,243","container":"2366747dfd36","level":"INFO","thread":"nioEventLoopGroup-2-1","class":"RlpxAgent","message":"P2P RLPx agent started and listening on /[0:0:0:0:0:0:0:0]:30303.","throwable":""}
{"timestamp":"2024-12-02T21:05:03,249","container":"2366747dfd36","level":"INFO","thread":"main","class":"PeerDiscoveryAgent","message":"Starting peer discovery agent on host=0.0.0.0, port=30303","throwable":""}
{"timestamp":"2024-12-02T21:05:03,300","container":"2366747dfd36","level":"INFO","thread":"vert.x-eventloop-thread-1","class":"VertxPeerDiscoveryAgent","message":"Started peer discovery agent successfully, on effective host=0:0:0:0:0:0:0:0%0 and port=30303","throwable":""}
{"timestamp":"2024-12-02T21:05:03,321","container":"2366747dfd36","level":"INFO","thread":"vert.x-eventloop-thread-1","class":"PeerDiscoveryAgent","message":"P2P peer discovery agent started and listening on /[0:0:0:0:0:0:0:0%0]:30303","throwable":""}
{"timestamp":"2024-12-02T21:05:03,475","container":"2366747dfd36","level":"INFO","thread":"vert.x-eventloop-thread-1","class":"PeerDiscoveryAgent","message":"Writing node record to disk. NodeRecord{seq=2, publicKey=0x03ad2c79c6561bc8212c2e8382611c62e406e767d1f3106c68ca206900f575cb8b, udpAddress=Optional[/172.16.239.17:30303], tcpAddress=Optional[/172.16.239.17:30303], asBase64=-Je4QGMCfptQmrA88NYCH3hFKM8IRonSgRFxJjYd4ZqU83gsXbOQB0o-3RW2DYd8kTIL0FMTsjBOixhaZHM9A5enbK0Cg2V0aMfGhMw13_-AgmlkgnY0gmlwhKwQ7xGJc2VjcDI1NmsxoQOtLHnGVhvIISwug4JhHGLkBudn0fMQbGjKIGkA9XXLi4N0Y3CCdl-DdWRwgnZf, nodeId=0x77e699b8a5282fa3837e39b3e090a28b8a9d0a69ec259cb745036d5d1030e3ea, customFields={tcp=30303, udp=30303, ip=0xac10ef11, eth=[[0xcc35dfff, 0x]], id=V4, secp256k1=0x03ad2c79c6561bc8212c2e8382611c62e406e767d1f3106c68ca206900f575cb8b}}","throwable":""}
{"timestamp":"2024-12-02T21:05:03,635","container":"2366747dfd36","level":"INFO","thread":"main","class":"DefaultP2PNetwork","message":"Enode URL enode://ad2c79c6561bc8212c2e8382611c62e406e767d1f3106c68ca206900f575cb8ba9a8be111c645cd9803701d684454c782c40d2361b000a32ed03d26228b30ec1@172.16.239.17:30303","throwable":""}
{"timestamp":"2024-12-02T21:05:03,638","container":"2366747dfd36","level":"INFO","thread":"main","class":"DefaultP2PNetwork","message":"Node address 0xe090a28b8a9d0a69ec259cb745036d5d1030e3ea","throwable":""}
{"timestamp":"2024-12-02T21:05:03,809","container":"2366747dfd36","level":"INFO","thread":"main","class":"NetworkRunner","message":"Supported capabilities: [eth/62, eth/63, eth/64, eth/65, eth/66, eth/67, eth/68], [istanbul/100], [snap/1]","throwable":""}
{"timestamp":"2024-12-02T21:05:03,839","container":"2366747dfd36","level":"INFO","thread":"main","class":"DefaultSynchronizer","message":"Starting synchronizer.","throwable":""}
{"timestamp":"2024-12-02T21:05:03,876","container":"2366747dfd36","level":"INFO","thread":"main","class":"TransactionPoolFactory","message":"Enabling transaction handling following initial sync","throwable":""}
{"timestamp":"2024-12-02T21:05:03,885","container":"2366747dfd36","level":"INFO","thread":"main","class":"FullSyncDownloader","message":"Starting full sync.","throwable":""}
{"timestamp":"2024-12-02T21:05:03,909","container":"2366747dfd36","level":"INFO","thread":"main","class":"FullSyncTargetManager","message":"Unable to find sync target. Currently checking 0 peers for usefulness","throwable":""}
{"timestamp":"2024-12-02T21:05:04,555","container":"2366747dfd36","level":"INFO","thread":"main","class":"Runner","message":"Ethereum main loop is up.","throwable":""}
{"timestamp":"2024-12-02T21:05:04,656","container":"2366747dfd36","level":"INFO","thread":"nioEventLoopGroup-3-8","class":"FullSyncTargetManager","message":"Unable to find sync target. Currently checking 6 peers for usefulness","throwable":""}
{"timestamp":"2024-12-02T21:05:14,248","container":"2366747dfd36","level":"INFO","thread":"EthScheduler-Workers-0","class":"PersistBlockTask","message":"Imported #53 / 0 tx / 0 om / 0 (0.0%) gas / (0x4117d975dc3b1e3ffdad8b47303c4c91817fb1ad43ce1a375a2a1efd0238c860) in 0.063s. Peers: 7","throwable":""}
{"timestamp":"2024-12-02T21:05:18,083","container":"2366747dfd36","level":"INFO","thread":"EthScheduler-Workers-0","class":"PersistBlockTask","message":"Imported #54 / 0 tx / 0 om / 0 (0.0%) gas / (0xbce2b308aecd1130e9a556df6cee24185abad7ecec95ca288d5c1e9af74ae6ff) in 0.016s. Peers: 7","throwable":""}
{"timestamp":"2024-12-02T21:05:23,100","container":"2366747dfd36","level":"INFO","thread":"EthScheduler-Workers-0","class":"PersistBlockTask","message":"Imported #55 / 0 tx / 0 om / 0 (0.0%) gas / (0x3b7262ab93b652c63bb488111a8843b393a697a78d10f89471824838db04a1e3) in 0.016s. Peers: 7","throwable":""}
{"timestamp":"2024-12-02T21:05:28,072","container":"2366747dfd36","level":"INFO","thread":"EthScheduler-Workers-0","class":"PersistBlockTask","message":"Imported #56 / 0 tx / 0 om / 0 (0.0%) gas / (0x7fd5b44c09a8c3118a28107eaf5082f8094da6689678fbdfa24a3b43070544dd) in 0.010s. Peers: 7","throwable":""}
{"timestamp":"2024-12-02T21:05:33,049","container":"2366747dfd36","level":"INFO","thread":"EthScheduler-Workers-0","class":"PersistBlockTask","message":"Imported #57 / 0 tx / 0 om / 0 (0.0%) gas / (0xa404d4c851ca7e2a77ec89796fd58a7e6f1949a5707282420df4125cda2f3f5f) in 0.005s. Peers: 7","throwable":""}
{"timestamp":"2024-12-02T21:05:38,070","container":"2366747dfd36","level":"INFO","thread":"EthScheduler-Workers-0","class":"PersistBlockTask","message":"Imported #58 / 0 tx / 0 om / 0 (0.0%) gas / (0x459509ff79eeefc12a781f332569dd9780d317f698902c5c66cb2dc7fc751de3) in 0.020s. Peers: 7","throwable":""}
{"timestamp":"2024-12-02T21:05:43,050","container":"2366747dfd36","level":"INFO","thread":"EthScheduler-Workers-0","class":"PersistBlockTask","message":"Imported #59 / 0 tx / 0 om / 0 (0.0%) gas / (0x3784f46680c4cb8ec68b7a42e945cdf6dca06a2a4c5e4f997c87959aff4dd457) in 0.007s. Peers: 7","throwable":""}
{"timestamp":"2024-12-02T21:05:48,059","container":"2366747dfd36","level":"INFO","thread":"EthScheduler-Workers-0","class":"PersistBlockTask","message":"Imported #60 / 0 tx / 0 om / 0 (0.0%) gas / (0x8216d245cda7860a99e35a940399187323abd8c80d96fdfc98ab76769c817a11) in 0.012s. Peers: 7","throwable":""}
{"timestamp":"2024-12-02T21:05:53,061","container":"2366747dfd36","level":"INFO","thread":"EthScheduler-Workers-0","class":"PersistBlockTask","message":"Imported #61 / 0 tx / 0 om / 0 (0.0%) gas / (0x2e020e65468680c75506703bd31fec3281743a6db2b63fba4914f6f5a14ec6f4) in 0.007s. Peers: 7","throwable":""}
{"timestamp":"2024-12-02T21:05:58,091","container":"2366747dfd36","level":"INFO","thread":"EthScheduler-Workers-0","class":"PersistBlockTask","message":"Imported #62 / 0 tx / 0 om / 0 (0.0%) gas / (0x704da4b1850acf4b58cfa5fc756c3e9207b454c8e6cfc0e4e4e07629c40ba16d) in 0.013s. Peers: 7","throwable":""}
{"timestamp":"2024-12-02T21:06:03,055","container":"2366747dfd36","level":"INFO","thread":"EthScheduler-Workers-0","class":"PersistBlockTask","message":"Imported #63 / 0 tx / 0 om / 0 (0.0%) gas / (0x0a66c4d870c216be974a174e58ec09e9b4647f7bb8cc8df3a8c8552d2766f641) in 0.005s. Peers: 7","throwable":""}
{"timestamp":"2024-12-02T21:06:08,051","container":"2366747dfd36","level":"INFO","thread":"EthScheduler-Workers-0","class":"PersistBlockTask","message":"Imported #64 / 0 tx / 0 om / 0 (0.0%) gas / (0x8133a1c1ecad63e7fdb23167dc1065714b3974e8d20516e13a419c4ccefd999c) in 0.005s. Peers: 7","throwable":""}
{"timestamp":"2024-12-02T21:06:13,054","container":"2366747dfd36","level":"INFO","thread":"EthScheduler-Workers-0","class":"PersistBlockTask","message":"Imported #65 / 0 tx / 0 om / 0 (0.0%) gas / (0x288adeb6f6de04ade5f0e4a6603cbc7aa03a7c4084cc2aefdb1be2c3dd90f69a) in 0.018s. Peers: 7","throwable":""}
{"timestamp":"2024-12-02T21:06:18,048","container":"2366747dfd36","level":"INFO","thread":"EthScheduler-Workers-0","class":"PersistBlockTask","message":"Imported #66 / 0 tx / 0 om / 0 (0.0%) gas / (0x0fed5bff78045ed98d325bec1b88d4c0f52bfa2f40d90149a786eadd8250100b) in 0.007s. Peers: 7","throwable":""}
{"timestamp":"2024-12-02T21:06:23,042","container":"2366747dfd36","level":"INFO","thread":"EthScheduler-Workers-0","class":"PersistBlockTask","message":"Imported #67 / 0 tx / 0 om / 0 (0.0%) gas / (0x8c0732d51c97204212c14a7fd2197620d485f2518631d26f17d24a9260b3e47d) in 0.009s. Peers: 7","throwable":""}
{"timestamp":"2024-12-02T21:06:28,052","container":"2366747dfd36","level":"INFO","thread":"EthScheduler-Workers-0","class":"PersistBlockTask","message":"Imported #68 / 0 tx / 0 om / 0 (0.0%) gas / (0xb199c975a733ba0c0e71d47301e1d4ec5bf2fd1c804f717876bad4a85733993d) in 0.007s. Peers: 7","throwable":""}
{"timestamp":"2024-12-02T21:06:33,060","container":"2366747dfd36","level":"INFO","thread":"EthScheduler-Workers-0","class":"PersistBlockTask","message":"Imported #69 / 0 tx / 0 om / 0 (0.0%) gas / (0x40c3a89aa92e772714efba24756b3763431c2767304de21d35ae5217fa66e966) in 0.009s. Peers: 7","throwable":""}
{"timestamp":"2024-12-02T21:06:38,043","container":"2366747dfd36","level":"INFO","thread":"EthScheduler-Workers-0","class":"PersistBlockTask","message":"Imported #70 / 0 tx / 0 om / 0 (0.0%) gas / (0x18683180b74e41c9f87dec2413621da5d550a12a501611feb79caa263db6b1bb) in 0.005s. Peers: 7","throwable":""}
{"timestamp":"2024-12-02T21:06:43,050","container":"2366747dfd36","level":"INFO","thread":"EthScheduler-Workers-0","class":"PersistBlockTask","message":"Imported #71 / 0 tx / 0 om / 0 (0.0%) gas / (0xc8ea74ded19810a55f1f6bf7264051c76356b6cfa9f82bd1d4f84c915702ab9e) in 0.004s. Peers: 7","throwable":""}
{"timestamp":"2024-12-02T21:06:48,048","container":"2366747dfd36","level":"INFO","thread":"EthScheduler-Workers-0","class":"PersistBlockTask","message":"Imported #72 / 0 tx / 0 om / 0 (0.0%) gas / (0x904fd35519ada400c47e0232092e055f9eba55511cd0980c2e70640189986cc0) in 0.005s. Peers: 7","throwable":""}
{"timestamp":"2024-12-02T21:06:53,050","container":"2366747dfd36","level":"INFO","thread":"EthScheduler-Workers-0","class":"PersistBlockTask","message":"Imported #73 / 0 tx / 0 om / 0 (0.0%) gas / (0x8e6c163d9c06a2cb2df2979faa5a3806d05245584e8135bda2bf2e55393e23ca) in 0.014s. Peers: 7","throwable":""}
{"timestamp":"2024-12-02T21:06:58,053","container":"2366747dfd36","level":"INFO","thread":"EthScheduler-Workers-0","class":"PersistBlockTask","message":"Imported #74 / 0 tx / 0 om / 0 (0.0%) gas / (0xcf230a64d97dc8f4e4661eb6ba4c27d48acc62cd4068d2580fc6b22f39768aab) in 0.007s. Peers: 7","throwable":""}
{"timestamp":"2024-12-02T21:07:03,047","container":"2366747dfd36","level":"INFO","thread":"EthScheduler-Workers-0","class":"PersistBlockTask","message":"Imported #75 / 0 tx / 0 om / 0 (0.0%) gas / (0x80fc5e5c01b3722dedb376574a237d0ad8a1025a8aa41b809ef67f0e71349425) in 0.004s. Peers: 7","throwable":""}
{"timestamp":"2024-12-02T21:07:08,038","container":"2366747dfd36","level":"INFO","thread":"EthScheduler-Workers-0","class":"PersistBlockTask","message":"Imported #76 / 0 tx / 0 om / 0 (0.0%) gas / (0x780cc9b9ab423acfe796275e775facd9d071c4dc49a769576715e4f4a1679dee) in 0.007s. Peers: 7","throwable":""}
{"timestamp":"2024-12-02T21:07:13,036","container":"2366747dfd36","level":"INFO","thread":"EthScheduler-Workers-0","class":"PersistBlockTask","message":"Imported #77 / 0 tx / 0 om / 0 (0.0%) gas / (0xe6c28b9560e1b1616dbf8d80f324390ea9456887b38cf04dd6a3b910d3ae8301) in 0.006s. Peers: 7","throwable":""}
{"timestamp":"2024-12-02T21:07:18,053","container":"2366747dfd36","level":"INFO","thread":"EthScheduler-Workers-0","class":"PersistBlockTask","message":"Imported #78 / 0 tx / 0 om / 0 (0.0%) gas / (0x0576975b09f5a513301566f4eb7d20a33ea1a0454d45250bdd59ce2c6284f422) in 0.007s. Peers: 7","throwable":""}
{"timestamp":"2024-12-02T21:07:23,042","container":"2366747dfd36","level":"INFO","thread":"EthScheduler-Workers-0","class":"PersistBlockTask","message":"Imported #79 / 0 tx / 0 om / 0 (0.0%) gas / (0x02b1e7ebe1753c4e7ecc0afe0f29bb5e2a2dcd80aa805c1a006a5b614aad7fad) in 0.005s. Peers: 7","throwable":""}
{"timestamp":"2024-12-02T21:07:28,038","container":"2366747dfd36","level":"INFO","thread":"EthScheduler-Workers-0","class":"PersistBlockTask","message":"Imported #80 / 0 tx / 0 om / 0 (0.0%) gas / (0x837169d6610f86073ef07a3a29ba65338560bc76922bd3a7274b5b72359e7283) in 0.004s. Peers: 7","throwable":""}
{"timestamp":"2024-12-02T21:07:33,048","container":"2366747dfd36","level":"INFO","thread":"EthScheduler-Workers-0","class":"PersistBlockTask","message":"Imported #81 / 0 tx / 0 om / 0 (0.0%) gas / (0xbfeecc8b9c87142307c8871e77fd4dd8028d81dbdeb789482b60d3e40a35083d) in 0.005s. Peers: 7","throwable":""}
{"timestamp":"2024-12-02T21:07:38,036","container":"2366747dfd36","level":"INFO","thread":"EthScheduler-Workers-0","class":"PersistBlockTask","message":"Imported #82 / 0 tx / 0 om / 0 (0.0%) gas / (0xa0bde2829aeb9ec4041cd0cdd961453f6dfefd144952652934e1edd2dd88b126) in 0.004s. Peers: 7","throwable":""}
{"timestamp":"2024-12-02T21:07:43,047","container":"2366747dfd36","level":"INFO","thread":"EthScheduler-Workers-0","class":"PersistBlockTask","message":"Imported #83 / 0 tx / 0 om / 0 (0.0%) gas / (0xa3ab7e77164ada5a9a3c05e27a83dddb20b15b9f7f4fbfae3e7914e9818a2ac4) in 0.005s. Peers: 7","throwable":""}
{"timestamp":"2024-12-02T21:07:48,056","container":"2366747dfd36","level":"INFO","thread":"EthScheduler-Workers-0","class":"PersistBlockTask","message":"Imported #84 / 0 tx / 0 om / 0 (0.0%) gas / (0x1e3dd88e5199b7e98d1d60129cfd0c78c9538482eefb2c341938389ca05ffb2d) in 0.007s. Peers: 7","throwable":""}
{"timestamp":"2024-12-02T21:07:53,033","container":"2366747dfd36","level":"INFO","thread":"EthScheduler-Workers-0","class":"PersistBlockTask","message":"Imported #85 / 0 tx / 0 om / 0 (0.0%) gas / (0x815b02b1642222558efecab616d5f5845476d4431744019fa92fd9418952e53f) in 0.004s. Peers: 7","throwable":""}
{"timestamp":"2024-12-02T21:07:58,053","container":"2366747dfd36","level":"INFO","thread":"EthScheduler-Workers-0","class":"PersistBlockTask","message":"Imported #86 / 0 tx / 0 om / 0 (0.0%) gas / (0x82fc4226627ce59a57993ba8bf2f93800b97003b8d27e1b9fcf407befed239ef) in 0.004s. Peers: 7","throwable":""}
{"timestamp":"2024-12-02T21:08:03,041","container":"2366747dfd36","level":"INFO","thread":"EthScheduler-Workers-0","class":"PersistBlockTask","message":"Imported #87 / 0 tx / 0 om / 0 (0.0%) gas / (0x81e7e3f27d8ce32d1b3dc64aee0461cda86319a620d0b20b5a765fe673ccbb17) in 0.006s. Peers: 7","throwable":""}
{"timestamp":"2024-12-02T21:08:08,047","container":"2366747dfd36","level":"INFO","thread":"EthScheduler-Workers-0","class":"PersistBlockTask","message":"Imported #88 / 0 tx / 0 om / 0 (0.0%) gas / (0x2ed3685ef7b8ef8bad0009fbcc597e7f79ae2ed75010bc2401f1f474b7f86200) in 0.014s. Peers: 7","throwable":""}
{"timestamp":"2024-12-02T21:08:13,054","container":"2366747dfd36","level":"INFO","thread":"EthScheduler-Workers-0","class":"PersistBlockTask","message":"Imported #89 / 0 tx / 0 om / 0 (0.0%) gas / (0xb1c842a4032feaaf606cd485bfbeefc20ff2a49ee781c38395959315fb483e6b) in 0.004s. Peers: 7","throwable":""}
{"timestamp":"2024-12-02T21:08:18,043","container":"2366747dfd36","level":"INFO","thread":"EthScheduler-Workers-0","class":"PersistBlockTask","message":"Imported #90 / 0 tx / 0 om / 0 (0.0%) gas / (0x1ef01e55a0e82c1e9ced274cc4e4e46786b8df9bb7f56ec33c5b246a6b900b10) in 0.004s. Peers: 7","throwable":""}
{"timestamp":"2024-12-02T21:08:23,036","container":"2366747dfd36","level":"INFO","thread":"EthScheduler-Workers-0","class":"PersistBlockTask","message":"Imported #91 / 0 tx / 0 om / 0 (0.0%) gas / (0x9dff744eed65f53b0e9f44f3144dcd2498fb9a720227ae96c6da7fbca81d8fda) in 0.007s. Peers: 7","throwable":""}
{"timestamp":"2024-12-02T21:08:28,035","container":"2366747dfd36","level":"INFO","thread":"EthScheduler-Workers-0","class":"PersistBlockTask","message":"Imported #92 / 0 tx / 0 om / 0 (0.0%) gas / (0x7c35f50cfd800e7ca03410a27525dac802e49fcaadebf22715b5778f717cc64d) in 0.007s. Peers: 7","throwable":""}
{"timestamp":"2024-12-02T21:08:33,041","container":"2366747dfd36","level":"INFO","thread":"EthScheduler-Workers-0","class":"PersistBlockTask","message":"Imported #93 / 0 tx / 0 om / 0 (0.0%) gas / (0xf4486c14da6830cd1c2d696c4fa042153cb3da023520022159155683826dd664) in 0.004s. Peers: 7","throwable":""}
{"timestamp":"2024-12-02T21:08:38,041","container":"2366747dfd36","level":"INFO","thread":"EthScheduler-Workers-0","class":"PersistBlockTask","message":"Imported #94 / 0 tx / 0 om / 0 (0.0%) gas / (0x545ebc7931c2d3cb3034ef6c0fd8d5d17d315673e2496084412772f1c9b91a1f) in 0.009s. Peers: 7","throwable":""}
{"timestamp":"2024-12-02T21:08:43,033","container":"2366747dfd36","level":"INFO","thread":"EthScheduler-Workers-0","class":"PersistBlockTask","message":"Imported #95 / 0 tx / 0 om / 0 (0.0%) gas / (0x7fb9ab73443c9e164de78ddf0d4f6116b47ba76be0461005803796eb6712f906) in 0.004s. Peers: 7","throwable":""}
{"timestamp":"2024-12-02T21:08:48,032","container":"2366747dfd36","level":"INFO","thread":"EthScheduler-Workers-0","class":"PersistBlockTask","message":"Imported #96 / 0 tx / 0 om / 0 (0.0%) gas / (0x65923276b8cd961fa732b58f19704331972837adaaeab86b7d1c5c052cf4f0e1) in 0.007s. Peers: 7","throwable":""}
{"timestamp":"2024-12-02T21:08:53,030","container":"2366747dfd36","level":"INFO","thread":"EthScheduler-Workers-0","class":"PersistBlockTask","message":"Imported #97 / 0 tx / 0 om / 0 (0.0%) gas / (0x465d79d6998c42a32815a4d68cd4849cd61542cf4119b0d86ee7a8649f881754) in 0.006s. Peers: 7","throwable":""}
{"timestamp":"2024-12-02T21:08:58,032","container":"2366747dfd36","level":"INFO","thread":"EthScheduler-Workers-0","class":"PersistBlockTask","message":"Imported #98 / 0 tx / 0 om / 0 (0.0%) gas / (0xb9712e60a533532084c9ef427ec3718bd3888b3ee68ba1b93e9875ee8af5c837) in 0.006s. Peers: 7","throwable":""}
{"timestamp":"2024-12-02T21:09:03,028","container":"2366747dfd36","level":"INFO","thread":"EthScheduler-Workers-0","class":"PersistBlockTask","message":"Imported #99 / 0 tx / 0 om / 0 (0.0%) gas / (0x4a075dd5dc1a3ea8514181f616d124a507f324d12fc38a2c825efaf5f7bd620d) in 0.004s. Peers: 7","throwable":""}
{"timestamp":"2024-12-02T21:09:08,038","container":"2366747dfd36","level":"INFO","thread":"EthScheduler-Workers-0","class":"PersistBlockTask","message":"Imported #100 / 0 tx / 0 om / 0 (0.0%) gas / (0x61973fd173118af6aacf25b34b0d4aa7050cfc1907892e875d183384c6953a0b) in 0.010s. Peers: 7","throwable":""}
{"timestamp":"2024-12-02T21:09:13,049","container":"2366747dfd36","level":"INFO","thread":"EthScheduler-Workers-0","class":"PersistBlockTask","message":"Imported #101 / 0 tx / 0 om / 0 (0.0%) gas / (0xe01b64ea75460eacc942691f8f28d0aa565b049fd945ada2aaa3b385ff13a07a) in 0.008s. Peers: 7","throwable":""}
{"timestamp":"2024-12-02T21:09:18,053","container":"2366747dfd36","level":"INFO","thread":"EthScheduler-Workers-0","class":"PersistBlockTask","message":"Imported #102 / 0 tx / 0 om / 0 (0.0%) gas / (0x480734ba1319d401387e93cc057879838959b7d46209bf23f3f59ae955f2c357) in 0.016s. Peers: 7","throwable":""}
{"timestamp":"2024-12-02T21:09:23,046","container":"2366747dfd36","level":"INFO","thread":"EthScheduler-Workers-0","class":"PersistBlockTask","message":"Imported #103 / 0 tx / 0 om / 0 (0.0%) gas / (0x8130023e948ec2c76326133a331ce30f55bbe244017e73b19c8f53b2d09a98bb) in 0.005s. Peers: 7","throwable":""}
{"timestamp":"2024-12-02T21:09:28,045","container":"2366747dfd36","level":"INFO","thread":"EthScheduler-Workers-0","class":"PersistBlockTask","message":"Imported #104 / 0 tx / 0 om / 0 (0.0%) gas / (0x8a29126d0ef64d4cbd9c502f212ba5649039ce49eacf0adc48f6c737ef2b58ca) in 0.013s. Peers: 7","throwable":""}
{"timestamp":"2024-12-02T21:09:33,033","container":"2366747dfd36","level":"INFO","thread":"EthScheduler-Workers-0","class":"PersistBlockTask","message":"Imported #105 / 0 tx / 0 om / 0 (0.0%) gas / (0x4230b8cbc589007cb81da4c858cc2f9c7dd7160d30bad24552bf43e9a033349e) in 0.005s. Peers: 7","throwable":""}
{"timestamp":"2024-12-02T21:09:38,033","container":"2366747dfd36","level":"INFO","thread":"EthScheduler-Workers-0","class":"PersistBlockTask","message":"Imported #106 / 0 tx / 0 om / 0 (0.0%) gas / (0x0b177193e606bc57678ca648617bb5c4acc708e15f6c9e3044f8bdbd95590cfc) in 0.005s. Peers: 7","throwable":""}
{"timestamp":"2024-12-02T21:09:43,032","container":"2366747dfd36","level":"INFO","thread":"EthScheduler-Workers-0","class":"PersistBlockTask","message":"Imported #107 / 0 tx / 0 om / 0 (0.0%) gas / (0x616c4265cc2cdd66c9d20c3cca40f2e591235f101292741fe367a7f6fb25f012) in 0.004s. Peers: 7","throwable":""}
{"timestamp":"2024-12-02T21:09:48,028","container":"2366747dfd36","level":"INFO","thread":"EthScheduler-Workers-0","class":"PersistBlockTask","message":"Imported #108 / 0 tx / 0 om / 0 (0.0%) gas / (0x514cd68a6011da5b14fa34a5893fe47c7ccf0c6d24d2cb282aefd9779debcc2d) in 0.006s. Peers: 7","throwable":""}
{"timestamp":"2024-12-02T21:09:53,030","container":"2366747dfd36","level":"INFO","thread":"EthScheduler-Workers-0","class":"PersistBlockTask","message":"Imported #109 / 0 tx / 0 om / 0 (0.0%) gas / (0x7a6aeb332b61fb66611fddf8c5662e8b954044691d6536def7b75b01472f2ce5) in 0.005s. Peers: 7","throwable":""}
{"timestamp":"2024-12-02T21:09:58,049","container":"2366747dfd36","level":"INFO","thread":"EthScheduler-Workers-0","class":"PersistBlockTask","message":"Imported #110 / 0 tx / 0 om / 0 (0.0%) gas / (0x58f62882a35024bb3b0906849409c59259c747c0b1b3eb0589085a65a326c739) in 0.009s. Peers: 7","throwable":""}
{"timestamp":"2024-12-02T21:10:03,040","container":"2366747dfd36","level":"INFO","thread":"EthScheduler-Workers-0","class":"PersistBlockTask","message":"Imported #111 / 0 tx / 0 om / 0 (0.0%) gas / (0xbde98821d89f01c33cd6c20431e7f5be18618d5159d971b2fb180d74247b15cf) in 0.012s. Peers: 7","throwable":""}
{"timestamp":"2024-12-02T21:10:08,029","container":"2366747dfd36","level":"INFO","thread":"EthScheduler-Workers-0","class":"PersistBlockTask","message":"Imported #112 / 0 tx / 0 om / 0 (0.0%) gas / (0x44bf2cceb70940545c3fdb7c51415a7b86cc1d70a306d9410f6073b0204f2d82) in 0.003s. Peers: 7","throwable":""}
{"timestamp":"2024-12-02T21:10:13,050","container":"2366747dfd36","level":"INFO","thread":"EthScheduler-Workers-0","class":"PersistBlockTask","message":"Imported #113 / 0 tx / 0 om / 0 (0.0%) gas / (0x8a3fe73d759a66e60e93ff10b2df2b1defefeadfe0d5cf510f5fe3247f0a369d) in 0.016s. Peers: 7","throwable":""}
{"timestamp":"2024-12-02T21:10:18,029","container":"2366747dfd36","level":"INFO","thread":"EthScheduler-Workers-0","class":"PersistBlockTask","message":"Imported #114 / 0 tx / 0 om / 0 (0.0%) gas / (0xa76a565e737d1444b323f7f4d37465faafe7b5feb2c23048902701da2bc958c0) in 0.005s. Peers: 7","throwable":""}
{"timestamp":"2024-12-02T21:10:23,027","container":"2366747dfd36","level":"INFO","thread":"EthScheduler-Workers-0","class":"PersistBlockTask","message":"Imported #115 / 0 tx / 0 om / 0 (0.0%) gas / (0xabb65e040cdbbd8e7f592328c69dc0952678aba6fc0fcfdddab857dc10e8fafd) in 0.005s. Peers: 7","throwable":""}
{"timestamp":"2024-12-02T21:10:28,031","container":"2366747dfd36","level":"INFO","thread":"EthScheduler-Workers-0","class":"PersistBlockTask","message":"Imported #116 / 0 tx / 0 om / 0 (0.0%) gas / (0xf7903ed8a17b0006a6f0176b06849b5ec5b528afff0ed79de5ee529d8b6b67e2) in 0.004s. Peers: 7","throwable":""}
{"timestamp":"2024-12-02T21:10:33,039","container":"2366747dfd36","level":"INFO","thread":"EthScheduler-Workers-0","class":"PersistBlockTask","message":"Imported #117 / 0 tx / 0 om / 0 (0.0%) gas / (0x3303f3213300524d4b80ccc8c26fda8c9b964515abe2d7a7d74ac8e7a948547f) in 0.004s. Peers: 7","throwable":""}
{"timestamp":"2024-12-02T21:10:38,035","container":"2366747dfd36","level":"INFO","thread":"EthScheduler-Workers-0","class":"PersistBlockTask","message":"Imported #118 / 0 tx / 0 om / 0 (0.0%) gas / (0xc758dc6c7409dce62dc542fe2becab36338b8426661f21d7e5cd66ba052204f1) in 0.012s. Peers: 7","throwable":""}
{"timestamp":"2024-12-02T21:10:43,033","container":"2366747dfd36","level":"INFO","thread":"EthScheduler-Workers-0","class":"PersistBlockTask","message":"Imported #119 / 0 tx / 0 om / 0 (0.0%) gas / (0x4da91159613b26dcc14ee8897cbc008a876a776042508397f46708f2095239d2) in 0.010s. Peers: 7","throwable":""}
{"timestamp":"2024-12-02T21:10:48,036","container":"2366747dfd36","level":"INFO","thread":"EthScheduler-Workers-0","class":"PersistBlockTask","message":"Imported #120 / 0 tx / 0 om / 0 (0.0%) gas / (0x9201dfa1a8771f379eb19571c14d8860460f3b438189b6f33b1f420bfd6ebc39) in 0.014s. Peers: 7","throwable":""}
{"timestamp":"2024-12-02T21:10:53,029","container":"2366747dfd36","level":"INFO","thread":"EthScheduler-Workers-0","class":"PersistBlockTask","message":"Imported #121 / 0 tx / 0 om / 0 (0.0%) gas / (0x7f760353cd0bd171c68e34311fd27a1360cddf72c56cf2a725d8dc9075c1a6ad) in 0.006s. Peers: 7","throwable":""}
{"timestamp":"2024-12-02T21:10:58,034","container":"2366747dfd36","level":"INFO","thread":"EthScheduler-Workers-0","class":"PersistBlockTask","message":"Imported #122 / 0 tx / 0 om / 0 (0.0%) gas / (0x60ca7a251af8e59cc3ad1bc15c334c9ce8591b0d6a13fc71e4980ce62bfbb009) in 0.014s. Peers: 7","throwable":""}
{"timestamp":"2024-12-02T21:11:03,032","container":"2366747dfd36","level":"INFO","thread":"EthScheduler-Workers-0","class":"PersistBlockTask","message":"Imported #123 / 0 tx / 0 om / 0 (0.0%) gas / (0xf7f471b70c8285eb85241556cae76a0b4db8a73fa99e34ac5582daa52b9927a8) in 0.009s. Peers: 7","throwable":""}
{"timestamp":"2024-12-02T21:11:08,028","container":"2366747dfd36","level":"INFO","thread":"EthScheduler-Workers-0","class":"PersistBlockTask","message":"Imported #124 / 0 tx / 0 om / 0 (0.0%) gas / (0xa6b292c20e58d7dc10fc57407636e77f4014678eee2aa97b8ae82ee86d567f04) in 0.007s. Peers: 7","throwable":""}
{"timestamp":"2024-12-02T21:11:13,032","container":"2366747dfd36","level":"INFO","thread":"EthScheduler-Workers-0","class":"PersistBlockTask","message":"Imported #125 / 0 tx / 0 om / 0 (0.0%) gas / (0xde561a03f7e506bb4e8f559ab37ea5c8f059dacffd0fb7a6c947cf0b335db0ef) in 0.011s. Peers: 7","throwable":""}
{"timestamp":"2024-12-02T21:11:18,066","container":"2366747dfd36","level":"INFO","thread":"EthScheduler-Workers-0","class":"PersistBlockTask","message":"Imported #126 / 0 tx / 0 om / 0 (0.0%) gas / (0x8d0d9dcdced34805ef22ffaed48d7afaecc3dbbe1a216317215be8774f50ab1a) in 0.036s. Peers: 7","throwable":""}
{"timestamp":"2024-12-02T21:11:23,030","container":"2366747dfd36","level":"INFO","thread":"EthScheduler-Workers-0","class":"PersistBlockTask","message":"Imported #127 / 0 tx / 0 om / 0 (0.0%) gas / (0xdadd6d9c01f96fc9dc1b36460979cddc2822ed8ae1ddc926296bcc3a496017dc) in 0.009s. Peers: 7","throwable":""}
{"timestamp":"2024-12-02T21:11:28,047","container":"2366747dfd36","level":"INFO","thread":"EthScheduler-Workers-0","class":"PersistBlockTask","message":"Imported #128 / 0 tx / 0 om / 0 (0.0%) gas / (0xc53c89d36f29d9a4f7fec704add1c260bbe38522f07bdf220a40ac049300c077) in 0.011s. Peers: 7","throwable":""}
{"timestamp":"2024-12-02T21:11:33,031","container":"2366747dfd36","level":"INFO","thread":"EthScheduler-Workers-0","class":"PersistBlockTask","message":"Imported #129 / 0 tx / 0 om / 0 (0.0%) gas / (0x009d98f56d0eff220c32f051e50ecc2524304d99b7e40c066c98a4187d742490) in 0.008s. Peers: 7","throwable":""}
{"timestamp":"2024-12-02T21:11:38,033","container":"2366747dfd36","level":"INFO","thread":"EthScheduler-Workers-0","class":"PersistBlockTask","message":"Imported #130 / 0 tx / 0 om / 0 (0.0%) gas / (0x9849db1d5ab7dbed8fcf33edb5cf11248d11ae85757ed3791636c4554ba083af) in 0.007s. Peers: 7","throwable":""}
{"timestamp":"2024-12-02T21:11:43,037","container":"2366747dfd36","level":"INFO","thread":"EthScheduler-Workers-0","class":"PersistBlockTask","message":"Imported #131 / 0 tx / 0 om / 0 (0.0%) gas / (0x07b440308fc3de1230c0619e5d55224c78cecd35174530ec0497e43bcadf4077) in 0.004s. Peers: 7","throwable":""}
{"timestamp":"2024-12-02T21:11:48,022","container":"2366747dfd36","level":"INFO","thread":"EthScheduler-Workers-0","class":"PersistBlockTask","message":"Imported #132 / 0 tx / 0 om / 0 (0.0%) gas / (0xe309fe1ad2afe5f1fbe661f5d38dd5f66468fbe97e12a4291a9e41771bb9f56a) in 0.004s. Peers: 7","throwable":""}
{"timestamp":"2024-12-02T21:11:53,029","container":"2366747dfd36","level":"INFO","thread":"EthScheduler-Workers-0","class":"PersistBlockTask","message":"Imported #133 / 0 tx / 0 om / 0 (0.0%) gas / (0x18e1a3868a109888e8b7f58bd465a28f67330d8c11e7f2387773ca2ea99814af) in 0.004s. Peers: 7","throwable":""}
{"timestamp":"2024-12-02T21:11:58,023","container":"2366747dfd36","level":"INFO","thread":"EthScheduler-Workers-0","class":"PersistBlockTask","message":"Imported #134 / 0 tx / 0 om / 0 (0.0%) gas / (0xdb1903115793429edd9b9844b9986a3cbab59f4efd942326a04908c281391a6a) in 0.004s. Peers: 7","throwable":""}
{"timestamp":"2024-12-02T21:12:03,028","container":"2366747dfd36","level":"INFO","thread":"EthScheduler-Workers-0","class":"PersistBlockTask","message":"Imported #135 / 0 tx / 0 om / 0 (0.0%) gas / (0x264b761dc4313fa767ca74afedfb9fa5f5596c75b2e301cc473e78bc17e99d30) in 0.006s. Peers: 7","throwable":""}
{"timestamp":"2024-12-02T21:12:08,030","container":"2366747dfd36","level":"INFO","thread":"EthScheduler-Workers-0","class":"PersistBlockTask","message":"Imported #136 / 0 tx / 0 om / 0 (0.0%) gas / (0x6458f3a6dc75605e71c11e212ea99cdba2164ed77b233f00b0437692534281eb) in 0.008s. Peers: 7","throwable":""}
{"timestamp":"2024-12-02T21:12:13,041","container":"2366747dfd36","level":"INFO","thread":"EthScheduler-Workers-0","class":"PersistBlockTask","message":"Imported #137 / 0 tx / 0 om / 0 (0.0%) gas / (0xa9d172c612837a5788af7a016223b5be2889010c85515708051c946d78c31b43) in 0.004s. Peers: 7","throwable":""}
{"timestamp":"2024-12-02T21:12:18,034","container":"2366747dfd36","level":"INFO","thread":"EthScheduler-Workers-0","class":"PersistBlockTask","message":"Imported #138 / 0 tx / 0 om / 0 (0.0%) gas / (0x6765672c0ffd5c57fd2870456bc0b99d42c5b919ed4545bb82397af1394b8075) in 0.008s. Peers: 7","throwable":""}
{"timestamp":"2024-12-02T21:12:23,031","container":"2366747dfd36","level":"INFO","thread":"EthScheduler-Workers-0","class":"PersistBlockTask","message":"Imported #139 / 0 tx / 0 om / 0 (0.0%) gas / (0x043240c96bfa3e596c29b4e519331cd389b22df3f5121652a484f50e89e1a113) in 0.010s. Peers: 7","throwable":""}
{"timestamp":"2024-12-02T21:12:28,034","container":"2366747dfd36","level":"INFO","thread":"EthScheduler-Workers-0","class":"PersistBlockTask","message":"Imported #140 / 0 tx / 0 om / 0 (0.0%) gas / (0xa9fc790159da2b1f65738749151a87c611f3507af787ead2ecabcf3676871f02) in 0.009s. Peers: 7","throwable":""}
{"timestamp":"2024-12-02T21:12:33,039","container":"2366747dfd36","level":"INFO","thread":"EthScheduler-Workers-0","class":"PersistBlockTask","message":"Imported #141 / 0 tx / 0 om / 0 (0.0%) gas / (0x4cca60fbb954ee34c8b1acd684646eb2079b22fa4ce7b8c4566adadff2bf38cf) in 0.013s. Peers: 7","throwable":""}
{"timestamp":"2024-12-02T21:12:38,026","container":"2366747dfd36","level":"INFO","thread":"EthScheduler-Workers-0","class":"PersistBlockTask","message":"Imported #142 / 0 tx / 0 om / 0 (0.0%) gas / (0x3844c5eca805d532c7b0987ddf28a5708dca81ad37515df08f849f6611560ded) in 0.003s. Peers: 7","throwable":""}
{"timestamp":"2024-12-02T21:12:43,032","container":"2366747dfd36","level":"INFO","thread":"EthScheduler-Workers-0","class":"PersistBlockTask","message":"Imported #143 / 0 tx / 0 om / 0 (0.0%) gas / (0xc9f374a19bc4cc60f564aecbfd4f0c05bfe002ee81f439600dc37f2c3227db34) in 0.009s. Peers: 7","throwable":""}
{"timestamp":"2024-12-02T21:12:48,026","container":"2366747dfd36","level":"INFO","thread":"EthScheduler-Workers-0","class":"PersistBlockTask","message":"Imported #144 / 0 tx / 0 om / 0 (0.0%) gas / (0xef20bc19e5a8cb55eb0f37c43c3372bf27f8f28dac8411f2bb32d695577c0d98) in 0.004s. Peers: 7","throwable":""}
{"timestamp":"2024-12-02T21:12:53,025","container":"2366747dfd36","level":"INFO","thread":"EthScheduler-Workers-0","class":"PersistBlockTask","message":"Imported #145 / 0 tx / 0 om / 0 (0.0%) gas / (0x659037fddd7d906f512ba270f8781e84eca38439292fe6637efaf4279af92dca) in 0.006s. Peers: 7","throwable":""}
{"timestamp":"2024-12-02T21:12:58,025","container":"2366747dfd36","level":"INFO","thread":"EthScheduler-Workers-0","class":"PersistBlockTask","message":"Imported #146 / 0 tx / 0 om / 0 (0.0%) gas / (0xafe95759d72da663647a3535f0d9bec4bdbe12e2fa9e162ac06447da824bbecb) in 0.005s. Peers: 7","throwable":""}
{"timestamp":"2024-12-02T21:13:03,031","container":"2366747dfd36","level":"INFO","thread":"EthScheduler-Workers-0","class":"PersistBlockTask","message":"Imported #147 / 0 tx / 0 om / 0 (0.0%) gas / (0x79858a2888e523faeb89337362003a0634d1fb81c25f47790df1b8b790e9a7ee) in 0.003s. Peers: 7","throwable":""}
{"timestamp":"2024-12-02T21:13:08,028","container":"2366747dfd36","level":"INFO","thread":"EthScheduler-Workers-0","class":"PersistBlockTask","message":"Imported #148 / 0 tx / 0 om / 0 (0.0%) gas / (0x8f6be97a7cc4d7a70096b716ada3406054c392fed0eef5369466325e21a14849) in 0.004s. Peers: 7","throwable":""}
{"timestamp":"2024-12-02T21:13:13,029","container":"2366747dfd36","level":"INFO","thread":"EthScheduler-Workers-0","class":"PersistBlockTask","message":"Imported #149 / 0 tx / 0 om / 0 (0.0%) gas / (0x3b11728c829504830d5eea827d3cc3f19ff59daca835ea34a32878c9c6550e23) in 0.005s. Peers: 7","throwable":""}
{"timestamp":"2024-12-02T21:13:18,027","container":"2366747dfd36","level":"INFO","thread":"EthScheduler-Workers-0","class":"PersistBlockTask","message":"Imported #150 / 0 tx / 0 om / 0 (0.0%) gas / (0x306fbae3daeefa8b80200d3c3bfd32aecbab4784d5d2b2978e31000dcd32672b) in 0.006s. Peers: 7","throwable":""}
{"timestamp":"2024-12-02T21:13:23,026","container":"2366747dfd36","level":"INFO","thread":"EthScheduler-Workers-0","class":"PersistBlockTask","message":"Imported #151 / 0 tx / 0 om / 0 (0.0%) gas / (0x53a292ff0f525f22679e37c81010cf5266f82f6558ca9e722044db9fe50a12fb) in 0.006s. Peers: 7","throwable":""}
{"timestamp":"2024-12-02T21:13:28,024","container":"2366747dfd36","level":"INFO","thread":"EthScheduler-Workers-0","class":"PersistBlockTask","message":"Imported #152 / 0 tx / 0 om / 0 (0.0%) gas / (0x69f78668b41b195f88c5ccc0a55b0532663d706bc2e864fdc8c3a0cf724854e4) in 0.006s. Peers: 7","throwable":""}
{"timestamp":"2024-12-02T21:13:33,026","container":"2366747dfd36","level":"INFO","thread":"EthScheduler-Workers-0","class":"PersistBlockTask","message":"Imported #153 / 0 tx / 0 om / 0 (0.0%) gas / (0xdfc321dacc72973ce2e7aab8e9d27ee427aa1eb61e57bdac350d9d8cd4049bea) in 0.004s. Peers: 7","throwable":""}
{"timestamp":"2024-12-02T21:13:38,024","container":"2366747dfd36","level":"INFO","thread":"EthScheduler-Workers-0","class":"PersistBlockTask","message":"Imported #154 / 0 tx / 0 om / 0 (0.0%) gas / (0xe5d8a9a4f4a1aad6e9866bc706dcf379168dfd2532282cca53b29e5d830ef3f7) in 0.005s. Peers: 7","throwable":""}
{"timestamp":"2024-12-02T21:13:43,031","container":"2366747dfd36","level":"INFO","thread":"EthScheduler-Workers-0","class":"PersistBlockTask","message":"Imported #155 / 0 tx / 0 om / 0 (0.0%) gas / (0x4ebfb495da1868d9e61a9cee2119575fdca4c82e0c66a94efa39481781399778) in 0.013s. Peers: 7","throwable":""}
{"timestamp":"2024-12-02T21:13:48,025","container":"2366747dfd36","level":"INFO","thread":"EthScheduler-Workers-0","class":"PersistBlockTask","message":"Imported #156 / 0 tx / 0 om / 0 (0.0%) gas / (0x9e6ee5e2976d507b76ba0d55cfc1f0d16b597f1a7c36b4a86a99a51bab6f12e7) in 0.005s. Peers: 7","throwable":""}
{"timestamp":"2024-12-02T21:13:53,024","container":"2366747dfd36","level":"INFO","thread":"EthScheduler-Workers-0","class":"PersistBlockTask","message":"Imported #157 / 0 tx / 0 om / 0 (0.0%) gas / (0x7f4ab93d493101c949588b23b0dc9f7745cd5482480dab04e7afdae6a014fffe) in 0.006s. Peers: 7","throwable":""}
{"timestamp":"2024-12-02T21:13:58,034","container":"2366747dfd36","level":"INFO","thread":"EthScheduler-Workers-0","class":"PersistBlockTask","message":"Imported #158 / 0 tx / 0 om / 0 (0.0%) gas / (0x078fbb2f84d6ca403e1f6cdaaf560c12cfe60f2bf8511d2d505d7c70f1a08ce5) in 0.013s. Peers: 7","throwable":""}
{"timestamp":"2024-12-02T21:14:03,031","container":"2366747dfd36","level":"INFO","thread":"EthScheduler-Workers-0","class":"PersistBlockTask","message":"Imported #159 / 0 tx / 0 om / 0 (0.0%) gas / (0xf38b862a9236e01c1d3440b3f70a3594a7e8d548a0584a0ef09871aeeb300f04) in 0.012s. Peers: 7","throwable":""}
{"timestamp":"2024-12-02T21:14:08,024","container":"2366747dfd36","level":"INFO","thread":"EthScheduler-Workers-0","class":"PersistBlockTask","message":"Imported #160 / 0 tx / 0 om / 0 (0.0%) gas / (0xbdcc379098326f652025fa533795b5ccabd0aee6b64cf93521d3dca50dcd51e1) in 0.003s. Peers: 7","throwable":""}
{"timestamp":"2024-12-02T21:14:13,032","container":"2366747dfd36","level":"INFO","thread":"EthScheduler-Workers-0","class":"PersistBlockTask","message":"Imported #161 / 0 tx / 0 om / 0 (0.0%) gas / (0xf1292ffe520eeaaf7db579fe344217b94492b3bae66ea9a0e64a955507256af4) in 0.010s. Peers: 7","throwable":""}
{"timestamp":"2024-12-02T21:14:18,030","container":"2366747dfd36","level":"INFO","thread":"EthScheduler-Workers-0","class":"PersistBlockTask","message":"Imported #162 / 0 tx / 0 om / 0 (0.0%) gas / (0xa3cc96234fd8c14cba9831d29281bc762b46081683a76ca56431996da7341835) in 0.009s. Peers: 7","throwable":""}
{"timestamp":"2024-12-02T21:14:23,023","container":"2366747dfd36","level":"INFO","thread":"EthScheduler-Workers-0","class":"PersistBlockTask","message":"Imported #163 / 0 tx / 0 om / 0 (0.0%) gas / (0xfcd92e0ea96fe04a6af9325b7cdf4405b0638a8e954611e9d312d730fb9458aa) in 0.004s. Peers: 7","throwable":""}
{"timestamp":"2024-12-02T21:14:28,037","container":"2366747dfd36","level":"INFO","thread":"EthScheduler-Workers-0","class":"PersistBlockTask","message":"Imported #164 / 0 tx / 0 om / 0 (0.0%) gas / (0x1c2188f7ff49cc93a1023c3ea500e5dc2c0b5b73afa1ca59ee0d28d00dd4d324) in 0.004s. Peers: 7","throwable":""}
{"timestamp":"2024-12-02T21:14:33,034","container":"2366747dfd36","level":"INFO","thread":"EthScheduler-Workers-0","class":"PersistBlockTask","message":"Imported #165 / 0 tx / 0 om / 0 (0.0%) gas / (0x68df02c68f58b2fa70fa81c99c6773b318fabcf41dc6d119d95c7feb6014abbf) in 0.007s. Peers: 7","throwable":""}
{"timestamp":"2024-12-02T21:14:38,039","container":"2366747dfd36","level":"INFO","thread":"EthScheduler-Workers-0","class":"PersistBlockTask","message":"Imported #166 / 0 tx / 0 om / 0 (0.0%) gas / (0xe28fa2d0186f8ca989c031a6a8e937bb873cfedefbd51bd9ee831c864302abb7) in 0.012s. Peers: 7","throwable":""}
{"timestamp":"2024-12-02T21:14:43,032","container":"2366747dfd36","level":"INFO","thread":"EthScheduler-Workers-0","class":"PersistBlockTask","message":"Imported #167 / 0 tx / 0 om / 0 (0.0%) gas / (0xff54143ee31df1188b2cc44453109a3919fdb7c26664eea1354f80d423fee7a2) in 0.013s. Peers: 7","throwable":""}
{"timestamp":"2024-12-02T21:14:48,022","container":"2366747dfd36","level":"INFO","thread":"EthScheduler-Workers-0","class":"PersistBlockTask","message":"Imported #168 / 0 tx / 0 om / 0 (0.0%) gas / (0x1b8256aba5b34164b5bc812cef8aabbaaa40ab743359b922aa754724eee13769) in 0.004s. Peers: 7","throwable":""}
{"timestamp":"2024-12-02T21:14:53,033","container":"2366747dfd36","level":"INFO","thread":"EthScheduler-Workers-0","class":"PersistBlockTask","message":"Imported #169 / 0 tx / 0 om / 0 (0.0%) gas / (0x02441ff03e1efba005a4322ce257c4ee184bcc96c7450a17d09ba52b06a0270f) in 0.007s. Peers: 7","throwable":""}
{"timestamp":"2024-12-02T21:14:58,021","container":"2366747dfd36","level":"INFO","thread":"EthScheduler-Workers-0","class":"PersistBlockTask","message":"Imported #170 / 0 tx / 0 om / 0 (0.0%) gas / (0x758f43bcaea1f3145cb46ead98a21a1f2a21b7508f656211acd87b494e2dcf5a) in 0.003s. Peers: 7","throwable":""}
{"timestamp":"2024-12-02T21:15:03,029","container":"2366747dfd36","level":"INFO","thread":"EthScheduler-Workers-0","class":"PersistBlockTask","message":"Imported #171 / 0 tx / 0 om / 0 (0.0%) gas / (0x7d4b9f6804130941f79ae2e65df7bf7fe438e6023d599417af4e78f60d1af733) in 0.010s. Peers: 7","throwable":""}
{"timestamp":"2024-12-02T21:15:08,030","container":"2366747dfd36","level":"INFO","thread":"EthScheduler-Workers-0","class":"PersistBlockTask","message":"Imported #172 / 0 tx / 0 om / 0 (0.0%) gas / (0xdccd990f2a560fd16874674f68d2316e9207598a1fff09d6b439af67b6c70988) in 0.007s. Peers: 7","throwable":""}
{"timestamp":"2024-12-02T21:15:13,028","container":"2366747dfd36","level":"INFO","thread":"EthScheduler-Workers-0","class":"PersistBlockTask","message":"Imported #173 / 0 tx / 0 om / 0 (0.0%) gas / (0x2f5a96cd9aa432226b6e669b64e128a7918e32a1b791888786568316668c4218) in 0.009s. Peers: 7","throwable":""}
{"timestamp":"2024-12-02T21:15:18,036","container":"2366747dfd36","level":"INFO","thread":"EthScheduler-Workers-0","class":"PersistBlockTask","message":"Imported #174 / 0 tx / 0 om / 0 (0.0%) gas / (0x4a4d32901b48e56b05329f640f19277608b3fc748a91f1ee37e0d1ff2f785471) in 0.004s. Peers: 7","throwable":""}
{"timestamp":"2024-12-02T21:15:23,025","container":"2366747dfd36","level":"INFO","thread":"EthScheduler-Workers-0","class":"PersistBlockTask","message":"Imported #175 / 0 tx / 0 om / 0 (0.0%) gas / (0x240d9d0aae11c7f49d18cb6903073eafba39ffd70a8a7612034ca9903438eb81) in 0.006s. Peers: 7","throwable":""}
{"timestamp":"2024-12-02T21:15:28,025","container":"2366747dfd36","level":"INFO","thread":"EthScheduler-Workers-0","class":"PersistBlockTask","message":"Imported #176 / 0 tx / 0 om / 0 (0.0%) gas / (0xd2cbc9a145a5af29ea15b967590633e164890f323a929cf519994c6301628131) in 0.005s. Peers: 7","throwable":""}
{"timestamp":"2024-12-02T21:15:33,034","container":"2366747dfd36","level":"INFO","thread":"EthScheduler-Workers-0","class":"PersistBlockTask","message":"Imported #177 / 0 tx / 0 om / 0 (0.0%) gas / (0x764559b93fec2e30b63c2db5dff4e747f5f86618914e9445893b110d35dd1bd4) in 0.003s. Peers: 7","throwable":""}
{"timestamp":"2024-12-02T21:15:38,025","container":"2366747dfd36","level":"INFO","thread":"EthScheduler-Workers-0","class":"PersistBlockTask","message":"Imported #178 / 0 tx / 0 om / 0 (0.0%) gas / (0x57744e2e7941ffd1684b6bd300e2364a89526773a3cfddb7db8aaf1db099a45a) in 0.005s. Peers: 7","throwable":""}
{"timestamp":"2024-12-02T21:15:43,042","container":"2366747dfd36","level":"INFO","thread":"EthScheduler-Workers-0","class":"PersistBlockTask","message":"Imported #179 / 0 tx / 0 om / 0 (0.0%) gas / (0x0134adf13d05f7fdf4327705bf6ef7911f830dac616224d6c7dc34e98f35e457) in 0.007s. Peers: 7","throwable":""}
{"timestamp":"2024-12-02T21:15:48,047","container":"2366747dfd36","level":"INFO","thread":"EthScheduler-Workers-0","class":"PersistBlockTask","message":"Imported #180 / 0 tx / 0 om / 0 (0.0%) gas / (0x78ec73cc13e3f1edbe43c7a254801c9828dd5044c420fdb7eaf9ec47a7aba657) in 0.004s. Peers: 7","throwable":""}
{"timestamp":"2024-12-02T21:15:53,026","container":"2366747dfd36","level":"INFO","thread":"EthScheduler-Workers-0","class":"PersistBlockTask","message":"Imported #181 / 0 tx / 0 om / 0 (0.0%) gas / (0xa01e620a598950c7d387a2eb476a7f1f9fbd70982beffdee3bb567934509a87c) in 0.005s. Peers: 7","throwable":""}
{"timestamp":"2024-12-02T21:15:58,027","container":"2366747dfd36","level":"INFO","thread":"EthScheduler-Workers-0","class":"PersistBlockTask","message":"Imported #182 / 0 tx / 0 om / 0 (0.0%) gas / (0x55583d10faf31cfec20fcc989bcb5c2fb2d68eed0c7e141d14ab9d7fb7c861b8) in 0.004s. Peers: 7","throwable":""}
{"timestamp":"2024-12-02T21:16:03,026","container":"2366747dfd36","level":"INFO","thread":"EthScheduler-Workers-0","class":"PersistBlockTask","message":"Imported #183 / 0 tx / 0 om / 0 (0.0%) gas / (0x9973ed2f5e0cc0a3fe2d9ea355190d03093d289e2a5b321d874c8c158739121b) in 0.003s. Peers: 7","throwable":""}
{"timestamp":"2024-12-02T21:16:08,030","container":"2366747dfd36","level":"INFO","thread":"EthScheduler-Workers-0","class":"PersistBlockTask","message":"Imported #184 / 0 tx / 0 om / 0 (0.0%) gas / (0x6e0aa91ead44e8520abdad070d833f285fa0d64b44cd85533f789efe3eb921d1) in 0.005s. Peers: 7","throwable":""}
{"timestamp":"2024-12-02T21:16:13,043","container":"2366747dfd36","level":"INFO","thread":"EthScheduler-Workers-0","class":"PersistBlockTask","message":"Imported #185 / 0 tx / 0 om / 0 (0.0%) gas / (0xc39f710c462955300a75bf9a8d2ca87791f989394e527cb1dd97988fd570caf4) in 0.009s. Peers: 7","throwable":""}
{"timestamp":"2024-12-02T21:16:18,033","container":"2366747dfd36","level":"INFO","thread":"EthScheduler-Workers-0","class":"PersistBlockTask","message":"Imported #186 / 0 tx / 0 om / 0 (0.0%) gas / (0x5987884f13fcdef32992e8b2ef39910b6444a92d1a13da8cf385130dc9e0bda2) in 0.005s. Peers: 7","throwable":""}
{"timestamp":"2024-12-02T21:16:23,021","container":"2366747dfd36","level":"INFO","thread":"EthScheduler-Workers-0","class":"PersistBlockTask","message":"Imported #187 / 0 tx / 0 om / 0 (0.0%) gas / (0x5a35e9a56b85d348d1ded135a3b9442abc80f41617e51ad5eceb3f64217d8ee3) in 0.003s. Peers: 7","throwable":""}
{"timestamp":"2024-12-02T21:16:28,030","container":"2366747dfd36","level":"INFO","thread":"EthScheduler-Workers-0","class":"PersistBlockTask","message":"Imported #188 / 0 tx / 0 om / 0 (0.0%) gas / (0x5cc6f89919cdb408cd5386321ede421b0af79a08f12f7d98586f1c816c4861d0) in 0.003s. Peers: 7","throwable":""}
{"timestamp":"2024-12-02T21:16:33,033","container":"2366747dfd36","level":"INFO","thread":"EthScheduler-Workers-0","class":"PersistBlockTask","message":"Imported #189 / 0 tx / 0 om / 0 (0.0%) gas / (0x5a647ffa6e6d4885747e8ec7160c8132ec6985c688c35ef5bb3e3d58e56c20da) in 0.003s. Peers: 7","throwable":""}
{"timestamp":"2024-12-02T21:16:38,026","container":"2366747dfd36","level":"INFO","thread":"EthScheduler-Workers-0","class":"PersistBlockTask","message":"Imported #190 / 0 tx / 0 om / 0 (0.0%) gas / (0x4d006fe4b0a7ae79eb3b44db7ed14de44a67c2373bec33a5a8fcd367bd0019c1) in 0.004s. Peers: 7","throwable":""}
{"timestamp":"2024-12-02T21:16:43,023","container":"2366747dfd36","level":"INFO","thread":"EthScheduler-Workers-0","class":"PersistBlockTask","message":"Imported #191 / 0 tx / 0 om / 0 (0.0%) gas / (0x3366aaa77f4c74fc62994e726e37cb64834cd566776adbfe2cd4a981adc02398) in 0.003s. Peers: 7","throwable":""}
{"timestamp":"2024-12-02T21:16:48,024","container":"2366747dfd36","level":"INFO","thread":"EthScheduler-Workers-0","class":"PersistBlockTask","message":"Imported #192 / 0 tx / 0 om / 0 (0.0%) gas / (0xd0bfcf5eddf68b4c13aaa2b9f71816928b0cc9056ec8934a83132846d56bae22) in 0.006s. Peers: 7","throwable":""}
{"timestamp":"2024-12-02T21:16:53,021","container":"2366747dfd36","level":"INFO","thread":"EthScheduler-Workers-0","class":"PersistBlockTask","message":"Imported #193 / 0 tx / 0 om / 0 (0.0%) gas / (0xd1a5da496cfd7b16151f45b42a8bd1b1759758d6cccd826802fcee5f6c585b23) in 0.004s. Peers: 7","throwable":""}
{"timestamp":"2024-12-02T21:16:58,028","container":"2366747dfd36","level":"INFO","thread":"EthScheduler-Workers-0","class":"PersistBlockTask","message":"Imported #194 / 0 tx / 0 om / 0 (0.0%) gas / (0x66d241c4deadb3e612e1fa43598f7da2f81df99fd10c4ef3cff10b120b9a7de8) in 0.006s. Peers: 7","throwable":""}
{"timestamp":"2024-12-02T21:17:03,032","container":"2366747dfd36","level":"INFO","thread":"EthScheduler-Workers-0","class":"PersistBlockTask","message":"Imported #195 / 0 tx / 0 om / 0 (0.0%) gas / (0xd07deeaf20970b1b2f8bb9d99be17b68df54b4f830ef6cf2acc5eaed94a9eb1d) in 0.003s. Peers: 7","throwable":""}
{"timestamp":"2024-12-02T21:17:08,024","container":"2366747dfd36","level":"INFO","thread":"EthScheduler-Workers-0","class":"PersistBlockTask","message":"Imported #196 / 0 tx / 0 om / 0 (0.0%) gas / (0x88331508096e52120c5e649e25137c691d5b869a63e8d3886a07bcbb3a939be6) in 0.004s. Peers: 7","throwable":""}
{"timestamp":"2024-12-02T21:17:13,032","container":"2366747dfd36","level":"INFO","thread":"EthScheduler-Workers-0","class":"PersistBlockTask","message":"Imported #197 / 0 tx / 0 om / 0 (0.0%) gas / (0x8b74431b840fc871de2c382e4338a968c0049d96ddd5c756c3a82bd7eb73bc10) in 0.005s. Peers: 7","throwable":""}
{"timestamp":"2024-12-02T21:17:18,030","container":"2366747dfd36","level":"INFO","thread":"EthScheduler-Workers-0","class":"PersistBlockTask","message":"Imported #198 / 0 tx / 0 om / 0 (0.0%) gas / (0x6044c8847a2b538c98ed716e49bfc2e23d577f234c730bec998ad651ae1e33bc) in 0.003s. Peers: 7","throwable":""}
{"timestamp":"2024-12-02T21:17:23,022","container":"2366747dfd36","level":"INFO","thread":"EthScheduler-Workers-0","class":"PersistBlockTask","message":"Imported #199 / 0 tx / 0 om / 0 (0.0%) gas / (0x0f90c8491c76d2050069ef79926c6ecb40562b19f5d60a0f9723a14dab076ae2) in 0.005s. Peers: 7","throwable":""}
{"timestamp":"2024-12-02T21:17:28,037","container":"2366747dfd36","level":"INFO","thread":"EthScheduler-Workers-0","class":"PersistBlockTask","message":"Imported #200 / 0 tx / 0 om / 0 (0.0%) gas / (0x3eff9f6759876b42cfb13faecbe8f0de3fc42d9a6f77e729971506889e0b25ef) in 0.006s. Peers: 7","throwable":""}
{"timestamp":"2024-12-02T21:17:33,031","container":"2366747dfd36","level":"INFO","thread":"EthScheduler-Workers-0","class":"PersistBlockTask","message":"Imported #201 / 0 tx / 0 om / 0 (0.0%) gas / (0x156eabcaef0159659c8fce6d8b660ad78643f15add3ca17ac752baec1a7c9cbc) in 0.005s. Peers: 7","throwable":""}
{"timestamp":"2024-12-02T21:17:38,026","container":"2366747dfd36","level":"INFO","thread":"EthScheduler-Workers-0","class":"PersistBlockTask","message":"Imported #202 / 0 tx / 0 om / 0 (0.0%) gas / (0x2d5bc4dea5fb647d70745857bda6cbb2927d0f9345f33c8f314a7dd4978ead14) in 0.004s. Peers: 7","throwable":""}
{"timestamp":"2024-12-02T21:17:43,028","container":"2366747dfd36","level":"INFO","thread":"EthScheduler-Workers-0","class":"PersistBlockTask","message":"Imported #203 / 0 tx / 0 om / 0 (0.0%) gas / (0x11d7232962180de05c0b3c4418ac5dd81d0f24c5803ebf33dde88dcc077458c4) in 0.007s. Peers: 7","throwable":""}
{"timestamp":"2024-12-02T21:17:48,025","container":"2366747dfd36","level":"INFO","thread":"EthScheduler-Workers-0","class":"PersistBlockTask","message":"Imported #204 / 0 tx / 0 om / 0 (0.0%) gas / (0xed6f8d0a039d9a16ea56e6719b9fd75ec2467c275fc41c62e547b03702a65045) in 0.008s. Peers: 7","throwable":""}
{"timestamp":"2024-12-02T21:17:53,022","container":"2366747dfd36","level":"INFO","thread":"EthScheduler-Workers-0","class":"PersistBlockTask","message":"Imported #205 / 0 tx / 0 om / 0 (0.0%) gas / (0xad86399183280b9258bd0953b456848d67005c014a50a8fddd3c1509bfd45f10) in 0.003s. Peers: 7","throwable":""}
{"timestamp":"2024-12-02T21:17:58,033","container":"2366747dfd36","level":"INFO","thread":"EthScheduler-Workers-0","class":"PersistBlockTask","message":"Imported #206 / 0 tx / 0 om / 0 (0.0%) gas / (0xcc90e1c67f15841944b3c64fda5d329d7bb9e6564e4aff6491945ade40ef349c) in 0.004s. Peers: 7","throwable":""}
{"timestamp":"2024-12-02T21:18:03,038","container":"2366747dfd36","level":"INFO","thread":"EthScheduler-Workers-0","class":"PersistBlockTask","message":"Imported #207 / 0 tx / 0 om / 0 (0.0%) gas / (0x120f0fa5d1f643ca83a32046edad151de9588ba65f40d9aad4866785f06682e4) in 0.009s. Peers: 7","throwable":""}
{"timestamp":"2024-12-02T21:18:08,019","container":"2366747dfd36","level":"INFO","thread":"EthScheduler-Workers-0","class":"PersistBlockTask","message":"Imported #208 / 0 tx / 0 om / 0 (0.0%) gas / (0x3ad16cc00e2efeab0036f6a8c3d6f307d0484092dc5dfe1b799c7eb896b13ec8) in 0.003s. Peers: 7","throwable":""}
{"timestamp":"2024-12-02T21:18:13,020","container":"2366747dfd36","level":"INFO","thread":"EthScheduler-Workers-0","class":"PersistBlockTask","message":"Imported #209 / 0 tx / 0 om / 0 (0.0%) gas / (0x884f5ebc3f73bd083b5059425d1a64d470f3f98f3bd91747e85dc0601b90b15c) in 0.003s. Peers: 7","throwable":""}
{"timestamp":"2024-12-02T21:18:18,031","container":"2366747dfd36","level":"INFO","thread":"EthScheduler-Workers-0","class":"PersistBlockTask","message":"Imported #210 / 0 tx / 0 om / 0 (0.0%) gas / (0xf5d47c825027d4c2f73aee4ae772ee774423c4bbcf255ad7af246eb127474db4) in 0.003s. Peers: 7","throwable":""}
{"timestamp":"2024-12-02T21:18:23,021","container":"2366747dfd36","level":"INFO","thread":"EthScheduler-Workers-0","class":"PersistBlockTask","message":"Imported #211 / 0 tx / 0 om / 0 (0.0%) gas / (0xb5085bea2a2dc4313b19f5c4ff95de302458ce6ee41e86d858f841d0e9d7bd9a) in 0.003s. Peers: 7","throwable":""}
{"timestamp":"2024-12-02T21:18:28,024","container":"2366747dfd36","level":"INFO","thread":"EthScheduler-Workers-0","class":"PersistBlockTask","message":"Imported #212 / 0 tx / 0 om / 0 (0.0%) gas / (0x1dbc6190bc920f52e1135152e3777e76687f1b3dfc8f1e271934088b3850a6e8) in 0.003s. Peers: 7","throwable":""}
{"timestamp":"2024-12-02T21:18:33,021","container":"2366747dfd36","level":"INFO","thread":"EthScheduler-Workers-0","class":"PersistBlockTask","message":"Imported #213 / 0 tx / 0 om / 0 (0.0%) gas / (0xc590466eee06148bdc5ecb914f313b72f8762c80f727bd4b01554cf93f1e09e9) in 0.004s. Peers: 7","throwable":""}
{"timestamp":"2024-12-02T21:18:38,026","container":"2366747dfd36","level":"INFO","thread":"EthScheduler-Workers-0","class":"PersistBlockTask","message":"Imported #214 / 0 tx / 0 om / 0 (0.0%) gas / (0x5632ec5bb0d250b441a1143387c23c7c3aa641dd9ccf1a801b2cc4ab79cec3c4) in 0.004s. Peers: 7","throwable":""}
{"timestamp":"2024-12-02T21:18:43,030","container":"2366747dfd36","level":"INFO","thread":"EthScheduler-Workers-0","class":"PersistBlockTask","message":"Imported #215 / 0 tx / 0 om / 0 (0.0%) gas / (0x6cfe90c1f5277503fee39015dea1b433ba249613f51c4fdd3910abe40246973e) in 0.003s. Peers: 7","throwable":""}
{"timestamp":"2024-12-02T21:18:48,023","container":"2366747dfd36","level":"INFO","thread":"EthScheduler-Workers-0","class":"PersistBlockTask","message":"Imported #216 / 0 tx / 0 om / 0 (0.0%) gas / (0x474f283c93c80076ce5071e0109ddd12676d773a9e6bb822e1a9e887294021cd) in 0.004s. Peers: 7","throwable":""}
{"timestamp":"2024-12-02T21:18:53,022","container":"2366747dfd36","level":"INFO","thread":"EthScheduler-Workers-0","class":"PersistBlockTask","message":"Imported #217 / 0 tx / 0 om / 0 (0.0%) gas / (0x0b326a6ceae8781611880e8ce106ea89f10ca252ad88ef552545fc52ca63d347) in 0.004s. Peers: 7","throwable":""}
{"timestamp":"2024-12-02T21:18:58,033","container":"2366747dfd36","level":"INFO","thread":"EthScheduler-Workers-0","class":"PersistBlockTask","message":"Imported #218 / 0 tx / 0 om / 0 (0.0%) gas / (0xa9f7fa9fae0cb63d7eb009f8096854c0b147bf459c0492297dc463d3310875d9) in 0.003s. Peers: 7","throwable":""}
{"timestamp":"2024-12-02T21:19:03,028","container":"2366747dfd36","level":"INFO","thread":"EthScheduler-Workers-0","class":"PersistBlockTask","message":"Imported #219 / 0 tx / 0 om / 0 (0.0%) gas / (0x53bb75ea111dda2ce18acba65808e4ae60c74496b651552a9871cb51ccdcb191) in 0.011s. Peers: 7","throwable":""}
{"timestamp":"2024-12-02T21:19:08,023","container":"2366747dfd36","level":"INFO","thread":"EthScheduler-Workers-0","class":"PersistBlockTask","message":"Imported #220 / 0 tx / 0 om / 0 (0.0%) gas / (0x44aedf2861cdc491ef0eaea388acd2bc4212d6de1c826ec65a6be843af380ae5) in 0.004s. Peers: 7","throwable":""}
{"timestamp":"2024-12-02T21:19:13,032","container":"2366747dfd36","level":"INFO","thread":"EthScheduler-Workers-0","class":"PersistBlockTask","message":"Imported #221 / 0 tx / 0 om / 0 (0.0%) gas / (0x6084c8630954610524bacafaa3bd22417d344ed3b8cbd60fc42bc01369c2e6e4) in 0.005s. Peers: 7","throwable":""}
{"timestamp":"2024-12-02T21:19:18,025","container":"2366747dfd36","level":"INFO","thread":"EthScheduler-Workers-0","class":"PersistBlockTask","message":"Imported #222 / 0 tx / 0 om / 0 (0.0%) gas / (0xc846c930adc7ce362a08e60edbf3cc82dc3b625c9cca2ea91f5aecf157bec6a8) in 0.003s. Peers: 7","throwable":""}
{"timestamp":"2024-12-02T21:19:23,017","container":"2366747dfd36","level":"INFO","thread":"EthScheduler-Workers-0","class":"PersistBlockTask","message":"Imported #223 / 0 tx / 0 om / 0 (0.0%) gas / (0x1433b7845101c0500aacb6df2cf2cb45a77be67f0b6f1a6ac53fcc9ace99d63d) in 0.002s. Peers: 7","throwable":""}
{"timestamp":"2024-12-02T21:19:27,522","container":"2366747dfd36","level":"INFO","thread":"BftProcessorExecutor-QBFT-0","class":"BftProcessor","message":"Shutting down BFT event processor","throwable":""}
{"timestamp":"2024-12-02T21:19:27,539","container":"2366747dfd36","level":"INFO","thread":"BesuCommand-Shutdown-Hook","class":"DefaultSynchronizer","message":"Stopping synchronizer","throwable":""}
{"timestamp":"2024-12-02T21:19:27,556","container":"2366747dfd36","level":"INFO","thread":"BesuCommand-Shutdown-Hook","class":"NetworkRunner","message":"Stopping Network.","throwable":""}
{"timestamp":"2024-12-02T21:19:27,616","container":"2366747dfd36","level":"INFO","thread":"BesuCommand-Shutdown-Hook","class":"EthProtocolManager","message":"Stopping eth Subprotocol.","throwable":""}
{"timestamp":"2024-12-02T21:19:27,710","container":"2366747dfd36","level":"INFO","thread":"BesuCommand-Shutdown-Hook","class":"EthProtocolManager","message":"eth Subprotocol stopped.","throwable":""}
{"timestamp":"2024-12-02T21:19:27,710","container":"2366747dfd36","level":"INFO","thread":"BesuCommand-Shutdown-Hook","class":"NetworkRunner","message":"Network stopped.","throwable":""}
{"timestamp":"2024-12-02T21:19:27,711","container":"2366747dfd36","level":"INFO","thread":"BesuCommand-Shutdown-Hook","class":"AutoTransactionLogBloomCachingService","message":"Shutting down Auto transaction logs caching service.","throwable":""}
{"timestamp":"2024-12-02T21:19:27,714","container":"2366747dfd36","level":"INFO","thread":"BesuCommand-Shutdown-Hook","class":"DockerNatManager","message":"Stopping docker NAT manager.","throwable":""}
