{"timestamp":"2024-12-03T12:18:23,403","container":"6190ecdb4e3d","level":"INFO","thread":"main","class":"Besu","message":"Starting Besu","throwable":""}
{"timestamp":"2024-12-03T12:18:25,477","container":"6190ecdb4e3d","level":"WARN","thread":"main","class":"Besu","message":"--min-gas-price has been ignored because --miner-enabled was not defined on the command line.","throwable":""}
{"timestamp":"2024-12-03T12:18:30,847","container":"6190ecdb4e3d","level":"INFO","thread":"main","class":"Besu","message":"
####################################################################################################
#                                                                                                  #
# Besu version 23.4.1                                                                              #
#                                                                                                  #
# Configuration:                                                                                   #
# Network: Custom genesis file specified                                                           #
# Network Id: 1337                                                                                 #
# Data storage: Forest                                                                             #
# Sync mode: Full                                                                                  #
# RPC HTTP APIs: EEA,WEB3,ETH,NET,TRACE,DEBUG,ADMIN,TXPOOL,PRIV,PERM,QBFT                          #
# RPC HTTP port: 8545                                                                              #
#                                                                                                  #
# Host:                                                                                            #
# Java: openjdk-java-17                                                                            #
# Maximum heap size: 1.86 GB                                                                       #
# OS: linux-x86_64                                                                                 #
# glibc: 2.35                                                                                      #
# jemalloc: 5.2.1-0-gea6b3e973b477b8061e0076bb257dbd7f3faa756                                      #
# Total memory: 7.45 GB                                                                            #
# CPU cores: 12                                                                                    #
#                                                                                                  #
####################################################################################################","throwable":""}
{"timestamp":"2024-12-03T12:18:30,848","container":"6190ecdb4e3d","level":"INFO","thread":"main","class":"Besu","message":"Connecting to 8 static nodes.","throwable":""}
{"timestamp":"2024-12-03T12:18:30,848","container":"6190ecdb4e3d","level":"INFO","thread":"main","class":"Besu","message":"Security Module: localfile","throwable":""}
{"timestamp":"2024-12-03T12:18:31,129","container":"6190ecdb4e3d","level":"INFO","thread":"main","class":"Besu","message":"Using the native implementation of alt bn128","throwable":""}
{"timestamp":"2024-12-03T12:18:31,205","container":"6190ecdb4e3d","level":"INFO","thread":"main","class":"Besu","message":"Using the native implementation of modexp","throwable":""}
{"timestamp":"2024-12-03T12:18:31,206","container":"6190ecdb4e3d","level":"INFO","thread":"main","class":"Besu","message":"Using the native implementation of the signature algorithm","throwable":""}
{"timestamp":"2024-12-03T12:18:31,215","container":"6190ecdb4e3d","level":"INFO","thread":"main","class":"Besu","message":"Using the native implementation of the blake2bf algorithm","throwable":""}
{"timestamp":"2024-12-03T12:18:31,265","container":"6190ecdb4e3d","level":"INFO","thread":"main","class":"RocksDBKeyValueStorageFactory","message":"No existing database detected at /opt/besu/data. Using version 1","throwable":""}
{"timestamp":"2024-12-03T12:18:34,112","container":"6190ecdb4e3d","level":"INFO","thread":"main","class":"KeyPairUtil","message":"Loaded public key 0xb9050e002aa42464e6b07c811a1f9dfec01249af03f67b753e8415420649b184447bb2a784863ccbf327ad9e31aaba803464979dfe6a7facc669151a5fa6ad1b from /opt/besu/keys/nodekey","throwable":""}
{"timestamp":"2024-12-03T12:18:34,211","container":"6190ecdb4e3d","level":"WARN","thread":"main","class":"Besu","message":"Privacy is disabled. Cannot use EEA/PRIV API methods when not using Privacy.","throwable":""}
{"timestamp":"2024-12-03T12:18:36,135","container":"6190ecdb4e3d","level":"INFO","thread":"main","class":"ProtocolScheduleBuilder","message":"Protocol schedule created with milestones: [GrayGlacier: 0]","throwable":""}
{"timestamp":"2024-12-03T12:18:36,973","container":"6190ecdb4e3d","level":"INFO","thread":"main","class":"TransactionPoolFactory","message":"Enabling transaction pool","throwable":""}
{"timestamp":"2024-12-03T12:18:37,095","container":"6190ecdb4e3d","level":"INFO","thread":"main","class":"BesuControllerBuilder","message":"TTD difficulty is not present, creating initial sync phase for PoW","throwable":""}
{"timestamp":"2024-12-03T12:18:37,363","container":"6190ecdb4e3d","level":"INFO","thread":"main","class":"RunnerBuilder","message":"Detecting NAT service.","throwable":""}
{"timestamp":"2024-12-03T12:18:40,328","container":"6190ecdb4e3d","level":"INFO","thread":"main","class":"Runner","message":"Starting external services ... ","throwable":""}
{"timestamp":"2024-12-03T12:18:40,350","container":"6190ecdb4e3d","level":"INFO","thread":"main","class":"MetricsHttpService","message":"Starting metrics http service on 0.0.0.0:9545","throwable":""}
{"timestamp":"2024-12-03T12:18:40,880","container":"6190ecdb4e3d","level":"INFO","thread":"vert.x-eventloop-thread-1","class":"MetricsHttpService","message":"Metrics service started and listening on 0.0.0.0:9545","throwable":""}
{"timestamp":"2024-12-03T12:18:40,887","container":"6190ecdb4e3d","level":"INFO","thread":"main","class":"JsonRpcHttpService","message":"Starting JSON-RPC service on 0.0.0.0:8545","throwable":""}
{"timestamp":"2024-12-03T12:18:40,919","container":"6190ecdb4e3d","level":"INFO","thread":"vert.x-eventloop-thread-1","class":"JsonRpcHttpService","message":"JSON-RPC service started and listening on 0.0.0.0:8545","throwable":""}
{"timestamp":"2024-12-03T12:18:40,925","container":"6190ecdb4e3d","level":"INFO","thread":"main","class":"GraphQLHttpService","message":"Starting GraphQL HTTP service on 0.0.0.0:8547","throwable":""}
{"timestamp":"2024-12-03T12:18:40,933","container":"6190ecdb4e3d","level":"INFO","thread":"vert.x-eventloop-thread-1","class":"GraphQLHttpService","message":"GraphQL HTTP service started and listening on 0.0.0.0:8547","throwable":""}
{"timestamp":"2024-12-03T12:18:40,934","container":"6190ecdb4e3d","level":"INFO","thread":"main","class":"WebSocketService","message":"Starting Websocket service on 0.0.0.0:8546","throwable":""}
{"timestamp":"2024-12-03T12:18:40,942","container":"6190ecdb4e3d","level":"INFO","thread":"vert.x-eventloop-thread-1","class":"WebSocketService","message":"Websocket service started and listening on 0.0.0.0:8546","throwable":""}
{"timestamp":"2024-12-03T12:18:40,948","container":"6190ecdb4e3d","level":"INFO","thread":"main","class":"AutoTransactionLogBloomCachingService","message":"Starting auto transaction log bloom caching service.","throwable":""}
{"timestamp":"2024-12-03T12:18:40,959","container":"6190ecdb4e3d","level":"INFO","thread":"main","class":"LogBloomCacheMetadata","message":"Lookup cache metadata file in data directory: /opt/besu/data/caches","throwable":""}
{"timestamp":"2024-12-03T12:18:41,029","container":"6190ecdb4e3d","level":"INFO","thread":"main","class":"Runner","message":"Starting Ethereum main loop ... ","throwable":""}
{"timestamp":"2024-12-03T12:18:41,031","container":"6190ecdb4e3d","level":"INFO","thread":"main","class":"DockerNatManager","message":"Starting docker NAT manager.","throwable":""}
{"timestamp":"2024-12-03T12:18:44,856","container":"6190ecdb4e3d","level":"INFO","thread":"main","class":"NetworkRunner","message":"Starting Network.","throwable":""}
{"timestamp":"2024-12-03T12:18:44,898","container":"6190ecdb4e3d","level":"INFO","thread":"nioEventLoopGroup-2-1","class":"RlpxAgent","message":"P2P RLPx agent started and listening on /[0:0:0:0:0:0:0:0]:30303.","throwable":""}
{"timestamp":"2024-12-03T12:18:44,901","container":"6190ecdb4e3d","level":"INFO","thread":"main","class":"PeerDiscoveryAgent","message":"Starting peer discovery agent on host=0.0.0.0, port=30303","throwable":""}
{"timestamp":"2024-12-03T12:18:44,947","container":"6190ecdb4e3d","level":"INFO","thread":"vert.x-eventloop-thread-1","class":"VertxPeerDiscoveryAgent","message":"Started peer discovery agent successfully, on effective host=0:0:0:0:0:0:0:0%0 and port=30303","throwable":""}
{"timestamp":"2024-12-03T12:18:44,950","container":"6190ecdb4e3d","level":"INFO","thread":"vert.x-eventloop-thread-1","class":"PeerDiscoveryAgent","message":"P2P peer discovery agent started and listening on /[0:0:0:0:0:0:0:0%0]:30303","throwable":""}
{"timestamp":"2024-12-03T12:18:45,096","container":"6190ecdb4e3d","level":"INFO","thread":"vert.x-eventloop-thread-1","class":"PeerDiscoveryAgent","message":"Writing node record to disk. NodeRecord{seq=1, publicKey=0x03b9050e002aa42464e6b07c811a1f9dfec01249af03f67b753e8415420649b184, udpAddress=Optional[/172.16.239.12:30303], tcpAddress=Optional[/172.16.239.12:30303], asBase64=-Je4QMH8TGUGic8EoIkUOQM3SPNCm3fHUx8uJBSaltn1WvNzF_kkuOhT13vhxocJT0iTtlQQjJiVOGA5-B2x8k0e2JkBg2V0aMfGhGg-ugyAgmlkgnY0gmlwhKwQ7wyJc2VjcDI1NmsxoQO5BQ4AKqQkZOawfIEaH53-wBJJrwP2e3U-hBVCBkmxhIN0Y3CCdl-DdWRwgnZf, nodeId=0x27059b2392ab7830b38b2f4d27a97c9aaf04f18f3014c32e036dd0ac76da5f18, customFields={tcp=30303, udp=30303, ip=0xac10ef0c, eth=[[0x683eba0c, 0x]], id=V4, secp256k1=0x03b9050e002aa42464e6b07c811a1f9dfec01249af03f67b753e8415420649b184}}","throwable":""}
{"timestamp":"2024-12-03T12:18:45,212","container":"6190ecdb4e3d","level":"INFO","thread":"main","class":"DefaultP2PNetwork","message":"Enode URL enode://b9050e002aa42464e6b07c811a1f9dfec01249af03f67b753e8415420649b184447bb2a784863ccbf327ad9e31aaba803464979dfe6a7facc669151a5fa6ad1b@172.16.239.12:30303","throwable":""}
{"timestamp":"2024-12-03T12:18:45,215","container":"6190ecdb4e3d","level":"INFO","thread":"main","class":"DefaultP2PNetwork","message":"Node address 0x27a97c9aaf04f18f3014c32e036dd0ac76da5f18","throwable":""}
{"timestamp":"2024-12-03T12:18:45,715","container":"6190ecdb4e3d","level":"INFO","thread":"main","class":"NetworkRunner","message":"Supported capabilities: [eth/62, eth/63, eth/64, eth/65, eth/66, eth/67, eth/68], [istanbul/100], [snap/1]","throwable":""}
{"timestamp":"2024-12-03T12:18:45,715","container":"6190ecdb4e3d","level":"INFO","thread":"main","class":"DefaultSynchronizer","message":"Starting synchronizer.","throwable":""}
{"timestamp":"2024-12-03T12:18:45,963","container":"6190ecdb4e3d","level":"INFO","thread":"main","class":"TransactionPoolFactory","message":"Enabling transaction handling following initial sync","throwable":""}
{"timestamp":"2024-12-03T12:18:45,981","container":"6190ecdb4e3d","level":"INFO","thread":"main","class":"FullSyncDownloader","message":"Starting full sync.","throwable":""}
{"timestamp":"2024-12-03T12:18:45,982","container":"6190ecdb4e3d","level":"INFO","thread":"main","class":"FullSyncTargetManager","message":"Unable to find sync target. Currently checking 0 peers for usefulness","throwable":""}
{"timestamp":"2024-12-03T12:18:46,204","container":"6190ecdb4e3d","level":"INFO","thread":"main","class":"Runner","message":"Ethereum main loop is up.","throwable":""}
{"timestamp":"2024-12-03T12:18:46,547","container":"6190ecdb4e3d","level":"INFO","thread":"nioEventLoopGroup-3-7","class":"FullSyncTargetManager","message":"Unable to find sync target. Currently checking 3 peers for usefulness","throwable":""}
{"timestamp":"2024-12-03T12:18:46,637","container":"6190ecdb4e3d","level":"INFO","thread":"nioEventLoopGroup-3-4","class":"FullSyncTargetManager","message":"Unable to find sync target. Currently checking 4 peers for usefulness","throwable":""}
{"timestamp":"2024-12-03T12:18:46,706","container":"6190ecdb4e3d","level":"INFO","thread":"nioEventLoopGroup-3-3","class":"FullSyncTargetManager","message":"Unable to find sync target. Currently checking 5 peers for usefulness","throwable":""}
{"timestamp":"2024-12-03T12:18:47,407","container":"6190ecdb4e3d","level":"INFO","thread":"EthScheduler-Workers-0","class":"PersistBlockTask","message":"Block 1 (0x8daae8df5ee37b371c37d2265fd7df774dd296ff17716e8f5fd9214f7fb1bc73) is already imported","throwable":""}
{"timestamp":"2024-12-03T12:18:47,416","container":"6190ecdb4e3d","level":"INFO","thread":"BftProcessorExecutor-QBFT-0","class":"QbftBesuControllerBuilder","message":"Produced #1 / 0 tx / 0 pending / 0 (0.0%) gas / (0x8daae8df5ee37b371c37d2265fd7df774dd296ff17716e8f5fd9214f7fb1bc73)","throwable":""}
{"timestamp":"2024-12-03T12:18:51,708","container":"6190ecdb4e3d","level":"INFO","thread":"EthScheduler-Timer-0","class":"FullSyncTargetManager","message":"Unable to find sync target. Currently checking 5 peers for usefulness","throwable":""}
{"timestamp":"2024-12-03T12:18:54,089","container":"6190ecdb4e3d","level":"INFO","thread":"BftProcessorExecutor-QBFT-0","class":"QbftBesuControllerBuilder","message":"Imported #2 / 0 tx / 0 pending / 0 (0.0%) gas / (0x44be192e47f9ae47ab557905f058059a0b682d5473162521195251aefacb4aba)","throwable":""}
{"timestamp":"2024-12-03T12:19:02,125","container":"6190ecdb4e3d","level":"INFO","thread":"BftProcessorExecutor-QBFT-0","class":"QbftBesuControllerBuilder","message":"Imported #3 / 0 tx / 0 pending / 0 (0.0%) gas / (0xd53877ee595c42f56c8d57528430be449125e88465060659d7cf3d83aa95f58c)","throwable":""}
{"timestamp":"2024-12-03T12:19:10,158","container":"6190ecdb4e3d","level":"INFO","thread":"BftProcessorExecutor-QBFT-0","class":"QbftBesuControllerBuilder","message":"Imported #4 / 0 tx / 0 pending / 0 (0.0%) gas / (0xfae8e58bd03dc9286db9101a1b2abdac879d8d595e20205d52f730532bc893e5)","throwable":""}
{"timestamp":"2024-12-03T12:19:10,160","container":"6190ecdb4e3d","level":"INFO","thread":"EthScheduler-Workers-0","class":"PersistBlockTask","message":"Block 4 (0xfae8e58bd03dc9286db9101a1b2abdac879d8d595e20205d52f730532bc893e5) is already imported","throwable":""}
{"timestamp":"2024-12-03T12:19:18,067","container":"6190ecdb4e3d","level":"INFO","thread":"BftProcessorExecutor-QBFT-0","class":"QbftBesuControllerBuilder","message":"Produced #5 / 0 tx / 0 pending / 0 (0.0%) gas / (0xc037ca3fe65c9a630899c3abb10b2820c25c19160dd85fb147757ccf0d43667d)","throwable":""}
{"timestamp":"2024-12-03T12:19:26,105","container":"6190ecdb4e3d","level":"INFO","thread":"BftProcessorExecutor-QBFT-0","class":"QbftBesuControllerBuilder","message":"Imported #6 / 0 tx / 0 pending / 0 (0.0%) gas / (0xae2558e082591b92f000af46456623b6f63ab53a62a1806a6448febb4b2093f0)","throwable":""}
{"timestamp":"2024-12-03T12:19:34,053","container":"6190ecdb4e3d","level":"INFO","thread":"BftProcessorExecutor-QBFT-0","class":"QbftBesuControllerBuilder","message":"Imported #7 / 0 tx / 0 pending / 0 (0.0%) gas / (0xe130da60ec54c6051b7a34bee676cc55916fa652d6a9cf37e6ac3bb454abeaec)","throwable":""}
{"timestamp":"2024-12-03T12:19:42,073","container":"6190ecdb4e3d","level":"INFO","thread":"BftProcessorExecutor-QBFT-0","class":"QbftBesuControllerBuilder","message":"Imported #8 / 0 tx / 0 pending / 0 (0.0%) gas / (0x10100ddbfffc6860f57e84dcf4a3e87d58be1ebe86f6fa33d0ca09ea1d748517)","throwable":""}
{"timestamp":"2024-12-03T12:19:50,055","container":"6190ecdb4e3d","level":"INFO","thread":"BftProcessorExecutor-QBFT-0","class":"QbftBesuControllerBuilder","message":"Produced #9 / 0 tx / 0 pending / 0 (0.0%) gas / (0xc5b878213779347d85cf4bf97b71d4afda16e4db17ea094e557b313cc4196ba4)","throwable":""}
{"timestamp":"2024-12-03T12:19:58,046","container":"6190ecdb4e3d","level":"INFO","thread":"BftProcessorExecutor-QBFT-0","class":"QbftBesuControllerBuilder","message":"Imported #10 / 0 tx / 0 pending / 0 (0.0%) gas / (0x451b81522aa25fb46b7d8e9b4c87c557f5d1c07f23257489b683aa6696b3fb5e)","throwable":""}
{"timestamp":"2024-12-03T12:20:06,048","container":"6190ecdb4e3d","level":"INFO","thread":"EthScheduler-Workers-0","class":"PersistBlockTask","message":"Block 11 (0xf41669e1c1b4a907b79fa315c79eb2c5b8b4148662bc8bd93dd303555d629b6c) is already imported","throwable":""}
{"timestamp":"2024-12-03T12:20:06,056","container":"6190ecdb4e3d","level":"INFO","thread":"BftProcessorExecutor-QBFT-0","class":"QbftBesuControllerBuilder","message":"Imported #11 / 0 tx / 0 pending / 0 (0.0%) gas / (0xf41669e1c1b4a907b79fa315c79eb2c5b8b4148662bc8bd93dd303555d629b6c)","throwable":""}
{"timestamp":"2024-12-03T12:20:14,057","container":"6190ecdb4e3d","level":"INFO","thread":"EthScheduler-Workers-0","class":"PersistBlockTask","message":"Block 12 (0xc0297e2c0dc55cce62c1ab7e1e0ee5f841f9151a1297fbf0bcc68e928c12b7b4) is already imported","throwable":""}
{"timestamp":"2024-12-03T12:20:14,057","container":"6190ecdb4e3d","level":"INFO","thread":"BftProcessorExecutor-QBFT-0","class":"QbftBesuControllerBuilder","message":"Imported #12 / 0 tx / 0 pending / 0 (0.0%) gas / (0xc0297e2c0dc55cce62c1ab7e1e0ee5f841f9151a1297fbf0bcc68e928c12b7b4)","throwable":""}
{"timestamp":"2024-12-03T12:20:22,052","container":"6190ecdb4e3d","level":"INFO","thread":"BftProcessorExecutor-QBFT-0","class":"QbftBesuControllerBuilder","message":"Produced #13 / 0 tx / 0 pending / 0 (0.0%) gas / (0xb9bd80926fdbe7d39ff5c6094b74f33040a906ff946ef8ca3471ece91b5bcf13)","throwable":""}
{"timestamp":"2024-12-03T12:20:30,085","container":"6190ecdb4e3d","level":"INFO","thread":"BftProcessorExecutor-QBFT-0","class":"QbftBesuControllerBuilder","message":"Imported #14 / 0 tx / 0 pending / 0 (0.0%) gas / (0xd50fa8ae493e1a55d9b4d983c267d4602e4b761665bdbad6da33253b9d0f1f23)","throwable":""}
{"timestamp":"2024-12-03T12:20:38,034","container":"6190ecdb4e3d","level":"INFO","thread":"BftProcessorExecutor-QBFT-0","class":"QbftBesuControllerBuilder","message":"Imported #15 / 0 tx / 0 pending / 0 (0.0%) gas / (0xa8f756fd0d0406ec0d5af5c008b8ad4bfa80cf882c7fc1941e78feacc3052e1b)","throwable":""}
{"timestamp":"2024-12-03T12:20:46,057","container":"6190ecdb4e3d","level":"INFO","thread":"EthScheduler-Workers-0","class":"PersistBlockTask","message":"Imported #16 / 0 tx / 0 om / 0 (0.0%) gas / (0x0b6acf0ac3309b6eefc53534f4a2b872f20689fcf8a22537e74477eca7230327) in 0.009s. Peers: 5","throwable":""}
{"timestamp":"2024-12-03T12:20:46,058","container":"6190ecdb4e3d","level":"INFO","thread":"BftProcessorExecutor-QBFT-0","class":"QbftBesuControllerBuilder","message":"Imported #16 / 0 tx / 0 pending / 0 (0.0%) gas / (0x0b6acf0ac3309b6eefc53534f4a2b872f20689fcf8a22537e74477eca7230327)","throwable":""}
{"timestamp":"2024-12-03T12:20:54,039","container":"6190ecdb4e3d","level":"INFO","thread":"BftProcessorExecutor-QBFT-0","class":"QbftBesuControllerBuilder","message":"Produced #17 / 0 tx / 0 pending / 0 (0.0%) gas / (0x87533c6a0f7d32bd477ded65783c350a823f707c87789206fa8af45e34e16251)","throwable":""}
{"timestamp":"2024-12-03T12:21:02,108","container":"6190ecdb4e3d","level":"INFO","thread":"BftProcessorExecutor-QBFT-0","class":"QbftBesuControllerBuilder","message":"Imported #18 / 1 tx / 0 pending / 804,612 (0.0%) gas / (0x46f6acad2222d113ae40339fe7cff2ab05d3f9264ff379bcdf0895e6d2bc2b63)","throwable":""}
{"timestamp":"2024-12-03T12:21:10,037","container":"6190ecdb4e3d","level":"INFO","thread":"BftProcessorExecutor-QBFT-0","class":"QbftBesuControllerBuilder","message":"Imported #19 / 0 tx / 0 pending / 0 (0.0%) gas / (0x817cbce06dbb548e00888e4407d1464b4740b94353be7ff795bf91172949d8d1)","throwable":""}
{"timestamp":"2024-12-03T12:21:18,049","container":"6190ecdb4e3d","level":"INFO","thread":"BftProcessorExecutor-QBFT-0","class":"QbftBesuControllerBuilder","message":"Imported #20 / 0 tx / 0 pending / 0 (0.0%) gas / (0x5b48436da483e27ae72da06fabe9925f0ad61c65d612e445332f9d07d8679e71)","throwable":""}
{"timestamp":"2024-12-03T12:21:26,052","container":"6190ecdb4e3d","level":"INFO","thread":"BftProcessorExecutor-QBFT-0","class":"QbftBesuControllerBuilder","message":"Produced #21 / 0 tx / 0 pending / 0 (0.0%) gas / (0x64e3486188f592ad37bc3037009e48b2bdf02d9a85b18e833e71888e02e0ceaa)","throwable":""}
{"timestamp":"2024-12-03T12:21:34,040","container":"6190ecdb4e3d","level":"INFO","thread":"BftProcessorExecutor-QBFT-0","class":"QbftBesuControllerBuilder","message":"Imported #22 / 0 tx / 0 pending / 0 (0.0%) gas / (0xed839b16ab19681871517e23030d554f9649040233b2d5b2fb8b3b6d524da5a1)","throwable":""}
{"timestamp":"2024-12-03T12:21:42,043","container":"6190ecdb4e3d","level":"INFO","thread":"EthScheduler-Workers-0","class":"PersistBlockTask","message":"Block 23 (0x320be08b6c67bb8f5503078be00ab3f0558164967095cc68547d888bf7fb16e9) is already imported","throwable":""}
{"timestamp":"2024-12-03T12:21:42,047","container":"6190ecdb4e3d","level":"INFO","thread":"BftProcessorExecutor-QBFT-0","class":"QbftBesuControllerBuilder","message":"Imported #23 / 0 tx / 0 pending / 0 (0.0%) gas / (0x320be08b6c67bb8f5503078be00ab3f0558164967095cc68547d888bf7fb16e9)","throwable":""}
{"timestamp":"2024-12-03T12:21:50,057","container":"6190ecdb4e3d","level":"INFO","thread":"BftProcessorExecutor-QBFT-0","class":"QbftBesuControllerBuilder","message":"Imported #24 / 0 tx / 0 pending / 0 (0.0%) gas / (0xfc0f089389caa8c8d7d5cf6980bd8652484ad784e58d61deba1980587f471a0b)","throwable":""}
{"timestamp":"2024-12-03T12:21:50,061","container":"6190ecdb4e3d","level":"INFO","thread":"EthScheduler-Workers-0","class":"PersistBlockTask","message":"Block 24 (0xfc0f089389caa8c8d7d5cf6980bd8652484ad784e58d61deba1980587f471a0b) is already imported","throwable":""}
{"timestamp":"2024-12-03T12:21:58,036","container":"6190ecdb4e3d","level":"INFO","thread":"BftProcessorExecutor-QBFT-0","class":"QbftBesuControllerBuilder","message":"Produced #25 / 0 tx / 0 pending / 0 (0.0%) gas / (0xb7175cd30c09d8731426b752f119e8e9703115b4ee6a9268b1bc272aa6a94fa0)","throwable":""}
{"timestamp":"2024-12-03T12:22:06,048","container":"6190ecdb4e3d","level":"INFO","thread":"BftProcessorExecutor-QBFT-0","class":"QbftBesuControllerBuilder","message":"Imported #26 / 0 tx / 0 pending / 0 (0.0%) gas / (0x23db3d622bfc74d3abb02ac7714d9601318754ab041a5f87c09891035316fa7e)","throwable":""}
{"timestamp":"2024-12-03T12:22:14,062","container":"6190ecdb4e3d","level":"INFO","thread":"BftProcessorExecutor-QBFT-0","class":"QbftBesuControllerBuilder","message":"Imported #27 / 0 tx / 0 pending / 0 (0.0%) gas / (0xfcb8fd6c2015d46ae7513cc80c087e9d6aca5497b47fa4be421c84e89514a2a5)","throwable":""}
{"timestamp":"2024-12-03T12:22:22,035","container":"6190ecdb4e3d","level":"INFO","thread":"BftProcessorExecutor-QBFT-0","class":"QbftBesuControllerBuilder","message":"Imported #28 / 0 tx / 0 pending / 0 (0.0%) gas / (0xfee4c46cd615edc3f85c1cfcac507b6c0ea8c83b0452eadfe9919c9029d52021)","throwable":""}
{"timestamp":"2024-12-03T12:22:30,038","container":"6190ecdb4e3d","level":"INFO","thread":"BftProcessorExecutor-QBFT-0","class":"QbftBesuControllerBuilder","message":"Produced #29 / 0 tx / 0 pending / 0 (0.0%) gas / (0xa3b6e6ab0e020e6729cbf2a2a3aa13ba3aba231e691268363e1454ff48d8b938)","throwable":""}
{"timestamp":"2024-12-03T12:22:38,035","container":"6190ecdb4e3d","level":"INFO","thread":"BftProcessorExecutor-QBFT-0","class":"QbftBesuControllerBuilder","message":"Imported #30 / 0 tx / 0 pending / 0 (0.0%) gas / (0xc7fe2f91db0b21187461b36a4bab79522f46b047e9918ac5b4cebcd97424c8e5)","throwable":""}
{"timestamp":"2024-12-03T12:22:46,064","container":"6190ecdb4e3d","level":"INFO","thread":"EthScheduler-Workers-0","class":"PersistBlockTask","message":"Block 31 (0x460c2757e177ff16f29dc0a9591f7aada3e6114e0dd6d8dc4c66c321c4f2a868) is already imported","throwable":""}
{"timestamp":"2024-12-03T12:22:46,068","container":"6190ecdb4e3d","level":"INFO","thread":"BftProcessorExecutor-QBFT-0","class":"QbftBesuControllerBuilder","message":"Imported #31 / 0 tx / 0 pending / 0 (0.0%) gas / (0x460c2757e177ff16f29dc0a9591f7aada3e6114e0dd6d8dc4c66c321c4f2a868)","throwable":""}
{"timestamp":"2024-12-03T12:22:54,030","container":"6190ecdb4e3d","level":"INFO","thread":"BftProcessorExecutor-QBFT-0","class":"QbftBesuControllerBuilder","message":"Imported #32 / 0 tx / 0 pending / 0 (0.0%) gas / (0x3c8f6b61638a4da07ae3136bd123e0f278dadde48bfeb2764fcc6c0a0633704e)","throwable":""}
{"timestamp":"2024-12-03T12:23:02,048","container":"6190ecdb4e3d","level":"INFO","thread":"BftProcessorExecutor-QBFT-0","class":"QbftBesuControllerBuilder","message":"Produced #33 / 0 tx / 0 pending / 0 (0.0%) gas / (0x29a6c0b867c114df1955d78e4f29a936073867eecd59501acedd02da5dbb7c97)","throwable":""}
{"timestamp":"2024-12-03T12:23:10,026","container":"6190ecdb4e3d","level":"INFO","thread":"BftProcessorExecutor-QBFT-0","class":"QbftBesuControllerBuilder","message":"Imported #34 / 0 tx / 0 pending / 0 (0.0%) gas / (0xa1d15dbca9328b08e0381a6d2d2b4f03a83c579c65830dd3837bbcda10efbbc6)","throwable":""}
{"timestamp":"2024-12-03T12:23:18,044","container":"6190ecdb4e3d","level":"INFO","thread":"BftProcessorExecutor-QBFT-0","class":"QbftBesuControllerBuilder","message":"Imported #35 / 0 tx / 0 pending / 0 (0.0%) gas / (0x1038e86510e53308d7f907ed752f3376eaeac7cafd25c3afdf070b8bd694beeb)","throwable":""}
{"timestamp":"2024-12-03T12:23:26,027","container":"6190ecdb4e3d","level":"INFO","thread":"BftProcessorExecutor-QBFT-0","class":"QbftBesuControllerBuilder","message":"Imported #36 / 0 tx / 0 pending / 0 (0.0%) gas / (0x6a080b05daa5539b5b3f939319b0adc41f0524858f1f6cdb1e3703fd931eb916)","throwable":""}
{"timestamp":"2024-12-03T12:23:34,033","container":"6190ecdb4e3d","level":"INFO","thread":"BftProcessorExecutor-QBFT-0","class":"QbftBesuControllerBuilder","message":"Produced #37 / 0 tx / 0 pending / 0 (0.0%) gas / (0x8763ce9fdbfa3fe67ee35eea942be01f781b394216eef68fc2ea2b6461753b96)","throwable":""}
{"timestamp":"2024-12-03T12:23:42,092","container":"6190ecdb4e3d","level":"INFO","thread":"BftProcessorExecutor-QBFT-0","class":"QbftBesuControllerBuilder","message":"Imported #38 / 1 tx / 0 pending / 300,135 (0.0%) gas / (0xce885e43351ee1ddb4edf23a0c9ceb2db9f72093befc531f7b844c334b82ccc3)","throwable":""}
{"timestamp":"2024-12-03T12:23:50,080","container":"6190ecdb4e3d","level":"INFO","thread":"BftProcessorExecutor-QBFT-0","class":"QbftBesuControllerBuilder","message":"Imported #39 / 1 tx / 0 pending / 302,923 (0.0%) gas / (0x179bf0ede9ef32fe366e041dda02ef6f3cd8406af267ac344dc0e9097f2ab79d)","throwable":""}
{"timestamp":"2024-12-03T12:23:58,065","container":"6190ecdb4e3d","level":"INFO","thread":"BftProcessorExecutor-QBFT-0","class":"QbftBesuControllerBuilder","message":"Imported #40 / 1 tx / 0 pending / 303,079 (0.0%) gas / (0xfc7d2687e4d87eaa8492aec272f885ede61c97c3883b949172f6c0887c055293)","throwable":""}
{"timestamp":"2024-12-03T12:24:06,084","container":"6190ecdb4e3d","level":"INFO","thread":"BftProcessorExecutor-QBFT-0","class":"QbftBesuControllerBuilder","message":"Produced #41 / 1 tx / 0 pending / 302,959 (0.0%) gas / (0x643f5fa3925ec6d28c4a7c436e93d29352cc2b6da5814adf803f015bc019a54e)","throwable":""}
{"timestamp":"2024-12-03T12:24:14,049","container":"6190ecdb4e3d","level":"INFO","thread":"BftProcessorExecutor-QBFT-0","class":"QbftBesuControllerBuilder","message":"Imported #42 / 1 tx / 0 pending / 302,983 (0.0%) gas / (0xb1f12e8c7f2b372d0c16bc520bef4e4d5ba6498452001e89738fe798876f2f13)","throwable":""}
{"timestamp":"2024-12-03T12:24:22,031","container":"6190ecdb4e3d","level":"INFO","thread":"BftProcessorExecutor-QBFT-0","class":"QbftBesuControllerBuilder","message":"Imported #43 / 0 tx / 0 pending / 0 (0.0%) gas / (0x91f983e1e5277d36cdf3082f95abb4cb964e4b7a3c404fea5d539936b7b8e3a4)","throwable":""}
{"timestamp":"2024-12-03T12:24:30,024","container":"6190ecdb4e3d","level":"INFO","thread":"BftProcessorExecutor-QBFT-0","class":"QbftBesuControllerBuilder","message":"Imported #44 / 0 tx / 0 pending / 0 (0.0%) gas / (0xce9e77123da877ed2e3d8045a6003f3a11164b678799c029280f9b9f65ba91a7)","throwable":""}
{"timestamp":"2024-12-03T12:24:38,033","container":"6190ecdb4e3d","level":"INFO","thread":"EthScheduler-Workers-0","class":"PersistBlockTask","message":"Block 45 (0xa2b6715c1b4cfffe93e0bb85cec1023e6a90db7366836572a36a266c38c56ce1) is already imported","throwable":""}
{"timestamp":"2024-12-03T12:24:38,034","container":"6190ecdb4e3d","level":"INFO","thread":"BftProcessorExecutor-QBFT-0","class":"QbftBesuControllerBuilder","message":"Produced #45 / 0 tx / 0 pending / 0 (0.0%) gas / (0xa2b6715c1b4cfffe93e0bb85cec1023e6a90db7366836572a36a266c38c56ce1)","throwable":""}
{"timestamp":"2024-12-03T12:24:46,026","container":"6190ecdb4e3d","level":"INFO","thread":"BftProcessorExecutor-QBFT-0","class":"QbftBesuControllerBuilder","message":"Imported #46 / 0 tx / 0 pending / 0 (0.0%) gas / (0x40b1a8eb1d966e9cb1ba5d1106ceeba63c1466df92431bdf467ec4b902c826a1)","throwable":""}
{"timestamp":"2024-12-03T12:24:54,025","container":"6190ecdb4e3d","level":"INFO","thread":"BftProcessorExecutor-QBFT-0","class":"QbftBesuControllerBuilder","message":"Imported #47 / 0 tx / 0 pending / 0 (0.0%) gas / (0x47c48d374b66c41bc047cda5fe7dde24ecbf24f72786d347f0a5ea46a7e0bbdf)","throwable":""}
{"timestamp":"2024-12-03T12:25:02,027","container":"6190ecdb4e3d","level":"INFO","thread":"EthScheduler-Workers-0","class":"PersistBlockTask","message":"Block 48 (0x9b34cae871d8c19fca6f2d5b8bb1cc3cfcb1d6bb0bbdb8e34d71374894478690) is already imported","throwable":""}
{"timestamp":"2024-12-03T12:25:02,028","container":"6190ecdb4e3d","level":"INFO","thread":"BftProcessorExecutor-QBFT-0","class":"QbftBesuControllerBuilder","message":"Imported #48 / 0 tx / 0 pending / 0 (0.0%) gas / (0x9b34cae871d8c19fca6f2d5b8bb1cc3cfcb1d6bb0bbdb8e34d71374894478690)","throwable":""}
{"timestamp":"2024-12-03T12:25:10,059","container":"6190ecdb4e3d","level":"INFO","thread":"BftProcessorExecutor-QBFT-0","class":"QbftBesuControllerBuilder","message":"Produced #49 / 1 tx / 0 pending / 303,019 (0.0%) gas / (0x1324d6fedc346cd1e45530c3090c534455a6f72731eb8bcac17585aeda3481db)","throwable":""}
{"timestamp":"2024-12-03T12:25:18,049","container":"6190ecdb4e3d","level":"INFO","thread":"BftProcessorExecutor-QBFT-0","class":"QbftBesuControllerBuilder","message":"Imported #50 / 1 tx / 0 pending / 303,007 (0.0%) gas / (0x7ca679d91161232bc7e30356e1bf8f4239a31473cd4606bbda7666fe7cddbc34)","throwable":""}
{"timestamp":"2024-12-03T12:25:26,038","container":"6190ecdb4e3d","level":"INFO","thread":"BftProcessorExecutor-QBFT-0","class":"QbftBesuControllerBuilder","message":"Imported #51 / 1 tx / 0 pending / 302,851 (0.0%) gas / (0x3967e698909243691dc181049d573b16df9d38b43c190593eba71e4a1478e34b)","throwable":""}
{"timestamp":"2024-12-03T12:25:34,058","container":"6190ecdb4e3d","level":"INFO","thread":"BftProcessorExecutor-QBFT-0","class":"QbftBesuControllerBuilder","message":"Imported #52 / 1 tx / 0 pending / 303,007 (0.0%) gas / (0x84e9114cee3e8a693565ce59bfcbaf761b4e525affe9992915d17ef9e8584e54)","throwable":""}
{"timestamp":"2024-12-03T12:25:42,082","container":"6190ecdb4e3d","level":"INFO","thread":"BftProcessorExecutor-QBFT-0","class":"QbftBesuControllerBuilder","message":"Produced #53 / 1 tx / 0 pending / 303,019 (0.0%) gas / (0x555186c751bbc8f6c4d47422158e862e65a11e4cf6fad01929baded6899263c8)","throwable":""}
{"timestamp":"2024-12-03T12:25:50,032","container":"6190ecdb4e3d","level":"INFO","thread":"BftProcessorExecutor-QBFT-0","class":"QbftBesuControllerBuilder","message":"Imported #54 / 0 tx / 0 pending / 0 (0.0%) gas / (0xe61ea9eb53fdc66be1b383db8887daa6ceb8458964a802e311d2520ead4a8c0d)","throwable":""}
{"timestamp":"2024-12-03T12:25:58,021","container":"6190ecdb4e3d","level":"INFO","thread":"BftProcessorExecutor-QBFT-0","class":"QbftBesuControllerBuilder","message":"Imported #55 / 0 tx / 0 pending / 0 (0.0%) gas / (0xdedae8f02e3213fb44a6ffc94e0c398bc2fe67d8845f4487d8dabd9464c507db)","throwable":""}
{"timestamp":"2024-12-03T12:26:06,071","container":"6190ecdb4e3d","level":"INFO","thread":"BftProcessorExecutor-QBFT-0","class":"QbftBesuControllerBuilder","message":"Imported #56 / 0 tx / 0 pending / 0 (0.0%) gas / (0x9e2f50ba4f4b86bebabfa44bd8d024e5430e62fa789176020d54e997cecd3d04)","throwable":""}
{"timestamp":"2024-12-03T12:26:14,031","container":"6190ecdb4e3d","level":"INFO","thread":"BftProcessorExecutor-QBFT-0","class":"QbftBesuControllerBuilder","message":"Produced #57 / 0 tx / 0 pending / 0 (0.0%) gas / (0x840e34561bac75c07182720e5fbf0757bfd2edb32a35adb121ec1bcc4ae7f507)","throwable":""}
{"timestamp":"2024-12-03T12:26:22,020","container":"6190ecdb4e3d","level":"INFO","thread":"BftProcessorExecutor-QBFT-0","class":"QbftBesuControllerBuilder","message":"Imported #58 / 0 tx / 0 pending / 0 (0.0%) gas / (0xed2262bacf174d044156e7ec3bd4d66fc7aa5d6e4986ab863827e878e00ca726)","throwable":""}
{"timestamp":"2024-12-03T12:26:30,042","container":"6190ecdb4e3d","level":"INFO","thread":"BftProcessorExecutor-QBFT-0","class":"QbftBesuControllerBuilder","message":"Imported #59 / 0 tx / 0 pending / 0 (0.0%) gas / (0x1f8daabca6099052a3b7a0e59f78dc50407b151a1c72e704b7ab5184ac153e85)","throwable":""}
{"timestamp":"2024-12-03T12:26:38,034","container":"6190ecdb4e3d","level":"INFO","thread":"BftProcessorExecutor-QBFT-0","class":"QbftBesuControllerBuilder","message":"Imported #60 / 0 tx / 0 pending / 0 (0.0%) gas / (0xe6213b4e6b40b49a2ddf564fbf1169f480495286783d380a79f7a3aebf36759a)","throwable":""}
{"timestamp":"2024-12-03T12:26:46,026","container":"6190ecdb4e3d","level":"INFO","thread":"BftProcessorExecutor-QBFT-0","class":"QbftBesuControllerBuilder","message":"Produced #61 / 0 tx / 0 pending / 0 (0.0%) gas / (0xc99955f7c58542f6e812de7180bc2c6a489c19813c3a5410dad26e1e78c8c735)","throwable":""}
{"timestamp":"2024-12-03T12:26:54,020","container":"6190ecdb4e3d","level":"INFO","thread":"BftProcessorExecutor-QBFT-0","class":"QbftBesuControllerBuilder","message":"Imported #62 / 0 tx / 0 pending / 0 (0.0%) gas / (0x4fe6cd4713770c3b7cce6500cdb990d4a0b1a83a3c34a0836dfa84b3ff2e84c8)","throwable":""}
{"timestamp":"2024-12-03T12:27:02,024","container":"6190ecdb4e3d","level":"INFO","thread":"BftProcessorExecutor-QBFT-0","class":"QbftBesuControllerBuilder","message":"Imported #63 / 0 tx / 0 pending / 0 (0.0%) gas / (0x237510b4fa991044ca9354956af32fd8df684c357e281fe2f6fb9110db9da689)","throwable":""}
{"timestamp":"2024-12-03T12:27:10,022","container":"6190ecdb4e3d","level":"INFO","thread":"BftProcessorExecutor-QBFT-0","class":"QbftBesuControllerBuilder","message":"Imported #64 / 0 tx / 0 pending / 0 (0.0%) gas / (0xf4813c530b6b79c9784c902ec04754de908e0a8156fec2545ec2a018b6e655a2)","throwable":""}
{"timestamp":"2024-12-03T12:27:18,029","container":"6190ecdb4e3d","level":"INFO","thread":"BftProcessorExecutor-QBFT-0","class":"QbftBesuControllerBuilder","message":"Produced #65 / 0 tx / 0 pending / 0 (0.0%) gas / (0xbfd360f1b9c8cede5efca467fee8c7a77f2e99a28c73ab9ad0d73922ff973cd5)","throwable":""}
{"timestamp":"2024-12-03T12:27:26,020","container":"6190ecdb4e3d","level":"INFO","thread":"BftProcessorExecutor-QBFT-0","class":"QbftBesuControllerBuilder","message":"Imported #66 / 0 tx / 0 pending / 0 (0.0%) gas / (0xa54ae3228f6acb52f648418949226c4376ad3a3948eecd82fccf7b49fefcc081)","throwable":""}
{"timestamp":"2024-12-03T12:27:34,027","container":"6190ecdb4e3d","level":"INFO","thread":"BftProcessorExecutor-QBFT-0","class":"QbftBesuControllerBuilder","message":"Imported #67 / 0 tx / 0 pending / 0 (0.0%) gas / (0x11ccf501238cdc13add3724045911ae3547c21bad73e70c9d5194e089e2568a6)","throwable":""}
{"timestamp":"2024-12-03T12:27:42,029","container":"6190ecdb4e3d","level":"INFO","thread":"EthScheduler-Workers-0","class":"PersistBlockTask","message":"Block 68 (0x4b7bf370ce86f88636ba99b19587497e2f1ff5e281dcc6b32c1d094644164544) is already imported","throwable":""}
{"timestamp":"2024-12-03T12:27:42,032","container":"6190ecdb4e3d","level":"INFO","thread":"BftProcessorExecutor-QBFT-0","class":"QbftBesuControllerBuilder","message":"Imported #68 / 0 tx / 0 pending / 0 (0.0%) gas / (0x4b7bf370ce86f88636ba99b19587497e2f1ff5e281dcc6b32c1d094644164544)","throwable":""}
{"timestamp":"2024-12-03T12:27:50,026","container":"6190ecdb4e3d","level":"INFO","thread":"BftProcessorExecutor-QBFT-0","class":"QbftBesuControllerBuilder","message":"Produced #69 / 0 tx / 0 pending / 0 (0.0%) gas / (0x15be5a82335d9e0636e5ce11805a019687057777c054ba21227c47049833ae63)","throwable":""}
{"timestamp":"2024-12-03T12:27:58,017","container":"6190ecdb4e3d","level":"INFO","thread":"BftProcessorExecutor-QBFT-0","class":"QbftBesuControllerBuilder","message":"Imported #70 / 0 tx / 0 pending / 0 (0.0%) gas / (0xa90c7c850be297319acc4598530238543fb06e92df365d5335ce5fb9a4bc3ace)","throwable":""}
{"timestamp":"2024-12-03T12:28:06,022","container":"6190ecdb4e3d","level":"INFO","thread":"BftProcessorExecutor-QBFT-0","class":"QbftBesuControllerBuilder","message":"Imported #71 / 0 tx / 0 pending / 0 (0.0%) gas / (0x87b4f3244d0e4c888d0deb69800135eb1db0f106f11edea9ceb3b1880132c5c3)","throwable":""}
{"timestamp":"2024-12-03T12:28:14,016","container":"6190ecdb4e3d","level":"INFO","thread":"BftProcessorExecutor-QBFT-0","class":"QbftBesuControllerBuilder","message":"Imported #72 / 0 tx / 0 pending / 0 (0.0%) gas / (0xc4ded4af94716a1e3e142456ef75c56b188a9937061c84a10713cf959345b7d2)","throwable":""}
{"timestamp":"2024-12-03T12:28:22,017","container":"6190ecdb4e3d","level":"INFO","thread":"BftProcessorExecutor-QBFT-0","class":"QbftBesuControllerBuilder","message":"Produced #73 / 0 tx / 0 pending / 0 (0.0%) gas / (0x447baa2623ed9de005fa3c6396ac265ebc809244061f1c8cab9164b7a400ec20)","throwable":""}
{"timestamp":"2024-12-03T12:28:30,018","container":"6190ecdb4e3d","level":"INFO","thread":"BftProcessorExecutor-QBFT-0","class":"QbftBesuControllerBuilder","message":"Imported #74 / 0 tx / 0 pending / 0 (0.0%) gas / (0x835f971a1c0fe013c5b20b4ed274a61ae7d98df844b703313dc31cbbe3e610ab)","throwable":""}
{"timestamp":"2024-12-03T12:28:38,017","container":"6190ecdb4e3d","level":"INFO","thread":"BftProcessorExecutor-QBFT-0","class":"QbftBesuControllerBuilder","message":"Imported #75 / 0 tx / 0 pending / 0 (0.0%) gas / (0x2d319347be16b7415279bb06fd18e38c67784e56afb50a91a882eec36fe51cc1)","throwable":""}
{"timestamp":"2024-12-03T12:28:46,022","container":"6190ecdb4e3d","level":"INFO","thread":"BftProcessorExecutor-QBFT-0","class":"QbftBesuControllerBuilder","message":"Imported #76 / 0 tx / 0 pending / 0 (0.0%) gas / (0x60e6eeb240bd1bb43846b6ea396566ed47b7358d3c3159cd44e58d94a6afe356)","throwable":""}
{"timestamp":"2024-12-03T12:28:54,019","container":"6190ecdb4e3d","level":"INFO","thread":"BftProcessorExecutor-QBFT-0","class":"QbftBesuControllerBuilder","message":"Produced #77 / 0 tx / 0 pending / 0 (0.0%) gas / (0x442e62bd3bfdcd9cc2088405d37344c1c83bd28640a994e5abd8255d2fe80bfe)","throwable":""}
{"timestamp":"2024-12-03T12:29:02,018","container":"6190ecdb4e3d","level":"INFO","thread":"BftProcessorExecutor-QBFT-0","class":"QbftBesuControllerBuilder","message":"Imported #78 / 0 tx / 0 pending / 0 (0.0%) gas / (0x73a922cde868e99a13343a1c9d37dbfaebf43d249f85fcb546c138e8533e7097)","throwable":""}
{"timestamp":"2024-12-03T12:29:10,023","container":"6190ecdb4e3d","level":"INFO","thread":"BftProcessorExecutor-QBFT-0","class":"QbftBesuControllerBuilder","message":"Imported #79 / 0 tx / 0 pending / 0 (0.0%) gas / (0xc1771a31dc3e1e593e1577c8166f9211cfebe4d51d96f6fabea2b7d92ab0adc8)","throwable":""}
{"timestamp":"2024-12-03T12:29:18,024","container":"6190ecdb4e3d","level":"INFO","thread":"BftProcessorExecutor-QBFT-0","class":"QbftBesuControllerBuilder","message":"Imported #80 / 0 tx / 0 pending / 0 (0.0%) gas / (0x887505d790e5d8889356f1c2523d46c94a9375582abd1b32f42bc2351c2afa77)","throwable":""}
{"timestamp":"2024-12-03T12:29:26,014","container":"6190ecdb4e3d","level":"INFO","thread":"BftProcessorExecutor-QBFT-0","class":"QbftBesuControllerBuilder","message":"Produced #81 / 0 tx / 0 pending / 0 (0.0%) gas / (0x08b88859728b014ed9a2c330fb6ea3d90467f5b347ab3e3cd3c7fc57a4d46348)","throwable":""}
{"timestamp":"2024-12-03T12:29:29,016","container":"6190ecdb4e3d","level":"INFO","thread":"BftProcessorExecutor-QBFT-0","class":"BftProcessor","message":"Shutting down BFT event processor","throwable":""}
{"timestamp":"2024-12-03T12:29:29,018","container":"6190ecdb4e3d","level":"INFO","thread":"BesuCommand-Shutdown-Hook","class":"DefaultSynchronizer","message":"Stopping synchronizer","throwable":""}
{"timestamp":"2024-12-03T12:29:29,021","container":"6190ecdb4e3d","level":"INFO","thread":"BesuCommand-Shutdown-Hook","class":"NetworkRunner","message":"Stopping Network.","throwable":""}
{"timestamp":"2024-12-03T12:29:29,037","container":"6190ecdb4e3d","level":"INFO","thread":"BesuCommand-Shutdown-Hook","class":"EthProtocolManager","message":"Stopping eth Subprotocol.","throwable":""}
{"timestamp":"2024-12-03T12:29:29,044","container":"6190ecdb4e3d","level":"INFO","thread":"BesuCommand-Shutdown-Hook","class":"EthProtocolManager","message":"eth Subprotocol stopped.","throwable":""}
{"timestamp":"2024-12-03T12:29:29,045","container":"6190ecdb4e3d","level":"INFO","thread":"BesuCommand-Shutdown-Hook","class":"NetworkRunner","message":"Network stopped.","throwable":""}
{"timestamp":"2024-12-03T12:29:29,046","container":"6190ecdb4e3d","level":"INFO","thread":"BesuCommand-Shutdown-Hook","class":"AutoTransactionLogBloomCachingService","message":"Shutting down Auto transaction logs caching service.","throwable":""}
{"timestamp":"2024-12-03T12:29:29,048","container":"6190ecdb4e3d","level":"INFO","thread":"BesuCommand-Shutdown-Hook","class":"DockerNatManager","message":"Stopping docker NAT manager.","throwable":""}
{"timestamp":"2024-12-18T18:21:37,500","container":"6190ecdb4e3d","level":"INFO","thread":"main","class":"Besu","message":"Starting Besu","throwable":""}
{"timestamp":"2024-12-18T18:21:39,028","container":"6190ecdb4e3d","level":"WARN","thread":"main","class":"Besu","message":"--min-gas-price has been ignored because --miner-enabled was not defined on the command line.","throwable":""}
{"timestamp":"2024-12-18T18:21:41,939","container":"6190ecdb4e3d","level":"INFO","thread":"main","class":"Besu","message":"
####################################################################################################
#                                                                                                  #
# Besu version 23.4.1                                                                              #
#                                                                                                  #
# Configuration:                                                                                   #
# Network: Custom genesis file specified                                                           #
# Network Id: 1337                                                                                 #
# Data storage: Forest                                                                             #
# Sync mode: Full                                                                                  #
# RPC HTTP APIs: EEA,WEB3,ETH,NET,TRACE,DEBUG,ADMIN,TXPOOL,PRIV,PERM,QBFT                          #
# RPC HTTP port: 8545                                                                              #
#                                                                                                  #
# Host:                                                                                            #
# Java: openjdk-java-17                                                                            #
# Maximum heap size: 1.86 GB                                                                       #
# OS: linux-x86_64                                                                                 #
# glibc: 2.35                                                                                      #
# jemalloc: 5.2.1-0-gea6b3e973b477b8061e0076bb257dbd7f3faa756                                      #
# Total memory: 7.45 GB                                                                            #
# CPU cores: 12                                                                                    #
#                                                                                                  #
####################################################################################################","throwable":""}
{"timestamp":"2024-12-18T18:21:41,941","container":"6190ecdb4e3d","level":"INFO","thread":"main","class":"Besu","message":"Connecting to 8 static nodes.","throwable":""}
{"timestamp":"2024-12-18T18:21:41,942","container":"6190ecdb4e3d","level":"INFO","thread":"main","class":"Besu","message":"Security Module: localfile","throwable":""}
{"timestamp":"2024-12-18T18:21:42,013","container":"6190ecdb4e3d","level":"INFO","thread":"main","class":"Besu","message":"Using the native implementation of alt bn128","throwable":""}
{"timestamp":"2024-12-18T18:21:42,097","container":"6190ecdb4e3d","level":"INFO","thread":"main","class":"Besu","message":"Using the native implementation of modexp","throwable":""}
{"timestamp":"2024-12-18T18:21:42,098","container":"6190ecdb4e3d","level":"INFO","thread":"main","class":"Besu","message":"Using the native implementation of the signature algorithm","throwable":""}
{"timestamp":"2024-12-18T18:21:42,112","container":"6190ecdb4e3d","level":"INFO","thread":"main","class":"Besu","message":"Using the native implementation of the blake2bf algorithm","throwable":""}
{"timestamp":"2024-12-18T18:21:42,153","container":"6190ecdb4e3d","level":"INFO","thread":"main","class":"DatabaseMetadata","message":"Lookup database metadata file in data directory: /opt/besu/data","throwable":""}
{"timestamp":"2024-12-18T18:21:42,409","container":"6190ecdb4e3d","level":"INFO","thread":"main","class":"RocksDBKeyValueStorageFactory","message":"Existing database detected at /opt/besu/data. Version 1. Compacting database...","throwable":""}
{"timestamp":"2024-12-18T18:21:44,742","container":"6190ecdb4e3d","level":"INFO","thread":"main","class":"KeyPairUtil","message":"Loaded public key 0xb9050e002aa42464e6b07c811a1f9dfec01249af03f67b753e8415420649b184447bb2a784863ccbf327ad9e31aaba803464979dfe6a7facc669151a5fa6ad1b from /opt/besu/keys/nodekey","throwable":""}
{"timestamp":"2024-12-18T18:21:44,768","container":"6190ecdb4e3d","level":"WARN","thread":"main","class":"Besu","message":"Privacy is disabled. Cannot use EEA/PRIV API methods when not using Privacy.","throwable":""}
{"timestamp":"2024-12-18T18:21:45,768","container":"6190ecdb4e3d","level":"INFO","thread":"main","class":"ProtocolScheduleBuilder","message":"Protocol schedule created with milestones: [GrayGlacier: 0]","throwable":""}
{"timestamp":"2024-12-18T18:21:46,729","container":"6190ecdb4e3d","level":"INFO","thread":"main","class":"TransactionPoolFactory","message":"Enabling transaction pool","throwable":""}
{"timestamp":"2024-12-18T18:21:46,772","container":"6190ecdb4e3d","level":"INFO","thread":"main","class":"BesuControllerBuilder","message":"TTD difficulty is not present, creating initial sync phase for PoW","throwable":""}
{"timestamp":"2024-12-18T18:21:46,991","container":"6190ecdb4e3d","level":"INFO","thread":"main","class":"RunnerBuilder","message":"Detecting NAT service.","throwable":""}
{"timestamp":"2024-12-18T18:21:49,626","container":"6190ecdb4e3d","level":"INFO","thread":"main","class":"Runner","message":"Starting external services ... ","throwable":""}
{"timestamp":"2024-12-18T18:21:49,628","container":"6190ecdb4e3d","level":"INFO","thread":"main","class":"MetricsHttpService","message":"Starting metrics http service on 0.0.0.0:9545","throwable":""}
{"timestamp":"2024-12-18T18:21:50,230","container":"6190ecdb4e3d","level":"INFO","thread":"main","class":"JsonRpcHttpService","message":"Starting JSON-RPC service on 0.0.0.0:8545","throwable":""}
{"timestamp":"2024-12-18T18:21:50,222","container":"6190ecdb4e3d","level":"INFO","thread":"vert.x-eventloop-thread-1","class":"MetricsHttpService","message":"Metrics service started and listening on 0.0.0.0:9545","throwable":""}
{"timestamp":"2024-12-18T18:21:50,271","container":"6190ecdb4e3d","level":"INFO","thread":"vert.x-eventloop-thread-1","class":"JsonRpcHttpService","message":"JSON-RPC service started and listening on 0.0.0.0:8545","throwable":""}
{"timestamp":"2024-12-18T18:21:50,275","container":"6190ecdb4e3d","level":"INFO","thread":"main","class":"GraphQLHttpService","message":"Starting GraphQL HTTP service on 0.0.0.0:8547","throwable":""}
{"timestamp":"2024-12-18T18:21:50,293","container":"6190ecdb4e3d","level":"INFO","thread":"vert.x-eventloop-thread-1","class":"GraphQLHttpService","message":"GraphQL HTTP service started and listening on 0.0.0.0:8547","throwable":""}
{"timestamp":"2024-12-18T18:21:50,294","container":"6190ecdb4e3d","level":"INFO","thread":"main","class":"WebSocketService","message":"Starting Websocket service on 0.0.0.0:8546","throwable":""}
{"timestamp":"2024-12-18T18:21:50,315","container":"6190ecdb4e3d","level":"INFO","thread":"vert.x-eventloop-thread-1","class":"WebSocketService","message":"Websocket service started and listening on 0.0.0.0:8546","throwable":""}
{"timestamp":"2024-12-18T18:21:50,320","container":"6190ecdb4e3d","level":"INFO","thread":"main","class":"AutoTransactionLogBloomCachingService","message":"Starting auto transaction log bloom caching service.","throwable":""}
{"timestamp":"2024-12-18T18:21:50,322","container":"6190ecdb4e3d","level":"INFO","thread":"main","class":"LogBloomCacheMetadata","message":"Lookup cache metadata file in data directory: /opt/besu/data/caches","throwable":""}
{"timestamp":"2024-12-18T18:21:50,395","container":"6190ecdb4e3d","level":"INFO","thread":"main","class":"Runner","message":"Starting Ethereum main loop ... ","throwable":""}
{"timestamp":"2024-12-18T18:21:50,395","container":"6190ecdb4e3d","level":"INFO","thread":"main","class":"DockerNatManager","message":"Starting docker NAT manager.","throwable":""}
{"timestamp":"2024-12-18T18:21:54,131","container":"6190ecdb4e3d","level":"INFO","thread":"main","class":"NetworkRunner","message":"Starting Network.","throwable":""}
{"timestamp":"2024-12-18T18:21:54,159","container":"6190ecdb4e3d","level":"INFO","thread":"nioEventLoopGroup-2-1","class":"RlpxAgent","message":"P2P RLPx agent started and listening on /[0:0:0:0:0:0:0:0]:30303.","throwable":""}
{"timestamp":"2024-12-18T18:21:54,164","container":"6190ecdb4e3d","level":"INFO","thread":"main","class":"PeerDiscoveryAgent","message":"Starting peer discovery agent on host=0.0.0.0, port=30303","throwable":""}
{"timestamp":"2024-12-18T18:21:54,201","container":"6190ecdb4e3d","level":"INFO","thread":"vert.x-eventloop-thread-1","class":"VertxPeerDiscoveryAgent","message":"Started peer discovery agent successfully, on effective host=0:0:0:0:0:0:0:0%0 and port=30303","throwable":""}
{"timestamp":"2024-12-18T18:21:54,203","container":"6190ecdb4e3d","level":"INFO","thread":"vert.x-eventloop-thread-1","class":"PeerDiscoveryAgent","message":"P2P peer discovery agent started and listening on /[0:0:0:0:0:0:0:0%0]:30303","throwable":""}
{"timestamp":"2024-12-18T18:21:54,372","container":"6190ecdb4e3d","level":"INFO","thread":"vert.x-eventloop-thread-1","class":"PeerDiscoveryAgent","message":"Writing node record to disk. NodeRecord{seq=2, publicKey=0x03b9050e002aa42464e6b07c811a1f9dfec01249af03f67b753e8415420649b184, udpAddress=Optional[/172.16.239.12:30303], tcpAddress=Optional[/172.16.239.12:30303], asBase64=-Je4QHTp5xRssOJn6LdPXmONh5xyoQUL8hyD0AdwJHichpPoR3yYt1c6jotrWjxz7FREvcyp_iLtWEnCgzuc7Veec6ECg2V0aMfGhGg-ugyAgmlkgnY0gmlwhKwQ7wyJc2VjcDI1NmsxoQO5BQ4AKqQkZOawfIEaH53-wBJJrwP2e3U-hBVCBkmxhIN0Y3CCdl-DdWRwgnZf, nodeId=0x27059b2392ab7830b38b2f4d27a97c9aaf04f18f3014c32e036dd0ac76da5f18, customFields={tcp=30303, udp=30303, ip=0xac10ef0c, eth=[[0x683eba0c, 0x]], id=V4, secp256k1=0x03b9050e002aa42464e6b07c811a1f9dfec01249af03f67b753e8415420649b184}}","throwable":""}
{"timestamp":"2024-12-18T18:21:54,506","container":"6190ecdb4e3d","level":"INFO","thread":"main","class":"DefaultP2PNetwork","message":"Enode URL enode://b9050e002aa42464e6b07c811a1f9dfec01249af03f67b753e8415420649b184447bb2a784863ccbf327ad9e31aaba803464979dfe6a7facc669151a5fa6ad1b@172.16.239.12:30303","throwable":""}
{"timestamp":"2024-12-18T18:21:54,513","container":"6190ecdb4e3d","level":"INFO","thread":"main","class":"DefaultP2PNetwork","message":"Node address 0x27a97c9aaf04f18f3014c32e036dd0ac76da5f18","throwable":""}
{"timestamp":"2024-12-18T18:21:54,731","container":"6190ecdb4e3d","level":"INFO","thread":"main","class":"NetworkRunner","message":"Supported capabilities: [eth/62, eth/63, eth/64, eth/65, eth/66, eth/67, eth/68], [istanbul/100], [snap/1]","throwable":""}
{"timestamp":"2024-12-18T18:21:54,743","container":"6190ecdb4e3d","level":"INFO","thread":"main","class":"DefaultSynchronizer","message":"Starting synchronizer.","throwable":""}
{"timestamp":"2024-12-18T18:21:54,747","container":"6190ecdb4e3d","level":"INFO","thread":"main","class":"TransactionPoolFactory","message":"Enabling transaction handling following initial sync","throwable":""}
{"timestamp":"2024-12-18T18:21:54,755","container":"6190ecdb4e3d","level":"INFO","thread":"main","class":"FullSyncDownloader","message":"Starting full sync.","throwable":""}
{"timestamp":"2024-12-18T18:21:54,777","container":"6190ecdb4e3d","level":"INFO","thread":"main","class":"FullSyncTargetManager","message":"Unable to find sync target. Currently checking 0 peers for usefulness","throwable":""}
{"timestamp":"2024-12-18T18:21:55,193","container":"6190ecdb4e3d","level":"INFO","thread":"main","class":"Runner","message":"Ethereum main loop is up.","throwable":""}
{"timestamp":"2024-12-18T18:21:56,327","container":"6190ecdb4e3d","level":"INFO","thread":"nioEventLoopGroup-3-9","class":"FullSyncTargetManager","message":"Unable to find sync target. Currently checking 1 peers for usefulness","throwable":""}
{"timestamp":"2024-12-18T18:21:56,378","container":"6190ecdb4e3d","level":"INFO","thread":"nioEventLoopGroup-3-8","class":"FullSyncTargetManager","message":"Unable to find sync target. Currently checking 2 peers for usefulness","throwable":""}
{"timestamp":"2024-12-18T18:21:57,130","container":"6190ecdb4e3d","level":"INFO","thread":"BftProcessorExecutor-QBFT-0","class":"QbftBesuControllerBuilder","message":"Imported #82 / 0 tx / 0 pending / 0 (0.0%) gas / (0x8ccaab3b7850d45ee1e709fd95860216bd465f7811b5e8ed3f88f30a2b44ae52)","throwable":""}
{"timestamp":"2024-12-18T18:21:57,642","container":"6190ecdb4e3d","level":"INFO","thread":"BftProcessorExecutor-QBFT-0","class":"BftProcessor","message":"Shutting down BFT event processor","throwable":""}
{"timestamp":"2024-12-18T18:21:57,644","container":"6190ecdb4e3d","level":"INFO","thread":"BesuCommand-Shutdown-Hook","class":"DefaultSynchronizer","message":"Stopping synchronizer","throwable":""}
{"timestamp":"2024-12-18T18:21:57,647","container":"6190ecdb4e3d","level":"INFO","thread":"BesuCommand-Shutdown-Hook","class":"NetworkRunner","message":"Stopping Network.","throwable":""}
{"timestamp":"2024-12-18T18:21:57,667","container":"6190ecdb4e3d","level":"INFO","thread":"BesuCommand-Shutdown-Hook","class":"EthProtocolManager","message":"Stopping eth Subprotocol.","throwable":""}
{"timestamp":"2024-12-18T18:21:57,766","container":"6190ecdb4e3d","level":"INFO","thread":"BesuCommand-Shutdown-Hook","class":"EthProtocolManager","message":"eth Subprotocol stopped.","throwable":""}
{"timestamp":"2024-12-18T18:21:57,767","container":"6190ecdb4e3d","level":"INFO","thread":"BesuCommand-Shutdown-Hook","class":"NetworkRunner","message":"Network stopped.","throwable":""}
{"timestamp":"2024-12-18T18:21:57,768","container":"6190ecdb4e3d","level":"INFO","thread":"BesuCommand-Shutdown-Hook","class":"AutoTransactionLogBloomCachingService","message":"Shutting down Auto transaction logs caching service.","throwable":""}
{"timestamp":"2024-12-18T18:21:57,770","container":"6190ecdb4e3d","level":"INFO","thread":"BesuCommand-Shutdown-Hook","class":"DockerNatManager","message":"Stopping docker NAT manager.","throwable":""}
