{"timestamp":"2025-05-14T19:20:14,978","container":"284cde93c83f","level":"INFO","thread":"main","class":"Besu","message":"Starting Besu","throwable":""}
{"timestamp":"2025-05-14T19:20:15,894","container":"284cde93c83f","level":"WARN","thread":"main","class":"Besu","message":"--min-gas-price has been ignored because --miner-enabled was not defined on the command line.","throwable":""}
{"timestamp":"2025-05-14T19:20:17,680","container":"284cde93c83f","level":"INFO","thread":"main","class":"Besu","message":"
####################################################################################################
#                                                                                                  #
# Besu version 23.4.1                                                                              #
#                                                                                                  #
# Configuration:                                                                                   #
# Network: Custom genesis file specified                                                           #
# Network Id: 1337                                                                                 #
# Data storage: Forest                                                                             #
# Sync mode: Full                                                                                  #
# RPC HTTP APIs: EEA,WEB3,ETH,NET,TRACE,DEBUG,ADMIN,TXPOOL,PRIV,PERM,QBFT                          #
# RPC HTTP port: 8545                                                                              #
#                                                                                                  #
# Host:                                                                                            #
# Java: openjdk-java-17                                                                            #
# Maximum heap size: 1.74 GB                                                                       #
# OS: linux-x86_64                                                                                 #
# glibc: 2.35                                                                                      #
# jemalloc: 5.2.1-0-gea6b3e973b477b8061e0076bb257dbd7f3faa756                                      #
# Total memory: 6.95 GB                                                                            #
# CPU cores: 4                                                                                     #
#                                                                                                  #
####################################################################################################","throwable":""}
{"timestamp":"2025-05-14T19:20:17,681","container":"284cde93c83f","level":"INFO","thread":"main","class":"Besu","message":"Connecting to 8 static nodes.","throwable":""}
{"timestamp":"2025-05-14T19:20:17,694","container":"284cde93c83f","level":"INFO","thread":"main","class":"Besu","message":"Security Module: localfile","throwable":""}
{"timestamp":"2025-05-14T19:20:17,840","container":"284cde93c83f","level":"INFO","thread":"main","class":"Besu","message":"Using the native implementation of alt bn128","throwable":""}
{"timestamp":"2025-05-14T19:20:17,981","container":"284cde93c83f","level":"INFO","thread":"main","class":"Besu","message":"Using the native implementation of modexp","throwable":""}
{"timestamp":"2025-05-14T19:20:17,986","container":"284cde93c83f","level":"INFO","thread":"main","class":"Besu","message":"Using the native implementation of the signature algorithm","throwable":""}
{"timestamp":"2025-05-14T19:20:17,997","container":"284cde93c83f","level":"INFO","thread":"main","class":"Besu","message":"Using the native implementation of the blake2bf algorithm","throwable":""}
{"timestamp":"2025-05-14T19:20:18,031","container":"284cde93c83f","level":"INFO","thread":"main","class":"RocksDBKeyValueStorageFactory","message":"No existing database detected at /opt/besu/data. Using version 1","throwable":""}
{"timestamp":"2025-05-14T19:20:20,228","container":"284cde93c83f","level":"INFO","thread":"main","class":"KeyPairUtil","message":"Loaded public key 0xb9050e002aa42464e6b07c811a1f9dfec01249af03f67b753e8415420649b184447bb2a784863ccbf327ad9e31aaba803464979dfe6a7facc669151a5fa6ad1b from /opt/besu/keys/nodekey","throwable":""}
{"timestamp":"2025-05-14T19:20:20,233","container":"284cde93c83f","level":"WARN","thread":"main","class":"Besu","message":"Privacy is disabled. Cannot use EEA/PRIV API methods when not using Privacy.","throwable":""}
{"timestamp":"2025-05-14T19:20:20,987","container":"284cde93c83f","level":"INFO","thread":"main","class":"ProtocolScheduleBuilder","message":"Protocol schedule created with milestones: [GrayGlacier: 0]","throwable":""}
{"timestamp":"2025-05-14T19:20:21,544","container":"284cde93c83f","level":"INFO","thread":"main","class":"TransactionPoolFactory","message":"Enabling transaction pool","throwable":""}
{"timestamp":"2025-05-14T19:20:21,673","container":"284cde93c83f","level":"INFO","thread":"main","class":"BesuControllerBuilder","message":"TTD difficulty is not present, creating initial sync phase for PoW","throwable":""}
{"timestamp":"2025-05-14T19:20:21,890","container":"284cde93c83f","level":"INFO","thread":"main","class":"RunnerBuilder","message":"Detecting NAT service.","throwable":""}
{"timestamp":"2025-05-14T19:20:23,777","container":"284cde93c83f","level":"INFO","thread":"main","class":"Runner","message":"Starting external services ... ","throwable":""}
{"timestamp":"2025-05-14T19:20:23,778","container":"284cde93c83f","level":"INFO","thread":"main","class":"MetricsHttpService","message":"Starting metrics http service on 0.0.0.0:9545","throwable":""}
{"timestamp":"2025-05-14T19:20:24,088","container":"284cde93c83f","level":"INFO","thread":"vert.x-eventloop-thread-1","class":"MetricsHttpService","message":"Metrics service started and listening on 0.0.0.0:9545","throwable":""}
{"timestamp":"2025-05-14T19:20:24,090","container":"284cde93c83f","level":"INFO","thread":"main","class":"JsonRpcHttpService","message":"Starting JSON-RPC service on 0.0.0.0:8545","throwable":""}
{"timestamp":"2025-05-14T19:20:24,122","container":"284cde93c83f","level":"INFO","thread":"vert.x-eventloop-thread-1","class":"JsonRpcHttpService","message":"JSON-RPC service started and listening on 0.0.0.0:8545","throwable":""}
{"timestamp":"2025-05-14T19:20:24,133","container":"284cde93c83f","level":"INFO","thread":"main","class":"GraphQLHttpService","message":"Starting GraphQL HTTP service on 0.0.0.0:8547","throwable":""}
{"timestamp":"2025-05-14T19:20:24,155","container":"284cde93c83f","level":"INFO","thread":"vert.x-eventloop-thread-1","class":"GraphQLHttpService","message":"GraphQL HTTP service started and listening on 0.0.0.0:8547","throwable":""}
{"timestamp":"2025-05-14T19:20:24,162","container":"284cde93c83f","level":"INFO","thread":"main","class":"WebSocketService","message":"Starting Websocket service on 0.0.0.0:8546","throwable":""}
{"timestamp":"2025-05-14T19:20:24,170","container":"284cde93c83f","level":"INFO","thread":"vert.x-eventloop-thread-1","class":"WebSocketService","message":"Websocket service started and listening on 0.0.0.0:8546","throwable":""}
{"timestamp":"2025-05-14T19:20:24,188","container":"284cde93c83f","level":"INFO","thread":"main","class":"AutoTransactionLogBloomCachingService","message":"Starting auto transaction log bloom caching service.","throwable":""}
{"timestamp":"2025-05-14T19:20:24,189","container":"284cde93c83f","level":"INFO","thread":"main","class":"LogBloomCacheMetadata","message":"Lookup cache metadata file in data directory: /opt/besu/data/caches","throwable":""}
{"timestamp":"2025-05-14T19:20:24,229","container":"284cde93c83f","level":"INFO","thread":"main","class":"Runner","message":"Starting Ethereum main loop ... ","throwable":""}
{"timestamp":"2025-05-14T19:20:24,240","container":"284cde93c83f","level":"INFO","thread":"main","class":"DockerNatManager","message":"Starting docker NAT manager.","throwable":""}
{"timestamp":"2025-05-14T19:20:24,315","container":"284cde93c83f","level":"INFO","thread":"main","class":"NetworkRunner","message":"Starting Network.","throwable":""}
{"timestamp":"2025-05-14T19:20:24,382","container":"284cde93c83f","level":"INFO","thread":"nioEventLoopGroup-2-1","class":"RlpxAgent","message":"P2P RLPx agent started and listening on /0.0.0.0:30303.","throwable":""}
{"timestamp":"2025-05-14T19:20:24,389","container":"284cde93c83f","level":"INFO","thread":"main","class":"PeerDiscoveryAgent","message":"Starting peer discovery agent on host=0.0.0.0, port=30303","throwable":""}
{"timestamp":"2025-05-14T19:20:24,452","container":"284cde93c83f","level":"INFO","thread":"vert.x-eventloop-thread-1","class":"VertxPeerDiscoveryAgent","message":"Started peer discovery agent successfully, on effective host=0.0.0.0 and port=30303","throwable":""}
{"timestamp":"2025-05-14T19:20:24,453","container":"284cde93c83f","level":"INFO","thread":"vert.x-eventloop-thread-1","class":"PeerDiscoveryAgent","message":"P2P peer discovery agent started and listening on /0.0.0.0:30303","throwable":""}
{"timestamp":"2025-05-14T19:20:24,654","container":"284cde93c83f","level":"INFO","thread":"vert.x-eventloop-thread-1","class":"PeerDiscoveryAgent","message":"Writing node record to disk. NodeRecord{seq=1, publicKey=0x03b9050e002aa42464e6b07c811a1f9dfec01249af03f67b753e8415420649b184, udpAddress=Optional[/172.16.239.12:30303], tcpAddress=Optional[/172.16.239.12:30303], asBase64=-Je4QKQHmGFKKivDE95ybnGcv2q6uaJvfrVUmrGih34o9Dw7ahmdclYk3evwDz6P3pwNyIKdqev5T5JXD_7GrO37OIkBg2V0aMfGhGpSrW2AgmlkgnY0gmlwhKwQ7wyJc2VjcDI1NmsxoQO5BQ4AKqQkZOawfIEaH53-wBJJrwP2e3U-hBVCBkmxhIN0Y3CCdl-DdWRwgnZf, nodeId=0x27059b2392ab7830b38b2f4d27a97c9aaf04f18f3014c32e036dd0ac76da5f18, customFields={tcp=30303, udp=30303, ip=0xac10ef0c, eth=[[0x6a52ad6d, 0x]], id=V4, secp256k1=0x03b9050e002aa42464e6b07c811a1f9dfec01249af03f67b753e8415420649b184}}","throwable":""}
{"timestamp":"2025-05-14T19:20:24,750","container":"284cde93c83f","level":"INFO","thread":"main","class":"DefaultP2PNetwork","message":"Enode URL enode://b9050e002aa42464e6b07c811a1f9dfec01249af03f67b753e8415420649b184447bb2a784863ccbf327ad9e31aaba803464979dfe6a7facc669151a5fa6ad1b@172.16.239.12:30303","throwable":""}
{"timestamp":"2025-05-14T19:20:24,751","container":"284cde93c83f","level":"INFO","thread":"main","class":"DefaultP2PNetwork","message":"Node address 0x27a97c9aaf04f18f3014c32e036dd0ac76da5f18","throwable":""}
{"timestamp":"2025-05-14T19:20:25,150","container":"284cde93c83f","level":"INFO","thread":"main","class":"NetworkRunner","message":"Supported capabilities: [eth/62, eth/63, eth/64, eth/65, eth/66, eth/67, eth/68], [istanbul/100], [snap/1]","throwable":""}
{"timestamp":"2025-05-14T19:20:25,162","container":"284cde93c83f","level":"INFO","thread":"main","class":"DefaultSynchronizer","message":"Starting synchronizer.","throwable":""}
{"timestamp":"2025-05-14T19:20:25,168","container":"284cde93c83f","level":"INFO","thread":"main","class":"TransactionPoolFactory","message":"Enabling transaction handling following initial sync","throwable":""}
{"timestamp":"2025-05-14T19:20:25,185","container":"284cde93c83f","level":"INFO","thread":"main","class":"FullSyncDownloader","message":"Starting full sync.","throwable":""}
{"timestamp":"2025-05-14T19:20:25,185","container":"284cde93c83f","level":"INFO","thread":"main","class":"FullSyncTargetManager","message":"Unable to find sync target. Currently checking 0 peers for usefulness","throwable":""}
{"timestamp":"2025-05-14T19:20:25,800","container":"284cde93c83f","level":"INFO","thread":"main","class":"Runner","message":"Ethereum main loop is up.","throwable":""}
{"timestamp":"2025-05-14T19:20:26,261","container":"284cde93c83f","level":"INFO","thread":"nioEventLoopGroup-3-3","class":"FullSyncTargetManager","message":"Unable to find sync target. Currently checking 5 peers for usefulness","throwable":""}
{"timestamp":"2025-05-14T19:20:31,269","container":"284cde93c83f","level":"INFO","thread":"EthScheduler-Timer-0","class":"FullSyncTargetManager","message":"Unable to find sync target. Currently checking 5 peers for usefulness","throwable":""}
{"timestamp":"2025-05-14T19:20:35,792","container":"284cde93c83f","level":"INFO","thread":"BftProcessorExecutor-QBFT-0","class":"QbftRound","message":"Importing proposed block to chain. round=ConsensusRoundIdentifier{Sequence=1, Round=1}, hash=0x52df8dd6d44d03e7091e67eb1fccf9821b63049cc86c5301cb0b16ad533797dc","throwable":""}
{"timestamp":"2025-05-14T19:20:35,846","container":"284cde93c83f","level":"INFO","thread":"BftProcessorExecutor-QBFT-0","class":"QbftBesuControllerBuilder","message":"Imported #1 / 0 tx / 0 pending / 0 (0.0%) gas / (0x52df8dd6d44d03e7091e67eb1fccf9821b63049cc86c5301cb0b16ad533797dc)","throwable":""}
{"timestamp":"2025-05-14T19:20:36,272","container":"284cde93c83f","level":"INFO","thread":"EthScheduler-Timer-0","class":"FullSyncTargetManager","message":"Unable to find sync target. Currently checking 5 peers for usefulness","throwable":""}
{"timestamp":"2025-05-14T19:20:41,274","container":"284cde93c83f","level":"INFO","thread":"EthScheduler-Timer-0","class":"FullSyncTargetManager","message":"Unable to find sync target. Currently checking 5 peers for usefulness","throwable":""}
{"timestamp":"2025-05-14T19:20:43,165","container":"284cde93c83f","level":"INFO","thread":"BftProcessorExecutor-QBFT-0","class":"QbftBesuControllerBuilder","message":"Imported #2 / 0 tx / 0 pending / 0 (0.0%) gas / (0xae98e347fc3dc4f9fdfb7212721aa260d1d7275ec82bc2797c6cfaacb7a56c63)","throwable":""}
{"timestamp":"2025-05-14T19:20:51,207","container":"284cde93c83f","level":"INFO","thread":"BftProcessorExecutor-QBFT-0","class":"QbftBesuControllerBuilder","message":"Imported #3 / 0 tx / 0 pending / 0 (0.0%) gas / (0x39878938ebcfdee9ffae4a2c56a282334c19a625a2e4e22a83af13e53d9c47e2)","throwable":""}
{"timestamp":"2025-05-14T19:20:51,228","container":"284cde93c83f","level":"INFO","thread":"EthScheduler-Workers-0","class":"PersistBlockTask","message":"Block 3 (0x39878938ebcfdee9ffae4a2c56a282334c19a625a2e4e22a83af13e53d9c47e2) is already imported","throwable":""}
{"timestamp":"2025-05-14T19:20:59,179","container":"284cde93c83f","level":"INFO","thread":"EthScheduler-Workers-0","class":"PersistBlockTask","message":"Block 4 (0x71a9f7f07cf05e7f97e40f418dc6e767a4068f1f3db7d02ab7ff0e630cdf5b3c) is already imported","throwable":""}
{"timestamp":"2025-05-14T19:20:59,180","container":"284cde93c83f","level":"INFO","thread":"BftProcessorExecutor-QBFT-0","class":"QbftBesuControllerBuilder","message":"Produced #4 / 0 tx / 0 pending / 0 (0.0%) gas / (0x71a9f7f07cf05e7f97e40f418dc6e767a4068f1f3db7d02ab7ff0e630cdf5b3c)","throwable":""}
{"timestamp":"2025-05-14T19:21:07,126","container":"284cde93c83f","level":"INFO","thread":"BftProcessorExecutor-QBFT-0","class":"QbftBesuControllerBuilder","message":"Imported #5 / 0 tx / 0 pending / 0 (0.0%) gas / (0x1796458150577c1eefbc0c600f64b115888a434bc0f0441a4d25099eaff973f1)","throwable":""}
{"timestamp":"2025-05-14T19:21:15,153","container":"284cde93c83f","level":"INFO","thread":"BftProcessorExecutor-QBFT-0","class":"QbftBesuControllerBuilder","message":"Imported #6 / 1 tx / 0 pending / 200,153 (0.0%) gas / (0x2be827a49d94a09acda7750d5b8aa069753bfc6589ae9a1791df5b579b62fba5)","throwable":""}
{"timestamp":"2025-05-14T19:21:23,119","container":"284cde93c83f","level":"INFO","thread":"EthScheduler-Workers-0","class":"PersistBlockTask","message":"Imported #7 / 1 tx / 0 om / 28,222 (0.0%) gas / (0x76ef1f59e8d8685d819c06043eeac90fce14b0affdc699845bde5e90444a10de) in 0.021s. Peers: 5","throwable":""}
{"timestamp":"2025-05-14T19:21:23,123","container":"284cde93c83f","level":"INFO","thread":"BftProcessorExecutor-QBFT-0","class":"QbftBesuControllerBuilder","message":"Imported #7 / 1 tx / 0 pending / 28,222 (0.0%) gas / (0x76ef1f59e8d8685d819c06043eeac90fce14b0affdc699845bde5e90444a10de)","throwable":""}
{"timestamp":"2025-05-14T19:21:31,132","container":"284cde93c83f","level":"INFO","thread":"BftProcessorExecutor-QBFT-0","class":"QbftBesuControllerBuilder","message":"Produced #8 / 0 tx / 0 pending / 0 (0.0%) gas / (0xd348e41dcad9a05fca0b50734873f74fef1fde48fd4fdc04caf61ed3c2ff7500)","throwable":""}
{"timestamp":"2025-05-14T19:21:39,100","container":"284cde93c83f","level":"INFO","thread":"EthScheduler-Workers-0","class":"PersistBlockTask","message":"Block 9 (0x32c8f7c6d999d05d7cc77744a871f7d9db7ca37094712e49a0e4e0b33994fa8e) is already imported","throwable":""}
{"timestamp":"2025-05-14T19:21:39,108","container":"284cde93c83f","level":"INFO","thread":"BftProcessorExecutor-QBFT-0","class":"QbftBesuControllerBuilder","message":"Imported #9 / 0 tx / 0 pending / 0 (0.0%) gas / (0x32c8f7c6d999d05d7cc77744a871f7d9db7ca37094712e49a0e4e0b33994fa8e)","throwable":""}
{"timestamp":"2025-05-14T19:21:47,109","container":"284cde93c83f","level":"INFO","thread":"BftProcessorExecutor-QBFT-0","class":"QbftBesuControllerBuilder","message":"Imported #10 / 0 tx / 0 pending / 0 (0.0%) gas / (0x259559edf36d2ee5730a0c1524b294b6bb314f5497f3b6427a20848d00cb9ba5)","throwable":""}
{"timestamp":"2025-05-14T19:21:55,129","container":"284cde93c83f","level":"INFO","thread":"EthScheduler-Workers-0","class":"PersistBlockTask","message":"Imported #11 / 0 tx / 0 om / 0 (0.0%) gas / (0x42e16cbe3d65255f723f97466706f8339878c5e4db53db2508c9dec74bd66130) in 0.014s. Peers: 5","throwable":""}
{"timestamp":"2025-05-14T19:21:55,130","container":"284cde93c83f","level":"INFO","thread":"BftProcessorExecutor-QBFT-0","class":"QbftBesuControllerBuilder","message":"Imported #11 / 0 tx / 0 pending / 0 (0.0%) gas / (0x42e16cbe3d65255f723f97466706f8339878c5e4db53db2508c9dec74bd66130)","throwable":""}
{"timestamp":"2025-05-14T19:22:03,094","container":"284cde93c83f","level":"INFO","thread":"EthScheduler-Workers-0","class":"PersistBlockTask","message":"Imported #12 / 0 tx / 0 om / 0 (0.0%) gas / (0xed57e026e34143c28809655ea451bc2f628f1d1c85f76310adb74ee7e5c2ed09) in 0.003s. Peers: 5","throwable":""}
{"timestamp":"2025-05-14T19:22:11,122","container":"284cde93c83f","level":"INFO","thread":"EthScheduler-Workers-0","class":"PersistBlockTask","message":"Block 13 (0x6c80b8563f7a4b49aa0a483270b44746c15477e21211ef37a45b489a8030dcae) is already imported","throwable":""}
{"timestamp":"2025-05-14T19:22:11,125","container":"284cde93c83f","level":"INFO","thread":"BftProcessorExecutor-QBFT-0","class":"QbftBesuControllerBuilder","message":"Imported #13 / 0 tx / 0 pending / 0 (0.0%) gas / (0x6c80b8563f7a4b49aa0a483270b44746c15477e21211ef37a45b489a8030dcae)","throwable":""}
{"timestamp":"2025-05-14T19:22:19,067","container":"284cde93c83f","level":"INFO","thread":"BftProcessorExecutor-QBFT-0","class":"QbftBesuControllerBuilder","message":"Imported #14 / 0 tx / 0 pending / 0 (0.0%) gas / (0x9b3de89d23e362a2e80d243b8c2fc9e3e00143e1f18b0a9f1ce8e916f9c9c3f1)","throwable":""}
{"timestamp":"2025-05-14T19:22:27,087","container":"284cde93c83f","level":"INFO","thread":"BftProcessorExecutor-QBFT-0","class":"QbftBesuControllerBuilder","message":"Imported #15 / 0 tx / 0 pending / 0 (0.0%) gas / (0x6c307cfefe679a750208a94ba0f662912e11e141ead47416fca6f13d94ac9c40)","throwable":""}
{"timestamp":"2025-05-14T19:22:35,086","container":"284cde93c83f","level":"INFO","thread":"BftProcessorExecutor-QBFT-0","class":"QbftBesuControllerBuilder","message":"Produced #16 / 0 tx / 0 pending / 0 (0.0%) gas / (0xf5938fe9009574d250fae3853cb7fb110db2d56186d7edad8c7c459c80e6863e)","throwable":""}
{"timestamp":"2025-05-14T19:22:35,091","container":"284cde93c83f","level":"INFO","thread":"EthScheduler-Workers-0","class":"PersistBlockTask","message":"Imported #16 / 0 tx / 0 om / 0 (0.0%) gas / (0xf5938fe9009574d250fae3853cb7fb110db2d56186d7edad8c7c459c80e6863e) in 0.002s. Peers: 5","throwable":""}
{"timestamp":"2025-05-14T19:22:43,053","container":"284cde93c83f","level":"INFO","thread":"BftProcessorExecutor-QBFT-0","class":"QbftBesuControllerBuilder","message":"Imported #17 / 0 tx / 0 pending / 0 (0.0%) gas / (0x510a5683487869fcff70e30dcdc50f5f434afbc2aff4a2f42d27af9eee4e4944)","throwable":""}
{"timestamp":"2025-05-14T19:22:51,075","container":"284cde93c83f","level":"INFO","thread":"BftProcessorExecutor-QBFT-0","class":"QbftBesuControllerBuilder","message":"Imported #18 / 0 tx / 0 pending / 0 (0.0%) gas / (0xd6f6ea5c896bfac104bc51c16c1b1e9276dd4cb099450a83b430c34bf2e570c9)","throwable":""}
{"timestamp":"2025-05-14T19:22:59,086","container":"284cde93c83f","level":"INFO","thread":"BftProcessorExecutor-QBFT-0","class":"QbftBesuControllerBuilder","message":"Imported #19 / 0 tx / 0 pending / 0 (0.0%) gas / (0xabaded7ace06e6a13f0fb09d5365ea603d49f6f36e51af60d9404247a5cc2222)","throwable":""}
{"timestamp":"2025-05-14T19:23:07,062","container":"284cde93c83f","level":"INFO","thread":"BftProcessorExecutor-QBFT-0","class":"QbftBesuControllerBuilder","message":"Produced #20 / 0 tx / 0 pending / 0 (0.0%) gas / (0x46c2db45648ff5886d1cfd15a29df7110d666bfe721a6dbcd117f678337b64c1)","throwable":""}
{"timestamp":"2025-05-14T19:23:15,129","container":"284cde93c83f","level":"INFO","thread":"BftProcessorExecutor-QBFT-0","class":"QbftBesuControllerBuilder","message":"Imported #21 / 0 tx / 0 pending / 0 (0.0%) gas / (0x91ed61245c5125624857f21cbe5f5b58b71368b396e8ac76662fb50d0d30038d)","throwable":""}
{"timestamp":"2025-05-14T19:23:23,054","container":"284cde93c83f","level":"INFO","thread":"EthScheduler-Workers-0","class":"PersistBlockTask","message":"Imported #22 / 0 tx / 0 om / 0 (0.0%) gas / (0x43b31d7a3a8b1ec9d72da017ef1b7705a2e4fe0a11aade095b0ed7bd43c3650f) in 0.005s. Peers: 5","throwable":""}
{"timestamp":"2025-05-14T19:23:31,088","container":"284cde93c83f","level":"INFO","thread":"BftProcessorExecutor-QBFT-0","class":"QbftBesuControllerBuilder","message":"Imported #23 / 0 tx / 0 pending / 0 (0.0%) gas / (0x191717b7ac32cb7c002c5dcd022f51f2bafab33632fe539db9aed034a2359735)","throwable":""}
{"timestamp":"2025-05-14T19:23:39,078","container":"284cde93c83f","level":"INFO","thread":"BftProcessorExecutor-QBFT-0","class":"QbftBesuControllerBuilder","message":"Produced #24 / 0 tx / 0 pending / 0 (0.0%) gas / (0x1368989e1e6b1222bfc79bfb6426185ec2b65003ed3797fb352fa63c8a08d3b3)","throwable":""}
{"timestamp":"2025-05-14T19:23:47,067","container":"284cde93c83f","level":"INFO","thread":"EthScheduler-Workers-0","class":"PersistBlockTask","message":"Imported #25 / 0 tx / 0 om / 0 (0.0%) gas / (0x74ffd2411a77e3a9053966b777a1ab0d59f148275da59e2d91ee94ebab2a1992) in 0.002s. Peers: 5","throwable":""}
{"timestamp":"2025-05-14T19:23:47,078","container":"284cde93c83f","level":"INFO","thread":"BftProcessorExecutor-QBFT-0","class":"QbftBesuControllerBuilder","message":"Imported #25 / 0 tx / 0 pending / 0 (0.0%) gas / (0x74ffd2411a77e3a9053966b777a1ab0d59f148275da59e2d91ee94ebab2a1992)","throwable":""}
{"timestamp":"2025-05-14T19:23:55,075","container":"284cde93c83f","level":"INFO","thread":"EthScheduler-Workers-0","class":"PersistBlockTask","message":"Imported #26 / 0 tx / 0 om / 0 (0.0%) gas / (0x2eec4c421436f360b2843082936a67fc7c8cd47c19b109b9de6e61de05d7a18c) in 0.002s. Peers: 5","throwable":""}
{"timestamp":"2025-05-14T19:24:03,061","container":"284cde93c83f","level":"INFO","thread":"BftProcessorExecutor-QBFT-0","class":"QbftBesuControllerBuilder","message":"Imported #27 / 0 tx / 0 pending / 0 (0.0%) gas / (0xf94d19fb8f36c547d1b0e65330fe4f22baa4018eadef33744f714b8ebc02dc3f)","throwable":""}
{"timestamp":"2025-05-14T19:24:11,064","container":"284cde93c83f","level":"INFO","thread":"BftProcessorExecutor-QBFT-0","class":"QbftBesuControllerBuilder","message":"Produced #28 / 0 tx / 0 pending / 0 (0.0%) gas / (0xc8579b9b0e76402276f868880ce9ba057080f185eac1e1162b5c7b8284a263ff)","throwable":""}
{"timestamp":"2025-05-14T19:24:19,093","container":"284cde93c83f","level":"INFO","thread":"EthScheduler-Workers-0","class":"PersistBlockTask","message":"Imported #29 / 0 tx / 0 om / 0 (0.0%) gas / (0xa57a59c9c127892332ceaef96ce490357eee8d4b5d5e28d938ca485446a4c9a7) in 0.024s. Peers: 5","throwable":""}
{"timestamp":"2025-05-14T19:24:27,052","container":"284cde93c83f","level":"INFO","thread":"BftProcessorExecutor-QBFT-0","class":"QbftBesuControllerBuilder","message":"Imported #30 / 0 tx / 0 pending / 0 (0.0%) gas / (0x6faa2bbfef3e8ebd9264eeefd8c7adb219f58c99b7450deca31845b7dd15ab3e)","throwable":""}
{"timestamp":"2025-05-14T19:24:35,095","container":"284cde93c83f","level":"INFO","thread":"EthScheduler-Workers-0","class":"PersistBlockTask","message":"Block 31 (0x546398b2ae3c61312ff5ed7842cd387b0ced3cf7033f388315ec3d3b408cee3a) is already imported","throwable":""}
{"timestamp":"2025-05-14T19:24:35,095","container":"284cde93c83f","level":"INFO","thread":"BftProcessorExecutor-QBFT-0","class":"QbftBesuControllerBuilder","message":"Imported #31 / 0 tx / 0 pending / 0 (0.0%) gas / (0x546398b2ae3c61312ff5ed7842cd387b0ced3cf7033f388315ec3d3b408cee3a)","throwable":""}
{"timestamp":"2025-05-14T19:24:43,054","container":"284cde93c83f","level":"INFO","thread":"EthScheduler-Workers-0","class":"PersistBlockTask","message":"Imported #32 / 0 tx / 0 om / 0 (0.0%) gas / (0xf7b26d748afdd2e1a38c2785b38b7ed7c958b54809e485099cf9644bd2089c32) in 0.002s. Peers: 5","throwable":""}
{"timestamp":"2025-05-14T19:24:51,025","container":"284cde93c83f","level":"INFO","thread":"BftProcessorExecutor-QBFT-0","class":"QbftBesuControllerBuilder","message":"Imported #33 / 0 tx / 0 pending / 0 (0.0%) gas / (0xe1142263ca06b165f2986f442e268c27bb7c424a7522be41c3386db3edd0e4ef)","throwable":""}
{"timestamp":"2025-05-14T19:24:59,051","container":"284cde93c83f","level":"INFO","thread":"BftProcessorExecutor-QBFT-0","class":"QbftBesuControllerBuilder","message":"Imported #34 / 0 tx / 0 pending / 0 (0.0%) gas / (0xb9f2d9e15169bd81917fa3f62294923cd2280171200ff05152d957a017c3ee8b)","throwable":""}
{"timestamp":"2025-05-14T19:25:07,064","container":"284cde93c83f","level":"INFO","thread":"EthScheduler-Workers-0","class":"PersistBlockTask","message":"Imported #35 / 0 tx / 0 om / 0 (0.0%) gas / (0x49a5e64d69ec4f8d8fd780b641169e28518281c64a7b03c413f1beb9a54d2726) in 0.013s. Peers: 5","throwable":""}
{"timestamp":"2025-05-14T19:25:15,099","container":"284cde93c83f","level":"INFO","thread":"EthScheduler-Workers-0","class":"PersistBlockTask","message":"Block 36 (0x079810c2b970c291dde7614ff78180173b8a5d8e29ee1931e4a703c87e811654) is already imported","throwable":""}
{"timestamp":"2025-05-14T19:25:15,101","container":"284cde93c83f","level":"INFO","thread":"BftProcessorExecutor-QBFT-0","class":"QbftBesuControllerBuilder","message":"Produced #36 / 0 tx / 0 pending / 0 (0.0%) gas / (0x079810c2b970c291dde7614ff78180173b8a5d8e29ee1931e4a703c87e811654)","throwable":""}
{"timestamp":"2025-05-14T19:25:23,070","container":"284cde93c83f","level":"INFO","thread":"BftProcessorExecutor-QBFT-0","class":"QbftBesuControllerBuilder","message":"Imported #37 / 0 tx / 0 pending / 0 (0.0%) gas / (0x8989ecaa2c5a14c90da889ff552d2c1a9b07a1c3e82e0f264364fccbc170a993)","throwable":""}
{"timestamp":"2025-05-14T19:25:31,067","container":"284cde93c83f","level":"INFO","thread":"EthScheduler-Workers-0","class":"PersistBlockTask","message":"Imported #38 / 0 tx / 0 om / 0 (0.0%) gas / (0x293bd40d1cc36aef411822925dda48d3a8142dc90dc484d96c79078be253c14b) in 0.007s. Peers: 5","throwable":""}
{"timestamp":"2025-05-14T19:25:31,073","container":"284cde93c83f","level":"INFO","thread":"BftProcessorExecutor-QBFT-0","class":"QbftBesuControllerBuilder","message":"Imported #38 / 0 tx / 0 pending / 0 (0.0%) gas / (0x293bd40d1cc36aef411822925dda48d3a8142dc90dc484d96c79078be253c14b)","throwable":""}
{"timestamp":"2025-05-14T19:25:39,067","container":"284cde93c83f","level":"INFO","thread":"BftProcessorExecutor-QBFT-0","class":"QbftBesuControllerBuilder","message":"Imported #39 / 0 tx / 0 pending / 0 (0.0%) gas / (0x580440bd97c4492db1d184132115ee888b74ff7b1dd7a02a01fe71ce26d990e8)","throwable":""}
{"timestamp":"2025-05-14T19:25:47,088","container":"284cde93c83f","level":"INFO","thread":"EthScheduler-Workers-0","class":"PersistBlockTask","message":"Imported #40 / 0 tx / 0 om / 0 (0.0%) gas / (0x9021e3444f35c02340f19b0b7349272c6fd2edb33ad7d6c6d928f5c26f70bb4c) in 0.004s. Peers: 5","throwable":""}
{"timestamp":"2025-05-14T19:25:55,058","container":"284cde93c83f","level":"INFO","thread":"EthScheduler-Workers-0","class":"PersistBlockTask","message":"Imported #41 / 0 tx / 0 om / 0 (0.0%) gas / (0xc12e45011f6b0bd52f6171665b2d32ddaa03ed25e7d8e86bae007cbb8729cf6b) in 0.016s. Peers: 5","throwable":""}
{"timestamp":"2025-05-14T19:26:03,076","container":"284cde93c83f","level":"INFO","thread":"BftProcessorExecutor-QBFT-0","class":"QbftBesuControllerBuilder","message":"Imported #42 / 0 tx / 0 pending / 0 (0.0%) gas / (0xe2354427eb90050fcd8b0e07cdc9a4b62e48ce7ba22d750b65ed8ba0a623fdab)","throwable":""}
{"timestamp":"2025-05-14T19:26:11,072","container":"284cde93c83f","level":"INFO","thread":"BftProcessorExecutor-QBFT-0","class":"QbftBesuControllerBuilder","message":"Imported #43 / 0 tx / 0 pending / 0 (0.0%) gas / (0xf7172f3fe4a4cd5640f3303c7cbe0fce9ce21c0d1373d562e1bfd6f1b8b516ee)","throwable":""}
{"timestamp":"2025-05-14T19:26:19,058","container":"284cde93c83f","level":"INFO","thread":"BftProcessorExecutor-QBFT-0","class":"QbftBesuControllerBuilder","message":"Produced #44 / 0 tx / 0 pending / 0 (0.0%) gas / (0xc570a7e4d5f175f33a9df59b3257f32cf1ee6e8d6a145d826b2e08a5e7469f2a)","throwable":""}
{"timestamp":"2025-05-14T19:26:27,028","container":"284cde93c83f","level":"INFO","thread":"BftProcessorExecutor-QBFT-0","class":"QbftBesuControllerBuilder","message":"Imported #45 / 0 tx / 0 pending / 0 (0.0%) gas / (0xb8e293acc6d41377031e44b240b54a38fd6427438689dc88e236e3d08460735b)","throwable":""}
{"timestamp":"2025-05-14T19:26:35,051","container":"284cde93c83f","level":"INFO","thread":"EthScheduler-Workers-0","class":"PersistBlockTask","message":"Block 46 (0xb2b4239f09fb8d5466d07fd0d720545a23d365d54c2bf48ee6352c8ac22ff64e) is already imported","throwable":""}
{"timestamp":"2025-05-14T19:26:35,056","container":"284cde93c83f","level":"INFO","thread":"BftProcessorExecutor-QBFT-0","class":"QbftBesuControllerBuilder","message":"Imported #46 / 0 tx / 0 pending / 0 (0.0%) gas / (0xb2b4239f09fb8d5466d07fd0d720545a23d365d54c2bf48ee6352c8ac22ff64e)","throwable":""}
{"timestamp":"2025-05-14T19:26:43,061","container":"284cde93c83f","level":"INFO","thread":"EthScheduler-Workers-0","class":"PersistBlockTask","message":"Imported #47 / 0 tx / 0 om / 0 (0.0%) gas / (0x89e5c6291238e3f5f161bbc66e2014ffc7b55560feafe33ca44438b1c6b5b6c8) in 0.002s. Peers: 5","throwable":""}
{"timestamp":"2025-05-14T19:26:43,065","container":"284cde93c83f","level":"INFO","thread":"BftProcessorExecutor-QBFT-0","class":"QbftBesuControllerBuilder","message":"Imported #47 / 0 tx / 0 pending / 0 (0.0%) gas / (0x89e5c6291238e3f5f161bbc66e2014ffc7b55560feafe33ca44438b1c6b5b6c8)","throwable":""}
{"timestamp":"2025-05-14T19:26:51,055","container":"284cde93c83f","level":"INFO","thread":"EthScheduler-Workers-0","class":"PersistBlockTask","message":"Imported #48 / 0 tx / 0 om / 0 (0.0%) gas / (0x4552682d57845d4587fe6c9ffd608b8c05be6b4c2d0156d799b6cb66fa4ba72c) in 0.002s. Peers: 5","throwable":""}
{"timestamp":"2025-05-14T19:26:59,046","container":"284cde93c83f","level":"INFO","thread":"BftProcessorExecutor-QBFT-0","class":"QbftBesuControllerBuilder","message":"Imported #49 / 0 tx / 0 pending / 0 (0.0%) gas / (0x2e29645660c4b6e728a88d6ce29195e52d7449e060cb5b3135cf7dd9e93155fe)","throwable":""}
{"timestamp":"2025-05-14T19:27:07,050","container":"284cde93c83f","level":"INFO","thread":"BftProcessorExecutor-QBFT-0","class":"QbftBesuControllerBuilder","message":"Imported #50 / 0 tx / 0 pending / 0 (0.0%) gas / (0x93c7a038777b948b20785a027089b8bb9d4a2897be4c7d64bcb2b3b6cd3f3028)","throwable":""}
{"timestamp":"2025-05-14T19:27:15,053","container":"284cde93c83f","level":"INFO","thread":"EthScheduler-Workers-0","class":"PersistBlockTask","message":"Block 51 (0x1af33717db2707d5d00e3c32c855fd74fbe4c1ee39033d99976dc2f92086edad) is already imported","throwable":""}
{"timestamp":"2025-05-14T19:27:15,055","container":"284cde93c83f","level":"INFO","thread":"BftProcessorExecutor-QBFT-0","class":"QbftBesuControllerBuilder","message":"Imported #51 / 0 tx / 0 pending / 0 (0.0%) gas / (0x1af33717db2707d5d00e3c32c855fd74fbe4c1ee39033d99976dc2f92086edad)","throwable":""}
{"timestamp":"2025-05-14T19:27:23,073","container":"284cde93c83f","level":"INFO","thread":"EthScheduler-Workers-0","class":"PersistBlockTask","message":"Block 52 (0xae12b6e63166e4f947638829224dd24635f2b136e86945c324624f856f1754d4) is already imported","throwable":""}
{"timestamp":"2025-05-14T19:27:23,077","container":"284cde93c83f","level":"INFO","thread":"BftProcessorExecutor-QBFT-0","class":"QbftBesuControllerBuilder","message":"Produced #52 / 0 tx / 0 pending / 0 (0.0%) gas / (0xae12b6e63166e4f947638829224dd24635f2b136e86945c324624f856f1754d4)","throwable":""}
{"timestamp":"2025-05-14T19:27:31,055","container":"284cde93c83f","level":"INFO","thread":"BftProcessorExecutor-QBFT-0","class":"QbftBesuControllerBuilder","message":"Imported #53 / 0 tx / 0 pending / 0 (0.0%) gas / (0x4810182ce445b9eff96ef421420883f337f5f8f908bbb5949b608642e15b1fd1)","throwable":""}
{"timestamp":"2025-05-14T19:27:39,046","container":"284cde93c83f","level":"INFO","thread":"BftProcessorExecutor-QBFT-0","class":"QbftBesuControllerBuilder","message":"Imported #54 / 0 tx / 0 pending / 0 (0.0%) gas / (0x25ff69a5115937eec0677dcb3d37ebafced567b505151e5817b7de722a24650b)","throwable":""}
{"timestamp":"2025-05-14T19:27:47,065","container":"284cde93c83f","level":"INFO","thread":"BftProcessorExecutor-QBFT-0","class":"QbftBesuControllerBuilder","message":"Imported #55 / 0 tx / 0 pending / 0 (0.0%) gas / (0x99150a706864800235944272b8328f5e4fd339b2736fd566a871bd1b9935248c)","throwable":""}
{"timestamp":"2025-05-14T19:27:55,059","container":"284cde93c83f","level":"INFO","thread":"BftProcessorExecutor-QBFT-0","class":"QbftBesuControllerBuilder","message":"Produced #56 / 0 tx / 0 pending / 0 (0.0%) gas / (0xeaa11d2fff521d318a221e73088642c1a4ffe38bc299f890421182b46a970e4e)","throwable":""}
{"timestamp":"2025-05-14T19:28:03,041","container":"284cde93c83f","level":"INFO","thread":"BftProcessorExecutor-QBFT-0","class":"QbftBesuControllerBuilder","message":"Imported #57 / 0 tx / 0 pending / 0 (0.0%) gas / (0xf3e46dc5bac5d3723c5f63567495ca6c2711c262e8493c168feec1f9f10e2653)","throwable":""}
{"timestamp":"2025-05-14T19:28:11,063","container":"284cde93c83f","level":"INFO","thread":"EthScheduler-Workers-0","class":"PersistBlockTask","message":"Block 58 (0x24cb4c6e8a19b08afcb8cfd8da4c36dd531cd95dae9e89c653fa619355a20c7b) is already imported","throwable":""}
{"timestamp":"2025-05-14T19:28:11,052","container":"284cde93c83f","level":"INFO","thread":"BftProcessorExecutor-QBFT-0","class":"QbftBesuControllerBuilder","message":"Imported #58 / 0 tx / 0 pending / 0 (0.0%) gas / (0x24cb4c6e8a19b08afcb8cfd8da4c36dd531cd95dae9e89c653fa619355a20c7b)","throwable":""}
{"timestamp":"2025-05-14T19:28:19,083","container":"284cde93c83f","level":"INFO","thread":"BftProcessorExecutor-QBFT-0","class":"QbftBesuControllerBuilder","message":"Imported #59 / 0 tx / 0 pending / 0 (0.0%) gas / (0xb5d2744c4c132af12130a17f620a04a45fada3d345f09a876ab496c1794821fa)","throwable":""}
{"timestamp":"2025-05-14T19:28:27,074","container":"284cde93c83f","level":"INFO","thread":"BftProcessorExecutor-QBFT-0","class":"QbftBesuControllerBuilder","message":"Produced #60 / 0 tx / 0 pending / 0 (0.0%) gas / (0x3dddb304dbcb6a0ab398682df82a87fb6d4511eb21e359a069b7958d0a12ce4d)","throwable":""}
{"timestamp":"2025-05-14T19:28:35,047","container":"284cde93c83f","level":"INFO","thread":"BftProcessorExecutor-QBFT-0","class":"QbftBesuControllerBuilder","message":"Imported #61 / 0 tx / 0 pending / 0 (0.0%) gas / (0xa0e653b5edd1d8fe66b020d1a7120f53934ba8fd3c6273f3e61f1c8e72d9c04b)","throwable":""}
{"timestamp":"2025-05-14T19:28:35,047","container":"284cde93c83f","level":"INFO","thread":"EthScheduler-Workers-0","class":"PersistBlockTask","message":"Imported #61 / 0 tx / 0 om / 0 (0.0%) gas / (0xa0e653b5edd1d8fe66b020d1a7120f53934ba8fd3c6273f3e61f1c8e72d9c04b) in 0.005s. Peers: 5","throwable":""}
{"timestamp":"2025-05-14T19:28:43,059","container":"284cde93c83f","level":"INFO","thread":"EthScheduler-Workers-0","class":"PersistBlockTask","message":"Block 62 (0x0a1fbf151436a03a377645a66da91e12bb8562703725c150085530fd8d76c2e4) is already imported","throwable":""}
{"timestamp":"2025-05-14T19:28:43,061","container":"284cde93c83f","level":"INFO","thread":"BftProcessorExecutor-QBFT-0","class":"QbftBesuControllerBuilder","message":"Imported #62 / 0 tx / 0 pending / 0 (0.0%) gas / (0x0a1fbf151436a03a377645a66da91e12bb8562703725c150085530fd8d76c2e4)","throwable":""}
{"timestamp":"2025-05-14T19:28:51,071","container":"284cde93c83f","level":"INFO","thread":"BftProcessorExecutor-QBFT-0","class":"QbftBesuControllerBuilder","message":"Imported #63 / 0 tx / 0 pending / 0 (0.0%) gas / (0xc29d17ddcf831a0dabc5283fdff4b74c7b32d77bcf23d21419db45d2f1128b06)","throwable":""}
{"timestamp":"2025-05-14T19:28:59,043","container":"284cde93c83f","level":"INFO","thread":"BftProcessorExecutor-QBFT-0","class":"QbftBesuControllerBuilder","message":"Produced #64 / 0 tx / 0 pending / 0 (0.0%) gas / (0xe17726f0e9c8526c02258c8d08b224ea84a4f17e3504cddde1e35a17de513476)","throwable":""}
{"timestamp":"2025-05-14T19:29:07,029","container":"284cde93c83f","level":"INFO","thread":"EthScheduler-Workers-0","class":"PersistBlockTask","message":"Imported #65 / 0 tx / 0 om / 0 (0.0%) gas / (0x15ec9fed67e97998a72ead00b81e3631174bdb97a34764a7b2ba62e82520298a) in 0.002s. Peers: 5","throwable":""}
{"timestamp":"2025-05-14T19:29:15,039","container":"284cde93c83f","level":"INFO","thread":"BftProcessorExecutor-QBFT-0","class":"QbftBesuControllerBuilder","message":"Imported #66 / 0 tx / 0 pending / 0 (0.0%) gas / (0x889500d43c379b20d877ba4bd032dbb0716ff362d90d50ca9a97b7c62281a957)","throwable":""}
{"timestamp":"2025-05-14T19:29:23,064","container":"284cde93c83f","level":"INFO","thread":"BftProcessorExecutor-QBFT-0","class":"QbftBesuControllerBuilder","message":"Imported #67 / 0 tx / 0 pending / 0 (0.0%) gas / (0x3fb9894686741819d4811611a5316e911cbc9d80180d514426416e22eec45587)","throwable":""}
{"timestamp":"2025-05-16T12:03:50,516","container":"284cde93c83f","level":"INFO","thread":"main","class":"Besu","message":"Starting Besu","throwable":""}
{"timestamp":"2025-05-16T12:03:51,789","container":"284cde93c83f","level":"WARN","thread":"main","class":"Besu","message":"--min-gas-price has been ignored because --miner-enabled was not defined on the command line.","throwable":""}
{"timestamp":"2025-05-16T12:03:54,364","container":"284cde93c83f","level":"INFO","thread":"main","class":"Besu","message":"
####################################################################################################
#                                                                                                  #
# Besu version 23.4.1                                                                              #
#                                                                                                  #
# Configuration:                                                                                   #
# Network: Custom genesis file specified                                                           #
# Network Id: 1337                                                                                 #
# Data storage: Forest                                                                             #
# Sync mode: Full                                                                                  #
# RPC HTTP APIs: EEA,WEB3,ETH,NET,TRACE,DEBUG,ADMIN,TXPOOL,PRIV,PERM,QBFT                          #
# RPC HTTP port: 8545                                                                              #
#                                                                                                  #
# Host:                                                                                            #
# Java: openjdk-java-17                                                                            #
# Maximum heap size: 1.74 GB                                                                       #
# OS: linux-x86_64                                                                                 #
# glibc: 2.35                                                                                      #
# jemalloc: 5.2.1-0-gea6b3e973b477b8061e0076bb257dbd7f3faa756                                      #
# Total memory: 6.95 GB                                                                            #
# CPU cores: 4                                                                                     #
#                                                                                                  #
####################################################################################################","throwable":""}
{"timestamp":"2025-05-16T12:03:54,365","container":"284cde93c83f","level":"INFO","thread":"main","class":"Besu","message":"Connecting to 8 static nodes.","throwable":""}
{"timestamp":"2025-05-16T12:03:54,365","container":"284cde93c83f","level":"INFO","thread":"main","class":"Besu","message":"Security Module: localfile","throwable":""}
{"timestamp":"2025-05-16T12:03:54,587","container":"284cde93c83f","level":"INFO","thread":"main","class":"Besu","message":"Using the native implementation of alt bn128","throwable":""}
{"timestamp":"2025-05-16T12:03:54,873","container":"284cde93c83f","level":"INFO","thread":"main","class":"Besu","message":"Using the native implementation of modexp","throwable":""}
{"timestamp":"2025-05-16T12:03:54,873","container":"284cde93c83f","level":"INFO","thread":"main","class":"Besu","message":"Using the native implementation of the signature algorithm","throwable":""}
{"timestamp":"2025-05-16T12:03:54,898","container":"284cde93c83f","level":"INFO","thread":"main","class":"Besu","message":"Using the native implementation of the blake2bf algorithm","throwable":""}
{"timestamp":"2025-05-16T12:03:54,981","container":"284cde93c83f","level":"INFO","thread":"main","class":"DatabaseMetadata","message":"Lookup database metadata file in data directory: /opt/besu/data","throwable":""}
{"timestamp":"2025-05-16T12:03:55,415","container":"284cde93c83f","level":"INFO","thread":"main","class":"RocksDBKeyValueStorageFactory","message":"Existing database detected at /opt/besu/data. Version 1. Compacting database...","throwable":""}
{"timestamp":"2025-05-16T12:03:57,672","container":"284cde93c83f","level":"INFO","thread":"main","class":"KeyPairUtil","message":"Loaded public key 0xb9050e002aa42464e6b07c811a1f9dfec01249af03f67b753e8415420649b184447bb2a784863ccbf327ad9e31aaba803464979dfe6a7facc669151a5fa6ad1b from /opt/besu/keys/nodekey","throwable":""}
{"timestamp":"2025-05-16T12:03:57,759","container":"284cde93c83f","level":"WARN","thread":"main","class":"Besu","message":"Privacy is disabled. Cannot use EEA/PRIV API methods when not using Privacy.","throwable":""}
{"timestamp":"2025-05-16T12:03:58,889","container":"284cde93c83f","level":"INFO","thread":"main","class":"ProtocolScheduleBuilder","message":"Protocol schedule created with milestones: [GrayGlacier: 0]","throwable":""}
{"timestamp":"2025-05-16T12:03:59,749","container":"284cde93c83f","level":"INFO","thread":"main","class":"TransactionPoolFactory","message":"Enabling transaction pool","throwable":""}
{"timestamp":"2025-05-16T12:03:59,868","container":"284cde93c83f","level":"INFO","thread":"main","class":"BesuControllerBuilder","message":"TTD difficulty is not present, creating initial sync phase for PoW","throwable":""}
{"timestamp":"2025-05-16T12:04:00,121","container":"284cde93c83f","level":"INFO","thread":"main","class":"RunnerBuilder","message":"Detecting NAT service.","throwable":""}
{"timestamp":"2025-05-16T12:04:03,023","container":"284cde93c83f","level":"INFO","thread":"main","class":"Runner","message":"Starting external services ... ","throwable":""}
{"timestamp":"2025-05-16T12:04:03,024","container":"284cde93c83f","level":"INFO","thread":"main","class":"MetricsHttpService","message":"Starting metrics http service on 0.0.0.0:9545","throwable":""}
{"timestamp":"2025-05-16T12:04:03,492","container":"284cde93c83f","level":"INFO","thread":"vert.x-eventloop-thread-1","class":"MetricsHttpService","message":"Metrics service started and listening on 0.0.0.0:9545","throwable":""}
{"timestamp":"2025-05-16T12:04:03,493","container":"284cde93c83f","level":"INFO","thread":"main","class":"JsonRpcHttpService","message":"Starting JSON-RPC service on 0.0.0.0:8545","throwable":""}
{"timestamp":"2025-05-16T12:04:03,570","container":"284cde93c83f","level":"INFO","thread":"vert.x-eventloop-thread-1","class":"JsonRpcHttpService","message":"JSON-RPC service started and listening on 0.0.0.0:8545","throwable":""}
{"timestamp":"2025-05-16T12:04:03,585","container":"284cde93c83f","level":"INFO","thread":"main","class":"GraphQLHttpService","message":"Starting GraphQL HTTP service on 0.0.0.0:8547","throwable":""}
{"timestamp":"2025-05-16T12:04:03,597","container":"284cde93c83f","level":"INFO","thread":"vert.x-eventloop-thread-1","class":"GraphQLHttpService","message":"GraphQL HTTP service started and listening on 0.0.0.0:8547","throwable":""}
{"timestamp":"2025-05-16T12:04:03,614","container":"284cde93c83f","level":"INFO","thread":"main","class":"WebSocketService","message":"Starting Websocket service on 0.0.0.0:8546","throwable":""}
{"timestamp":"2025-05-16T12:04:03,626","container":"284cde93c83f","level":"INFO","thread":"vert.x-eventloop-thread-1","class":"WebSocketService","message":"Websocket service started and listening on 0.0.0.0:8546","throwable":""}
{"timestamp":"2025-05-16T12:04:03,635","container":"284cde93c83f","level":"INFO","thread":"main","class":"AutoTransactionLogBloomCachingService","message":"Starting auto transaction log bloom caching service.","throwable":""}
{"timestamp":"2025-05-16T12:04:03,636","container":"284cde93c83f","level":"INFO","thread":"main","class":"LogBloomCacheMetadata","message":"Lookup cache metadata file in data directory: /opt/besu/data/caches","throwable":""}
{"timestamp":"2025-05-16T12:04:03,700","container":"284cde93c83f","level":"INFO","thread":"main","class":"Runner","message":"Starting Ethereum main loop ... ","throwable":""}
{"timestamp":"2025-05-16T12:04:03,701","container":"284cde93c83f","level":"INFO","thread":"main","class":"DockerNatManager","message":"Starting docker NAT manager.","throwable":""}
{"timestamp":"2025-05-16T12:04:03,808","container":"284cde93c83f","level":"INFO","thread":"main","class":"NetworkRunner","message":"Starting Network.","throwable":""}
{"timestamp":"2025-05-16T12:04:03,887","container":"284cde93c83f","level":"INFO","thread":"nioEventLoopGroup-2-1","class":"RlpxAgent","message":"P2P RLPx agent started and listening on /0.0.0.0:30303.","throwable":""}
{"timestamp":"2025-05-16T12:04:03,894","container":"284cde93c83f","level":"INFO","thread":"main","class":"PeerDiscoveryAgent","message":"Starting peer discovery agent on host=0.0.0.0, port=30303","throwable":""}
{"timestamp":"2025-05-16T12:04:03,990","container":"284cde93c83f","level":"INFO","thread":"vert.x-eventloop-thread-1","class":"VertxPeerDiscoveryAgent","message":"Started peer discovery agent successfully, on effective host=0.0.0.0 and port=30303","throwable":""}
{"timestamp":"2025-05-16T12:04:03,992","container":"284cde93c83f","level":"INFO","thread":"vert.x-eventloop-thread-1","class":"PeerDiscoveryAgent","message":"P2P peer discovery agent started and listening on /0.0.0.0:30303","throwable":""}
{"timestamp":"2025-05-16T12:04:04,173","container":"284cde93c83f","level":"INFO","thread":"vert.x-eventloop-thread-1","class":"PeerDiscoveryAgent","message":"Writing node record to disk. NodeRecord{seq=2, publicKey=0x03b9050e002aa42464e6b07c811a1f9dfec01249af03f67b753e8415420649b184, udpAddress=Optional[/172.16.239.12:30303], tcpAddress=Optional[/172.16.239.12:30303], asBase64=-Je4QCN1iy5Dzbo16WU_q4abB42qdhgRKqV1lvRX867KAl9gASQm-ut-JnmGZ2Yn85ibrCD9V8hRvhA6bwMPSaoaZy4Cg2V0aMfGhGpSrW2AgmlkgnY0gmlwhKwQ7wyJc2VjcDI1NmsxoQO5BQ4AKqQkZOawfIEaH53-wBJJrwP2e3U-hBVCBkmxhIN0Y3CCdl-DdWRwgnZf, nodeId=0x27059b2392ab7830b38b2f4d27a97c9aaf04f18f3014c32e036dd0ac76da5f18, customFields={tcp=30303, udp=30303, ip=0xac10ef0c, eth=[[0x6a52ad6d, 0x]], id=V4, secp256k1=0x03b9050e002aa42464e6b07c811a1f9dfec01249af03f67b753e8415420649b184}}","throwable":""}
{"timestamp":"2025-05-16T12:04:04,320","container":"284cde93c83f","level":"INFO","thread":"main","class":"DefaultP2PNetwork","message":"Enode URL enode://b9050e002aa42464e6b07c811a1f9dfec01249af03f67b753e8415420649b184447bb2a784863ccbf327ad9e31aaba803464979dfe6a7facc669151a5fa6ad1b@172.16.239.12:30303","throwable":""}
{"timestamp":"2025-05-16T12:04:04,320","container":"284cde93c83f","level":"INFO","thread":"main","class":"DefaultP2PNetwork","message":"Node address 0x27a97c9aaf04f18f3014c32e036dd0ac76da5f18","throwable":""}
{"timestamp":"2025-05-16T12:04:04,562","container":"284cde93c83f","level":"INFO","thread":"main","class":"NetworkRunner","message":"Supported capabilities: [eth/62, eth/63, eth/64, eth/65, eth/66, eth/67, eth/68], [istanbul/100], [snap/1]","throwable":""}
{"timestamp":"2025-05-16T12:04:04,562","container":"284cde93c83f","level":"INFO","thread":"main","class":"DefaultSynchronizer","message":"Starting synchronizer.","throwable":""}
{"timestamp":"2025-05-16T12:04:04,586","container":"284cde93c83f","level":"INFO","thread":"main","class":"TransactionPoolFactory","message":"Enabling transaction handling following initial sync","throwable":""}
{"timestamp":"2025-05-16T12:04:04,587","container":"284cde93c83f","level":"INFO","thread":"main","class":"FullSyncDownloader","message":"Starting full sync.","throwable":""}
{"timestamp":"2025-05-16T12:04:04,588","container":"284cde93c83f","level":"INFO","thread":"main","class":"FullSyncTargetManager","message":"Unable to find sync target. Currently checking 0 peers for usefulness","throwable":""}
{"timestamp":"2025-05-16T12:04:05,386","container":"284cde93c83f","level":"INFO","thread":"main","class":"Runner","message":"Ethereum main loop is up.","throwable":""}
{"timestamp":"2025-05-16T12:04:05,655","container":"284cde93c83f","level":"INFO","thread":"nioEventLoopGroup-3-5","class":"FullSyncTargetManager","message":"Unable to find sync target. Currently checking 3 peers for usefulness","throwable":""}
{"timestamp":"2025-05-16T12:04:06,410","container":"284cde93c83f","level":"INFO","thread":"BftProcessorExecutor-QBFT-0","class":"QbftBesuControllerBuilder","message":"Produced #68 / 0 tx / 0 pending / 0 (0.0%) gas / (0x73ff5a1a791c249823473ccef262115c638b4eb8d629bb41e3e9d60e8102ba49)","throwable":""}
{"timestamp":"2025-05-16T12:04:14,150","container":"284cde93c83f","level":"INFO","thread":"BftProcessorExecutor-QBFT-0","class":"QbftBesuControllerBuilder","message":"Imported #69 / 0 tx / 0 pending / 0 (0.0%) gas / (0xa46d092f00f83bfb01bfec2192f9ca21e523ba8af6a7417c87505f3078fc4069)","throwable":""}
{"timestamp":"2025-05-16T12:04:14,163","container":"284cde93c83f","level":"INFO","thread":"EthScheduler-Workers-0","class":"PersistBlockTask","message":"Block 69 (0xa46d092f00f83bfb01bfec2192f9ca21e523ba8af6a7417c87505f3078fc4069) is already imported","throwable":""}
{"timestamp":"2025-05-16T12:04:22,163","container":"284cde93c83f","level":"INFO","thread":"BftProcessorExecutor-QBFT-0","class":"QbftBesuControllerBuilder","message":"Imported #70 / 0 tx / 0 pending / 0 (0.0%) gas / (0x0e4fcdf484f0629a84715e5443a461d32233ba9a9c0e3eb38800169fcc1d19c3)","throwable":""}
{"timestamp":"2025-05-16T12:04:30,139","container":"284cde93c83f","level":"INFO","thread":"BftProcessorExecutor-QBFT-0","class":"QbftBesuControllerBuilder","message":"Imported #71 / 0 tx / 0 pending / 0 (0.0%) gas / (0x6567c42a26c9558bca3bbd5522026587ab5048f93bad338404f9265b4ba3ddf3)","throwable":""}
{"timestamp":"2025-05-16T12:04:30,147","container":"284cde93c83f","level":"INFO","thread":"EthScheduler-Workers-0","class":"PersistBlockTask","message":"Block 71 (0x6567c42a26c9558bca3bbd5522026587ab5048f93bad338404f9265b4ba3ddf3) is already imported","throwable":""}
{"timestamp":"2025-05-16T12:04:38,100","container":"284cde93c83f","level":"INFO","thread":"BftProcessorExecutor-QBFT-0","class":"QbftBesuControllerBuilder","message":"Produced #72 / 0 tx / 0 pending / 0 (0.0%) gas / (0x7c1cfd2d031fd2b975503532c59b7310e32bd43f0ac4dd7e8f13be6020103a75)","throwable":""}
{"timestamp":"2025-05-16T12:04:46,074","container":"284cde93c83f","level":"INFO","thread":"EthScheduler-Workers-0","class":"PersistBlockTask","message":"Imported #73 / 0 tx / 0 om / 0 (0.0%) gas / (0x7dbfd4bff28f086993f27c0d47748c21f8829e325dc92c8ee34f5db6f0f55a4c) in 0.002s. Peers: 5","throwable":""}
{"timestamp":"2025-05-16T12:04:54,075","container":"284cde93c83f","level":"INFO","thread":"EthScheduler-Workers-0","class":"PersistBlockTask","message":"Imported #74 / 0 tx / 0 om / 0 (0.0%) gas / (0xae2d473606bd5d4f10c2d95d68bd8cc0b77f5de0356715ff935a7265dabe29a7) in 0.002s. Peers: 5","throwable":""}
{"timestamp":"2025-05-16T12:05:02,044","container":"284cde93c83f","level":"INFO","thread":"BftProcessorExecutor-QBFT-0","class":"QbftBesuControllerBuilder","message":"Imported #75 / 0 tx / 0 pending / 0 (0.0%) gas / (0x3133a5a28c5d4a21e81707d78234aad0e7f37678a035d75cec844fd20945459a)","throwable":""}
{"timestamp":"2025-05-16T12:05:10,101","container":"284cde93c83f","level":"INFO","thread":"BftProcessorExecutor-QBFT-0","class":"QbftBesuControllerBuilder","message":"Produced #76 / 0 tx / 0 pending / 0 (0.0%) gas / (0xd5dad90a9bbe87d484fb954205bb153d5e3ca13120782b06aa6857ab72fa30ed)","throwable":""}
{"timestamp":"2025-05-16T12:05:18,091","container":"284cde93c83f","level":"INFO","thread":"BftProcessorExecutor-QBFT-0","class":"QbftBesuControllerBuilder","message":"Imported #77 / 0 tx / 0 pending / 0 (0.0%) gas / (0x14dd07b80cab96639d1f780b4e1f09777e4c78d176a3e452dc8eaac3e4a2e1e7)","throwable":""}
{"timestamp":"2025-05-16T12:05:26,082","container":"284cde93c83f","level":"INFO","thread":"BftProcessorExecutor-QBFT-0","class":"QbftBesuControllerBuilder","message":"Imported #78 / 0 tx / 0 pending / 0 (0.0%) gas / (0xf1c8f83b757c82d69aa2522ad8a7854abfaedb56c55df873bcc961678d2d85e0)","throwable":""}
{"timestamp":"2025-05-16T12:05:34,057","container":"284cde93c83f","level":"INFO","thread":"BftProcessorExecutor-QBFT-0","class":"QbftBesuControllerBuilder","message":"Imported #79 / 0 tx / 0 pending / 0 (0.0%) gas / (0x19696c5c6e5ccefa517c1cd28086a6169e9072ed94501f77e2f070b1f52e0b44)","throwable":""}
{"timestamp":"2025-05-16T12:05:42,061","container":"284cde93c83f","level":"INFO","thread":"BftProcessorExecutor-QBFT-0","class":"QbftBesuControllerBuilder","message":"Produced #80 / 0 tx / 0 pending / 0 (0.0%) gas / (0x26ade98f96b67f598a203ed0c90adb9b6e8295995ed310ec504f76b440b52f57)","throwable":""}
{"timestamp":"2025-05-16T12:05:50,099","container":"284cde93c83f","level":"INFO","thread":"BftProcessorExecutor-QBFT-0","class":"QbftBesuControllerBuilder","message":"Imported #81 / 0 tx / 0 pending / 0 (0.0%) gas / (0xa132394d20d7dce043f5159578721f99df08960ae606502105baaac1bcb7f605)","throwable":""}
{"timestamp":"2025-05-16T12:05:50,106","container":"284cde93c83f","level":"INFO","thread":"EthScheduler-Workers-0","class":"PersistBlockTask","message":"Block 81 (0xa132394d20d7dce043f5159578721f99df08960ae606502105baaac1bcb7f605) is already imported","throwable":""}
{"timestamp":"2025-05-16T12:05:58,093","container":"284cde93c83f","level":"INFO","thread":"BftProcessorExecutor-QBFT-0","class":"QbftBesuControllerBuilder","message":"Imported #82 / 0 tx / 0 pending / 0 (0.0%) gas / (0x2a5e856dda4de9f6d973c09489be9cabf6faa6649551f876d4d8890528ce385b)","throwable":""}
{"timestamp":"2025-05-16T12:06:06,123","container":"284cde93c83f","level":"INFO","thread":"EthScheduler-Workers-0","class":"PersistBlockTask","message":"Block 83 (0x1eba7d3bce377a3f824c7fae6303b8841951a78de2351aa46482e840652210d2) is already imported","throwable":""}
{"timestamp":"2025-05-16T12:06:06,127","container":"284cde93c83f","level":"INFO","thread":"BftProcessorExecutor-QBFT-0","class":"QbftBesuControllerBuilder","message":"Imported #83 / 0 tx / 0 pending / 0 (0.0%) gas / (0x1eba7d3bce377a3f824c7fae6303b8841951a78de2351aa46482e840652210d2)","throwable":""}
{"timestamp":"2025-05-16T12:06:14,054","container":"284cde93c83f","level":"INFO","thread":"BftProcessorExecutor-QBFT-0","class":"QbftBesuControllerBuilder","message":"Produced #84 / 0 tx / 0 pending / 0 (0.0%) gas / (0x39719f0ad06e2a650af3fa38cd406c6371960a04cfb4493d4cee7580f6bd49be)","throwable":""}
{"timestamp":"2025-05-16T12:06:22,104","container":"284cde93c83f","level":"INFO","thread":"BftProcessorExecutor-QBFT-0","class":"QbftBesuControllerBuilder","message":"Imported #85 / 0 tx / 0 pending / 0 (0.0%) gas / (0xb826c2c010f5fabf33ff744238aa17dfa62a191bf858f5387f048ad60cd6f7e5)","throwable":""}
{"timestamp":"2025-05-16T12:06:30,066","container":"284cde93c83f","level":"INFO","thread":"BftProcessorExecutor-QBFT-0","class":"QbftBesuControllerBuilder","message":"Imported #86 / 0 tx / 0 pending / 0 (0.0%) gas / (0xd80e81c7cd227357db1e40045330a83cdf0b8346e8905ade07217ed1666996af)","throwable":""}
{"timestamp":"2025-05-16T12:06:38,072","container":"284cde93c83f","level":"INFO","thread":"EthScheduler-Workers-0","class":"PersistBlockTask","message":"Imported #87 / 0 tx / 0 om / 0 (0.0%) gas / (0xa914db1e9082f346531d84a65ac45b596925c4341b349ea7cc9bb2a5f8ce9198) in 0.002s. Peers: 5","throwable":""}
{"timestamp":"2025-05-16T12:06:46,094","container":"284cde93c83f","level":"INFO","thread":"EthScheduler-Workers-0","class":"PersistBlockTask","message":"Imported #88 / 0 tx / 0 om / 0 (0.0%) gas / (0x24cabfeb1e278c8dc7e7e0270e0befc0b2ed931774e03c4f9f20067145b0194a) in 0.002s. Peers: 5","throwable":""}
{"timestamp":"2025-05-16T12:06:54,076","container":"284cde93c83f","level":"INFO","thread":"EthScheduler-Workers-0","class":"PersistBlockTask","message":"Imported #89 / 0 tx / 0 om / 0 (0.0%) gas / (0xa6de616be0a3f027a70a69bdda60b41d13630b6cfe9d2ec241388f30cd244459) in 0.002s. Peers: 5","throwable":""}
{"timestamp":"2025-05-16T12:07:02,042","container":"284cde93c83f","level":"INFO","thread":"EthScheduler-Workers-0","class":"PersistBlockTask","message":"Imported #90 / 0 tx / 0 om / 0 (0.0%) gas / (0xe35579c4ec43e170d442f512071e739870cf36dbd6d657c1787683f582da41fa) in 0.001s. Peers: 5","throwable":""}
{"timestamp":"2025-05-16T12:07:10,071","container":"284cde93c83f","level":"INFO","thread":"EthScheduler-Workers-0","class":"PersistBlockTask","message":"Block 91 (0x951070c33e70ff9b6256d3e8050d3f562814047e0290877beb0d81c48cda3304) is already imported","throwable":""}
{"timestamp":"2025-05-16T12:07:10,081","container":"284cde93c83f","level":"INFO","thread":"BftProcessorExecutor-QBFT-0","class":"QbftBesuControllerBuilder","message":"Imported #91 / 0 tx / 0 pending / 0 (0.0%) gas / (0x951070c33e70ff9b6256d3e8050d3f562814047e0290877beb0d81c48cda3304)","throwable":""}
{"timestamp":"2025-05-16T12:07:18,074","container":"284cde93c83f","level":"INFO","thread":"EthScheduler-Workers-0","class":"PersistBlockTask","message":"Block 92 (0x547f766abda09732e30e550de5480b5ce1d1891b94239d865642658ecabbdd97) is already imported","throwable":""}
{"timestamp":"2025-05-16T12:07:18,082","container":"284cde93c83f","level":"INFO","thread":"BftProcessorExecutor-QBFT-0","class":"QbftBesuControllerBuilder","message":"Produced #92 / 0 tx / 0 pending / 0 (0.0%) gas / (0x547f766abda09732e30e550de5480b5ce1d1891b94239d865642658ecabbdd97)","throwable":""}
{"timestamp":"2025-05-16T12:07:26,063","container":"284cde93c83f","level":"INFO","thread":"EthScheduler-Workers-0","class":"PersistBlockTask","message":"Imported #93 / 0 tx / 0 om / 0 (0.0%) gas / (0x87896b897e43d6f45fb155305d61ca9f5f213c35a7d3794a53ff8d277de0e215) in 0.002s. Peers: 5","throwable":""}
{"timestamp":"2025-05-16T12:07:34,055","container":"284cde93c83f","level":"INFO","thread":"EthScheduler-Workers-0","class":"PersistBlockTask","message":"Imported #94 / 0 tx / 0 om / 0 (0.0%) gas / (0xbbd6dd7079735619248687cf0ad726ff2cd7c79b5ed8472052e6540de808ed4b) in 0.003s. Peers: 5","throwable":""}
{"timestamp":"2025-05-16T12:07:42,065","container":"284cde93c83f","level":"INFO","thread":"BftProcessorExecutor-QBFT-0","class":"QbftBesuControllerBuilder","message":"Imported #95 / 0 tx / 0 pending / 0 (0.0%) gas / (0xc2ceb613ef9a6cfb3540abdbb4fe7ca5f6228843adb719d26610da60f00e64d2)","throwable":""}
{"timestamp":"2025-05-16T12:07:50,047","container":"284cde93c83f","level":"INFO","thread":"EthScheduler-Workers-0","class":"PersistBlockTask","message":"Imported #96 / 0 tx / 0 om / 0 (0.0%) gas / (0x61a82fc0705b46deba306939bc0724efafa5b9dfcfe61632f5a9975b0892dd50) in 0.005s. Peers: 5","throwable":""}
{"timestamp":"2025-05-16T12:07:58,059","container":"284cde93c83f","level":"INFO","thread":"BftProcessorExecutor-QBFT-0","class":"QbftBesuControllerBuilder","message":"Imported #97 / 0 tx / 0 pending / 0 (0.0%) gas / (0x305503282368a5b7cd4564cb11a262ed38f5349ca24db555d83f2946ae163eb0)","throwable":""}
{"timestamp":"2025-05-16T12:08:06,058","container":"284cde93c83f","level":"INFO","thread":"BftProcessorExecutor-QBFT-0","class":"QbftBesuControllerBuilder","message":"Imported #98 / 0 tx / 0 pending / 0 (0.0%) gas / (0x4dfabecae6ad9add4c81674039614d4118c0e0a814a8746b00f3e5a426560023)","throwable":""}
{"timestamp":"2025-05-16T12:08:14,044","container":"284cde93c83f","level":"INFO","thread":"BftProcessorExecutor-QBFT-0","class":"QbftBesuControllerBuilder","message":"Imported #99 / 0 tx / 0 pending / 0 (0.0%) gas / (0x0e629b71887dc6852db64ea622f398b03ed056ba68deff13e23b48ae9f140d48)","throwable":""}
{"timestamp":"2025-05-16T12:08:22,078","container":"284cde93c83f","level":"INFO","thread":"EthScheduler-Workers-0","class":"PersistBlockTask","message":"Imported #100 / 0 tx / 0 om / 0 (0.0%) gas / (0xcc6753931db28541a0251a809a445105fe954d6513c132bed3b240e83c8aa6ce) in 0.002s. Peers: 5","throwable":""}
{"timestamp":"2025-05-16T12:08:22,091","container":"284cde93c83f","level":"INFO","thread":"BftProcessorExecutor-QBFT-0","class":"QbftBesuControllerBuilder","message":"Produced #100 / 0 tx / 0 pending / 0 (0.0%) gas / (0xcc6753931db28541a0251a809a445105fe954d6513c132bed3b240e83c8aa6ce)","throwable":""}
{"timestamp":"2025-05-16T12:08:30,061","container":"284cde93c83f","level":"INFO","thread":"BftProcessorExecutor-QBFT-0","class":"QbftBesuControllerBuilder","message":"Imported #101 / 0 tx / 0 pending / 0 (0.0%) gas / (0xc68b0e732761f176a6dd905a546b56c9df83cc718be2d40c83d61bdb7d3eeb13)","throwable":""}
{"timestamp":"2025-05-16T12:08:38,071","container":"284cde93c83f","level":"INFO","thread":"BftProcessorExecutor-QBFT-0","class":"QbftBesuControllerBuilder","message":"Imported #102 / 0 tx / 0 pending / 0 (0.0%) gas / (0x0bf3b64648f2b0341d86cdc3361787d568e436b8affb97223cd6c20ac96306a4)","throwable":""}
{"timestamp":"2025-05-16T12:08:46,053","container":"284cde93c83f","level":"INFO","thread":"BftProcessorExecutor-QBFT-0","class":"QbftBesuControllerBuilder","message":"Imported #103 / 0 tx / 0 pending / 0 (0.0%) gas / (0xd6dd17581fbf5f81a90e6330d9f74511e647da59cd58315a5a62e1af1113f52c)","throwable":""}
{"timestamp":"2025-05-16T12:08:46,056","container":"284cde93c83f","level":"INFO","thread":"EthScheduler-Workers-0","class":"PersistBlockTask","message":"Imported #103 / 0 tx / 0 om / 0 (0.0%) gas / (0xd6dd17581fbf5f81a90e6330d9f74511e647da59cd58315a5a62e1af1113f52c) in 0.003s. Peers: 5","throwable":""}
{"timestamp":"2025-05-16T12:08:54,049","container":"284cde93c83f","level":"INFO","thread":"BftProcessorExecutor-QBFT-0","class":"QbftBesuControllerBuilder","message":"Produced #104 / 0 tx / 0 pending / 0 (0.0%) gas / (0xcc78ec0d0b261c60b02eb213e5235693c8927b97e5551244317946e55296308c)","throwable":""}
{"timestamp":"2025-05-16T12:09:02,085","container":"284cde93c83f","level":"INFO","thread":"EthScheduler-Workers-0","class":"PersistBlockTask","message":"Imported #105 / 0 tx / 0 om / 0 (0.0%) gas / (0x09f9800a7f265c2cad731e7d26da29603c61ee5f946d09bab1924174a23e6bc1) in 0.002s. Peers: 5","throwable":""}
{"timestamp":"2025-05-16T12:09:02,087","container":"284cde93c83f","level":"INFO","thread":"BftProcessorExecutor-QBFT-0","class":"QbftBesuControllerBuilder","message":"Imported #105 / 0 tx / 0 pending / 0 (0.0%) gas / (0x09f9800a7f265c2cad731e7d26da29603c61ee5f946d09bab1924174a23e6bc1)","throwable":""}
{"timestamp":"2025-05-16T12:09:10,080","container":"284cde93c83f","level":"INFO","thread":"EthScheduler-Workers-0","class":"PersistBlockTask","message":"Block 106 (0x596b22a66f3f7fa404a8bd64e1bfd49d81d977af66439b88955851d0a373c5de) is already imported","throwable":""}
{"timestamp":"2025-05-16T12:09:10,098","container":"284cde93c83f","level":"INFO","thread":"BftProcessorExecutor-QBFT-0","class":"QbftBesuControllerBuilder","message":"Imported #106 / 0 tx / 0 pending / 0 (0.0%) gas / (0x596b22a66f3f7fa404a8bd64e1bfd49d81d977af66439b88955851d0a373c5de)","throwable":""}
{"timestamp":"2025-05-16T12:09:18,055","container":"284cde93c83f","level":"INFO","thread":"EthScheduler-Workers-0","class":"PersistBlockTask","message":"Imported #107 / 0 tx / 0 om / 0 (0.0%) gas / (0xd03de151f5e0e43430416ccc54951db73ff451f514455ec0747d4e4063463a74) in 0.003s. Peers: 5","throwable":""}
{"timestamp":"2025-05-16T12:09:26,041","container":"284cde93c83f","level":"INFO","thread":"EthScheduler-Workers-0","class":"PersistBlockTask","message":"Imported #108 / 0 tx / 0 om / 0 (0.0%) gas / (0x398283712af1d13cb81af4ac03edf0427f5a58c8c79400789481a20f79813493) in 0.005s. Peers: 5","throwable":""}
{"timestamp":"2025-05-16T12:09:34,058","container":"284cde93c83f","level":"INFO","thread":"BftProcessorExecutor-QBFT-0","class":"QbftBesuControllerBuilder","message":"Imported #109 / 0 tx / 0 pending / 0 (0.0%) gas / (0x3dd7791e2bd56904634808c7ebc2ff34ae87d29594533385416801beb0441413)","throwable":""}
{"timestamp":"2025-05-16T12:09:42,069","container":"284cde93c83f","level":"INFO","thread":"EthScheduler-Workers-0","class":"PersistBlockTask","message":"Imported #110 / 0 tx / 0 om / 0 (0.0%) gas / (0x624cd2a1b901ece34f44fd35bdc475f711911be7594309dd1722809bce1edb44) in 0.002s. Peers: 5","throwable":""}
{"timestamp":"2025-05-16T12:09:50,043","container":"284cde93c83f","level":"INFO","thread":"BftProcessorExecutor-QBFT-0","class":"QbftBesuControllerBuilder","message":"Imported #111 / 0 tx / 0 pending / 0 (0.0%) gas / (0x03d778bc56b194043baa19d4ff01edb83365fd2db2242f63333d442183b87f66)","throwable":""}
{"timestamp":"2025-05-16T12:09:58,058","container":"284cde93c83f","level":"INFO","thread":"EthScheduler-Workers-0","class":"PersistBlockTask","message":"Imported #112 / 0 tx / 0 om / 0 (0.0%) gas / (0xc3b824e7c0c533ec6b097b0519b6fbeb450de7fbf839196b6d25b9fc1104ecab) in 0.003s. Peers: 5","throwable":""}
{"timestamp":"2025-05-16T12:10:06,108","container":"284cde93c83f","level":"INFO","thread":"EthScheduler-Workers-0","class":"PersistBlockTask","message":"Imported #113 / 0 tx / 0 om / 0 (0.0%) gas / (0x54faa8ff23b0922e827309f9c36d381d2b849a0d87978d6272c6c766d6ae4b13) in 0.044s. Peers: 5","throwable":""}
{"timestamp":"2025-05-16T12:10:14,062","container":"284cde93c83f","level":"INFO","thread":"BftProcessorExecutor-QBFT-0","class":"QbftBesuControllerBuilder","message":"Imported #114 / 0 tx / 0 pending / 0 (0.0%) gas / (0x220947f177491cd15f25fc1ab9c13845bf8f3ab704178074148d8ee41cd26aec)","throwable":""}
{"timestamp":"2025-05-16T12:10:22,047","container":"284cde93c83f","level":"INFO","thread":"BftProcessorExecutor-QBFT-0","class":"QbftBesuControllerBuilder","message":"Imported #115 / 0 tx / 0 pending / 0 (0.0%) gas / (0x2a6e759da60c14f1ea7cebf7c68af80effe7632981dd53cf423e42b45a3c4fb6)","throwable":""}
{"timestamp":"2025-05-16T12:10:30,082","container":"284cde93c83f","level":"INFO","thread":"BftProcessorExecutor-QBFT-0","class":"QbftBesuControllerBuilder","message":"Produced #116 / 0 tx / 0 pending / 0 (0.0%) gas / (0xb8555281e0de18343a176a947ebddfb65fef9918c732aa4938185b70c2705715)","throwable":""}
{"timestamp":"2025-05-16T12:10:38,044","container":"284cde93c83f","level":"INFO","thread":"BftProcessorExecutor-QBFT-0","class":"QbftBesuControllerBuilder","message":"Imported #117 / 0 tx / 0 pending / 0 (0.0%) gas / (0x430994bdf495ccd6ac7a43b3fce4e491c0caeb9b8a1d3d852232b9e1d31db1e2)","throwable":""}
{"timestamp":"2025-05-16T12:10:38,046","container":"284cde93c83f","level":"INFO","thread":"EthScheduler-Workers-0","class":"PersistBlockTask","message":"Block 117 (0x430994bdf495ccd6ac7a43b3fce4e491c0caeb9b8a1d3d852232b9e1d31db1e2) is already imported","throwable":""}
{"timestamp":"2025-05-16T12:10:46,068","container":"284cde93c83f","level":"INFO","thread":"BftProcessorExecutor-QBFT-0","class":"QbftBesuControllerBuilder","message":"Imported #118 / 0 tx / 0 pending / 0 (0.0%) gas / (0xdc7f3f1e9824774d44d3334fdf32ac043a14172d2954b298106cc70d31b73919)","throwable":""}
{"timestamp":"2025-05-16T12:10:54,053","container":"284cde93c83f","level":"INFO","thread":"EthScheduler-Workers-0","class":"PersistBlockTask","message":"Imported #119 / 0 tx / 0 om / 0 (0.0%) gas / (0x0be23dc394206c8491186c7b6f73ef6ffa7d9c7871cfc87fe573669256013d02) in 0.001s. Peers: 5","throwable":""}
{"timestamp":"2025-05-16T12:11:02,032","container":"284cde93c83f","level":"INFO","thread":"BftProcessorExecutor-QBFT-0","class":"QbftBesuControllerBuilder","message":"Produced #120 / 0 tx / 0 pending / 0 (0.0%) gas / (0x4cf463237198b7cbffd6b1de878c80f4195c3ec6912682d578524f59042119ce)","throwable":""}
{"timestamp":"2025-05-16T12:11:10,042","container":"284cde93c83f","level":"INFO","thread":"BftProcessorExecutor-QBFT-0","class":"QbftBesuControllerBuilder","message":"Imported #121 / 0 tx / 0 pending / 0 (0.0%) gas / (0x3f6255735239a5dabbe25ea1e403264d194b3b40eef356440cf18f72637f216c)","throwable":""}
{"timestamp":"2025-05-16T12:11:18,056","container":"284cde93c83f","level":"INFO","thread":"BftProcessorExecutor-QBFT-0","class":"QbftBesuControllerBuilder","message":"Imported #122 / 0 tx / 0 pending / 0 (0.0%) gas / (0x791792f08b90ac64d195e2a46c28bfc05a7dd4b4f1b1293e2e57433c0e942773)","throwable":""}
{"timestamp":"2025-05-16T12:11:26,052","container":"284cde93c83f","level":"INFO","thread":"EthScheduler-Workers-0","class":"PersistBlockTask","message":"Block 123 (0x77bee3565be98ecc7c5a6fc903cb4eaa2436c7ba51a36dba4b4c20bfaf3d4588) is already imported","throwable":""}
{"timestamp":"2025-05-16T12:11:26,057","container":"284cde93c83f","level":"INFO","thread":"BftProcessorExecutor-QBFT-0","class":"QbftBesuControllerBuilder","message":"Imported #123 / 0 tx / 0 pending / 0 (0.0%) gas / (0x77bee3565be98ecc7c5a6fc903cb4eaa2436c7ba51a36dba4b4c20bfaf3d4588)","throwable":""}
{"timestamp":"2025-05-16T12:11:34,048","container":"284cde93c83f","level":"INFO","thread":"BftProcessorExecutor-QBFT-0","class":"QbftBesuControllerBuilder","message":"Produced #124 / 0 tx / 0 pending / 0 (0.0%) gas / (0xa71c484c8ab165d1becb5cd9cd9f6c80d4ff06b716197f60b4757c1ccbffb632)","throwable":""}
{"timestamp":"2025-05-16T12:11:42,040","container":"284cde93c83f","level":"INFO","thread":"BftProcessorExecutor-QBFT-0","class":"QbftBesuControllerBuilder","message":"Imported #125 / 0 tx / 0 pending / 0 (0.0%) gas / (0x5d77e92eaa57e2897895425fe2f8fe19970523618ad9a1e4856d0878a0a6b52e)","throwable":""}
{"timestamp":"2025-05-16T12:11:50,033","container":"284cde93c83f","level":"INFO","thread":"BftProcessorExecutor-QBFT-0","class":"QbftBesuControllerBuilder","message":"Imported #126 / 0 tx / 0 pending / 0 (0.0%) gas / (0x2fd12930c501effcfcd9a3da0fcc82891167a62dd8c87a5157653e4f16197731)","throwable":""}
{"timestamp":"2025-05-16T12:11:58,038","container":"284cde93c83f","level":"INFO","thread":"BftProcessorExecutor-QBFT-0","class":"QbftBesuControllerBuilder","message":"Imported #127 / 0 tx / 0 pending / 0 (0.0%) gas / (0x28bf79d8d6b0b39e76d54f8fe1d65dc35a9f9fb49bebc7e384db14b344f6320c)","throwable":""}
{"timestamp":"2025-05-16T12:12:06,050","container":"284cde93c83f","level":"INFO","thread":"BftProcessorExecutor-QBFT-0","class":"QbftBesuControllerBuilder","message":"Produced #128 / 0 tx / 0 pending / 0 (0.0%) gas / (0x8317d7f4b7e3e8a0398cc1199e7ea7f885e1fc21604a2fc7165fce6d6b864c17)","throwable":""}
{"timestamp":"2025-05-16T12:12:14,044","container":"284cde93c83f","level":"INFO","thread":"EthScheduler-Workers-0","class":"PersistBlockTask","message":"Imported #129 / 0 tx / 0 om / 0 (0.0%) gas / (0x5cd076fc32cc7e458d06237b0791a3514cf8fe8a21351185edfa62b5f183702c) in 0.001s. Peers: 5","throwable":""}
{"timestamp":"2025-05-16T12:12:14,046","container":"284cde93c83f","level":"INFO","thread":"BftProcessorExecutor-QBFT-0","class":"QbftBesuControllerBuilder","message":"Imported #129 / 0 tx / 0 pending / 0 (0.0%) gas / (0x5cd076fc32cc7e458d06237b0791a3514cf8fe8a21351185edfa62b5f183702c)","throwable":""}
{"timestamp":"2025-05-16T12:12:22,022","container":"284cde93c83f","level":"INFO","thread":"BftProcessorExecutor-QBFT-0","class":"QbftBesuControllerBuilder","message":"Imported #130 / 0 tx / 0 pending / 0 (0.0%) gas / (0xe97b20b0a67e4bc90d99eac600650d2c3af1876fc4c26a15391a2e773571aaca)","throwable":""}
{"timestamp":"2025-05-16T12:12:30,063","container":"284cde93c83f","level":"INFO","thread":"BftProcessorExecutor-QBFT-0","class":"QbftBesuControllerBuilder","message":"Imported #131 / 0 tx / 0 pending / 0 (0.0%) gas / (0x947d75162486fd76215140a329c3562b51c0d525810990fd20c62fc24cd36727)","throwable":""}
{"timestamp":"2025-05-16T12:12:38,056","container":"284cde93c83f","level":"INFO","thread":"BftProcessorExecutor-QBFT-0","class":"QbftBesuControllerBuilder","message":"Produced #132 / 0 tx / 0 pending / 0 (0.0%) gas / (0x504039a55d3140133438328f4c1cd9d7ee61dfd3968faae68da83bacd1015b45)","throwable":""}
{"timestamp":"2025-05-16T12:12:46,029","container":"284cde93c83f","level":"INFO","thread":"BftProcessorExecutor-QBFT-0","class":"QbftBesuControllerBuilder","message":"Imported #133 / 0 tx / 0 pending / 0 (0.0%) gas / (0x27a736e87457d369653759f0160e235ca5baf5a334e90b9a39c82164f807a0ef)","throwable":""}
{"timestamp":"2025-05-16T12:12:54,033","container":"284cde93c83f","level":"INFO","thread":"BftProcessorExecutor-QBFT-0","class":"QbftBesuControllerBuilder","message":"Imported #134 / 0 tx / 0 pending / 0 (0.0%) gas / (0xc18a71ecde9af2511e55f5901a0c8c8300158c8d52457373d6008258ea6b32c2)","throwable":""}
{"timestamp":"2025-05-16T12:13:02,055","container":"284cde93c83f","level":"INFO","thread":"BftProcessorExecutor-QBFT-0","class":"QbftBesuControllerBuilder","message":"Imported #135 / 0 tx / 0 pending / 0 (0.0%) gas / (0xf8bb74c02267e4d7ae088ed78a68a8596b68f7d1cf426c2bbae418f7a6b35219)","throwable":""}
{"timestamp":"2025-05-16T12:13:10,060","container":"284cde93c83f","level":"INFO","thread":"BftProcessorExecutor-QBFT-0","class":"QbftBesuControllerBuilder","message":"Produced #136 / 0 tx / 0 pending / 0 (0.0%) gas / (0xa31047d6dc1f1288e5a276a7af54c9eaf647f35c54a6ce0c5886f85da52bbbd4)","throwable":""}
{"timestamp":"2025-05-16T12:13:18,049","container":"284cde93c83f","level":"INFO","thread":"EthScheduler-Workers-0","class":"PersistBlockTask","message":"Block 137 (0x886516e0cafe9a326a628508dd3609437c2e30729edf6fb230a1110943b4edc0) is already imported","throwable":""}
{"timestamp":"2025-05-16T12:13:18,058","container":"284cde93c83f","level":"INFO","thread":"BftProcessorExecutor-QBFT-0","class":"QbftBesuControllerBuilder","message":"Imported #137 / 0 tx / 0 pending / 0 (0.0%) gas / (0x886516e0cafe9a326a628508dd3609437c2e30729edf6fb230a1110943b4edc0)","throwable":""}
