{"timestamp":"2025-05-16T13:59:12,780","container":"b83ccccc2e9c","level":"INFO","thread":"main","class":"Besu","message":"Starting Besu","throwable":""}
{"timestamp":"2025-05-16T13:59:13,943","container":"b83ccccc2e9c","level":"WARN","thread":"main","class":"Besu","message":"--min-gas-price has been ignored because --miner-enabled was not defined on the command line.","throwable":""}
{"timestamp":"2025-05-16T13:59:16,570","container":"b83ccccc2e9c","level":"INFO","thread":"main","class":"Besu","message":"
####################################################################################################
#                                                                                                  #
# Besu version 23.4.1                                                                              #
#                                                                                                  #
# Configuration:                                                                                   #
# Network: Custom genesis file specified                                                           #
# Network Id: 1337                                                                                 #
# Data storage: Forest                                                                             #
# Sync mode: Full                                                                                  #
# RPC HTTP APIs: EEA,WEB3,ETH,NET,TRACE,DEBUG,ADMIN,TXPOOL,PRIV,PERM,QBFT                          #
# RPC HTTP port: 8545                                                                              #
#                                                                                                  #
# Host:                                                                                            #
# Java: openjdk-java-17                                                                            #
# Maximum heap size: 1.74 GB                                                                       #
# OS: linux-x86_64                                                                                 #
# glibc: 2.35                                                                                      #
# jemalloc: 5.2.1-0-gea6b3e973b477b8061e0076bb257dbd7f3faa756                                      #
# Total memory: 6.95 GB                                                                            #
# CPU cores: 4                                                                                     #
#                                                                                                  #
####################################################################################################","throwable":""}
{"timestamp":"2025-05-16T13:59:16,574","container":"b83ccccc2e9c","level":"INFO","thread":"main","class":"Besu","message":"Connecting to 8 static nodes.","throwable":""}
{"timestamp":"2025-05-16T13:59:16,581","container":"b83ccccc2e9c","level":"INFO","thread":"main","class":"Besu","message":"Security Module: localfile","throwable":""}
{"timestamp":"2025-05-16T13:59:16,833","container":"b83ccccc2e9c","level":"INFO","thread":"main","class":"Besu","message":"Using the native implementation of alt bn128","throwable":""}
{"timestamp":"2025-05-16T13:59:17,010","container":"b83ccccc2e9c","level":"INFO","thread":"main","class":"Besu","message":"Using the native implementation of modexp","throwable":""}
{"timestamp":"2025-05-16T13:59:17,018","container":"b83ccccc2e9c","level":"INFO","thread":"main","class":"Besu","message":"Using the native implementation of the signature algorithm","throwable":""}
{"timestamp":"2025-05-16T13:59:17,040","container":"b83ccccc2e9c","level":"INFO","thread":"main","class":"Besu","message":"Using the native implementation of the blake2bf algorithm","throwable":""}
{"timestamp":"2025-05-16T13:59:17,108","container":"b83ccccc2e9c","level":"INFO","thread":"main","class":"RocksDBKeyValueStorageFactory","message":"No existing database detected at /opt/besu/data. Using version 1","throwable":""}
{"timestamp":"2025-05-16T13:59:19,759","container":"b83ccccc2e9c","level":"INFO","thread":"main","class":"KeyPairUtil","message":"Loaded public key 0x59cf0c623c582fa9b19bdf70fb6bade07f4ae32218dd4d1c7e2c7e65acf87da45cf2ab55d16d27360aafef17622c37c09db60d7680ebcc17b78867f4c05bcaa4 from /opt/besu/keys/nodekey","throwable":""}
{"timestamp":"2025-05-16T13:59:19,801","container":"b83ccccc2e9c","level":"WARN","thread":"main","class":"Besu","message":"Privacy is disabled. Cannot use EEA/PRIV API methods when not using Privacy.","throwable":""}
{"timestamp":"2025-05-16T13:59:20,877","container":"b83ccccc2e9c","level":"INFO","thread":"main","class":"ProtocolScheduleBuilder","message":"Protocol schedule created with milestones: [GrayGlacier: 0]","throwable":""}
{"timestamp":"2025-05-16T13:59:21,708","container":"b83ccccc2e9c","level":"INFO","thread":"main","class":"TransactionPoolFactory","message":"Enabling transaction pool","throwable":""}
{"timestamp":"2025-05-16T13:59:22,001","container":"b83ccccc2e9c","level":"INFO","thread":"main","class":"BesuControllerBuilder","message":"TTD difficulty is not present, creating initial sync phase for PoW","throwable":""}
{"timestamp":"2025-05-16T13:59:22,323","container":"b83ccccc2e9c","level":"INFO","thread":"main","class":"RunnerBuilder","message":"Detecting NAT service.","throwable":""}
{"timestamp":"2025-05-16T13:59:24,128","container":"b83ccccc2e9c","level":"INFO","thread":"main","class":"Runner","message":"Starting external services ... ","throwable":""}
{"timestamp":"2025-05-16T13:59:24,129","container":"b83ccccc2e9c","level":"INFO","thread":"main","class":"MetricsHttpService","message":"Starting metrics http service on 0.0.0.0:9545","throwable":""}
{"timestamp":"2025-05-16T13:59:24,500","container":"b83ccccc2e9c","level":"INFO","thread":"vert.x-eventloop-thread-1","class":"MetricsHttpService","message":"Metrics service started and listening on 0.0.0.0:9545","throwable":""}
{"timestamp":"2025-05-16T13:59:24,506","container":"b83ccccc2e9c","level":"INFO","thread":"main","class":"JsonRpcHttpService","message":"Starting JSON-RPC service on 0.0.0.0:8545","throwable":""}
{"timestamp":"2025-05-16T13:59:24,556","container":"b83ccccc2e9c","level":"INFO","thread":"vert.x-eventloop-thread-1","class":"JsonRpcHttpService","message":"JSON-RPC service started and listening on 0.0.0.0:8545","throwable":""}
{"timestamp":"2025-05-16T13:59:24,574","container":"b83ccccc2e9c","level":"INFO","thread":"main","class":"GraphQLHttpService","message":"Starting GraphQL HTTP service on 0.0.0.0:8547","throwable":""}
{"timestamp":"2025-05-16T13:59:24,578","container":"b83ccccc2e9c","level":"INFO","thread":"vert.x-eventloop-thread-1","class":"GraphQLHttpService","message":"GraphQL HTTP service started and listening on 0.0.0.0:8547","throwable":""}
{"timestamp":"2025-05-16T13:59:24,583","container":"b83ccccc2e9c","level":"INFO","thread":"main","class":"WebSocketService","message":"Starting Websocket service on 0.0.0.0:8546","throwable":""}
{"timestamp":"2025-05-16T13:59:24,598","container":"b83ccccc2e9c","level":"INFO","thread":"vert.x-eventloop-thread-1","class":"WebSocketService","message":"Websocket service started and listening on 0.0.0.0:8546","throwable":""}
{"timestamp":"2025-05-16T13:59:24,607","container":"b83ccccc2e9c","level":"INFO","thread":"main","class":"AutoTransactionLogBloomCachingService","message":"Starting auto transaction log bloom caching service.","throwable":""}
{"timestamp":"2025-05-16T13:59:24,614","container":"b83ccccc2e9c","level":"INFO","thread":"main","class":"LogBloomCacheMetadata","message":"Lookup cache metadata file in data directory: /opt/besu/data/caches","throwable":""}
{"timestamp":"2025-05-16T13:59:24,656","container":"b83ccccc2e9c","level":"INFO","thread":"main","class":"Runner","message":"Starting Ethereum main loop ... ","throwable":""}
{"timestamp":"2025-05-16T13:59:24,656","container":"b83ccccc2e9c","level":"INFO","thread":"main","class":"DockerNatManager","message":"Starting docker NAT manager.","throwable":""}
{"timestamp":"2025-05-16T13:59:24,675","container":"b83ccccc2e9c","level":"INFO","thread":"main","class":"NetworkRunner","message":"Starting Network.","throwable":""}
{"timestamp":"2025-05-16T13:59:24,761","container":"b83ccccc2e9c","level":"INFO","thread":"main","class":"RlpxAgent","message":"P2P RLPx agent started and listening on /0.0.0.0:30303.","throwable":""}
{"timestamp":"2025-05-16T13:59:24,762","container":"b83ccccc2e9c","level":"INFO","thread":"main","class":"PeerDiscoveryAgent","message":"Starting peer discovery agent on host=0.0.0.0, port=30303","throwable":""}
{"timestamp":"2025-05-16T13:59:24,834","container":"b83ccccc2e9c","level":"INFO","thread":"vert.x-eventloop-thread-1","class":"VertxPeerDiscoveryAgent","message":"Started peer discovery agent successfully, on effective host=0.0.0.0 and port=30303","throwable":""}
{"timestamp":"2025-05-16T13:59:24,836","container":"b83ccccc2e9c","level":"INFO","thread":"vert.x-eventloop-thread-1","class":"PeerDiscoveryAgent","message":"P2P peer discovery agent started and listening on /0.0.0.0:30303","throwable":""}
{"timestamp":"2025-05-16T13:59:24,965","container":"b83ccccc2e9c","level":"INFO","thread":"vert.x-eventloop-thread-1","class":"PeerDiscoveryAgent","message":"Writing node record to disk. NodeRecord{seq=1, publicKey=0x0259cf0c623c582fa9b19bdf70fb6bade07f4ae32218dd4d1c7e2c7e65acf87da4, udpAddress=Optional[/172.16.239.13:30303], tcpAddress=Optional[/172.16.239.13:30303], asBase64=-Je4QEwrxpJX6Z8Z-NI-zZK3waUCiyEbaWX8dlDAiyaPJABSJC8hw1fT-RDBy7wnKpY8ni0P1fDQI_kmQeKPGo99gCkBg2V0aMfGhGpSrW2AgmlkgnY0gmlwhKwQ7w2Jc2VjcDI1NmsxoQJZzwxiPFgvqbGb33D7a63gf0rjIhjdTRx-LH5lrPh9pIN0Y3CCdl-DdWRwgnZf, nodeId=0x2a2fe7f9e880372cfd2bda0cce412f988377e31f4d0ff12d74df73b51c42d0ca, customFields={tcp=30303, udp=30303, ip=0xac10ef0d, eth=[[0x6a52ad6d, 0x]], id=V4, secp256k1=0x0259cf0c623c582fa9b19bdf70fb6bade07f4ae32218dd4d1c7e2c7e65acf87da4}}","throwable":""}
{"timestamp":"2025-05-16T13:59:25,074","container":"b83ccccc2e9c","level":"INFO","thread":"main","class":"DefaultP2PNetwork","message":"Enode URL enode://59cf0c623c582fa9b19bdf70fb6bade07f4ae32218dd4d1c7e2c7e65acf87da45cf2ab55d16d27360aafef17622c37c09db60d7680ebcc17b78867f4c05bcaa4@172.16.239.13:30303","throwable":""}
{"timestamp":"2025-05-16T13:59:25,079","container":"b83ccccc2e9c","level":"INFO","thread":"main","class":"DefaultP2PNetwork","message":"Node address 0xce412f988377e31f4d0ff12d74df73b51c42d0ca","throwable":""}
{"timestamp":"2025-05-16T13:59:25,311","container":"b83ccccc2e9c","level":"INFO","thread":"main","class":"NetworkRunner","message":"Supported capabilities: [eth/62, eth/63, eth/64, eth/65, eth/66, eth/67, eth/68], [istanbul/100], [snap/1]","throwable":""}
{"timestamp":"2025-05-16T13:59:25,311","container":"b83ccccc2e9c","level":"INFO","thread":"main","class":"DefaultSynchronizer","message":"Starting synchronizer.","throwable":""}
{"timestamp":"2025-05-16T13:59:25,322","container":"b83ccccc2e9c","level":"INFO","thread":"main","class":"TransactionPoolFactory","message":"Enabling transaction handling following initial sync","throwable":""}
{"timestamp":"2025-05-16T13:59:25,326","container":"b83ccccc2e9c","level":"INFO","thread":"main","class":"FullSyncDownloader","message":"Starting full sync.","throwable":""}
{"timestamp":"2025-05-16T13:59:25,327","container":"b83ccccc2e9c","level":"INFO","thread":"main","class":"FullSyncTargetManager","message":"Unable to find sync target. Currently checking 0 peers for usefulness","throwable":""}
{"timestamp":"2025-05-16T13:59:25,592","container":"b83ccccc2e9c","level":"INFO","thread":"main","class":"Runner","message":"Ethereum main loop is up.","throwable":""}
{"timestamp":"2025-05-16T13:59:27,242","container":"b83ccccc2e9c","level":"INFO","thread":"nioEventLoopGroup-3-2","class":"FullSyncTargetManager","message":"Unable to find sync target. Currently checking 4 peers for usefulness","throwable":""}
{"timestamp":"2025-05-16T13:59:27,444","container":"b83ccccc2e9c","level":"INFO","thread":"nioEventLoopGroup-3-7","class":"FullSyncTargetManager","message":"Unable to find sync target. Currently checking 5 peers for usefulness","throwable":""}
{"timestamp":"2025-05-16T13:59:32,454","container":"b83ccccc2e9c","level":"INFO","thread":"EthScheduler-Timer-0","class":"FullSyncTargetManager","message":"Unable to find sync target. Currently checking 5 peers for usefulness","throwable":""}
{"timestamp":"2025-05-16T13:59:36,289","container":"b83ccccc2e9c","level":"INFO","thread":"BftProcessorExecutor-QBFT-0","class":"QbftRound","message":"Importing proposed block to chain. round=ConsensusRoundIdentifier{Sequence=1, Round=1}, hash=0xf46c0230c701bd7f01a8f1f35272b887c8dea49569154ef2650f4e49f3afdd3b","throwable":""}
{"timestamp":"2025-05-16T13:59:36,416","container":"b83ccccc2e9c","level":"INFO","thread":"EthScheduler-Workers-0","class":"PersistBlockTask","message":"Block 1 (0xf46c0230c701bd7f01a8f1f35272b887c8dea49569154ef2650f4e49f3afdd3b) is already imported","throwable":""}
{"timestamp":"2025-05-16T13:59:36,442","container":"b83ccccc2e9c","level":"INFO","thread":"BftProcessorExecutor-QBFT-0","class":"QbftBesuControllerBuilder","message":"Imported #1 / 0 tx / 0 pending / 0 (0.0%) gas / (0xf46c0230c701bd7f01a8f1f35272b887c8dea49569154ef2650f4e49f3afdd3b)","throwable":""}
{"timestamp":"2025-05-16T13:59:37,456","container":"b83ccccc2e9c","level":"INFO","thread":"EthScheduler-Timer-0","class":"FullSyncTargetManager","message":"Unable to find sync target. Currently checking 5 peers for usefulness","throwable":""}
{"timestamp":"2025-05-16T13:59:42,461","container":"b83ccccc2e9c","level":"INFO","thread":"EthScheduler-Timer-0","class":"FullSyncTargetManager","message":"Unable to find sync target. Currently checking 5 peers for usefulness","throwable":""}
{"timestamp":"2025-05-16T13:59:43,163","container":"b83ccccc2e9c","level":"INFO","thread":"BftProcessorExecutor-QBFT-0","class":"QbftBesuControllerBuilder","message":"Imported #2 / 0 tx / 0 pending / 0 (0.0%) gas / (0x414cab35dc7ba1eac3a07f56d7601909a220cb42b6cfaf02e59d498287f9a5d5)","throwable":""}
{"timestamp":"2025-05-16T13:59:51,130","container":"b83ccccc2e9c","level":"INFO","thread":"BftProcessorExecutor-QBFT-0","class":"QbftBesuControllerBuilder","message":"Produced #3 / 0 tx / 0 pending / 0 (0.0%) gas / (0x91d9c2161501361a2917fb9487e9d745a5b0bf002dde47471f0de98c018d6245)","throwable":""}
{"timestamp":"2025-05-16T13:59:59,140","container":"b83ccccc2e9c","level":"INFO","thread":"BftProcessorExecutor-QBFT-0","class":"QbftBesuControllerBuilder","message":"Imported #4 / 0 tx / 0 pending / 0 (0.0%) gas / (0xf2ffd5b88ad17991fb1e8cceb9a891a20d4bab1266007a29d7525c3d627cf758)","throwable":""}
{"timestamp":"2025-05-16T13:59:59,143","container":"b83ccccc2e9c","level":"INFO","thread":"EthScheduler-Workers-0","class":"PersistBlockTask","message":"Block 4 (0xf2ffd5b88ad17991fb1e8cceb9a891a20d4bab1266007a29d7525c3d627cf758) is already imported","throwable":""}
{"timestamp":"2025-05-16T14:00:07,163","container":"b83ccccc2e9c","level":"INFO","thread":"EthScheduler-Workers-0","class":"PersistBlockTask","message":"Imported #5 / 0 tx / 0 om / 0 (0.0%) gas / (0xe22451ab52e842b04701ee3ca81c256e17478676054d2c7ee6a75e11651a4138) in 0.025s. Peers: 5","throwable":""}
{"timestamp":"2025-05-16T14:00:15,117","container":"b83ccccc2e9c","level":"INFO","thread":"EthScheduler-Workers-0","class":"PersistBlockTask","message":"Imported #6 / 0 tx / 0 om / 0 (0.0%) gas / (0x9119c38fbc9bcf1d364ebf91a81f9f2bdc2b42a6a659ddee04ce93fe62ef93dd) in 0.003s. Peers: 5","throwable":""}
{"timestamp":"2025-05-16T14:00:23,074","container":"b83ccccc2e9c","level":"INFO","thread":"BftProcessorExecutor-QBFT-0","class":"QbftBesuControllerBuilder","message":"Produced #7 / 0 tx / 0 pending / 0 (0.0%) gas / (0xf8d43c19d51c332802f17d69bc2f3c3fa7cd345602a2bf96caf25c4e849bcc91)","throwable":""}
{"timestamp":"2025-05-16T14:00:31,134","container":"b83ccccc2e9c","level":"INFO","thread":"EthScheduler-Workers-0","class":"PersistBlockTask","message":"Block 8 (0x8cafe124548b271ec6fe2ed1adef527fd6c772bdfc48208c8fc3ac67446696c2) is already imported","throwable":""}
{"timestamp":"2025-05-16T14:00:31,135","container":"b83ccccc2e9c","level":"INFO","thread":"BftProcessorExecutor-QBFT-0","class":"QbftBesuControllerBuilder","message":"Imported #8 / 0 tx / 0 pending / 0 (0.0%) gas / (0x8cafe124548b271ec6fe2ed1adef527fd6c772bdfc48208c8fc3ac67446696c2)","throwable":""}
{"timestamp":"2025-05-16T14:00:39,057","container":"b83ccccc2e9c","level":"INFO","thread":"BftProcessorExecutor-QBFT-0","class":"QbftBesuControllerBuilder","message":"Imported #9 / 0 tx / 0 pending / 0 (0.0%) gas / (0xb556f8f78e52fe4a494c9cc35a89fc35bc85d44265e611ba5f1b53aa20870a24)","throwable":""}
{"timestamp":"2025-05-16T14:00:47,105","container":"b83ccccc2e9c","level":"INFO","thread":"EthScheduler-Workers-0","class":"PersistBlockTask","message":"Imported #10 / 0 tx / 0 om / 0 (0.0%) gas / (0x1795adaa237d7d99e8843f8fe68dbbf82c4e24864df13c6ac217b113f2d58e5a) in 0.010s. Peers: 5","throwable":""}
{"timestamp":"2025-05-16T14:00:47,121","container":"b83ccccc2e9c","level":"INFO","thread":"BftProcessorExecutor-QBFT-0","class":"QbftBesuControllerBuilder","message":"Imported #10 / 0 tx / 0 pending / 0 (0.0%) gas / (0x1795adaa237d7d99e8843f8fe68dbbf82c4e24864df13c6ac217b113f2d58e5a)","throwable":""}
{"timestamp":"2025-05-16T14:00:55,080","container":"b83ccccc2e9c","level":"INFO","thread":"EthScheduler-Workers-0","class":"PersistBlockTask","message":"Imported #11 / 0 tx / 0 om / 0 (0.0%) gas / (0x62870e8e308f9085ca43fb1e6d21f9c2368de4949fe52242eccb760c6cc4c281) in 0.002s. Peers: 5","throwable":""}
{"timestamp":"2025-05-16T14:00:55,106","container":"b83ccccc2e9c","level":"INFO","thread":"BftProcessorExecutor-QBFT-0","class":"QbftBesuControllerBuilder","message":"Produced #11 / 0 tx / 0 pending / 0 (0.0%) gas / (0x62870e8e308f9085ca43fb1e6d21f9c2368de4949fe52242eccb760c6cc4c281)","throwable":""}
{"timestamp":"2025-05-16T14:01:03,126","container":"b83ccccc2e9c","level":"INFO","thread":"EthScheduler-Workers-0","class":"PersistBlockTask","message":"Block 12 (0xe32326353a28ce00f1652f064df321833ea75a15570b3b8e4237a6087f679539) is already imported","throwable":""}
{"timestamp":"2025-05-16T14:01:03,146","container":"b83ccccc2e9c","level":"INFO","thread":"BftProcessorExecutor-QBFT-0","class":"QbftBesuControllerBuilder","message":"Imported #12 / 0 tx / 0 pending / 0 (0.0%) gas / (0xe32326353a28ce00f1652f064df321833ea75a15570b3b8e4237a6087f679539)","throwable":""}
{"timestamp":"2025-05-16T14:01:11,100","container":"b83ccccc2e9c","level":"INFO","thread":"BftProcessorExecutor-QBFT-0","class":"QbftBesuControllerBuilder","message":"Imported #13 / 0 tx / 0 pending / 0 (0.0%) gas / (0x672c69acadf6c1b02cbf8039f6fcd8a9fa52e7418699c504c323ee61ef83ad7a)","throwable":""}
{"timestamp":"2025-05-16T14:01:19,070","container":"b83ccccc2e9c","level":"INFO","thread":"EthScheduler-Workers-0","class":"PersistBlockTask","message":"Imported #14 / 0 tx / 0 om / 0 (0.0%) gas / (0xb8354a226c42a3d37a23ea93a2cdec46f82983b224570148b50750040921fdd9) in 0.001s. Peers: 5","throwable":""}
{"timestamp":"2025-05-16T14:01:27,107","container":"b83ccccc2e9c","level":"INFO","thread":"EthScheduler-Workers-0","class":"PersistBlockTask","message":"Block 15 (0x0697a0f33149c29fab4ae90f4a26a8d02674c68ba6f3bae05230bb097eb0f0fb) is already imported","throwable":""}
{"timestamp":"2025-05-16T14:01:27,109","container":"b83ccccc2e9c","level":"INFO","thread":"BftProcessorExecutor-QBFT-0","class":"QbftBesuControllerBuilder","message":"Produced #15 / 0 tx / 0 pending / 0 (0.0%) gas / (0x0697a0f33149c29fab4ae90f4a26a8d02674c68ba6f3bae05230bb097eb0f0fb)","throwable":""}
{"timestamp":"2025-05-16T14:01:35,079","container":"b83ccccc2e9c","level":"INFO","thread":"BftProcessorExecutor-QBFT-0","class":"QbftBesuControllerBuilder","message":"Imported #16 / 0 tx / 0 pending / 0 (0.0%) gas / (0xf21e06f5134339f7920b67abf1307b3fae31fc019ba80d7e457c3df9bcbdcabe)","throwable":""}
{"timestamp":"2025-05-16T14:01:43,080","container":"b83ccccc2e9c","level":"INFO","thread":"BftProcessorExecutor-QBFT-0","class":"QbftBesuControllerBuilder","message":"Imported #17 / 0 tx / 0 pending / 0 (0.0%) gas / (0x3c225643abc634828af5076d42c0e4852faec1717236ac32ea287d35bfb37e5d)","throwable":""}
{"timestamp":"2025-05-16T14:01:51,082","container":"b83ccccc2e9c","level":"INFO","thread":"EthScheduler-Workers-0","class":"PersistBlockTask","message":"Imported #18 / 0 tx / 0 om / 0 (0.0%) gas / (0xa26a7779c14413284a84cba1918b964c2f4073c2a230d546bd4511d8283d5b0b) in 0.001s. Peers: 5","throwable":""}
{"timestamp":"2025-05-16T14:01:51,102","container":"b83ccccc2e9c","level":"INFO","thread":"BftProcessorExecutor-QBFT-0","class":"QbftBesuControllerBuilder","message":"Imported #18 / 0 tx / 0 pending / 0 (0.0%) gas / (0xa26a7779c14413284a84cba1918b964c2f4073c2a230d546bd4511d8283d5b0b)","throwable":""}
{"timestamp":"2025-05-16T14:01:59,057","container":"b83ccccc2e9c","level":"INFO","thread":"BftProcessorExecutor-QBFT-0","class":"QbftBesuControllerBuilder","message":"Produced #19 / 0 tx / 0 pending / 0 (0.0%) gas / (0xf7b38ca7602c1ec979cd695e67ebc09d26262835112f8093e419d1e823c39bd0)","throwable":""}
{"timestamp":"2025-05-16T14:02:07,102","container":"b83ccccc2e9c","level":"INFO","thread":"EthScheduler-Workers-0","class":"PersistBlockTask","message":"Block 20 (0x9fbb564316f4bb6b3357fd8202a8a3beaf4b1e41d1d2b48b8ebd05499d234397) is already imported","throwable":""}
{"timestamp":"2025-05-16T14:02:07,108","container":"b83ccccc2e9c","level":"INFO","thread":"BftProcessorExecutor-QBFT-0","class":"QbftBesuControllerBuilder","message":"Imported #20 / 0 tx / 0 pending / 0 (0.0%) gas / (0x9fbb564316f4bb6b3357fd8202a8a3beaf4b1e41d1d2b48b8ebd05499d234397)","throwable":""}
{"timestamp":"2025-05-16T14:02:15,096","container":"b83ccccc2e9c","level":"INFO","thread":"BftProcessorExecutor-QBFT-0","class":"QbftBesuControllerBuilder","message":"Imported #21 / 0 tx / 0 pending / 0 (0.0%) gas / (0xa52151058d766e2c4bb8d4af385348269e2fab089196312a9654e8a71e33348a)","throwable":""}
{"timestamp":"2025-05-16T14:02:23,127","container":"b83ccccc2e9c","level":"INFO","thread":"BftProcessorExecutor-QBFT-0","class":"QbftBesuControllerBuilder","message":"Imported #22 / 0 tx / 0 pending / 0 (0.0%) gas / (0x98d4a5a7530042b876a78fc7c7e714adc6bd0fce77713c44a0918b9365be132c)","throwable":""}
{"timestamp":"2025-05-16T14:02:31,075","container":"b83ccccc2e9c","level":"INFO","thread":"BftProcessorExecutor-QBFT-0","class":"QbftBesuControllerBuilder","message":"Produced #23 / 0 tx / 0 pending / 0 (0.0%) gas / (0xf9324a44fae0aefabd97bca2a5597341b96a9d2ede890d5a0c1b09a09362d0a8)","throwable":""}
{"timestamp":"2025-05-16T14:02:39,074","container":"b83ccccc2e9c","level":"INFO","thread":"BftProcessorExecutor-QBFT-0","class":"QbftBesuControllerBuilder","message":"Imported #24 / 0 tx / 0 pending / 0 (0.0%) gas / (0xc48c70fae8e8c60d8ec8e2202175fa96bc99fcb423167ae0fc0bdf9bf7031d20)","throwable":""}
{"timestamp":"2025-05-16T14:02:47,118","container":"b83ccccc2e9c","level":"INFO","thread":"BftProcessorExecutor-QBFT-0","class":"QbftBesuControllerBuilder","message":"Imported #25 / 0 tx / 0 pending / 0 (0.0%) gas / (0x1ce55be0e1d5ac5a2eb560d06f21706426244927f9ff7f5ded737aea23b833b4)","throwable":""}
{"timestamp":"2025-05-16T14:02:55,198","container":"b83ccccc2e9c","level":"INFO","thread":"EthScheduler-Workers-0","class":"PersistBlockTask","message":"Imported #26 / 1 tx / 0 om / 200,141 (0.0%) gas / (0x22ae8e8409ee000afc7862790f44c148625e8d36fe91476ce756a8cf08ec1870) in 0.022s. Peers: 5","throwable":""}
{"timestamp":"2025-05-16T14:03:03,149","container":"b83ccccc2e9c","level":"INFO","thread":"BftProcessorExecutor-QBFT-0","class":"QbftBesuControllerBuilder","message":"Produced #27 / 1 tx / 0 pending / 28,222 (0.0%) gas / (0x37b5f3e1dc8e137da38608242dbf8db4374f7253955a16ac785b05e1a6f1559b)","throwable":""}
{"timestamp":"2025-05-16T14:03:11,054","container":"b83ccccc2e9c","level":"INFO","thread":"EthScheduler-Workers-0","class":"PersistBlockTask","message":"Imported #28 / 0 tx / 0 om / 0 (0.0%) gas / (0x6b0a87fe631a93af0fddfd957d9216727e60c6e019eb7155b00d7d28883ad4ef) in 0.004s. Peers: 5","throwable":""}
{"timestamp":"2025-05-16T14:03:19,060","container":"b83ccccc2e9c","level":"INFO","thread":"BftProcessorExecutor-QBFT-0","class":"QbftBesuControllerBuilder","message":"Imported #29 / 0 tx / 0 pending / 0 (0.0%) gas / (0x9b8687546a048fb9a3251686983694ce8af4c25adf2f11fa8e1648a552a62253)","throwable":""}
{"timestamp":"2025-05-16T14:03:27,143","container":"b83ccccc2e9c","level":"INFO","thread":"BftProcessorExecutor-QBFT-0","class":"QbftBesuControllerBuilder","message":"Imported #30 / 0 tx / 0 pending / 0 (0.0%) gas / (0xfcd9bf61f3b1f77b9c8f0a22a04dfecd9ac5d51ecedecd962f6292de261c4ca3)","throwable":""}
{"timestamp":"2025-05-16T14:03:35,094","container":"b83ccccc2e9c","level":"INFO","thread":"EthScheduler-Workers-0","class":"PersistBlockTask","message":"Imported #31 / 0 tx / 0 om / 0 (0.0%) gas / (0xc7f3192e43bede3f285751d2b9827ef406a34be8ce6a9d5905dad6059640ddd6) in 0.027s. Peers: 5","throwable":""}
{"timestamp":"2025-05-16T14:03:35,104","container":"b83ccccc2e9c","level":"INFO","thread":"BftProcessorExecutor-QBFT-0","class":"QbftBesuControllerBuilder","message":"Produced #31 / 0 tx / 0 pending / 0 (0.0%) gas / (0xc7f3192e43bede3f285751d2b9827ef406a34be8ce6a9d5905dad6059640ddd6)","throwable":""}
{"timestamp":"2025-05-16T14:03:43,050","container":"b83ccccc2e9c","level":"INFO","thread":"BftProcessorExecutor-QBFT-0","class":"QbftBesuControllerBuilder","message":"Imported #32 / 0 tx / 0 pending / 0 (0.0%) gas / (0xce70e164c5360ee87191f10974fa4051b053d4c94e633b56c45768e290e5f7be)","throwable":""}
{"timestamp":"2025-05-16T14:03:51,071","container":"b83ccccc2e9c","level":"INFO","thread":"EthScheduler-Workers-0","class":"PersistBlockTask","message":"Block 33 (0xc085c91c50e12d852cd912f4213ae47c6eb600cd0b702bec4a8a89f14f8bf7e5) is already imported","throwable":""}
{"timestamp":"2025-05-16T14:03:51,075","container":"b83ccccc2e9c","level":"INFO","thread":"BftProcessorExecutor-QBFT-0","class":"QbftBesuControllerBuilder","message":"Imported #33 / 0 tx / 0 pending / 0 (0.0%) gas / (0xc085c91c50e12d852cd912f4213ae47c6eb600cd0b702bec4a8a89f14f8bf7e5)","throwable":""}
{"timestamp":"2025-05-16T14:03:59,043","container":"b83ccccc2e9c","level":"INFO","thread":"BftProcessorExecutor-QBFT-0","class":"QbftBesuControllerBuilder","message":"Imported #34 / 0 tx / 0 pending / 0 (0.0%) gas / (0x6ebdc00f5301414b1404ad7c458e2e7b44639f653e2991db65c2a316002a107a)","throwable":""}
{"timestamp":"2025-05-16T14:04:07,079","container":"b83ccccc2e9c","level":"INFO","thread":"BftProcessorExecutor-QBFT-0","class":"QbftBesuControllerBuilder","message":"Produced #35 / 0 tx / 0 pending / 0 (0.0%) gas / (0x9ecabf268c13b2125dbe5d547ae6068c076d5954448941f7fe728327a6e3f91a)","throwable":""}
{"timestamp":"2025-05-16T14:04:15,054","container":"b83ccccc2e9c","level":"INFO","thread":"BftProcessorExecutor-QBFT-0","class":"QbftBesuControllerBuilder","message":"Imported #36 / 0 tx / 0 pending / 0 (0.0%) gas / (0xe0d5a6784e49877f017473e3750e6300f0bfea5cee1895ae4bf5be179f24ec59)","throwable":""}
{"timestamp":"2025-05-16T14:04:23,069","container":"b83ccccc2e9c","level":"INFO","thread":"BftProcessorExecutor-QBFT-0","class":"QbftBesuControllerBuilder","message":"Imported #37 / 0 tx / 0 pending / 0 (0.0%) gas / (0x1c276e045616bc80f4ad5b2720e0d192b25aaa97b6fd6825e29374a68e493085)","throwable":""}
{"timestamp":"2025-05-16T14:04:31,063","container":"b83ccccc2e9c","level":"INFO","thread":"EthScheduler-Workers-0","class":"PersistBlockTask","message":"Imported #38 / 0 tx / 0 om / 0 (0.0%) gas / (0x37249c244a2960e9528ab1313c769317a480fb28dd906d45daa8191cdaf14f64) in 0.002s. Peers: 5","throwable":""}
{"timestamp":"2025-05-16T14:04:39,053","container":"b83ccccc2e9c","level":"INFO","thread":"EthScheduler-Workers-0","class":"PersistBlockTask","message":"Imported #39 / 0 tx / 0 om / 0 (0.0%) gas / (0xcb9a8f225e85b94fb7c48b933687a1c1900059afeeb00201c0b0195dbb247bc6) in 0.004s. Peers: 5","throwable":""}
{"timestamp":"2025-05-16T14:04:39,054","container":"b83ccccc2e9c","level":"INFO","thread":"BftProcessorExecutor-QBFT-0","class":"QbftBesuControllerBuilder","message":"Produced #39 / 0 tx / 0 pending / 0 (0.0%) gas / (0xcb9a8f225e85b94fb7c48b933687a1c1900059afeeb00201c0b0195dbb247bc6)","throwable":""}
{"timestamp":"2025-05-16T14:04:47,047","container":"b83ccccc2e9c","level":"INFO","thread":"BftProcessorExecutor-QBFT-0","class":"QbftBesuControllerBuilder","message":"Imported #40 / 0 tx / 0 pending / 0 (0.0%) gas / (0x8f5d955d90f50127e61120ef29a1ea46cf16d19c1d5602010f39f688a1db692a)","throwable":""}
{"timestamp":"2025-05-16T14:04:55,041","container":"b83ccccc2e9c","level":"INFO","thread":"BftProcessorExecutor-QBFT-0","class":"QbftBesuControllerBuilder","message":"Imported #41 / 0 tx / 0 pending / 0 (0.0%) gas / (0x34670f95550808d0eda719c8f68af231de03a32efd0bc37acb1df1f1509a5491)","throwable":""}
{"timestamp":"2025-05-16T14:05:03,060","container":"b83ccccc2e9c","level":"INFO","thread":"BftProcessorExecutor-QBFT-0","class":"QbftBesuControllerBuilder","message":"Imported #42 / 0 tx / 0 pending / 0 (0.0%) gas / (0xcd95612fdced8dda4429c4ff21b7e5a47664f144f7edabdbdbe85c5bcfc2a730)","throwable":""}
{"timestamp":"2025-05-16T14:05:11,060","container":"b83ccccc2e9c","level":"INFO","thread":"EthScheduler-Workers-0","class":"PersistBlockTask","message":"Imported #43 / 0 tx / 0 om / 0 (0.0%) gas / (0xe4e7d069ac28259154ef3e61a34fb8b52b1cc403f71bd8c5a494227acfde1d7a) in 0.006s. Peers: 5","throwable":""}
{"timestamp":"2025-05-16T14:05:11,079","container":"b83ccccc2e9c","level":"INFO","thread":"BftProcessorExecutor-QBFT-0","class":"QbftBesuControllerBuilder","message":"Produced #43 / 0 tx / 0 pending / 0 (0.0%) gas / (0xe4e7d069ac28259154ef3e61a34fb8b52b1cc403f71bd8c5a494227acfde1d7a)","throwable":""}
{"timestamp":"2025-05-16T14:05:19,087","container":"b83ccccc2e9c","level":"INFO","thread":"BftProcessorExecutor-QBFT-0","class":"QbftBesuControllerBuilder","message":"Imported #44 / 0 tx / 0 pending / 0 (0.0%) gas / (0x01e8f2e6bd4bc15cca87603ee126ab2e94fadd1c62a4baeebe855343760c6b7e)","throwable":""}
{"timestamp":"2025-05-16T14:05:27,022","container":"b83ccccc2e9c","level":"INFO","thread":"BftProcessorExecutor-QBFT-0","class":"QbftBesuControllerBuilder","message":"Imported #45 / 0 tx / 0 pending / 0 (0.0%) gas / (0x405e5b0c57aef803fffbdbb32c3c9b128a1dc8da55be4026cf55e3f577affaa6)","throwable":""}
{"timestamp":"2025-05-16T14:05:35,070","container":"b83ccccc2e9c","level":"INFO","thread":"BftProcessorExecutor-QBFT-0","class":"QbftBesuControllerBuilder","message":"Imported #46 / 0 tx / 0 pending / 0 (0.0%) gas / (0x3b3ba28f29fcaf0645da4177df2fddfbf5ee6be16cd18b8331a8a2cd540fe0cb)","throwable":""}
{"timestamp":"2025-05-16T14:05:35,073","container":"b83ccccc2e9c","level":"INFO","thread":"EthScheduler-Workers-0","class":"PersistBlockTask","message":"Block 46 (0x3b3ba28f29fcaf0645da4177df2fddfbf5ee6be16cd18b8331a8a2cd540fe0cb) is already imported","throwable":""}
{"timestamp":"2025-05-16T14:05:43,128","container":"b83ccccc2e9c","level":"INFO","thread":"BftProcessorExecutor-QBFT-0","class":"QbftBesuControllerBuilder","message":"Produced #47 / 0 tx / 0 pending / 0 (0.0%) gas / (0x5660aa7fee8e83d8c5ea78dea87c1c79d177f53e4eb70685c854104520339a65)","throwable":""}
{"timestamp":"2025-05-16T14:05:43,129","container":"b83ccccc2e9c","level":"INFO","thread":"EthScheduler-Workers-0","class":"PersistBlockTask","message":"Block 47 (0x5660aa7fee8e83d8c5ea78dea87c1c79d177f53e4eb70685c854104520339a65) is already imported","throwable":""}
{"timestamp":"2025-05-16T14:05:51,126","container":"b83ccccc2e9c","level":"INFO","thread":"BftProcessorExecutor-QBFT-0","class":"QbftBesuControllerBuilder","message":"Imported #48 / 0 tx / 0 pending / 0 (0.0%) gas / (0xf82791fd85d8c9c855aef335c6932804208c867a2069164c445de2e7c3c2ced6)","throwable":""}
{"timestamp":"2025-05-16T14:05:59,051","container":"b83ccccc2e9c","level":"INFO","thread":"BftProcessorExecutor-QBFT-0","class":"QbftBesuControllerBuilder","message":"Imported #49 / 0 tx / 0 pending / 0 (0.0%) gas / (0xcebb14d55273214367abcb00f914e34746fc5872b6724c85d6bb4fa10a376f56)","throwable":""}
{"timestamp":"2025-05-16T14:06:07,048","container":"b83ccccc2e9c","level":"INFO","thread":"BftProcessorExecutor-QBFT-0","class":"QbftBesuControllerBuilder","message":"Imported #50 / 0 tx / 0 pending / 0 (0.0%) gas / (0x0dbf969f6f1eebc736f0f7d20bcc3f22e4c62b8bcc49b6d4ace5eb1afc5b835c)","throwable":""}
{"timestamp":"2025-05-16T14:06:15,089","container":"b83ccccc2e9c","level":"INFO","thread":"BftProcessorExecutor-QBFT-0","class":"QbftBesuControllerBuilder","message":"Produced #51 / 0 tx / 0 pending / 0 (0.0%) gas / (0x61b9a0a4530ba8f38856f5e7e94c855ca821db4b1840074b24adbd8a84c42cb5)","throwable":""}
{"timestamp":"2025-05-16T14:06:15,096","container":"b83ccccc2e9c","level":"INFO","thread":"EthScheduler-Workers-0","class":"PersistBlockTask","message":"Block 51 (0x61b9a0a4530ba8f38856f5e7e94c855ca821db4b1840074b24adbd8a84c42cb5) is already imported","throwable":""}
{"timestamp":"2025-05-16T14:06:23,117","container":"b83ccccc2e9c","level":"INFO","thread":"EthScheduler-Workers-0","class":"PersistBlockTask","message":"Block 52 (0x9c3db219e554a41ef94ad1b73550b3dd2c1b3184cb6117bd26b132e5a00d1426) is already imported","throwable":""}
{"timestamp":"2025-05-16T14:06:23,116","container":"b83ccccc2e9c","level":"INFO","thread":"BftProcessorExecutor-QBFT-0","class":"QbftBesuControllerBuilder","message":"Imported #52 / 0 tx / 0 pending / 0 (0.0%) gas / (0x9c3db219e554a41ef94ad1b73550b3dd2c1b3184cb6117bd26b132e5a00d1426)","throwable":""}
{"timestamp":"2025-05-16T14:06:31,064","container":"b83ccccc2e9c","level":"INFO","thread":"BftProcessorExecutor-QBFT-0","class":"QbftBesuControllerBuilder","message":"Imported #53 / 0 tx / 0 pending / 0 (0.0%) gas / (0xf25f5ddae4f2b727dcaa9f79bc2ce62df0fa00a09acb59e228e206aa6ee8987d)","throwable":""}
{"timestamp":"2025-05-16T14:06:39,072","container":"b83ccccc2e9c","level":"INFO","thread":"EthScheduler-Workers-0","class":"PersistBlockTask","message":"Imported #54 / 0 tx / 0 om / 0 (0.0%) gas / (0x817a33b3064de2804db68bfc4dee2ab62b2a49d4e4ac30727cdffd9d866e664e) in 0.006s. Peers: 5","throwable":""}
{"timestamp":"2025-05-16T14:06:47,100","container":"b83ccccc2e9c","level":"INFO","thread":"EthScheduler-Workers-0","class":"PersistBlockTask","message":"Imported #55 / 0 tx / 0 om / 0 (0.0%) gas / (0xae8a489563e2ca55cb1ff6fd97b16bc1242cefe1132354ffef2f4a040edb9d02) in 0.004s. Peers: 5","throwable":""}
{"timestamp":"2025-05-16T14:06:55,085","container":"b83ccccc2e9c","level":"INFO","thread":"BftProcessorExecutor-QBFT-0","class":"QbftBesuControllerBuilder","message":"Imported #56 / 0 tx / 0 pending / 0 (0.0%) gas / (0x00d656a1f6764a20e29eec0ed44aa025a7ae9629fe0bbe0062ff03b87aa66611)","throwable":""}
{"timestamp":"2025-05-16T14:07:03,041","container":"b83ccccc2e9c","level":"INFO","thread":"BftProcessorExecutor-QBFT-0","class":"QbftBesuControllerBuilder","message":"Imported #57 / 0 tx / 0 pending / 0 (0.0%) gas / (0x3b6c988561e1f04ff144d3d76be3a120944360a19b1516da1d99db6039c4d4b1)","throwable":""}
{"timestamp":"2025-05-16T14:07:11,045","container":"b83ccccc2e9c","level":"INFO","thread":"BftProcessorExecutor-QBFT-0","class":"QbftBesuControllerBuilder","message":"Imported #58 / 0 tx / 0 pending / 0 (0.0%) gas / (0x835b7c264e288f4344af8d64de2227e939fd3df7b810ceed60e93e7142c2d63a)","throwable":""}
{"timestamp":"2025-05-16T14:07:19,033","container":"b83ccccc2e9c","level":"INFO","thread":"EthScheduler-Workers-0","class":"PersistBlockTask","message":"Imported #59 / 0 tx / 0 om / 0 (0.0%) gas / (0xea2ed822e5ac6576ac681a015ccc5e61f40206aee58484b5f169fe47e9b4507a) in 0.006s. Peers: 5","throwable":""}
{"timestamp":"2025-05-16T14:07:27,052","container":"b83ccccc2e9c","level":"INFO","thread":"EthScheduler-Workers-0","class":"PersistBlockTask","message":"Block 60 (0x9387b85e50e0b0946acc8b1dff26c4e31714232f2ce16f02e9e6ebd091470a7d) is already imported","throwable":""}
{"timestamp":"2025-05-16T14:07:27,052","container":"b83ccccc2e9c","level":"INFO","thread":"BftProcessorExecutor-QBFT-0","class":"QbftBesuControllerBuilder","message":"Imported #60 / 0 tx / 0 pending / 0 (0.0%) gas / (0x9387b85e50e0b0946acc8b1dff26c4e31714232f2ce16f02e9e6ebd091470a7d)","throwable":""}
{"timestamp":"2025-05-16T14:07:35,093","container":"b83ccccc2e9c","level":"INFO","thread":"BftProcessorExecutor-QBFT-0","class":"QbftBesuControllerBuilder","message":"Imported #61 / 0 tx / 0 pending / 0 (0.0%) gas / (0x0fe2bfae4884070b2c4bb0f709d35853c65bd5b8dfc926c84821e1deec810f7a)","throwable":""}
{"timestamp":"2025-05-16T14:07:43,037","container":"b83ccccc2e9c","level":"INFO","thread":"EthScheduler-Workers-0","class":"PersistBlockTask","message":"Block 62 (0x3c69962d0d8f383ba7c28e3acb5962b694f8351e0fe640bf76067e65794a0bd4) is already imported","throwable":""}
{"timestamp":"2025-05-16T14:07:43,037","container":"b83ccccc2e9c","level":"INFO","thread":"BftProcessorExecutor-QBFT-0","class":"QbftBesuControllerBuilder","message":"Imported #62 / 0 tx / 0 pending / 0 (0.0%) gas / (0x3c69962d0d8f383ba7c28e3acb5962b694f8351e0fe640bf76067e65794a0bd4)","throwable":""}
{"timestamp":"2025-05-16T14:07:51,093","container":"b83ccccc2e9c","level":"INFO","thread":"BftProcessorExecutor-QBFT-0","class":"QbftBesuControllerBuilder","message":"Produced #63 / 0 tx / 0 pending / 0 (0.0%) gas / (0x89f9328ae4577b623abfe8f80b8d9ec8b259761cccb18c5529da724b0b3f8b17)","throwable":""}
{"timestamp":"2025-05-16T14:07:59,043","container":"b83ccccc2e9c","level":"INFO","thread":"BftProcessorExecutor-QBFT-0","class":"QbftBesuControllerBuilder","message":"Imported #64 / 0 tx / 0 pending / 0 (0.0%) gas / (0x177b8aedf78586c86acc5e579ba4c429dd1bf984b9763e1b35105750c140b192)","throwable":""}
{"timestamp":"2025-05-16T14:08:07,041","container":"b83ccccc2e9c","level":"INFO","thread":"EthScheduler-Workers-0","class":"PersistBlockTask","message":"Imported #65 / 0 tx / 0 om / 0 (0.0%) gas / (0xf4a223c4a9975749519fd245ff196dcb19ab4e71d89fe03a401b430c0a8c338e) in 0.004s. Peers: 5","throwable":""}
{"timestamp":"2025-05-16T14:08:15,052","container":"b83ccccc2e9c","level":"INFO","thread":"EthScheduler-Workers-0","class":"PersistBlockTask","message":"Block 66 (0xfce268e288869a0fdebfef3dc8f39ce4e7ed0c998128189d5b8f496fe7352b73) is already imported","throwable":""}
{"timestamp":"2025-05-16T14:08:15,057","container":"b83ccccc2e9c","level":"INFO","thread":"BftProcessorExecutor-QBFT-0","class":"QbftBesuControllerBuilder","message":"Imported #66 / 0 tx / 0 pending / 0 (0.0%) gas / (0xfce268e288869a0fdebfef3dc8f39ce4e7ed0c998128189d5b8f496fe7352b73)","throwable":""}
{"timestamp":"2025-05-16T14:08:23,053","container":"b83ccccc2e9c","level":"INFO","thread":"EthScheduler-Workers-0","class":"PersistBlockTask","message":"Block 67 (0x1642feb6a1e9310022f8717f4beb9512cdc4a443238b2d2175716837c711a36f) is already imported","throwable":""}
{"timestamp":"2025-05-16T14:08:23,055","container":"b83ccccc2e9c","level":"INFO","thread":"BftProcessorExecutor-QBFT-0","class":"QbftBesuControllerBuilder","message":"Produced #67 / 0 tx / 0 pending / 0 (0.0%) gas / (0x1642feb6a1e9310022f8717f4beb9512cdc4a443238b2d2175716837c711a36f)","throwable":""}
{"timestamp":"2025-05-16T14:08:31,072","container":"b83ccccc2e9c","level":"INFO","thread":"EthScheduler-Workers-0","class":"PersistBlockTask","message":"Imported #68 / 0 tx / 0 om / 0 (0.0%) gas / (0xa46725995cc5cba9a5af812b77d637425d27955ef6e3a0322c5a8b50799094d4) in 0.006s. Peers: 5","throwable":""}
{"timestamp":"2025-05-16T14:08:31,088","container":"b83ccccc2e9c","level":"INFO","thread":"BftProcessorExecutor-QBFT-0","class":"QbftBesuControllerBuilder","message":"Imported #68 / 0 tx / 0 pending / 0 (0.0%) gas / (0xa46725995cc5cba9a5af812b77d637425d27955ef6e3a0322c5a8b50799094d4)","throwable":""}
{"timestamp":"2025-05-16T14:08:39,040","container":"b83ccccc2e9c","level":"INFO","thread":"EthScheduler-Workers-0","class":"PersistBlockTask","message":"Imported #69 / 0 tx / 0 om / 0 (0.0%) gas / (0xb943f9551817b9851653d5bec61278d6d84cef392831ab5008e23e82a130c813) in 0.002s. Peers: 5","throwable":""}
{"timestamp":"2025-05-16T14:08:47,108","container":"b83ccccc2e9c","level":"INFO","thread":"BftProcessorExecutor-QBFT-0","class":"QbftBesuControllerBuilder","message":"Imported #70 / 0 tx / 0 pending / 0 (0.0%) gas / (0x06427910cd34a50d05d842d8eb09fe579b5c04d2bd735d54f7cafaacb26e8513)","throwable":""}
{"timestamp":"2025-05-16T14:08:47,122","container":"b83ccccc2e9c","level":"INFO","thread":"EthScheduler-Workers-0","class":"PersistBlockTask","message":"Block 70 (0x06427910cd34a50d05d842d8eb09fe579b5c04d2bd735d54f7cafaacb26e8513) is already imported","throwable":""}
{"timestamp":"2025-05-16T14:08:55,058","container":"b83ccccc2e9c","level":"INFO","thread":"BftProcessorExecutor-QBFT-0","class":"QbftBesuControllerBuilder","message":"Produced #71 / 0 tx / 0 pending / 0 (0.0%) gas / (0x8fb5914a91d857cc80b15d7946b61598b8be9e8a5ef476f120e55eab3cc3b868)","throwable":""}
{"timestamp":"2025-05-16T14:09:03,066","container":"b83ccccc2e9c","level":"INFO","thread":"BftProcessorExecutor-QBFT-0","class":"QbftBesuControllerBuilder","message":"Imported #72 / 0 tx / 0 pending / 0 (0.0%) gas / (0xf5b052dc6e3bbb0ccdfd15081beadcbec5d4d47f69a178d7228d5f66ce28af1f)","throwable":""}
{"timestamp":"2025-05-16T14:09:11,058","container":"b83ccccc2e9c","level":"INFO","thread":"EthScheduler-Workers-0","class":"PersistBlockTask","message":"Imported #73 / 0 tx / 0 om / 0 (0.0%) gas / (0x1e8dc6bad10dbb1f150d7c89ac68e0a2f0024fa50f4e7d91b569ed98a789f5fe) in 0.017s. Peers: 5","throwable":""}
{"timestamp":"2025-05-16T14:09:11,059","container":"b83ccccc2e9c","level":"INFO","thread":"BftProcessorExecutor-QBFT-0","class":"QbftBesuControllerBuilder","message":"Imported #73 / 0 tx / 0 pending / 0 (0.0%) gas / (0x1e8dc6bad10dbb1f150d7c89ac68e0a2f0024fa50f4e7d91b569ed98a789f5fe)","throwable":""}
{"timestamp":"2025-05-16T14:09:19,038","container":"b83ccccc2e9c","level":"INFO","thread":"BftProcessorExecutor-QBFT-0","class":"QbftBesuControllerBuilder","message":"Imported #74 / 0 tx / 0 pending / 0 (0.0%) gas / (0xa89990a100fdf61a066a429169a8823cb924784fa72b30241ac2dae411c78b92)","throwable":""}
{"timestamp":"2025-05-16T14:09:27,093","container":"b83ccccc2e9c","level":"INFO","thread":"BftProcessorExecutor-QBFT-0","class":"QbftBesuControllerBuilder","message":"Produced #75 / 0 tx / 0 pending / 0 (0.0%) gas / (0xefa131dde354fc2539b001a651176d0370216328f9bcda85d027a45df930c08b)","throwable":""}
{"timestamp":"2025-05-16T14:09:35,064","container":"b83ccccc2e9c","level":"INFO","thread":"EthScheduler-Workers-0","class":"PersistBlockTask","message":"Imported #76 / 0 tx / 0 om / 0 (0.0%) gas / (0xc85d208aa1ee1d98f9e0ba5eba6136c632a71aca86389f2dc26af6d6fb929ac0) in 0.015s. Peers: 5","throwable":""}
{"timestamp":"2025-05-16T14:09:43,048","container":"b83ccccc2e9c","level":"INFO","thread":"EthScheduler-Workers-0","class":"PersistBlockTask","message":"Imported #77 / 0 tx / 0 om / 0 (0.0%) gas / (0x0eb2a88bcfe6149dcb1831e6735341e2218f960b66d0f016c2d755a8762a5f54) in 0.004s. Peers: 5","throwable":""}
{"timestamp":"2025-05-16T14:09:51,060","container":"b83ccccc2e9c","level":"INFO","thread":"EthScheduler-Workers-0","class":"PersistBlockTask","message":"Block 78 (0xe287b4d4512fe5af23c7d4d9cbe627938b3b5daa56f8bf0232ba9883c49ebbd4) is already imported","throwable":""}
{"timestamp":"2025-05-16T14:09:51,062","container":"b83ccccc2e9c","level":"INFO","thread":"BftProcessorExecutor-QBFT-0","class":"QbftBesuControllerBuilder","message":"Imported #78 / 0 tx / 0 pending / 0 (0.0%) gas / (0xe287b4d4512fe5af23c7d4d9cbe627938b3b5daa56f8bf0232ba9883c49ebbd4)","throwable":""}
{"timestamp":"2025-05-16T14:09:59,060","container":"b83ccccc2e9c","level":"INFO","thread":"BftProcessorExecutor-QBFT-0","class":"QbftBesuControllerBuilder","message":"Produced #79 / 0 tx / 0 pending / 0 (0.0%) gas / (0x8b7b979f5534e78a6f5a97a9a9bf4f0b92fadd418e0a317cc7ba87cf6679f0c1)","throwable":""}
{"timestamp":"2025-05-16T14:10:07,039","container":"b83ccccc2e9c","level":"INFO","thread":"BftProcessorExecutor-QBFT-0","class":"QbftBesuControllerBuilder","message":"Imported #80 / 0 tx / 0 pending / 0 (0.0%) gas / (0xe6b86597e8cf168d4e62ad7fb6e90c841e0b7bff1241bc1e2f1e99d0cb156a43)","throwable":""}
{"timestamp":"2025-05-16T14:10:15,058","container":"b83ccccc2e9c","level":"INFO","thread":"EthScheduler-Workers-0","class":"PersistBlockTask","message":"Block 81 (0xb773769d19ff289a95ff1f4afb2456fa5fba7b75e4d4538def5d7a816f338479) is already imported","throwable":""}
{"timestamp":"2025-05-16T14:10:15,071","container":"b83ccccc2e9c","level":"INFO","thread":"BftProcessorExecutor-QBFT-0","class":"QbftBesuControllerBuilder","message":"Imported #81 / 0 tx / 0 pending / 0 (0.0%) gas / (0xb773769d19ff289a95ff1f4afb2456fa5fba7b75e4d4538def5d7a816f338479)","throwable":""}
{"timestamp":"2025-05-16T14:10:23,053","container":"b83ccccc2e9c","level":"INFO","thread":"BftProcessorExecutor-QBFT-0","class":"QbftBesuControllerBuilder","message":"Imported #82 / 0 tx / 0 pending / 0 (0.0%) gas / (0x94b8321875facefdf4be75932ee354585f2452fc04c4aa80562a682ce3e14b2a)","throwable":""}
{"timestamp":"2025-05-16T14:10:31,046","container":"b83ccccc2e9c","level":"INFO","thread":"EthScheduler-Workers-0","class":"PersistBlockTask","message":"Imported #83 / 0 tx / 0 om / 0 (0.0%) gas / (0x2b988e48b76c612780508bf7923e543edc0f0950a0ad45ed9367cdf149cd5dcd) in 0.002s. Peers: 5","throwable":""}
{"timestamp":"2025-05-16T14:10:39,075","container":"b83ccccc2e9c","level":"INFO","thread":"BftProcessorExecutor-QBFT-0","class":"QbftBesuControllerBuilder","message":"Imported #84 / 0 tx / 0 pending / 0 (0.0%) gas / (0xef82fc4eae5684566ce2ad7efa359bf29cba2a1c8ddc2e40273915a1fcdb330c)","throwable":""}
{"timestamp":"2025-05-16T14:10:39,076","container":"b83ccccc2e9c","level":"INFO","thread":"EthScheduler-Workers-0","class":"PersistBlockTask","message":"Block 84 (0xef82fc4eae5684566ce2ad7efa359bf29cba2a1c8ddc2e40273915a1fcdb330c) is already imported","throwable":""}
{"timestamp":"2025-05-16T14:10:47,040","container":"b83ccccc2e9c","level":"INFO","thread":"BftProcessorExecutor-QBFT-0","class":"QbftBesuControllerBuilder","message":"Imported #85 / 0 tx / 0 pending / 0 (0.0%) gas / (0xca7dca72e38ad7037be5e949825f02ad1bff26843088c990f90187b075578afe)","throwable":""}
{"timestamp":"2025-05-16T14:10:55,051","container":"b83ccccc2e9c","level":"INFO","thread":"EthScheduler-Workers-0","class":"PersistBlockTask","message":"Block 86 (0x4da3b019ffc2b02c2fa3dd792b5e66e1cfca457f52c8210989904acc81e97d0c) is already imported","throwable":""}
{"timestamp":"2025-05-16T14:10:55,059","container":"b83ccccc2e9c","level":"INFO","thread":"BftProcessorExecutor-QBFT-0","class":"QbftBesuControllerBuilder","message":"Imported #86 / 0 tx / 0 pending / 0 (0.0%) gas / (0x4da3b019ffc2b02c2fa3dd792b5e66e1cfca457f52c8210989904acc81e97d0c)","throwable":""}
{"timestamp":"2025-05-16T14:11:03,039","container":"b83ccccc2e9c","level":"INFO","thread":"BftProcessorExecutor-QBFT-0","class":"QbftBesuControllerBuilder","message":"Produced #87 / 0 tx / 0 pending / 0 (0.0%) gas / (0xfb6f4add6820991155b3dbab7149c4d93e992cc8dd3a14b6a989961e5f5ffed5)","throwable":""}
{"timestamp":"2025-05-16T14:11:11,057","container":"b83ccccc2e9c","level":"INFO","thread":"EthScheduler-Workers-0","class":"PersistBlockTask","message":"Imported #88 / 0 tx / 0 om / 0 (0.0%) gas / (0xce6f1f790f0fd9e67dfa278ce9398c90499168510b72b2f850212cec4bca2d85) in 0.001s. Peers: 5","throwable":""}
{"timestamp":"2025-05-16T14:11:19,063","container":"b83ccccc2e9c","level":"INFO","thread":"BftProcessorExecutor-QBFT-0","class":"QbftBesuControllerBuilder","message":"Imported #89 / 0 tx / 0 pending / 0 (0.0%) gas / (0x4e2e65230bcb6d8505c57aea68cef8136b992d697a2112a3a92d3151aff4b256)","throwable":""}
{"timestamp":"2025-05-16T14:11:27,063","container":"b83ccccc2e9c","level":"INFO","thread":"EthScheduler-Workers-0","class":"PersistBlockTask","message":"Block 90 (0xf4693f14f2f761716ac53522a9b48338b93887876c58f6b10a2c444ecaa1a907) is already imported","throwable":""}
{"timestamp":"2025-05-16T14:11:27,069","container":"b83ccccc2e9c","level":"INFO","thread":"BftProcessorExecutor-QBFT-0","class":"QbftBesuControllerBuilder","message":"Imported #90 / 0 tx / 0 pending / 0 (0.0%) gas / (0xf4693f14f2f761716ac53522a9b48338b93887876c58f6b10a2c444ecaa1a907)","throwable":""}
{"timestamp":"2025-05-16T14:11:35,058","container":"b83ccccc2e9c","level":"INFO","thread":"BftProcessorExecutor-QBFT-0","class":"QbftBesuControllerBuilder","message":"Produced #91 / 0 tx / 0 pending / 0 (0.0%) gas / (0x10f0bc1931d6e4c0624e14691c74fc742ccd36f56005c82952ae3d63d8a13eff)","throwable":""}
{"timestamp":"2025-05-16T14:11:35,070","container":"b83ccccc2e9c","level":"INFO","thread":"EthScheduler-Workers-0","class":"PersistBlockTask","message":"Block 91 (0x10f0bc1931d6e4c0624e14691c74fc742ccd36f56005c82952ae3d63d8a13eff) is already imported","throwable":""}
{"timestamp":"2025-05-16T14:11:43,055","container":"b83ccccc2e9c","level":"INFO","thread":"BftProcessorExecutor-QBFT-0","class":"QbftBesuControllerBuilder","message":"Imported #92 / 0 tx / 0 pending / 0 (0.0%) gas / (0xd5de7ea1114b076056bd0a6196a03c70e7a7810e4a80a4659249281c2cc0f0b1)","throwable":""}
{"timestamp":"2025-05-16T14:11:51,030","container":"b83ccccc2e9c","level":"INFO","thread":"EthScheduler-Workers-0","class":"PersistBlockTask","message":"Imported #93 / 0 tx / 0 om / 0 (0.0%) gas / (0xf9d3f1e95a0fa5fc0b5f6be54e569abdc801bcd72972bc7b913a9343a0a4ab31) in 0.002s. Peers: 5","throwable":""}
{"timestamp":"2025-05-16T14:11:59,042","container":"b83ccccc2e9c","level":"INFO","thread":"BftProcessorExecutor-QBFT-0","class":"QbftBesuControllerBuilder","message":"Imported #94 / 0 tx / 0 pending / 0 (0.0%) gas / (0x62792dba88003538f1b2ad4a89b376da3bf18a9f48e0c139244601c160ef312e)","throwable":""}
{"timestamp":"2025-05-16T14:12:07,052","container":"b83ccccc2e9c","level":"INFO","thread":"BftProcessorExecutor-QBFT-0","class":"QbftBesuControllerBuilder","message":"Produced #95 / 0 tx / 0 pending / 0 (0.0%) gas / (0x30b08192cea073df9509f22b08fd4f1bde0ddeaaa83336d11ac3e598d81e91ba)","throwable":""}
{"timestamp":"2025-05-16T14:12:15,020","container":"b83ccccc2e9c","level":"INFO","thread":"BftProcessorExecutor-QBFT-0","class":"QbftBesuControllerBuilder","message":"Imported #96 / 0 tx / 0 pending / 0 (0.0%) gas / (0x10b8b9dcaeb53df2e7ffec73b602481eb250bb87498ca220ce815ff4a6500019)","throwable":""}
{"timestamp":"2025-05-16T14:12:23,027","container":"b83ccccc2e9c","level":"INFO","thread":"BftProcessorExecutor-QBFT-0","class":"QbftBesuControllerBuilder","message":"Imported #97 / 0 tx / 0 pending / 0 (0.0%) gas / (0x9863455831c2f96e72dd82041fd12065a489486efda6bf673659a754a0c1fdd4)","throwable":""}
{"timestamp":"2025-05-16T14:12:31,030","container":"b83ccccc2e9c","level":"INFO","thread":"EthScheduler-Workers-0","class":"PersistBlockTask","message":"Imported #98 / 0 tx / 0 om / 0 (0.0%) gas / (0x6465deaaf0629a704066acaeefdb333b9fea5b44053140c99b2cc3271dd5d0ce) in 0.002s. Peers: 5","throwable":""}
{"timestamp":"2025-05-16T14:12:31,039","container":"b83ccccc2e9c","level":"INFO","thread":"BftProcessorExecutor-QBFT-0","class":"QbftBesuControllerBuilder","message":"Imported #98 / 0 tx / 0 pending / 0 (0.0%) gas / (0x6465deaaf0629a704066acaeefdb333b9fea5b44053140c99b2cc3271dd5d0ce)","throwable":""}
{"timestamp":"2025-05-16T14:12:39,048","container":"b83ccccc2e9c","level":"INFO","thread":"BftProcessorExecutor-QBFT-0","class":"QbftBesuControllerBuilder","message":"Produced #99 / 0 tx / 0 pending / 0 (0.0%) gas / (0xd90fe6729adda49223e4223113d0919b0981736d1d255ccf0fed7ed080300457)","throwable":""}
{"timestamp":"2025-05-16T14:12:39,050","container":"b83ccccc2e9c","level":"INFO","thread":"EthScheduler-Workers-0","class":"PersistBlockTask","message":"Block 99 (0xd90fe6729adda49223e4223113d0919b0981736d1d255ccf0fed7ed080300457) is already imported","throwable":""}
{"timestamp":"2025-05-16T14:12:47,045","container":"b83ccccc2e9c","level":"INFO","thread":"BftProcessorExecutor-QBFT-0","class":"QbftBesuControllerBuilder","message":"Imported #100 / 0 tx / 0 pending / 0 (0.0%) gas / (0x7c1f1568bd3555f550d561d7f855160bbca673dfd656779153ce9517d1ee4645)","throwable":""}
{"timestamp":"2025-05-16T14:12:55,018","container":"b83ccccc2e9c","level":"INFO","thread":"BftProcessorExecutor-QBFT-0","class":"QbftBesuControllerBuilder","message":"Imported #101 / 0 tx / 0 pending / 0 (0.0%) gas / (0x77ded0cf4ebf30d78f0758a7c0db252c55315637365fb07c080093ff673b4f75)","throwable":""}
{"timestamp":"2025-05-16T14:13:03,027","container":"b83ccccc2e9c","level":"INFO","thread":"BftProcessorExecutor-QBFT-0","class":"QbftBesuControllerBuilder","message":"Imported #102 / 0 tx / 0 pending / 0 (0.0%) gas / (0x56548d513e872b1931e9060bcedad9055a77827ed4ac10b6d3b1c45976fe1e61)","throwable":""}
{"timestamp":"2025-05-16T14:13:11,052","container":"b83ccccc2e9c","level":"INFO","thread":"EthScheduler-Workers-0","class":"PersistBlockTask","message":"Block 103 (0xa21d84253ca5b4fdb445757a1c2714664185bb403bee5b09bd480e808b09553d) is already imported","throwable":""}
{"timestamp":"2025-05-16T14:13:11,056","container":"b83ccccc2e9c","level":"INFO","thread":"BftProcessorExecutor-QBFT-0","class":"QbftBesuControllerBuilder","message":"Produced #103 / 0 tx / 0 pending / 0 (0.0%) gas / (0xa21d84253ca5b4fdb445757a1c2714664185bb403bee5b09bd480e808b09553d)","throwable":""}
{"timestamp":"2025-05-16T14:13:19,064","container":"b83ccccc2e9c","level":"INFO","thread":"EthScheduler-Workers-0","class":"PersistBlockTask","message":"Imported #104 / 0 tx / 0 om / 0 (0.0%) gas / (0x76ab4ff48c7f2c2cf50e9a717da2053570c424f2d086d55e5d825393cae7ba14) in 0.013s. Peers: 5","throwable":""}
{"timestamp":"2025-05-16T14:13:27,056","container":"b83ccccc2e9c","level":"INFO","thread":"EthScheduler-Workers-0","class":"PersistBlockTask","message":"Imported #105 / 0 tx / 0 om / 0 (0.0%) gas / (0x723235c790dded1a2400e814f403d5b5d4528841325e5863c19d08d7b0c7c1ae) in 0.005s. Peers: 5","throwable":""}
{"timestamp":"2025-05-16T14:13:35,050","container":"b83ccccc2e9c","level":"INFO","thread":"BftProcessorExecutor-QBFT-0","class":"QbftBesuControllerBuilder","message":"Imported #106 / 0 tx / 0 pending / 0 (0.0%) gas / (0xf441d291b7ff656c395a1055eeeb16550bf04d84cf0b6b9d97effa8c663c8142)","throwable":""}
{"timestamp":"2025-05-16T14:13:43,028","container":"b83ccccc2e9c","level":"INFO","thread":"BftProcessorExecutor-QBFT-0","class":"QbftBesuControllerBuilder","message":"Produced #107 / 0 tx / 0 pending / 0 (0.0%) gas / (0x331d93eb3a6881d0146b12820886fcef49af1f8cd9c23a50e69ea17c7d3bbcea)","throwable":""}
{"timestamp":"2025-05-16T14:13:51,045","container":"b83ccccc2e9c","level":"INFO","thread":"EthScheduler-Workers-0","class":"PersistBlockTask","message":"Imported #108 / 0 tx / 0 om / 0 (0.0%) gas / (0xb9e6c3978d494865a083280cc76eeae9a73b82215d2e41868a2173555a4932a4) in 0.005s. Peers: 5","throwable":""}
{"timestamp":"2025-05-16T14:13:59,031","container":"b83ccccc2e9c","level":"INFO","thread":"BftProcessorExecutor-QBFT-0","class":"QbftBesuControllerBuilder","message":"Imported #109 / 0 tx / 0 pending / 0 (0.0%) gas / (0x7ca58483257f4555b48a39e7ea45c29cd1c07efc8c4784d0ec9e445abd76ec46)","throwable":""}
