{"timestamp":"2025-05-30T12:07:33,141","container":"9f5bedbcdc87","level":"INFO","thread":"main","class":"Besu","message":"Starting Besu","throwable":""}
{"timestamp":"2025-05-30T12:07:34,989","container":"9f5bedbcdc87","level":"WARN","thread":"main","class":"Besu","message":"--min-gas-price has been ignored because --miner-enabled was not defined on the command line.","throwable":""}
{"timestamp":"2025-05-30T12:07:38,235","container":"9f5bedbcdc87","level":"INFO","thread":"main","class":"Besu","message":"
####################################################################################################
#                                                                                                  #
# Besu version 23.4.1                                                                              #
#                                                                                                  #
# Configuration:                                                                                   #
# Network: Custom genesis file specified                                                           #
# Network Id: 1337                                                                                 #
# Data storage: Forest                                                                             #
# Sync mode: Full                                                                                  #
# RPC HTTP APIs: EEA,WEB3,ETH,NET,TRACE,DEBUG,ADMIN,TXPOOL,PRIV,PERM,QBFT                          #
# RPC HTTP port: 8545                                                                              #
#                                                                                                  #
# Host:                                                                                            #
# Java: openjdk-java-17                                                                            #
# Maximum heap size: 1.74 GB                                                                       #
# OS: linux-x86_64                                                                                 #
# glibc: 2.35                                                                                      #
# jemalloc: 5.2.1-0-gea6b3e973b477b8061e0076bb257dbd7f3faa756                                      #
# Total memory: 6.95 GB                                                                            #
# CPU cores: 4                                                                                     #
#                                                                                                  #
####################################################################################################","throwable":""}
{"timestamp":"2025-05-30T12:07:38,236","container":"9f5bedbcdc87","level":"INFO","thread":"main","class":"Besu","message":"Connecting to 8 static nodes.","throwable":""}
{"timestamp":"2025-05-30T12:07:38,236","container":"9f5bedbcdc87","level":"INFO","thread":"main","class":"Besu","message":"Security Module: localfile","throwable":""}
{"timestamp":"2025-05-30T12:07:38,381","container":"9f5bedbcdc87","level":"INFO","thread":"main","class":"Besu","message":"Using the native implementation of alt bn128","throwable":""}
{"timestamp":"2025-05-30T12:07:38,559","container":"9f5bedbcdc87","level":"INFO","thread":"main","class":"Besu","message":"Using the native implementation of modexp","throwable":""}
{"timestamp":"2025-05-30T12:07:38,559","container":"9f5bedbcdc87","level":"INFO","thread":"main","class":"Besu","message":"Using the native implementation of the signature algorithm","throwable":""}
{"timestamp":"2025-05-30T12:07:38,569","container":"9f5bedbcdc87","level":"INFO","thread":"main","class":"Besu","message":"Using the native implementation of the blake2bf algorithm","throwable":""}
{"timestamp":"2025-05-30T12:07:38,630","container":"9f5bedbcdc87","level":"INFO","thread":"main","class":"RocksDBKeyValueStorageFactory","message":"No existing database detected at /opt/besu/data. Using version 1","throwable":""}
{"timestamp":"2025-05-30T12:07:41,738","container":"9f5bedbcdc87","level":"INFO","thread":"main","class":"KeyPairUtil","message":"Loaded public key 0x2fd5b5b6ad529f55b71602026d1849d0036f06482368b5812fa793014195d3571b0840dbc4175617de2a12db8f1222c012420d471ae5c0d982118625cae58868 from /opt/besu/keys/nodekey","throwable":""}
{"timestamp":"2025-05-30T12:07:41,759","container":"9f5bedbcdc87","level":"WARN","thread":"main","class":"Besu","message":"Privacy is disabled. Cannot use EEA/PRIV API methods when not using Privacy.","throwable":""}
{"timestamp":"2025-05-30T12:07:42,510","container":"9f5bedbcdc87","level":"INFO","thread":"main","class":"ProtocolScheduleBuilder","message":"Protocol schedule created with milestones: [GrayGlacier: 0]","throwable":""}
{"timestamp":"2025-05-30T12:07:43,140","container":"9f5bedbcdc87","level":"INFO","thread":"main","class":"TransactionPoolFactory","message":"Enabling transaction pool","throwable":""}
{"timestamp":"2025-05-30T12:07:43,326","container":"9f5bedbcdc87","level":"INFO","thread":"main","class":"BesuControllerBuilder","message":"TTD difficulty is not present, creating initial sync phase for PoW","throwable":""}
{"timestamp":"2025-05-30T12:07:43,724","container":"9f5bedbcdc87","level":"INFO","thread":"main","class":"RunnerBuilder","message":"Detecting NAT service.","throwable":""}
{"timestamp":"2025-05-30T12:07:46,560","container":"9f5bedbcdc87","level":"INFO","thread":"main","class":"Runner","message":"Starting external services ... ","throwable":""}
{"timestamp":"2025-05-30T12:07:46,560","container":"9f5bedbcdc87","level":"INFO","thread":"main","class":"MetricsHttpService","message":"Starting metrics http service on 0.0.0.0:9545","throwable":""}
{"timestamp":"2025-05-30T12:07:47,314","container":"9f5bedbcdc87","level":"INFO","thread":"main","class":"JsonRpcHttpService","message":"Starting JSON-RPC service on 0.0.0.0:8545","throwable":""}
{"timestamp":"2025-05-30T12:07:47,342","container":"9f5bedbcdc87","level":"INFO","thread":"vert.x-eventloop-thread-1","class":"MetricsHttpService","message":"Metrics service started and listening on 0.0.0.0:9545","throwable":""}
{"timestamp":"2025-05-30T12:07:47,358","container":"9f5bedbcdc87","level":"INFO","thread":"vert.x-eventloop-thread-1","class":"JsonRpcHttpService","message":"JSON-RPC service started and listening on 0.0.0.0:8545","throwable":""}
{"timestamp":"2025-05-30T12:07:47,366","container":"9f5bedbcdc87","level":"INFO","thread":"main","class":"GraphQLHttpService","message":"Starting GraphQL HTTP service on 0.0.0.0:8547","throwable":""}
{"timestamp":"2025-05-30T12:07:47,376","container":"9f5bedbcdc87","level":"INFO","thread":"vert.x-eventloop-thread-1","class":"GraphQLHttpService","message":"GraphQL HTTP service started and listening on 0.0.0.0:8547","throwable":""}
{"timestamp":"2025-05-30T12:07:47,381","container":"9f5bedbcdc87","level":"INFO","thread":"main","class":"WebSocketService","message":"Starting Websocket service on 0.0.0.0:8546","throwable":""}
{"timestamp":"2025-05-30T12:07:47,397","container":"9f5bedbcdc87","level":"INFO","thread":"vert.x-eventloop-thread-1","class":"WebSocketService","message":"Websocket service started and listening on 0.0.0.0:8546","throwable":""}
{"timestamp":"2025-05-30T12:07:47,401","container":"9f5bedbcdc87","level":"INFO","thread":"main","class":"AutoTransactionLogBloomCachingService","message":"Starting auto transaction log bloom caching service.","throwable":""}
{"timestamp":"2025-05-30T12:07:47,424","container":"9f5bedbcdc87","level":"INFO","thread":"main","class":"LogBloomCacheMetadata","message":"Lookup cache metadata file in data directory: /opt/besu/data/caches","throwable":""}
{"timestamp":"2025-05-30T12:07:47,482","container":"9f5bedbcdc87","level":"INFO","thread":"main","class":"Runner","message":"Starting Ethereum main loop ... ","throwable":""}
{"timestamp":"2025-05-30T12:07:47,488","container":"9f5bedbcdc87","level":"INFO","thread":"main","class":"DockerNatManager","message":"Starting docker NAT manager.","throwable":""}
{"timestamp":"2025-05-30T12:07:47,567","container":"9f5bedbcdc87","level":"INFO","thread":"main","class":"NetworkRunner","message":"Starting Network.","throwable":""}
{"timestamp":"2025-05-30T12:07:47,628","container":"9f5bedbcdc87","level":"INFO","thread":"nioEventLoopGroup-2-1","class":"RlpxAgent","message":"P2P RLPx agent started and listening on /0.0.0.0:30303.","throwable":""}
{"timestamp":"2025-05-30T12:07:47,629","container":"9f5bedbcdc87","level":"INFO","thread":"main","class":"PeerDiscoveryAgent","message":"Starting peer discovery agent on host=0.0.0.0, port=30303","throwable":""}
{"timestamp":"2025-05-30T12:07:47,674","container":"9f5bedbcdc87","level":"INFO","thread":"vert.x-eventloop-thread-1","class":"VertxPeerDiscoveryAgent","message":"Started peer discovery agent successfully, on effective host=0.0.0.0 and port=30303","throwable":""}
{"timestamp":"2025-05-30T12:07:47,676","container":"9f5bedbcdc87","level":"INFO","thread":"vert.x-eventloop-thread-1","class":"PeerDiscoveryAgent","message":"P2P peer discovery agent started and listening on /0.0.0.0:30303","throwable":""}
{"timestamp":"2025-05-30T12:07:47,985","container":"9f5bedbcdc87","level":"INFO","thread":"vert.x-eventloop-thread-1","class":"PeerDiscoveryAgent","message":"Writing node record to disk. NodeRecord{seq=1, publicKey=0x022fd5b5b6ad529f55b71602026d1849d0036f06482368b5812fa793014195d357, udpAddress=Optional[/172.16.239.14:30303], tcpAddress=Optional[/172.16.239.14:30303], asBase64=-Je4QFrecNnZMlG6bddbcDOxI1degTF4-ukXaEu3BjJFsaoGfLxf5bpKxXvf1ZHNHogDWdU_wzPFqKEJfWZ8I9SPJ2gBg2V0aMfGhGpSrW2AgmlkgnY0gmlwhKwQ7w6Jc2VjcDI1NmsxoQIv1bW2rVKfVbcWAgJtGEnQA28GSCNotYEvp5MBQZXTV4N0Y3CCdl-DdWRwgnZf, nodeId=0xc8f776c1d83d4fddd02782c698c1334496614aed49d2e81526d089f7264fed9c, customFields={tcp=30303, udp=30303, ip=0xac10ef0e, eth=[[0x6a52ad6d, 0x]], id=V4, secp256k1=0x022fd5b5b6ad529f55b71602026d1849d0036f06482368b5812fa793014195d357}}","throwable":""}
{"timestamp":"2025-05-30T12:07:48,063","container":"9f5bedbcdc87","level":"INFO","thread":"main","class":"DefaultP2PNetwork","message":"Enode URL enode://2fd5b5b6ad529f55b71602026d1849d0036f06482368b5812fa793014195d3571b0840dbc4175617de2a12db8f1222c012420d471ae5c0d982118625cae58868@172.16.239.14:30303","throwable":""}
{"timestamp":"2025-05-30T12:07:48,063","container":"9f5bedbcdc87","level":"INFO","thread":"main","class":"DefaultP2PNetwork","message":"Node address 0x98c1334496614aed49d2e81526d089f7264fed9c","throwable":""}
{"timestamp":"2025-05-30T12:07:48,226","container":"9f5bedbcdc87","level":"INFO","thread":"main","class":"NetworkRunner","message":"Supported capabilities: [eth/62, eth/63, eth/64, eth/65, eth/66, eth/67, eth/68], [istanbul/100], [snap/1]","throwable":""}
{"timestamp":"2025-05-30T12:07:48,227","container":"9f5bedbcdc87","level":"INFO","thread":"main","class":"DefaultSynchronizer","message":"Starting synchronizer.","throwable":""}
{"timestamp":"2025-05-30T12:07:48,228","container":"9f5bedbcdc87","level":"INFO","thread":"main","class":"TransactionPoolFactory","message":"Enabling transaction handling following initial sync","throwable":""}
{"timestamp":"2025-05-30T12:07:48,236","container":"9f5bedbcdc87","level":"INFO","thread":"main","class":"FullSyncDownloader","message":"Starting full sync.","throwable":""}
{"timestamp":"2025-05-30T12:07:48,237","container":"9f5bedbcdc87","level":"INFO","thread":"main","class":"FullSyncTargetManager","message":"Unable to find sync target. Currently checking 0 peers for usefulness","throwable":""}
{"timestamp":"2025-05-30T12:07:48,784","container":"9f5bedbcdc87","level":"INFO","thread":"main","class":"Runner","message":"Ethereum main loop is up.","throwable":""}
{"timestamp":"2025-05-30T12:07:50,035","container":"9f5bedbcdc87","level":"INFO","thread":"nioEventLoopGroup-3-7","class":"FullSyncTargetManager","message":"Unable to find sync target. Currently checking 5 peers for usefulness","throwable":""}
{"timestamp":"2025-05-30T12:07:56,323","container":"9f5bedbcdc87","level":"INFO","thread":"EthScheduler-Workers-0","class":"PersistBlockTask","message":"Block 2 (0xa960275f00c6e42fbdd23c0e11e0319871690bb5ff887737cecac0ac9576f30d) is already imported","throwable":""}
{"timestamp":"2025-05-30T12:07:56,327","container":"9f5bedbcdc87","level":"INFO","thread":"BftProcessorExecutor-QBFT-0","class":"QbftBesuControllerBuilder","message":"Imported #2 / 0 tx / 0 pending / 0 (0.0%) gas / (0xa960275f00c6e42fbdd23c0e11e0319871690bb5ff887737cecac0ac9576f30d)","throwable":""}
{"timestamp":"2025-05-30T12:08:04,195","container":"9f5bedbcdc87","level":"INFO","thread":"EthScheduler-Workers-0","class":"PersistBlockTask","message":"Imported #3 / 0 tx / 0 om / 0 (0.0%) gas / (0x144b860b6060160e46a032c57217a112028b0cb9787a75e2099b75e823bc0876) in 0.002s. Peers: 5","throwable":""}
{"timestamp":"2025-05-30T12:08:12,196","container":"9f5bedbcdc87","level":"INFO","thread":"BftProcessorExecutor-QBFT-0","class":"QbftBesuControllerBuilder","message":"Imported #4 / 0 tx / 0 pending / 0 (0.0%) gas / (0x282e65f6a1b25c4633f101e960b685751b2c3534dbbbbffebf9376015f047885)","throwable":""}
{"timestamp":"2025-05-30T12:08:20,126","container":"9f5bedbcdc87","level":"INFO","thread":"EthScheduler-Workers-0","class":"PersistBlockTask","message":"Block 5 (0xf6ab503b316e69c41ed41786452597d3a915882a3bf2e0b47e263079f3a54bb5) is already imported","throwable":""}
{"timestamp":"2025-05-30T12:08:20,162","container":"9f5bedbcdc87","level":"INFO","thread":"BftProcessorExecutor-QBFT-0","class":"QbftBesuControllerBuilder","message":"Imported #5 / 0 tx / 0 pending / 0 (0.0%) gas / (0xf6ab503b316e69c41ed41786452597d3a915882a3bf2e0b47e263079f3a54bb5)","throwable":""}
{"timestamp":"2025-05-30T12:08:28,109","container":"9f5bedbcdc87","level":"INFO","thread":"BftProcessorExecutor-QBFT-0","class":"QbftBesuControllerBuilder","message":"Imported #6 / 0 tx / 0 pending / 0 (0.0%) gas / (0x292ea4f06fa814d343464988e507486606bbaaaaa4983f07fbe3c6e0565cf6e7)","throwable":""}
{"timestamp":"2025-05-30T12:08:36,151","container":"9f5bedbcdc87","level":"INFO","thread":"BftProcessorExecutor-QBFT-0","class":"QbftBesuControllerBuilder","message":"Produced #7 / 0 tx / 0 pending / 0 (0.0%) gas / (0x6f408be602f312fe401b027f0dff9fb31a9c8e11550c74c7073669877c2dae2c)","throwable":""}
{"timestamp":"2025-05-30T12:08:44,130","container":"9f5bedbcdc87","level":"INFO","thread":"BftProcessorExecutor-QBFT-0","class":"QbftBesuControllerBuilder","message":"Imported #8 / 0 tx / 0 pending / 0 (0.0%) gas / (0xa7f2d39bbb2123cd95803e23017f7384d5e9f6acc12308e2b3a10ec411234a08)","throwable":""}
{"timestamp":"2025-05-30T12:08:52,114","container":"9f5bedbcdc87","level":"INFO","thread":"BftProcessorExecutor-QBFT-0","class":"QbftBesuControllerBuilder","message":"Imported #9 / 0 tx / 0 pending / 0 (0.0%) gas / (0xd76440c0313290266e55929e15290460a5a4e23efdcd036176b4516bf3d47c93)","throwable":""}
{"timestamp":"2025-05-30T12:09:00,128","container":"9f5bedbcdc87","level":"INFO","thread":"BftProcessorExecutor-QBFT-0","class":"QbftBesuControllerBuilder","message":"Imported #10 / 0 tx / 0 pending / 0 (0.0%) gas / (0xb3f74a66ac68fe171a26191f4f9e7920d4042bf0313458c62dfe2f87948a6980)","throwable":""}
{"timestamp":"2025-05-30T12:09:08,154","container":"9f5bedbcdc87","level":"INFO","thread":"BftProcessorExecutor-QBFT-0","class":"QbftBesuControllerBuilder","message":"Produced #11 / 0 tx / 0 pending / 0 (0.0%) gas / (0x727aa33960dd7f10c9f58c7c5bb999d16ebaaf826f30995492f79904f1950dde)","throwable":""}
{"timestamp":"2025-05-30T12:09:16,127","container":"9f5bedbcdc87","level":"INFO","thread":"EthScheduler-Workers-0","class":"PersistBlockTask","message":"Imported #12 / 0 tx / 0 om / 0 (0.0%) gas / (0x3628bef0ff081556acf7c5e446abb860e01806b3f17ffe3d92a4195c295627cf) in 0.002s. Peers: 5","throwable":""}
{"timestamp":"2025-05-30T12:09:16,144","container":"9f5bedbcdc87","level":"INFO","thread":"BftProcessorExecutor-QBFT-0","class":"QbftBesuControllerBuilder","message":"Imported #12 / 0 tx / 0 pending / 0 (0.0%) gas / (0x3628bef0ff081556acf7c5e446abb860e01806b3f17ffe3d92a4195c295627cf)","throwable":""}
{"timestamp":"2025-05-30T12:09:24,133","container":"9f5bedbcdc87","level":"INFO","thread":"BftProcessorExecutor-QBFT-0","class":"QbftBesuControllerBuilder","message":"Imported #13 / 0 tx / 0 pending / 0 (0.0%) gas / (0xea095a146c38fb522a01b3e9fc4df699d949579cfc60c54b641c46bd5b3f051c)","throwable":""}
{"timestamp":"2025-05-30T12:09:32,096","container":"9f5bedbcdc87","level":"INFO","thread":"BftProcessorExecutor-QBFT-0","class":"QbftBesuControllerBuilder","message":"Imported #14 / 0 tx / 0 pending / 0 (0.0%) gas / (0xddf0312fef7f18fa2ac61167fdf8042dca8742aa718d3533be98a314730eb281)","throwable":""}
{"timestamp":"2025-05-30T12:09:40,139","container":"9f5bedbcdc87","level":"INFO","thread":"EthScheduler-Workers-0","class":"PersistBlockTask","message":"Imported #15 / 0 tx / 0 om / 0 (0.0%) gas / (0x1d55451cb602267cd83ddc79fb6c43fe39a8a4b5c7fb1c67ea51430a0466ecaa) in 0.003s. Peers: 5","throwable":""}
{"timestamp":"2025-05-30T12:09:40,149","container":"9f5bedbcdc87","level":"INFO","thread":"BftProcessorExecutor-QBFT-0","class":"QbftBesuControllerBuilder","message":"Produced #15 / 0 tx / 0 pending / 0 (0.0%) gas / (0x1d55451cb602267cd83ddc79fb6c43fe39a8a4b5c7fb1c67ea51430a0466ecaa)","throwable":""}
{"timestamp":"2025-05-30T12:09:48,070","container":"9f5bedbcdc87","level":"INFO","thread":"BftProcessorExecutor-QBFT-0","class":"QbftBesuControllerBuilder","message":"Imported #16 / 0 tx / 0 pending / 0 (0.0%) gas / (0xfa0350fbfe014bb26f3eae6b4ae437ede0ab2535bf733f55e194877b27708645)","throwable":""}
{"timestamp":"2025-05-30T12:09:56,167","container":"9f5bedbcdc87","level":"INFO","thread":"BftProcessorExecutor-QBFT-0","class":"QbftBesuControllerBuilder","message":"Imported #17 / 0 tx / 0 pending / 0 (0.0%) gas / (0x90b9827b59330f32627985c2e6c36ce6c243adba1a24a4c191fc2d78b2bb0ead)","throwable":""}
{"timestamp":"2025-05-30T12:10:04,100","container":"9f5bedbcdc87","level":"INFO","thread":"BftProcessorExecutor-QBFT-0","class":"QbftBesuControllerBuilder","message":"Imported #18 / 0 tx / 0 pending / 0 (0.0%) gas / (0xe339af0850006edc3b23eab129f4d05959e4c47922eb47436d93dbf8c8ba8629)","throwable":""}
{"timestamp":"2025-05-30T12:10:12,055","container":"9f5bedbcdc87","level":"INFO","thread":"EthScheduler-Workers-0","class":"PersistBlockTask","message":"Imported #19 / 0 tx / 0 om / 0 (0.0%) gas / (0x89fca61fdcce09e62c4968a23f37de8822cc38bbdb90726bc3af0d2e73420a72) in 0.006s. Peers: 5","throwable":""}
{"timestamp":"2025-05-30T12:10:12,058","container":"9f5bedbcdc87","level":"INFO","thread":"BftProcessorExecutor-QBFT-0","class":"QbftBesuControllerBuilder","message":"Produced #19 / 0 tx / 0 pending / 0 (0.0%) gas / (0x89fca61fdcce09e62c4968a23f37de8822cc38bbdb90726bc3af0d2e73420a72)","throwable":""}
{"timestamp":"2025-05-30T12:10:20,072","container":"9f5bedbcdc87","level":"INFO","thread":"BftProcessorExecutor-QBFT-0","class":"QbftBesuControllerBuilder","message":"Imported #20 / 0 tx / 0 pending / 0 (0.0%) gas / (0x7f76b345081463fc0b637b2a7e87fad62b4723205ecc03df292d0266e43db47c)","throwable":""}
{"timestamp":"2025-05-30T12:10:28,051","container":"9f5bedbcdc87","level":"INFO","thread":"BftProcessorExecutor-QBFT-0","class":"QbftBesuControllerBuilder","message":"Imported #21 / 0 tx / 0 pending / 0 (0.0%) gas / (0xb33a28158a38e34f9d91902ef0ba31734fa0b3362f99178ea1975c4b0912801e)","throwable":""}
{"timestamp":"2025-05-30T12:10:36,061","container":"9f5bedbcdc87","level":"INFO","thread":"BftProcessorExecutor-QBFT-0","class":"QbftBesuControllerBuilder","message":"Imported #22 / 0 tx / 0 pending / 0 (0.0%) gas / (0xdab413d26499466bc70a3e465cca8403ce839bd44d8b5caeb60df4908f66fff2)","throwable":""}
{"timestamp":"2025-05-30T12:10:44,128","container":"9f5bedbcdc87","level":"INFO","thread":"EthScheduler-Workers-0","class":"PersistBlockTask","message":"Block 23 (0x338aa9da234bed112e4f539e12059cc1fcc7220cbadf0aded8773fd4f74719a8) is already imported","throwable":""}
{"timestamp":"2025-05-30T12:10:44,135","container":"9f5bedbcdc87","level":"INFO","thread":"BftProcessorExecutor-QBFT-0","class":"QbftBesuControllerBuilder","message":"Produced #23 / 0 tx / 0 pending / 0 (0.0%) gas / (0x338aa9da234bed112e4f539e12059cc1fcc7220cbadf0aded8773fd4f74719a8)","throwable":""}
{"timestamp":"2025-05-30T12:10:52,176","container":"9f5bedbcdc87","level":"INFO","thread":"EthScheduler-Workers-0","class":"PersistBlockTask","message":"Imported #24 / 0 tx / 0 om / 0 (0.0%) gas / (0x10ddcf816ecc1b22ca0e7d1b5589d7d96a8f6030aabff0044a716da539169134) in 0.014s. Peers: 5","throwable":""}
{"timestamp":"2025-05-30T12:10:52,179","container":"9f5bedbcdc87","level":"INFO","thread":"BftProcessorExecutor-QBFT-0","class":"QbftBesuControllerBuilder","message":"Imported #24 / 0 tx / 0 pending / 0 (0.0%) gas / (0x10ddcf816ecc1b22ca0e7d1b5589d7d96a8f6030aabff0044a716da539169134)","throwable":""}
{"timestamp":"2025-05-30T12:11:00,050","container":"9f5bedbcdc87","level":"INFO","thread":"BftProcessorExecutor-QBFT-0","class":"QbftBesuControllerBuilder","message":"Imported #25 / 0 tx / 0 pending / 0 (0.0%) gas / (0x7a06d5b36253da12830d71dda712ab5bce27449155f3e9c97c72aed50cef6c5b)","throwable":""}
{"timestamp":"2025-05-30T12:11:08,106","container":"9f5bedbcdc87","level":"INFO","thread":"BftProcessorExecutor-QBFT-0","class":"QbftBesuControllerBuilder","message":"Imported #26 / 0 tx / 0 pending / 0 (0.0%) gas / (0x83b6207d5e4ed2ff518f9dd7a995ea379cac6d46b58d518ec4e84f44cc5af833)","throwable":""}
{"timestamp":"2025-05-30T12:11:16,048","container":"9f5bedbcdc87","level":"INFO","thread":"EthScheduler-Workers-0","class":"PersistBlockTask","message":"Imported #27 / 0 tx / 0 om / 0 (0.0%) gas / (0x370e1ba467a97fc8fc068fa45e9d610e88074d0a91ece49433f157f378e08048) in 0.007s. Peers: 5","throwable":""}
{"timestamp":"2025-05-30T12:11:24,082","container":"9f5bedbcdc87","level":"INFO","thread":"EthScheduler-Workers-0","class":"PersistBlockTask","message":"Imported #28 / 0 tx / 0 om / 0 (0.0%) gas / (0x617e8b9144660ea959324ac4cb3635a86cd99f061d7b06f9ab69c2ec0379b5a6) in 0.015s. Peers: 5","throwable":""}
{"timestamp":"2025-05-30T12:11:32,091","container":"9f5bedbcdc87","level":"INFO","thread":"BftProcessorExecutor-QBFT-0","class":"QbftBesuControllerBuilder","message":"Imported #29 / 0 tx / 0 pending / 0 (0.0%) gas / (0x053e115bfdfb1592f85542413ea23d65308e1623c9a59b8be918542aa67f15c4)","throwable":""}
{"timestamp":"2025-05-30T12:11:40,045","container":"9f5bedbcdc87","level":"INFO","thread":"BftProcessorExecutor-QBFT-0","class":"QbftBesuControllerBuilder","message":"Imported #30 / 0 tx / 0 pending / 0 (0.0%) gas / (0xf42228cd419a3942c4930392a6b29279aa2800fa8a30687eca12e4205a646c02)","throwable":""}
{"timestamp":"2025-05-30T12:11:48,071","container":"9f5bedbcdc87","level":"INFO","thread":"BftProcessorExecutor-QBFT-0","class":"QbftBesuControllerBuilder","message":"Produced #31 / 0 tx / 0 pending / 0 (0.0%) gas / (0x58aede3d1b21a00d2955b7f930891ea9417a1c4dca6834dd02ea1943b5dd26b9)","throwable":""}
{"timestamp":"2025-05-30T12:11:56,083","container":"9f5bedbcdc87","level":"INFO","thread":"BftProcessorExecutor-QBFT-0","class":"QbftBesuControllerBuilder","message":"Imported #32 / 0 tx / 0 pending / 0 (0.0%) gas / (0x5a0a240f910f46ab0fd81637cdaf2fe669821448076d3b8fe988f09d90b21c45)","throwable":""}
{"timestamp":"2025-05-30T12:12:04,033","container":"9f5bedbcdc87","level":"INFO","thread":"BftProcessorExecutor-QBFT-0","class":"QbftBesuControllerBuilder","message":"Imported #33 / 0 tx / 0 pending / 0 (0.0%) gas / (0x6e6a1ecb931b60f32b8a95eaa14652b019c4b45284480f9067334f506d8cc4d2)","throwable":""}
{"timestamp":"2025-05-30T12:12:12,081","container":"9f5bedbcdc87","level":"INFO","thread":"EthScheduler-Workers-0","class":"PersistBlockTask","message":"Block 34 (0xd9ea790b1264f31e2d3fcaad9f57781959de4cd3645feb06583edf60c84a41ba) is already imported","throwable":""}
{"timestamp":"2025-05-30T12:12:12,081","container":"9f5bedbcdc87","level":"INFO","thread":"BftProcessorExecutor-QBFT-0","class":"QbftBesuControllerBuilder","message":"Imported #34 / 0 tx / 0 pending / 0 (0.0%) gas / (0xd9ea790b1264f31e2d3fcaad9f57781959de4cd3645feb06583edf60c84a41ba)","throwable":""}
{"timestamp":"2025-05-30T12:12:20,032","container":"9f5bedbcdc87","level":"INFO","thread":"BftProcessorExecutor-QBFT-0","class":"QbftBesuControllerBuilder","message":"Produced #35 / 0 tx / 0 pending / 0 (0.0%) gas / (0xa6cf04be33d6c54deafc14d31fdf75df79ebba1927ad6674d0eea2afc5d4f18a)","throwable":""}
{"timestamp":"2025-05-30T12:12:28,098","container":"9f5bedbcdc87","level":"INFO","thread":"EthScheduler-Workers-0","class":"PersistBlockTask","message":"Imported #36 / 0 tx / 0 om / 0 (0.0%) gas / (0xbc8ca27472a1fc92b95be7cf5ae385b8f4e93defe4fd57ef88259f4750430d54) in 0.002s. Peers: 5","throwable":""}
{"timestamp":"2025-05-30T12:12:36,068","container":"9f5bedbcdc87","level":"INFO","thread":"BftProcessorExecutor-QBFT-0","class":"QbftBesuControllerBuilder","message":"Imported #37 / 0 tx / 0 pending / 0 (0.0%) gas / (0xbb2ae15f2da2c550e16234c0b51d8c4edb2ee17be130e0ae7e3ca471bbe9d94a)","throwable":""}
{"timestamp":"2025-05-30T12:12:38,072","container":"9f5bedbcdc87","level":"INFO","thread":"BftProcessorExecutor-QBFT-0","class":"BftProcessor","message":"Shutting down BFT event processor","throwable":""}
{"timestamp":"2025-05-30T12:12:38,074","container":"9f5bedbcdc87","level":"INFO","thread":"BesuCommand-Shutdown-Hook","class":"DefaultSynchronizer","message":"Stopping synchronizer","throwable":""}
{"timestamp":"2025-05-30T12:12:38,080","container":"9f5bedbcdc87","level":"INFO","thread":"BesuCommand-Shutdown-Hook","class":"NetworkRunner","message":"Stopping Network.","throwable":""}
{"timestamp":"2025-05-30T12:12:38,100","container":"9f5bedbcdc87","level":"INFO","thread":"BesuCommand-Shutdown-Hook","class":"EthProtocolManager","message":"Stopping eth Subprotocol.","throwable":""}
{"timestamp":"2025-05-30T12:12:38,200","container":"9f5bedbcdc87","level":"INFO","thread":"BesuCommand-Shutdown-Hook","class":"EthProtocolManager","message":"eth Subprotocol stopped.","throwable":""}
{"timestamp":"2025-05-30T12:12:38,201","container":"9f5bedbcdc87","level":"INFO","thread":"BesuCommand-Shutdown-Hook","class":"NetworkRunner","message":"Network stopped.","throwable":""}
{"timestamp":"2025-05-30T12:12:38,203","container":"9f5bedbcdc87","level":"INFO","thread":"BesuCommand-Shutdown-Hook","class":"AutoTransactionLogBloomCachingService","message":"Shutting down Auto transaction logs caching service.","throwable":""}
{"timestamp":"2025-05-30T12:12:38,204","container":"9f5bedbcdc87","level":"INFO","thread":"BesuCommand-Shutdown-Hook","class":"DockerNatManager","message":"Stopping docker NAT manager.","throwable":""}
