{"timestamp":"2025-05-30T12:05:29,919","container":"75008d598886","level":"INFO","thread":"main","class":"Besu","message":"Starting Besu","throwable":""}
{"timestamp":"2025-05-30T12:05:31,077","container":"75008d598886","level":"WARN","thread":"main","class":"Besu","message":"--min-gas-price has been ignored because --miner-enabled was not defined on the command line.","throwable":""}
{"timestamp":"2025-05-30T12:05:34,060","container":"75008d598886","level":"INFO","thread":"main","class":"Besu","message":"
####################################################################################################
#                                                                                                  #
# Besu version 23.4.1                                                                              #
#                                                                                                  #
# Configuration:                                                                                   #
# Network: Custom genesis file specified                                                           #
# Network Id: 1337                                                                                 #
# Data storage: Forest                                                                             #
# Sync mode: Full                                                                                  #
# RPC HTTP APIs: EEA,WEB3,ETH,NET,TRACE,DEBUG,ADMIN,TXPOOL,PRIV,PERM,QBFT                          #
# RPC HTTP port: 8545                                                                              #
#                                                                                                  #
# Host:                                                                                            #
# Java: openjdk-java-17                                                                            #
# Maximum heap size: 1.74 GB                                                                       #
# OS: linux-x86_64                                                                                 #
# glibc: 2.35                                                                                      #
# jemalloc: 5.2.1-0-gea6b3e973b477b8061e0076bb257dbd7f3faa756                                      #
# Total memory: 6.95 GB                                                                            #
# CPU cores: 4                                                                                     #
#                                                                                                  #
####################################################################################################","throwable":""}
{"timestamp":"2025-05-30T12:05:34,060","container":"75008d598886","level":"INFO","thread":"main","class":"Besu","message":"Connecting to 8 static nodes.","throwable":""}
{"timestamp":"2025-05-30T12:05:34,061","container":"75008d598886","level":"INFO","thread":"main","class":"Besu","message":"Security Module: localfile","throwable":""}
{"timestamp":"2025-05-30T12:05:34,416","container":"75008d598886","level":"INFO","thread":"main","class":"Besu","message":"Using the native implementation of alt bn128","throwable":""}
{"timestamp":"2025-05-30T12:05:34,535","container":"75008d598886","level":"INFO","thread":"main","class":"Besu","message":"Using the native implementation of modexp","throwable":""}
{"timestamp":"2025-05-30T12:05:34,550","container":"75008d598886","level":"INFO","thread":"main","class":"Besu","message":"Using the native implementation of the signature algorithm","throwable":""}
{"timestamp":"2025-05-30T12:05:34,556","container":"75008d598886","level":"INFO","thread":"main","class":"Besu","message":"Using the native implementation of the blake2bf algorithm","throwable":""}
{"timestamp":"2025-05-30T12:05:34,575","container":"75008d598886","level":"INFO","thread":"main","class":"RocksDBKeyValueStorageFactory","message":"No existing database detected at /opt/besu/data. Using version 1","throwable":""}
{"timestamp":"2025-05-30T12:05:37,165","container":"75008d598886","level":"INFO","thread":"main","class":"KeyPairUtil","message":"Loaded public key 0x98496800174b3c73ae33cba59f8f5e686cd488f7897c2edb52e2cf46383d75cd03dbb58dde07185bc0953f98800ca9a89f4b5ef450c5e51292ea08ec6130ee0c from /opt/besu/keys/nodekey","throwable":""}
{"timestamp":"2025-05-30T12:05:37,209","container":"75008d598886","level":"WARN","thread":"main","class":"Besu","message":"Privacy is disabled. Cannot use EEA/PRIV API methods when not using Privacy.","throwable":""}
{"timestamp":"2025-05-30T12:05:37,808","container":"75008d598886","level":"INFO","thread":"main","class":"ProtocolScheduleBuilder","message":"Protocol schedule created with milestones: [GrayGlacier: 0]","throwable":""}
{"timestamp":"2025-05-30T12:05:38,470","container":"75008d598886","level":"INFO","thread":"main","class":"TransactionPoolFactory","message":"Enabling transaction pool","throwable":""}
{"timestamp":"2025-05-30T12:05:38,527","container":"75008d598886","level":"INFO","thread":"main","class":"BesuControllerBuilder","message":"TTD difficulty is not present, creating initial sync phase for PoW","throwable":""}
{"timestamp":"2025-05-30T12:05:39,051","container":"75008d598886","level":"INFO","thread":"main","class":"RunnerBuilder","message":"Detecting NAT service.","throwable":""}
{"timestamp":"2025-05-30T12:05:41,942","container":"75008d598886","level":"INFO","thread":"main","class":"Runner","message":"Starting external services ... ","throwable":""}
{"timestamp":"2025-05-30T12:05:41,942","container":"75008d598886","level":"INFO","thread":"main","class":"MetricsHttpService","message":"Starting metrics http service on 0.0.0.0:9545","throwable":""}
{"timestamp":"2025-05-30T12:05:42,526","container":"75008d598886","level":"INFO","thread":"main","class":"JsonRpcHttpService","message":"Starting JSON-RPC service on 0.0.0.0:8545","throwable":""}
{"timestamp":"2025-05-30T12:05:42,523","container":"75008d598886","level":"INFO","thread":"vert.x-eventloop-thread-1","class":"MetricsHttpService","message":"Metrics service started and listening on 0.0.0.0:9545","throwable":""}
{"timestamp":"2025-05-30T12:05:42,582","container":"75008d598886","level":"INFO","thread":"vert.x-eventloop-thread-1","class":"JsonRpcHttpService","message":"JSON-RPC service started and listening on 0.0.0.0:8545","throwable":""}
{"timestamp":"2025-05-30T12:05:42,597","container":"75008d598886","level":"INFO","thread":"main","class":"GraphQLHttpService","message":"Starting GraphQL HTTP service on 0.0.0.0:8547","throwable":""}
{"timestamp":"2025-05-30T12:05:42,638","container":"75008d598886","level":"INFO","thread":"vert.x-eventloop-thread-1","class":"GraphQLHttpService","message":"GraphQL HTTP service started and listening on 0.0.0.0:8547","throwable":""}
{"timestamp":"2025-05-30T12:05:42,642","container":"75008d598886","level":"INFO","thread":"main","class":"WebSocketService","message":"Starting Websocket service on 0.0.0.0:8546","throwable":""}
{"timestamp":"2025-05-30T12:05:42,645","container":"75008d598886","level":"INFO","thread":"vert.x-eventloop-thread-1","class":"WebSocketService","message":"Websocket service started and listening on 0.0.0.0:8546","throwable":""}
{"timestamp":"2025-05-30T12:05:42,649","container":"75008d598886","level":"INFO","thread":"main","class":"AutoTransactionLogBloomCachingService","message":"Starting auto transaction log bloom caching service.","throwable":""}
{"timestamp":"2025-05-30T12:05:42,650","container":"75008d598886","level":"INFO","thread":"main","class":"LogBloomCacheMetadata","message":"Lookup cache metadata file in data directory: /opt/besu/data/caches","throwable":""}
{"timestamp":"2025-05-30T12:05:42,700","container":"75008d598886","level":"INFO","thread":"main","class":"Runner","message":"Starting Ethereum main loop ... ","throwable":""}
{"timestamp":"2025-05-30T12:05:42,700","container":"75008d598886","level":"INFO","thread":"main","class":"DockerNatManager","message":"Starting docker NAT manager.","throwable":""}
{"timestamp":"2025-05-30T12:05:42,722","container":"75008d598886","level":"INFO","thread":"main","class":"NetworkRunner","message":"Starting Network.","throwable":""}
{"timestamp":"2025-05-30T12:05:42,766","container":"75008d598886","level":"INFO","thread":"nioEventLoopGroup-2-1","class":"RlpxAgent","message":"P2P RLPx agent started and listening on /0.0.0.0:30303.","throwable":""}
{"timestamp":"2025-05-30T12:05:42,768","container":"75008d598886","level":"INFO","thread":"main","class":"PeerDiscoveryAgent","message":"Starting peer discovery agent on host=0.0.0.0, port=30303","throwable":""}
{"timestamp":"2025-05-30T12:05:42,916","container":"75008d598886","level":"INFO","thread":"vert.x-eventloop-thread-1","class":"VertxPeerDiscoveryAgent","message":"Started peer discovery agent successfully, on effective host=0.0.0.0 and port=30303","throwable":""}
{"timestamp":"2025-05-30T12:05:42,918","container":"75008d598886","level":"INFO","thread":"vert.x-eventloop-thread-1","class":"PeerDiscoveryAgent","message":"P2P peer discovery agent started and listening on /0.0.0.0:30303","throwable":""}
{"timestamp":"2025-05-30T12:05:43,088","container":"75008d598886","level":"INFO","thread":"vert.x-eventloop-thread-1","class":"PeerDiscoveryAgent","message":"Writing node record to disk. NodeRecord{seq=1, publicKey=0x0298496800174b3c73ae33cba59f8f5e686cd488f7897c2edb52e2cf46383d75cd, udpAddress=Optional[/172.16.239.16:30303], tcpAddress=Optional[/172.16.239.16:30303], asBase64=-Je4QHF7OpFV_mDtqRTJ5D-1pW1Xx-4R1QWB8P6fVBabRl9RAuPE7TbPDBfvXziLQbDA0-uqrP3Psdj50o1zVWqkdlYBg2V0aMfGhGpSrW2AgmlkgnY0gmlwhKwQ7xCJc2VjcDI1NmsxoQKYSWgAF0s8c64zy6Wfj15obNSI94l8LttS4s9GOD11zYN0Y3CCdl-DdWRwgnZf, nodeId=0xa1f75939c4a4d5c1c5241a1913a52aab892e1322e8b52506276363d4754c122e, customFields={tcp=30303, udp=30303, ip=0xac10ef10, eth=[[0x6a52ad6d, 0x]], id=V4, secp256k1=0x0298496800174b3c73ae33cba59f8f5e686cd488f7897c2edb52e2cf46383d75cd}}","throwable":""}
{"timestamp":"2025-05-30T12:05:43,403","container":"75008d598886","level":"INFO","thread":"main","class":"DefaultP2PNetwork","message":"Enode URL enode://98496800174b3c73ae33cba59f8f5e686cd488f7897c2edb52e2cf46383d75cd03dbb58dde07185bc0953f98800ca9a89f4b5ef450c5e51292ea08ec6130ee0c@172.16.239.16:30303","throwable":""}
{"timestamp":"2025-05-30T12:05:43,403","container":"75008d598886","level":"INFO","thread":"main","class":"DefaultP2PNetwork","message":"Node address 0x13a52aab892e1322e8b52506276363d4754c122e","throwable":""}
{"timestamp":"2025-05-30T12:05:43,734","container":"75008d598886","level":"INFO","thread":"main","class":"NetworkRunner","message":"Supported capabilities: [eth/62, eth/63, eth/64, eth/65, eth/66, eth/67, eth/68], [istanbul/100], [snap/1]","throwable":""}
{"timestamp":"2025-05-30T12:05:43,741","container":"75008d598886","level":"INFO","thread":"main","class":"DefaultSynchronizer","message":"Starting synchronizer.","throwable":""}
{"timestamp":"2025-05-30T12:05:43,744","container":"75008d598886","level":"INFO","thread":"main","class":"TransactionPoolFactory","message":"Enabling transaction handling following initial sync","throwable":""}
{"timestamp":"2025-05-30T12:05:43,751","container":"75008d598886","level":"INFO","thread":"main","class":"FullSyncDownloader","message":"Starting full sync.","throwable":""}
{"timestamp":"2025-05-30T12:05:43,751","container":"75008d598886","level":"INFO","thread":"main","class":"FullSyncTargetManager","message":"Unable to find sync target. Currently checking 0 peers for usefulness","throwable":""}
{"timestamp":"2025-05-30T12:05:44,087","container":"75008d598886","level":"INFO","thread":"main","class":"Runner","message":"Ethereum main loop is up.","throwable":""}
{"timestamp":"2025-05-30T12:05:44,598","container":"75008d598886","level":"INFO","thread":"nioEventLoopGroup-3-1","class":"FullSyncTargetManager","message":"Unable to find sync target. Currently checking 2 peers for usefulness","throwable":""}
{"timestamp":"2025-05-30T12:05:44,629","container":"75008d598886","level":"INFO","thread":"nioEventLoopGroup-3-5","class":"FullSyncTargetManager","message":"Unable to find sync target. Currently checking 3 peers for usefulness","throwable":""}
{"timestamp":"2025-05-30T12:05:45,124","container":"75008d598886","level":"INFO","thread":"nioEventLoopGroup-3-1","class":"FullSyncTargetManager","message":"Unable to find sync target. Currently checking 4 peers for usefulness","throwable":""}
{"timestamp":"2025-05-30T12:05:45,243","container":"75008d598886","level":"INFO","thread":"nioEventLoopGroup-3-10","class":"FullSyncTargetManager","message":"Unable to find sync target. Currently checking 5 peers for usefulness","throwable":""}
{"timestamp":"2025-05-30T12:05:45,477","container":"75008d598886","level":"INFO","thread":"EthScheduler-Workers-0","class":"PersistBlockTask","message":"Imported #1 / 0 tx / 0 om / 0 (0.0%) gas / (0x9b79b91db66206e5fc2e37c669f9a9b729741e8cc663e1978702cb105b1cc38c) in 0.039s. Peers: 5","throwable":""}
{"timestamp":"2025-05-30T12:05:50,250","container":"75008d598886","level":"INFO","thread":"EthScheduler-Timer-0","class":"FullSyncTargetManager","message":"Unable to find sync target. Currently checking 5 peers for usefulness","throwable":""}
{"timestamp":"2025-05-30T12:05:52,197","container":"75008d598886","level":"INFO","thread":"EthScheduler-Workers-0","class":"PersistBlockTask","message":"Imported #2 / 0 tx / 0 om / 0 (0.0%) gas / (0xb76303b16234b757d5cdaa589fa10ab98b656c94b66e78679b333b6fef720122) in 0.014s. Peers: 5","throwable":""}
{"timestamp":"2025-05-30T12:06:00,104","container":"75008d598886","level":"INFO","thread":"EthScheduler-Workers-0","class":"PersistBlockTask","message":"Imported #3 / 0 tx / 0 om / 0 (0.0%) gas / (0x305dcee3c508329ca7f9de27921a633491512e77387d7316ffcff34d2cd6d6da) in 0.002s. Peers: 5","throwable":""}
{"timestamp":"2025-05-30T12:06:08,100","container":"75008d598886","level":"INFO","thread":"EthScheduler-Workers-0","class":"PersistBlockTask","message":"Imported #4 / 0 tx / 0 om / 0 (0.0%) gas / (0x15719829e357c671dfa66cbf99adbdbfe0d77ab1089ec4f6eb2ebd22e572f76e) in 0.003s. Peers: 5","throwable":""}
{"timestamp":"2025-05-30T12:06:16,130","container":"75008d598886","level":"INFO","thread":"EthScheduler-Workers-0","class":"PersistBlockTask","message":"Imported #5 / 0 tx / 0 om / 0 (0.0%) gas / (0x306913ba6605fcb490b9ebe19cf7cad6aab219e3f101120e45d95d3bcd59190b) in 0.002s. Peers: 5","throwable":""}
{"timestamp":"2025-05-30T12:06:24,093","container":"75008d598886","level":"INFO","thread":"EthScheduler-Workers-0","class":"PersistBlockTask","message":"Imported #6 / 0 tx / 0 om / 0 (0.0%) gas / (0xd424417f52218e9d2e5619a197beef50e7bba575354c4203512134d1438884ca) in 0.007s. Peers: 5","throwable":""}
{"timestamp":"2025-05-30T12:06:32,138","container":"75008d598886","level":"INFO","thread":"EthScheduler-Workers-0","class":"PersistBlockTask","message":"Imported #7 / 0 tx / 0 om / 0 (0.0%) gas / (0xa6dca1d088ae401df282f7c1e3ffa837754feb751107394f62c7b1c51be7d837) in 0.002s. Peers: 5","throwable":""}
{"timestamp":"2025-05-30T12:06:40,148","container":"75008d598886","level":"INFO","thread":"EthScheduler-Workers-0","class":"PersistBlockTask","message":"Imported #8 / 0 tx / 0 om / 0 (0.0%) gas / (0x59f3454f7e6f479a0dc0fb2bf1a47fc6fcd7668c16abc43104021fb23f70c384) in 0.003s. Peers: 5","throwable":""}
{"timestamp":"2025-05-30T12:06:48,093","container":"75008d598886","level":"INFO","thread":"EthScheduler-Workers-0","class":"PersistBlockTask","message":"Imported #9 / 0 tx / 0 om / 0 (0.0%) gas / (0xbb7bd2d013a8ca439beae42b5d6fbc38375b18d6d5f88e5aa624a9ac2e4129c7) in 0.002s. Peers: 5","throwable":""}
{"timestamp":"2025-05-30T12:06:56,098","container":"75008d598886","level":"INFO","thread":"EthScheduler-Workers-0","class":"PersistBlockTask","message":"Imported #10 / 0 tx / 0 om / 0 (0.0%) gas / (0x1f0d5e0fe1a6aa877e003bcc82cef69d6334deacb17f6f449ec47ae11aa52781) in 0.002s. Peers: 5","throwable":""}
{"timestamp":"2025-05-30T12:07:04,113","container":"75008d598886","level":"INFO","thread":"EthScheduler-Workers-0","class":"PersistBlockTask","message":"Imported #11 / 0 tx / 0 om / 0 (0.0%) gas / (0x3f92697eeb2bb763390cb1e8eae48c10297201613b666d715b9c4e89b8c51693) in 0.011s. Peers: 5","throwable":""}
{"timestamp":"2025-05-30T12:07:11,127","container":"75008d598886","level":"INFO","thread":"BftProcessorExecutor-QBFT-0","class":"BftProcessor","message":"Shutting down BFT event processor","throwable":""}
{"timestamp":"2025-05-30T12:07:11,131","container":"75008d598886","level":"INFO","thread":"BesuCommand-Shutdown-Hook","class":"DefaultSynchronizer","message":"Stopping synchronizer","throwable":""}
{"timestamp":"2025-05-30T12:07:11,137","container":"75008d598886","level":"INFO","thread":"BesuCommand-Shutdown-Hook","class":"NetworkRunner","message":"Stopping Network.","throwable":""}
{"timestamp":"2025-05-30T12:07:11,282","container":"75008d598886","level":"INFO","thread":"BesuCommand-Shutdown-Hook","class":"EthProtocolManager","message":"Stopping eth Subprotocol.","throwable":""}
{"timestamp":"2025-05-30T12:07:11,306","container":"75008d598886","level":"INFO","thread":"BesuCommand-Shutdown-Hook","class":"EthProtocolManager","message":"eth Subprotocol stopped.","throwable":""}
{"timestamp":"2025-05-30T12:07:11,307","container":"75008d598886","level":"INFO","thread":"BesuCommand-Shutdown-Hook","class":"NetworkRunner","message":"Network stopped.","throwable":""}
{"timestamp":"2025-05-30T12:07:11,307","container":"75008d598886","level":"INFO","thread":"BesuCommand-Shutdown-Hook","class":"AutoTransactionLogBloomCachingService","message":"Shutting down Auto transaction logs caching service.","throwable":""}
{"timestamp":"2025-05-30T12:07:11,308","container":"75008d598886","level":"INFO","thread":"BesuCommand-Shutdown-Hook","class":"DockerNatManager","message":"Stopping docker NAT manager.","throwable":""}
