{"timestamp":"2025-05-14T19:17:20,449","container":"83c38dee3c89","level":"INFO","thread":"main","class":"Besu","message":"Starting Besu","throwable":""}
{"timestamp":"2025-05-14T19:17:21,355","container":"83c38dee3c89","level":"WARN","thread":"main","class":"Besu","message":"--min-gas-price has been ignored because --miner-enabled was not defined on the command line.","throwable":""}
{"timestamp":"2025-05-14T19:17:23,614","container":"83c38dee3c89","level":"INFO","thread":"main","class":"Besu","message":"
####################################################################################################
#                                                                                                  #
# Besu version 23.4.1                                                                              #
#                                                                                                  #
# Configuration:                                                                                   #
# Network: Custom genesis file specified                                                           #
# Network Id: 1337                                                                                 #
# Data storage: Forest                                                                             #
# Sync mode: Full                                                                                  #
# RPC HTTP APIs: EEA,WEB3,ETH,NET,TRACE,DEBUG,ADMIN,TXPOOL,PRIV,PERM,QBFT                          #
# RPC HTTP port: 8545                                                                              #
#                                                                                                  #
# Host:                                                                                            #
# Java: openjdk-java-17                                                                            #
# Maximum heap size: 1.74 GB                                                                       #
# OS: linux-x86_64                                                                                 #
# glibc: 2.35                                                                                      #
# jemalloc: 5.2.1-0-gea6b3e973b477b8061e0076bb257dbd7f3faa756                                      #
# Total memory: 6.95 GB                                                                            #
# CPU cores: 4                                                                                     #
#                                                                                                  #
####################################################################################################","throwable":""}
{"timestamp":"2025-05-14T19:17:23,614","container":"83c38dee3c89","level":"INFO","thread":"main","class":"Besu","message":"Connecting to 8 static nodes.","throwable":""}
{"timestamp":"2025-05-14T19:17:23,614","container":"83c38dee3c89","level":"INFO","thread":"main","class":"Besu","message":"Security Module: localfile","throwable":""}
{"timestamp":"2025-05-14T19:17:23,845","container":"83c38dee3c89","level":"INFO","thread":"main","class":"Besu","message":"Using the native implementation of alt bn128","throwable":""}
{"timestamp":"2025-05-14T19:17:23,959","container":"83c38dee3c89","level":"INFO","thread":"main","class":"Besu","message":"Using the native implementation of modexp","throwable":""}
{"timestamp":"2025-05-14T19:17:23,960","container":"83c38dee3c89","level":"INFO","thread":"main","class":"Besu","message":"Using the native implementation of the signature algorithm","throwable":""}
{"timestamp":"2025-05-14T19:17:23,975","container":"83c38dee3c89","level":"INFO","thread":"main","class":"Besu","message":"Using the native implementation of the blake2bf algorithm","throwable":""}
{"timestamp":"2025-05-14T19:17:23,994","container":"83c38dee3c89","level":"INFO","thread":"main","class":"RocksDBKeyValueStorageFactory","message":"No existing database detected at /opt/besu/data. Using version 1","throwable":""}
{"timestamp":"2025-05-14T19:17:26,047","container":"83c38dee3c89","level":"INFO","thread":"main","class":"KeyPairUtil","message":"Loaded public key 0x59cf0c623c582fa9b19bdf70fb6bade07f4ae32218dd4d1c7e2c7e65acf87da45cf2ab55d16d27360aafef17622c37c09db60d7680ebcc17b78867f4c05bcaa4 from /opt/besu/keys/nodekey","throwable":""}
{"timestamp":"2025-05-14T19:17:26,085","container":"83c38dee3c89","level":"WARN","thread":"main","class":"Besu","message":"Privacy is disabled. Cannot use EEA/PRIV API methods when not using Privacy.","throwable":""}
{"timestamp":"2025-05-14T19:17:26,888","container":"83c38dee3c89","level":"INFO","thread":"main","class":"ProtocolScheduleBuilder","message":"Protocol schedule created with milestones: [GrayGlacier: 0]","throwable":""}
{"timestamp":"2025-05-14T19:17:27,456","container":"83c38dee3c89","level":"INFO","thread":"main","class":"TransactionPoolFactory","message":"Enabling transaction pool","throwable":""}
{"timestamp":"2025-05-14T19:17:27,506","container":"83c38dee3c89","level":"INFO","thread":"main","class":"BesuControllerBuilder","message":"TTD difficulty is not present, creating initial sync phase for PoW","throwable":""}
{"timestamp":"2025-05-14T19:17:28,064","container":"83c38dee3c89","level":"INFO","thread":"main","class":"RunnerBuilder","message":"Detecting NAT service.","throwable":""}
{"timestamp":"2025-05-14T19:17:30,360","container":"83c38dee3c89","level":"INFO","thread":"main","class":"Runner","message":"Starting external services ... ","throwable":""}
{"timestamp":"2025-05-14T19:17:30,361","container":"83c38dee3c89","level":"INFO","thread":"main","class":"MetricsHttpService","message":"Starting metrics http service on 0.0.0.0:9545","throwable":""}
{"timestamp":"2025-05-14T19:17:30,789","container":"83c38dee3c89","level":"INFO","thread":"main","class":"JsonRpcHttpService","message":"Starting JSON-RPC service on 0.0.0.0:8545","throwable":""}
{"timestamp":"2025-05-14T19:17:30,818","container":"83c38dee3c89","level":"INFO","thread":"vert.x-eventloop-thread-1","class":"MetricsHttpService","message":"Metrics service started and listening on 0.0.0.0:9545","throwable":""}
{"timestamp":"2025-05-14T19:17:30,837","container":"83c38dee3c89","level":"INFO","thread":"vert.x-eventloop-thread-1","class":"JsonRpcHttpService","message":"JSON-RPC service started and listening on 0.0.0.0:8545","throwable":""}
{"timestamp":"2025-05-14T19:17:30,839","container":"83c38dee3c89","level":"INFO","thread":"main","class":"GraphQLHttpService","message":"Starting GraphQL HTTP service on 0.0.0.0:8547","throwable":""}
{"timestamp":"2025-05-14T19:17:30,860","container":"83c38dee3c89","level":"INFO","thread":"vert.x-eventloop-thread-1","class":"GraphQLHttpService","message":"GraphQL HTTP service started and listening on 0.0.0.0:8547","throwable":""}
{"timestamp":"2025-05-14T19:17:30,861","container":"83c38dee3c89","level":"INFO","thread":"main","class":"WebSocketService","message":"Starting Websocket service on 0.0.0.0:8546","throwable":""}
{"timestamp":"2025-05-14T19:17:30,877","container":"83c38dee3c89","level":"INFO","thread":"vert.x-eventloop-thread-1","class":"WebSocketService","message":"Websocket service started and listening on 0.0.0.0:8546","throwable":""}
{"timestamp":"2025-05-14T19:17:30,896","container":"83c38dee3c89","level":"INFO","thread":"main","class":"AutoTransactionLogBloomCachingService","message":"Starting auto transaction log bloom caching service.","throwable":""}
{"timestamp":"2025-05-14T19:17:30,898","container":"83c38dee3c89","level":"INFO","thread":"main","class":"LogBloomCacheMetadata","message":"Lookup cache metadata file in data directory: /opt/besu/data/caches","throwable":""}
{"timestamp":"2025-05-14T19:17:30,956","container":"83c38dee3c89","level":"INFO","thread":"main","class":"Runner","message":"Starting Ethereum main loop ... ","throwable":""}
{"timestamp":"2025-05-14T19:17:30,956","container":"83c38dee3c89","level":"INFO","thread":"main","class":"DockerNatManager","message":"Starting docker NAT manager.","throwable":""}
{"timestamp":"2025-05-14T19:17:30,988","container":"83c38dee3c89","level":"INFO","thread":"main","class":"NetworkRunner","message":"Starting Network.","throwable":""}
{"timestamp":"2025-05-14T19:17:31,032","container":"83c38dee3c89","level":"INFO","thread":"nioEventLoopGroup-2-1","class":"RlpxAgent","message":"P2P RLPx agent started and listening on /0.0.0.0:30303.","throwable":""}
{"timestamp":"2025-05-14T19:17:31,039","container":"83c38dee3c89","level":"INFO","thread":"main","class":"PeerDiscoveryAgent","message":"Starting peer discovery agent on host=0.0.0.0, port=30303","throwable":""}
{"timestamp":"2025-05-14T19:17:31,141","container":"83c38dee3c89","level":"INFO","thread":"vert.x-eventloop-thread-1","class":"VertxPeerDiscoveryAgent","message":"Started peer discovery agent successfully, on effective host=0.0.0.0 and port=30303","throwable":""}
{"timestamp":"2025-05-14T19:17:31,154","container":"83c38dee3c89","level":"INFO","thread":"main","class":"PeerDiscoveryAgent","message":"P2P peer discovery agent started and listening on /0.0.0.0:30303","throwable":""}
{"timestamp":"2025-05-14T19:17:31,385","container":"83c38dee3c89","level":"INFO","thread":"main","class":"PeerDiscoveryAgent","message":"Writing node record to disk. NodeRecord{seq=1, publicKey=0x0259cf0c623c582fa9b19bdf70fb6bade07f4ae32218dd4d1c7e2c7e65acf87da4, udpAddress=Optional[/172.16.239.13:30303], tcpAddress=Optional[/172.16.239.13:30303], asBase64=-Je4QEwrxpJX6Z8Z-NI-zZK3waUCiyEbaWX8dlDAiyaPJABSJC8hw1fT-RDBy7wnKpY8ni0P1fDQI_kmQeKPGo99gCkBg2V0aMfGhGpSrW2AgmlkgnY0gmlwhKwQ7w2Jc2VjcDI1NmsxoQJZzwxiPFgvqbGb33D7a63gf0rjIhjdTRx-LH5lrPh9pIN0Y3CCdl-DdWRwgnZf, nodeId=0x2a2fe7f9e880372cfd2bda0cce412f988377e31f4d0ff12d74df73b51c42d0ca, customFields={tcp=30303, udp=30303, ip=0xac10ef0d, eth=[[0x6a52ad6d, 0x]], id=V4, secp256k1=0x0259cf0c623c582fa9b19bdf70fb6bade07f4ae32218dd4d1c7e2c7e65acf87da4}}","throwable":""}
{"timestamp":"2025-05-14T19:17:31,769","container":"83c38dee3c89","level":"INFO","thread":"main","class":"DefaultP2PNetwork","message":"Enode URL enode://59cf0c623c582fa9b19bdf70fb6bade07f4ae32218dd4d1c7e2c7e65acf87da45cf2ab55d16d27360aafef17622c37c09db60d7680ebcc17b78867f4c05bcaa4@172.16.239.13:30303","throwable":""}
{"timestamp":"2025-05-14T19:17:31,772","container":"83c38dee3c89","level":"INFO","thread":"main","class":"DefaultP2PNetwork","message":"Node address 0xce412f988377e31f4d0ff12d74df73b51c42d0ca","throwable":""}
{"timestamp":"2025-05-14T19:17:32,099","container":"83c38dee3c89","level":"INFO","thread":"main","class":"NetworkRunner","message":"Supported capabilities: [eth/62, eth/63, eth/64, eth/65, eth/66, eth/67, eth/68], [istanbul/100], [snap/1]","throwable":""}
{"timestamp":"2025-05-14T19:17:32,101","container":"83c38dee3c89","level":"INFO","thread":"main","class":"DefaultSynchronizer","message":"Starting synchronizer.","throwable":""}
{"timestamp":"2025-05-14T19:17:32,102","container":"83c38dee3c89","level":"INFO","thread":"main","class":"TransactionPoolFactory","message":"Enabling transaction handling following initial sync","throwable":""}
{"timestamp":"2025-05-14T19:17:32,107","container":"83c38dee3c89","level":"INFO","thread":"main","class":"FullSyncDownloader","message":"Starting full sync.","throwable":""}
{"timestamp":"2025-05-14T19:17:32,107","container":"83c38dee3c89","level":"INFO","thread":"main","class":"FullSyncTargetManager","message":"Unable to find sync target. Currently checking 0 peers for usefulness","throwable":""}
{"timestamp":"2025-05-14T19:17:32,198","container":"83c38dee3c89","level":"INFO","thread":"main","class":"Runner","message":"Ethereum main loop is up.","throwable":""}
{"timestamp":"2025-05-14T19:17:32,251","container":"83c38dee3c89","level":"INFO","thread":"nioEventLoopGroup-3-6","class":"FullSyncTargetManager","message":"Unable to find sync target. Currently checking 3 peers for usefulness","throwable":""}
{"timestamp":"2025-05-14T19:17:32,283","container":"83c38dee3c89","level":"INFO","thread":"nioEventLoopGroup-3-2","class":"FullSyncTargetManager","message":"Unable to find sync target. Currently checking 4 peers for usefulness","throwable":""}
{"timestamp":"2025-05-14T19:17:32,367","container":"83c38dee3c89","level":"INFO","thread":"nioEventLoopGroup-3-3","class":"FullSyncTargetManager","message":"Unable to find sync target. Currently checking 5 peers for usefulness","throwable":""}
{"timestamp":"2025-05-14T19:17:37,381","container":"83c38dee3c89","level":"INFO","thread":"EthScheduler-Timer-0","class":"FullSyncTargetManager","message":"Unable to find sync target. Currently checking 5 peers for usefulness","throwable":""}
{"timestamp":"2025-05-14T19:17:42,268","container":"83c38dee3c89","level":"INFO","thread":"BftProcessorExecutor-QBFT-0","class":"QbftRound","message":"Importing proposed block to chain. round=ConsensusRoundIdentifier{Sequence=1, Round=1}, hash=0x756a3e2712235df9618c7dad771b1b37510408747a0182b7d3e871b4b9ed7f42","throwable":""}
{"timestamp":"2025-05-14T19:17:42,311","container":"83c38dee3c89","level":"INFO","thread":"BftProcessorExecutor-QBFT-0","class":"QbftBesuControllerBuilder","message":"Imported #1 / 0 tx / 0 pending / 0 (0.0%) gas / (0x756a3e2712235df9618c7dad771b1b37510408747a0182b7d3e871b4b9ed7f42)","throwable":""}
{"timestamp":"2025-05-14T19:17:42,383","container":"83c38dee3c89","level":"INFO","thread":"EthScheduler-Timer-0","class":"FullSyncTargetManager","message":"Unable to find sync target. Currently checking 5 peers for usefulness","throwable":""}
{"timestamp":"2025-05-14T19:17:47,384","container":"83c38dee3c89","level":"INFO","thread":"EthScheduler-Timer-0","class":"FullSyncTargetManager","message":"Unable to find sync target. Currently checking 5 peers for usefulness","throwable":""}
{"timestamp":"2025-05-14T19:17:50,207","container":"83c38dee3c89","level":"INFO","thread":"BftProcessorExecutor-QBFT-0","class":"QbftBesuControllerBuilder","message":"Imported #2 / 0 tx / 0 pending / 0 (0.0%) gas / (0x239cb9e6021ef470a79c06b7f88a599570b1eae4d89155a77238f2cea5c909d7)","throwable":""}
{"timestamp":"2025-05-14T19:17:58,175","container":"83c38dee3c89","level":"INFO","thread":"BftProcessorExecutor-QBFT-0","class":"QbftBesuControllerBuilder","message":"Produced #3 / 0 tx / 0 pending / 0 (0.0%) gas / (0xfedf3845acb8c1bde2091ca04faef9577bbe4ab2963c5b8c8291316ef13cfeaf)","throwable":""}
{"timestamp":"2025-05-14T19:17:58,172","container":"83c38dee3c89","level":"INFO","thread":"EthScheduler-Workers-0","class":"PersistBlockTask","message":"Block 3 (0xfedf3845acb8c1bde2091ca04faef9577bbe4ab2963c5b8c8291316ef13cfeaf) is already imported","throwable":""}
{"timestamp":"2025-05-14T19:18:06,144","container":"83c38dee3c89","level":"INFO","thread":"EthScheduler-Workers-0","class":"PersistBlockTask","message":"Imported #4 / 0 tx / 0 om / 0 (0.0%) gas / (0xd57f78e6e70bcc79cb5cb8d88d2c46d5df97d3b040957d0389a249d5ae74c3be) in 0.002s. Peers: 5","throwable":""}
{"timestamp":"2025-05-14T19:18:06,145","container":"83c38dee3c89","level":"INFO","thread":"BftProcessorExecutor-QBFT-0","class":"QbftBesuControllerBuilder","message":"Imported #4 / 0 tx / 0 pending / 0 (0.0%) gas / (0xd57f78e6e70bcc79cb5cb8d88d2c46d5df97d3b040957d0389a249d5ae74c3be)","throwable":""}
{"timestamp":"2025-05-14T19:18:14,112","container":"83c38dee3c89","level":"INFO","thread":"BftProcessorExecutor-QBFT-0","class":"QbftBesuControllerBuilder","message":"Imported #5 / 0 tx / 0 pending / 0 (0.0%) gas / (0x2a5c68f69b4c275374c8bcb1cd0d87826111bfa63cc99ee75c38ae49e854d589)","throwable":""}
{"timestamp":"2025-05-14T19:18:22,132","container":"83c38dee3c89","level":"INFO","thread":"EthScheduler-Workers-0","class":"PersistBlockTask","message":"Block 6 (0x1c77bb5102fd3804a397c02a5fad6a870f9a36c1e8551821cb83b6d9b1ec662f) is already imported","throwable":""}
{"timestamp":"2025-05-14T19:18:22,135","container":"83c38dee3c89","level":"INFO","thread":"BftProcessorExecutor-QBFT-0","class":"QbftBesuControllerBuilder","message":"Imported #6 / 0 tx / 0 pending / 0 (0.0%) gas / (0x1c77bb5102fd3804a397c02a5fad6a870f9a36c1e8551821cb83b6d9b1ec662f)","throwable":""}
{"timestamp":"2025-05-14T19:18:30,073","container":"83c38dee3c89","level":"INFO","thread":"BftProcessorExecutor-QBFT-0","class":"QbftBesuControllerBuilder","message":"Produced #7 / 0 tx / 0 pending / 0 (0.0%) gas / (0x9c788cbed0465674986602a0e85442766acbdcfb9f8f28789e477a6b6cbc077d)","throwable":""}
{"timestamp":"2025-05-14T19:18:38,162","container":"83c38dee3c89","level":"INFO","thread":"EthScheduler-Workers-0","class":"PersistBlockTask","message":"Imported #8 / 1 tx / 0 om / 200,153 (0.0%) gas / (0xac95ac6c15cd3db192f66d0c8ec5704e5f6863620967215e84defda0a5974098) in 0.030s. Peers: 5","throwable":""}
{"timestamp":"2025-05-14T19:18:46,093","container":"83c38dee3c89","level":"INFO","thread":"EthScheduler-Workers-0","class":"PersistBlockTask","message":"Imported #9 / 1 tx / 0 om / 28,222 (0.0%) gas / (0x4c67659edb729c07b94393dc95d4809bfd5b0262f00b556c63325fc285ca6c19) in 0.006s. Peers: 5","throwable":""}
{"timestamp":"2025-05-14T19:18:54,137","container":"83c38dee3c89","level":"INFO","thread":"EthScheduler-Workers-0","class":"PersistBlockTask","message":"Block 10 (0x74296c20172fecef710f8603e4bb81b8f5e2fe208e9cf6c944fd9e8923a97337) is already imported","throwable":""}
{"timestamp":"2025-05-14T19:18:54,140","container":"83c38dee3c89","level":"INFO","thread":"BftProcessorExecutor-QBFT-0","class":"QbftBesuControllerBuilder","message":"Imported #10 / 0 tx / 0 pending / 0 (0.0%) gas / (0x74296c20172fecef710f8603e4bb81b8f5e2fe208e9cf6c944fd9e8923a97337)","throwable":""}
{"timestamp":"2025-05-14T19:19:02,117","container":"83c38dee3c89","level":"INFO","thread":"EthScheduler-Workers-0","class":"PersistBlockTask","message":"Imported #11 / 0 tx / 0 om / 0 (0.0%) gas / (0xf00d82a2dfcae3847b03fa085fae92966d453ed46784dd4ecb472ea5ec6be9d4) in 0.011s. Peers: 5","throwable":""}
{"timestamp":"2025-05-14T19:19:10,109","container":"83c38dee3c89","level":"INFO","thread":"EthScheduler-Workers-0","class":"PersistBlockTask","message":"Imported #12 / 0 tx / 0 om / 0 (0.0%) gas / (0x13957d6f7cfe67b7ab8dee617b98dbc573e319f14ddbfa17b7ce4231bae83355) in 0.030s. Peers: 5","throwable":""}
{"timestamp":"2025-05-14T19:19:18,066","container":"83c38dee3c89","level":"INFO","thread":"EthScheduler-Workers-0","class":"PersistBlockTask","message":"Imported #13 / 0 tx / 0 om / 0 (0.0%) gas / (0x20e8fc3fc93cd307eecfb7bef3a34024a442417b45df68ce888923ac9a0ee758) in 0.001s. Peers: 5","throwable":""}
{"timestamp":"2025-05-14T19:19:26,053","container":"83c38dee3c89","level":"INFO","thread":"BftProcessorExecutor-QBFT-0","class":"QbftBesuControllerBuilder","message":"Imported #14 / 0 tx / 0 pending / 0 (0.0%) gas / (0x2cee3f43ba4c2082af888fa9eb762a74078c666c49431cb595ba46667f24035a)","throwable":""}
{"timestamp":"2025-05-14T19:19:34,093","container":"83c38dee3c89","level":"INFO","thread":"BftProcessorExecutor-QBFT-0","class":"QbftBesuControllerBuilder","message":"Produced #15 / 0 tx / 0 pending / 0 (0.0%) gas / (0x01cadb7e94f000564c29cce5722438164418b429f88f03bdd5bd99d2a578e09e)","throwable":""}
{"timestamp":"2025-05-14T19:19:34,095","container":"83c38dee3c89","level":"INFO","thread":"EthScheduler-Workers-0","class":"PersistBlockTask","message":"Block 15 (0x01cadb7e94f000564c29cce5722438164418b429f88f03bdd5bd99d2a578e09e) is already imported","throwable":""}
{"timestamp":"2025-05-14T19:19:42,099","container":"83c38dee3c89","level":"INFO","thread":"EthScheduler-Workers-0","class":"PersistBlockTask","message":"Imported #16 / 0 tx / 0 om / 0 (0.0%) gas / (0x495c9195df9abd9ee70360914f336027667227137caa37c61fe18623c949d6fe) in 0.019s. Peers: 5","throwable":""}
{"timestamp":"2025-05-14T19:19:50,094","container":"83c38dee3c89","level":"INFO","thread":"BftProcessorExecutor-QBFT-0","class":"QbftBesuControllerBuilder","message":"Imported #17 / 0 tx / 0 pending / 0 (0.0%) gas / (0x7b19c0f439d8ed9427307ad2a945c69763957c32a32a3a571d798fc3adfd0d1e)","throwable":""}
{"timestamp":"2025-05-14T19:19:52,599","container":"83c38dee3c89","level":"INFO","thread":"BftProcessorExecutor-QBFT-0","class":"BftProcessor","message":"Shutting down BFT event processor","throwable":""}
{"timestamp":"2025-05-14T19:19:52,602","container":"83c38dee3c89","level":"INFO","thread":"BesuCommand-Shutdown-Hook","class":"DefaultSynchronizer","message":"Stopping synchronizer","throwable":""}
{"timestamp":"2025-05-14T19:19:52,606","container":"83c38dee3c89","level":"INFO","thread":"BesuCommand-Shutdown-Hook","class":"NetworkRunner","message":"Stopping Network.","throwable":""}
{"timestamp":"2025-05-14T19:19:52,630","container":"83c38dee3c89","level":"INFO","thread":"BesuCommand-Shutdown-Hook","class":"EthProtocolManager","message":"Stopping eth Subprotocol.","throwable":""}
{"timestamp":"2025-05-14T19:19:52,731","container":"83c38dee3c89","level":"INFO","thread":"BesuCommand-Shutdown-Hook","class":"EthProtocolManager","message":"eth Subprotocol stopped.","throwable":""}
{"timestamp":"2025-05-14T19:19:52,732","container":"83c38dee3c89","level":"INFO","thread":"BesuCommand-Shutdown-Hook","class":"NetworkRunner","message":"Network stopped.","throwable":""}
{"timestamp":"2025-05-14T19:19:52,732","container":"83c38dee3c89","level":"INFO","thread":"BesuCommand-Shutdown-Hook","class":"AutoTransactionLogBloomCachingService","message":"Shutting down Auto transaction logs caching service.","throwable":""}
{"timestamp":"2025-05-14T19:19:52,734","container":"83c38dee3c89","level":"INFO","thread":"BesuCommand-Shutdown-Hook","class":"DockerNatManager","message":"Stopping docker NAT manager.","throwable":""}
