{"timestamp":"2025-05-30T12:07:32,532","container":"b54ba0ad75ed","level":"INFO","thread":"main","class":"Besu","message":"Starting Besu","throwable":""}
{"timestamp":"2025-05-30T12:07:34,184","container":"b54ba0ad75ed","level":"WARN","thread":"main","class":"Besu","message":"--min-gas-price has been ignored because --miner-enabled was not defined on the command line.","throwable":""}
{"timestamp":"2025-05-30T12:07:38,078","container":"b54ba0ad75ed","level":"INFO","thread":"main","class":"Besu","message":"
####################################################################################################
#                                                                                                  #
# Besu version 23.4.1                                                                              #
#                                                                                                  #
# Configuration:                                                                                   #
# Network: Custom genesis file specified                                                           #
# Network Id: 1337                                                                                 #
# Data storage: Forest                                                                             #
# Sync mode: Full                                                                                  #
# RPC HTTP APIs: EEA,WEB3,ETH,NET,TRACE,DEBUG,ADMIN,TXPOOL,PRIV,PERM,QBFT                          #
# RPC HTTP port: 8545                                                                              #
#                                                                                                  #
# Host:                                                                                            #
# Java: openjdk-java-17                                                                            #
# Maximum heap size: 1.74 GB                                                                       #
# OS: linux-x86_64                                                                                 #
# glibc: 2.35                                                                                      #
# jemalloc: 5.2.1-0-gea6b3e973b477b8061e0076bb257dbd7f3faa756                                      #
# Total memory: 6.95 GB                                                                            #
# CPU cores: 4                                                                                     #
#                                                                                                  #
####################################################################################################","throwable":""}
{"timestamp":"2025-05-30T12:07:38,083","container":"b54ba0ad75ed","level":"INFO","thread":"main","class":"Besu","message":"Connecting to 8 static nodes.","throwable":""}
{"timestamp":"2025-05-30T12:07:38,084","container":"b54ba0ad75ed","level":"INFO","thread":"main","class":"Besu","message":"Security Module: localfile","throwable":""}
{"timestamp":"2025-05-30T12:07:38,306","container":"b54ba0ad75ed","level":"INFO","thread":"main","class":"Besu","message":"Using the native implementation of alt bn128","throwable":""}
{"timestamp":"2025-05-30T12:07:38,566","container":"b54ba0ad75ed","level":"INFO","thread":"main","class":"Besu","message":"Using the native implementation of modexp","throwable":""}
{"timestamp":"2025-05-30T12:07:38,587","container":"b54ba0ad75ed","level":"INFO","thread":"main","class":"Besu","message":"Using the native implementation of the signature algorithm","throwable":""}
{"timestamp":"2025-05-30T12:07:38,596","container":"b54ba0ad75ed","level":"INFO","thread":"main","class":"Besu","message":"Using the native implementation of the blake2bf algorithm","throwable":""}
{"timestamp":"2025-05-30T12:07:38,653","container":"b54ba0ad75ed","level":"INFO","thread":"main","class":"RocksDBKeyValueStorageFactory","message":"No existing database detected at /opt/besu/data. Using version 1","throwable":""}
{"timestamp":"2025-05-30T12:07:40,864","container":"b54ba0ad75ed","level":"INFO","thread":"main","class":"KeyPairUtil","message":"Loaded public key 0x98496800174b3c73ae33cba59f8f5e686cd488f7897c2edb52e2cf46383d75cd03dbb58dde07185bc0953f98800ca9a89f4b5ef450c5e51292ea08ec6130ee0c from /opt/besu/keys/nodekey","throwable":""}
{"timestamp":"2025-05-30T12:07:40,948","container":"b54ba0ad75ed","level":"WARN","thread":"main","class":"Besu","message":"Privacy is disabled. Cannot use EEA/PRIV API methods when not using Privacy.","throwable":""}
{"timestamp":"2025-05-30T12:07:42,077","container":"b54ba0ad75ed","level":"INFO","thread":"main","class":"ProtocolScheduleBuilder","message":"Protocol schedule created with milestones: [GrayGlacier: 0]","throwable":""}
{"timestamp":"2025-05-30T12:07:42,862","container":"b54ba0ad75ed","level":"INFO","thread":"main","class":"TransactionPoolFactory","message":"Enabling transaction pool","throwable":""}
{"timestamp":"2025-05-30T12:07:42,932","container":"b54ba0ad75ed","level":"INFO","thread":"main","class":"BesuControllerBuilder","message":"TTD difficulty is not present, creating initial sync phase for PoW","throwable":""}
{"timestamp":"2025-05-30T12:07:43,131","container":"b54ba0ad75ed","level":"INFO","thread":"main","class":"RunnerBuilder","message":"Detecting NAT service.","throwable":""}
{"timestamp":"2025-05-30T12:07:45,585","container":"b54ba0ad75ed","level":"INFO","thread":"main","class":"Runner","message":"Starting external services ... ","throwable":""}
{"timestamp":"2025-05-30T12:07:45,592","container":"b54ba0ad75ed","level":"INFO","thread":"main","class":"MetricsHttpService","message":"Starting metrics http service on 0.0.0.0:9545","throwable":""}
{"timestamp":"2025-05-30T12:07:46,348","container":"b54ba0ad75ed","level":"INFO","thread":"vert.x-eventloop-thread-1","class":"MetricsHttpService","message":"Metrics service started and listening on 0.0.0.0:9545","throwable":""}
{"timestamp":"2025-05-30T12:07:46,351","container":"b54ba0ad75ed","level":"INFO","thread":"main","class":"JsonRpcHttpService","message":"Starting JSON-RPC service on 0.0.0.0:8545","throwable":""}
{"timestamp":"2025-05-30T12:07:46,402","container":"b54ba0ad75ed","level":"INFO","thread":"vert.x-eventloop-thread-1","class":"JsonRpcHttpService","message":"JSON-RPC service started and listening on 0.0.0.0:8545","throwable":""}
{"timestamp":"2025-05-30T12:07:46,408","container":"b54ba0ad75ed","level":"INFO","thread":"main","class":"GraphQLHttpService","message":"Starting GraphQL HTTP service on 0.0.0.0:8547","throwable":""}
{"timestamp":"2025-05-30T12:07:46,472","container":"b54ba0ad75ed","level":"INFO","thread":"vert.x-eventloop-thread-1","class":"GraphQLHttpService","message":"GraphQL HTTP service started and listening on 0.0.0.0:8547","throwable":""}
{"timestamp":"2025-05-30T12:07:46,476","container":"b54ba0ad75ed","level":"INFO","thread":"main","class":"WebSocketService","message":"Starting Websocket service on 0.0.0.0:8546","throwable":""}
{"timestamp":"2025-05-30T12:07:46,488","container":"b54ba0ad75ed","level":"INFO","thread":"vert.x-eventloop-thread-1","class":"WebSocketService","message":"Websocket service started and listening on 0.0.0.0:8546","throwable":""}
{"timestamp":"2025-05-30T12:07:46,538","container":"b54ba0ad75ed","level":"INFO","thread":"main","class":"AutoTransactionLogBloomCachingService","message":"Starting auto transaction log bloom caching service.","throwable":""}
{"timestamp":"2025-05-30T12:07:46,559","container":"b54ba0ad75ed","level":"INFO","thread":"main","class":"LogBloomCacheMetadata","message":"Lookup cache metadata file in data directory: /opt/besu/data/caches","throwable":""}
{"timestamp":"2025-05-30T12:07:46,632","container":"b54ba0ad75ed","level":"INFO","thread":"main","class":"Runner","message":"Starting Ethereum main loop ... ","throwable":""}
{"timestamp":"2025-05-30T12:07:46,666","container":"b54ba0ad75ed","level":"INFO","thread":"main","class":"DockerNatManager","message":"Starting docker NAT manager.","throwable":""}
{"timestamp":"2025-05-30T12:07:46,700","container":"b54ba0ad75ed","level":"INFO","thread":"main","class":"NetworkRunner","message":"Starting Network.","throwable":""}
{"timestamp":"2025-05-30T12:07:46,788","container":"b54ba0ad75ed","level":"INFO","thread":"nioEventLoopGroup-2-1","class":"RlpxAgent","message":"P2P RLPx agent started and listening on /0.0.0.0:30303.","throwable":""}
{"timestamp":"2025-05-30T12:07:46,812","container":"b54ba0ad75ed","level":"INFO","thread":"main","class":"PeerDiscoveryAgent","message":"Starting peer discovery agent on host=0.0.0.0, port=30303","throwable":""}
{"timestamp":"2025-05-30T12:07:46,991","container":"b54ba0ad75ed","level":"INFO","thread":"vert.x-eventloop-thread-1","class":"VertxPeerDiscoveryAgent","message":"Started peer discovery agent successfully, on effective host=0.0.0.0 and port=30303","throwable":""}
{"timestamp":"2025-05-30T12:07:46,992","container":"b54ba0ad75ed","level":"INFO","thread":"vert.x-eventloop-thread-1","class":"PeerDiscoveryAgent","message":"P2P peer discovery agent started and listening on /0.0.0.0:30303","throwable":""}
{"timestamp":"2025-05-30T12:07:47,427","container":"b54ba0ad75ed","level":"INFO","thread":"vert.x-eventloop-thread-1","class":"PeerDiscoveryAgent","message":"Writing node record to disk. NodeRecord{seq=1, publicKey=0x0298496800174b3c73ae33cba59f8f5e686cd488f7897c2edb52e2cf46383d75cd, udpAddress=Optional[/172.16.239.16:30303], tcpAddress=Optional[/172.16.239.16:30303], asBase64=-Je4QHF7OpFV_mDtqRTJ5D-1pW1Xx-4R1QWB8P6fVBabRl9RAuPE7TbPDBfvXziLQbDA0-uqrP3Psdj50o1zVWqkdlYBg2V0aMfGhGpSrW2AgmlkgnY0gmlwhKwQ7xCJc2VjcDI1NmsxoQKYSWgAF0s8c64zy6Wfj15obNSI94l8LttS4s9GOD11zYN0Y3CCdl-DdWRwgnZf, nodeId=0xa1f75939c4a4d5c1c5241a1913a52aab892e1322e8b52506276363d4754c122e, customFields={tcp=30303, udp=30303, ip=0xac10ef10, eth=[[0x6a52ad6d, 0x]], id=V4, secp256k1=0x0298496800174b3c73ae33cba59f8f5e686cd488f7897c2edb52e2cf46383d75cd}}","throwable":""}
{"timestamp":"2025-05-30T12:07:47,942","container":"b54ba0ad75ed","level":"INFO","thread":"main","class":"DefaultP2PNetwork","message":"Enode URL enode://98496800174b3c73ae33cba59f8f5e686cd488f7897c2edb52e2cf46383d75cd03dbb58dde07185bc0953f98800ca9a89f4b5ef450c5e51292ea08ec6130ee0c@172.16.239.16:30303","throwable":""}
{"timestamp":"2025-05-30T12:07:47,957","container":"b54ba0ad75ed","level":"INFO","thread":"main","class":"DefaultP2PNetwork","message":"Node address 0x13a52aab892e1322e8b52506276363d4754c122e","throwable":""}
{"timestamp":"2025-05-30T12:07:48,333","container":"b54ba0ad75ed","level":"INFO","thread":"main","class":"NetworkRunner","message":"Supported capabilities: [eth/62, eth/63, eth/64, eth/65, eth/66, eth/67, eth/68], [istanbul/100], [snap/1]","throwable":""}
{"timestamp":"2025-05-30T12:07:48,378","container":"b54ba0ad75ed","level":"INFO","thread":"main","class":"DefaultSynchronizer","message":"Starting synchronizer.","throwable":""}
{"timestamp":"2025-05-30T12:07:48,388","container":"b54ba0ad75ed","level":"INFO","thread":"main","class":"TransactionPoolFactory","message":"Enabling transaction handling following initial sync","throwable":""}
{"timestamp":"2025-05-30T12:07:48,404","container":"b54ba0ad75ed","level":"INFO","thread":"main","class":"FullSyncDownloader","message":"Starting full sync.","throwable":""}
{"timestamp":"2025-05-30T12:07:48,419","container":"b54ba0ad75ed","level":"INFO","thread":"main","class":"FullSyncTargetManager","message":"Unable to find sync target. Currently checking 0 peers for usefulness","throwable":""}
{"timestamp":"2025-05-30T12:07:48,813","container":"b54ba0ad75ed","level":"INFO","thread":"main","class":"Runner","message":"Ethereum main loop is up.","throwable":""}
{"timestamp":"2025-05-30T12:07:49,233","container":"b54ba0ad75ed","level":"INFO","thread":"nioEventLoopGroup-3-10","class":"FullSyncTargetManager","message":"Unable to find sync target. Currently checking 4 peers for usefulness","throwable":""}
{"timestamp":"2025-05-30T12:07:49,985","container":"b54ba0ad75ed","level":"INFO","thread":"nioEventLoopGroup-3-1","class":"FullSyncTargetManager","message":"Unable to find sync target. Currently checking 5 peers for usefulness","throwable":""}
{"timestamp":"2025-05-30T12:07:54,998","container":"b54ba0ad75ed","level":"INFO","thread":"EthScheduler-Timer-0","class":"FullSyncTargetManager","message":"Unable to find sync target. Currently checking 5 peers for usefulness","throwable":""}
{"timestamp":"2025-05-30T12:07:56,211","container":"b54ba0ad75ed","level":"INFO","thread":"nioEventLoopGroup-3-5","class":"BlockPropagationManager","message":"Saved announced block for future import 2 (0xa960275f00c6e42fbdd23c0e11e0319871690bb5ff887737cecac0ac9576f30d) - 1 saved block(s)","throwable":""}
{"timestamp":"2025-05-30T12:07:56,212","container":"b54ba0ad75ed","level":"INFO","thread":"nioEventLoopGroup-3-5","class":"BlockPropagationManager","message":"Retrieving parent 0xf45d220a3f63e3c9fb1358b27d11ae82f8586167e8f25cfe44b6994f3848368f of block 2 (0xa960275f00c6e42fbdd23c0e11e0319871690bb5ff887737cecac0ac9576f30d)","throwable":""}
{"timestamp":"2025-05-30T12:07:56,515","container":"b54ba0ad75ed","level":"INFO","thread":"EthScheduler-Workers-0","class":"PersistBlockTask","message":"Imported #1 / 0 tx / 0 om / 0 (0.0%) gas / (0xf45d220a3f63e3c9fb1358b27d11ae82f8586167e8f25cfe44b6994f3848368f) in 0.045s. Peers: 5","throwable":""}
{"timestamp":"2025-05-30T12:07:56,546","container":"b54ba0ad75ed","level":"INFO","thread":"EthScheduler-Workers-0","class":"PersistBlockTask","message":"Imported #2 / 0 tx / 0 om / 0 (0.0%) gas / (0xa960275f00c6e42fbdd23c0e11e0319871690bb5ff887737cecac0ac9576f30d) in 0.014s. Peers: 5","throwable":""}
{"timestamp":"2025-05-30T12:07:56,549","container":"b54ba0ad75ed","level":"INFO","thread":"EthScheduler-Workers-0","class":"BlockPropagationManager","message":"Imported 1 pending blocks: [2]","throwable":""}
{"timestamp":"2025-05-30T12:08:04,174","container":"b54ba0ad75ed","level":"INFO","thread":"EthScheduler-Workers-0","class":"PersistBlockTask","message":"Imported #3 / 0 tx / 0 om / 0 (0.0%) gas / (0x144b860b6060160e46a032c57217a112028b0cb9787a75e2099b75e823bc0876) in 0.003s. Peers: 5","throwable":""}
{"timestamp":"2025-05-30T12:08:12,176","container":"b54ba0ad75ed","level":"INFO","thread":"EthScheduler-Workers-0","class":"PersistBlockTask","message":"Imported #4 / 0 tx / 0 om / 0 (0.0%) gas / (0x282e65f6a1b25c4633f101e960b685751b2c3534dbbbbffebf9376015f047885) in 0.003s. Peers: 5","throwable":""}
{"timestamp":"2025-05-30T12:08:20,124","container":"b54ba0ad75ed","level":"INFO","thread":"EthScheduler-Workers-0","class":"PersistBlockTask","message":"Imported #5 / 0 tx / 0 om / 0 (0.0%) gas / (0xf6ab503b316e69c41ed41786452597d3a915882a3bf2e0b47e263079f3a54bb5) in 0.027s. Peers: 5","throwable":""}
{"timestamp":"2025-05-30T12:08:28,122","container":"b54ba0ad75ed","level":"INFO","thread":"EthScheduler-Workers-0","class":"PersistBlockTask","message":"Imported #6 / 0 tx / 0 om / 0 (0.0%) gas / (0x292ea4f06fa814d343464988e507486606bbaaaaa4983f07fbe3c6e0565cf6e7) in 0.004s. Peers: 5","throwable":""}
{"timestamp":"2025-05-30T12:08:36,193","container":"b54ba0ad75ed","level":"INFO","thread":"EthScheduler-Workers-0","class":"PersistBlockTask","message":"Imported #7 / 0 tx / 0 om / 0 (0.0%) gas / (0x6f408be602f312fe401b027f0dff9fb31a9c8e11550c74c7073669877c2dae2c) in 0.036s. Peers: 5","throwable":""}
{"timestamp":"2025-05-30T12:08:44,151","container":"b54ba0ad75ed","level":"INFO","thread":"EthScheduler-Workers-0","class":"PersistBlockTask","message":"Imported #8 / 0 tx / 0 om / 0 (0.0%) gas / (0xa7f2d39bbb2123cd95803e23017f7384d5e9f6acc12308e2b3a10ec411234a08) in 0.025s. Peers: 5","throwable":""}
{"timestamp":"2025-05-30T12:08:52,103","container":"b54ba0ad75ed","level":"INFO","thread":"EthScheduler-Workers-0","class":"PersistBlockTask","message":"Imported #9 / 0 tx / 0 om / 0 (0.0%) gas / (0xd76440c0313290266e55929e15290460a5a4e23efdcd036176b4516bf3d47c93) in 0.004s. Peers: 5","throwable":""}
{"timestamp":"2025-05-30T12:09:00,133","container":"b54ba0ad75ed","level":"INFO","thread":"EthScheduler-Workers-0","class":"PersistBlockTask","message":"Imported #10 / 0 tx / 0 om / 0 (0.0%) gas / (0xb3f74a66ac68fe171a26191f4f9e7920d4042bf0313458c62dfe2f87948a6980) in 0.006s. Peers: 5","throwable":""}
{"timestamp":"2025-05-30T12:09:08,133","container":"b54ba0ad75ed","level":"INFO","thread":"EthScheduler-Workers-0","class":"PersistBlockTask","message":"Imported #11 / 0 tx / 0 om / 0 (0.0%) gas / (0x727aa33960dd7f10c9f58c7c5bb999d16ebaaf826f30995492f79904f1950dde) in 0.002s. Peers: 5","throwable":""}
{"timestamp":"2025-05-30T12:09:16,109","container":"b54ba0ad75ed","level":"INFO","thread":"EthScheduler-Workers-0","class":"PersistBlockTask","message":"Imported #12 / 0 tx / 0 om / 0 (0.0%) gas / (0x3628bef0ff081556acf7c5e446abb860e01806b3f17ffe3d92a4195c295627cf) in 0.002s. Peers: 5","throwable":""}
{"timestamp":"2025-05-30T12:09:24,147","container":"b54ba0ad75ed","level":"INFO","thread":"EthScheduler-Workers-0","class":"PersistBlockTask","message":"Imported #13 / 0 tx / 0 om / 0 (0.0%) gas / (0xea095a146c38fb522a01b3e9fc4df699d949579cfc60c54b641c46bd5b3f051c) in 0.003s. Peers: 5","throwable":""}
{"timestamp":"2025-05-30T12:09:32,104","container":"b54ba0ad75ed","level":"INFO","thread":"EthScheduler-Workers-0","class":"PersistBlockTask","message":"Imported #14 / 0 tx / 0 om / 0 (0.0%) gas / (0xddf0312fef7f18fa2ac61167fdf8042dca8742aa718d3533be98a314730eb281) in 0.007s. Peers: 5","throwable":""}
{"timestamp":"2025-05-30T12:09:40,144","container":"b54ba0ad75ed","level":"INFO","thread":"EthScheduler-Workers-0","class":"PersistBlockTask","message":"Imported #15 / 0 tx / 0 om / 0 (0.0%) gas / (0x1d55451cb602267cd83ddc79fb6c43fe39a8a4b5c7fb1c67ea51430a0466ecaa) in 0.010s. Peers: 5","throwable":""}
{"timestamp":"2025-05-30T12:09:48,079","container":"b54ba0ad75ed","level":"INFO","thread":"EthScheduler-Workers-0","class":"PersistBlockTask","message":"Imported #16 / 0 tx / 0 om / 0 (0.0%) gas / (0xfa0350fbfe014bb26f3eae6b4ae437ede0ab2535bf733f55e194877b27708645) in 0.003s. Peers: 5","throwable":""}
{"timestamp":"2025-05-30T12:09:56,149","container":"b54ba0ad75ed","level":"INFO","thread":"EthScheduler-Workers-0","class":"PersistBlockTask","message":"Imported #17 / 0 tx / 0 om / 0 (0.0%) gas / (0x90b9827b59330f32627985c2e6c36ce6c243adba1a24a4c191fc2d78b2bb0ead) in 0.003s. Peers: 5","throwable":""}
{"timestamp":"2025-05-30T12:10:04,091","container":"b54ba0ad75ed","level":"INFO","thread":"EthScheduler-Workers-0","class":"PersistBlockTask","message":"Imported #18 / 0 tx / 0 om / 0 (0.0%) gas / (0xe339af0850006edc3b23eab129f4d05959e4c47922eb47436d93dbf8c8ba8629) in 0.003s. Peers: 5","throwable":""}
{"timestamp":"2025-05-30T12:10:12,051","container":"b54ba0ad75ed","level":"INFO","thread":"EthScheduler-Workers-0","class":"PersistBlockTask","message":"Imported #19 / 0 tx / 0 om / 0 (0.0%) gas / (0x89fca61fdcce09e62c4968a23f37de8822cc38bbdb90726bc3af0d2e73420a72) in 0.002s. Peers: 5","throwable":""}
{"timestamp":"2025-05-30T12:10:20,060","container":"b54ba0ad75ed","level":"INFO","thread":"EthScheduler-Workers-0","class":"PersistBlockTask","message":"Imported #20 / 0 tx / 0 om / 0 (0.0%) gas / (0x7f76b345081463fc0b637b2a7e87fad62b4723205ecc03df292d0266e43db47c) in 0.002s. Peers: 5","throwable":""}
{"timestamp":"2025-05-30T12:10:28,050","container":"b54ba0ad75ed","level":"INFO","thread":"EthScheduler-Workers-0","class":"PersistBlockTask","message":"Imported #21 / 0 tx / 0 om / 0 (0.0%) gas / (0xb33a28158a38e34f9d91902ef0ba31734fa0b3362f99178ea1975c4b0912801e) in 0.005s. Peers: 5","throwable":""}
{"timestamp":"2025-05-30T12:10:36,079","container":"b54ba0ad75ed","level":"INFO","thread":"EthScheduler-Workers-0","class":"PersistBlockTask","message":"Imported #22 / 0 tx / 0 om / 0 (0.0%) gas / (0xdab413d26499466bc70a3e465cca8403ce839bd44d8b5caeb60df4908f66fff2) in 0.010s. Peers: 5","throwable":""}
{"timestamp":"2025-05-30T12:10:44,085","container":"b54ba0ad75ed","level":"INFO","thread":"EthScheduler-Workers-0","class":"PersistBlockTask","message":"Imported #23 / 0 tx / 0 om / 0 (0.0%) gas / (0x338aa9da234bed112e4f539e12059cc1fcc7220cbadf0aded8773fd4f74719a8) in 0.010s. Peers: 5","throwable":""}
{"timestamp":"2025-05-30T12:10:52,138","container":"b54ba0ad75ed","level":"INFO","thread":"EthScheduler-Workers-0","class":"PersistBlockTask","message":"Imported #24 / 0 tx / 0 om / 0 (0.0%) gas / (0x10ddcf816ecc1b22ca0e7d1b5589d7d96a8f6030aabff0044a716da539169134) in 0.026s. Peers: 5","throwable":""}
{"timestamp":"2025-05-30T12:11:00,033","container":"b54ba0ad75ed","level":"INFO","thread":"EthScheduler-Workers-0","class":"PersistBlockTask","message":"Imported #25 / 0 tx / 0 om / 0 (0.0%) gas / (0x7a06d5b36253da12830d71dda712ab5bce27449155f3e9c97c72aed50cef6c5b) in 0.001s. Peers: 5","throwable":""}
{"timestamp":"2025-05-30T12:11:08,093","container":"b54ba0ad75ed","level":"INFO","thread":"EthScheduler-Workers-0","class":"PersistBlockTask","message":"Imported #26 / 0 tx / 0 om / 0 (0.0%) gas / (0x83b6207d5e4ed2ff518f9dd7a995ea379cac6d46b58d518ec4e84f44cc5af833) in 0.005s. Peers: 5","throwable":""}
{"timestamp":"2025-05-30T12:11:16,042","container":"b54ba0ad75ed","level":"INFO","thread":"EthScheduler-Workers-0","class":"PersistBlockTask","message":"Imported #27 / 0 tx / 0 om / 0 (0.0%) gas / (0x370e1ba467a97fc8fc068fa45e9d610e88074d0a91ece49433f157f378e08048) in 0.002s. Peers: 5","throwable":""}
{"timestamp":"2025-05-30T12:11:24,066","container":"b54ba0ad75ed","level":"INFO","thread":"EthScheduler-Workers-0","class":"PersistBlockTask","message":"Imported #28 / 0 tx / 0 om / 0 (0.0%) gas / (0x617e8b9144660ea959324ac4cb3635a86cd99f061d7b06f9ab69c2ec0379b5a6) in 0.004s. Peers: 5","throwable":""}
{"timestamp":"2025-05-30T12:11:32,089","container":"b54ba0ad75ed","level":"INFO","thread":"EthScheduler-Workers-0","class":"PersistBlockTask","message":"Imported #29 / 0 tx / 0 om / 0 (0.0%) gas / (0x053e115bfdfb1592f85542413ea23d65308e1623c9a59b8be918542aa67f15c4) in 0.010s. Peers: 5","throwable":""}
{"timestamp":"2025-05-30T12:11:40,057","container":"b54ba0ad75ed","level":"INFO","thread":"EthScheduler-Workers-0","class":"PersistBlockTask","message":"Imported #30 / 0 tx / 0 om / 0 (0.0%) gas / (0xf42228cd419a3942c4930392a6b29279aa2800fa8a30687eca12e4205a646c02) in 0.002s. Peers: 5","throwable":""}
{"timestamp":"2025-05-30T12:11:48,085","container":"b54ba0ad75ed","level":"INFO","thread":"EthScheduler-Workers-0","class":"PersistBlockTask","message":"Imported #31 / 0 tx / 0 om / 0 (0.0%) gas / (0x58aede3d1b21a00d2955b7f930891ea9417a1c4dca6834dd02ea1943b5dd26b9) in 0.001s. Peers: 5","throwable":""}
{"timestamp":"2025-05-30T12:11:56,068","container":"b54ba0ad75ed","level":"INFO","thread":"EthScheduler-Workers-0","class":"PersistBlockTask","message":"Imported #32 / 0 tx / 0 om / 0 (0.0%) gas / (0x5a0a240f910f46ab0fd81637cdaf2fe669821448076d3b8fe988f09d90b21c45) in 0.003s. Peers: 5","throwable":""}
{"timestamp":"2025-05-30T12:12:04,026","container":"b54ba0ad75ed","level":"INFO","thread":"EthScheduler-Workers-0","class":"PersistBlockTask","message":"Imported #33 / 0 tx / 0 om / 0 (0.0%) gas / (0x6e6a1ecb931b60f32b8a95eaa14652b019c4b45284480f9067334f506d8cc4d2) in 0.001s. Peers: 5","throwable":""}
{"timestamp":"2025-05-30T12:12:12,068","container":"b54ba0ad75ed","level":"INFO","thread":"EthScheduler-Workers-0","class":"PersistBlockTask","message":"Imported #34 / 0 tx / 0 om / 0 (0.0%) gas / (0xd9ea790b1264f31e2d3fcaad9f57781959de4cd3645feb06583edf60c84a41ba) in 0.010s. Peers: 5","throwable":""}
{"timestamp":"2025-05-30T12:12:20,037","container":"b54ba0ad75ed","level":"INFO","thread":"EthScheduler-Workers-0","class":"PersistBlockTask","message":"Imported #35 / 0 tx / 0 om / 0 (0.0%) gas / (0xa6cf04be33d6c54deafc14d31fdf75df79ebba1927ad6674d0eea2afc5d4f18a) in 0.001s. Peers: 5","throwable":""}
{"timestamp":"2025-05-30T12:12:28,076","container":"b54ba0ad75ed","level":"INFO","thread":"EthScheduler-Workers-0","class":"PersistBlockTask","message":"Imported #36 / 0 tx / 0 om / 0 (0.0%) gas / (0xbc8ca27472a1fc92b95be7cf5ae385b8f4e93defe4fd57ef88259f4750430d54) in 0.002s. Peers: 5","throwable":""}
{"timestamp":"2025-05-30T12:12:36,056","container":"b54ba0ad75ed","level":"INFO","thread":"EthScheduler-Workers-0","class":"PersistBlockTask","message":"Imported #37 / 0 tx / 0 om / 0 (0.0%) gas / (0xbb2ae15f2da2c550e16234c0b51d8c4edb2ee17be130e0ae7e3ca471bbe9d94a) in 0.006s. Peers: 5","throwable":""}
{"timestamp":"2025-05-30T12:12:38,061","container":"b54ba0ad75ed","level":"INFO","thread":"BftProcessorExecutor-QBFT-0","class":"BftProcessor","message":"Shutting down BFT event processor","throwable":""}
{"timestamp":"2025-05-30T12:12:38,065","container":"b54ba0ad75ed","level":"INFO","thread":"BesuCommand-Shutdown-Hook","class":"DefaultSynchronizer","message":"Stopping synchronizer","throwable":""}
{"timestamp":"2025-05-30T12:12:38,066","container":"b54ba0ad75ed","level":"INFO","thread":"BesuCommand-Shutdown-Hook","class":"NetworkRunner","message":"Stopping Network.","throwable":""}
{"timestamp":"2025-05-30T12:12:38,133","container":"b54ba0ad75ed","level":"INFO","thread":"BesuCommand-Shutdown-Hook","class":"EthProtocolManager","message":"Stopping eth Subprotocol.","throwable":""}
{"timestamp":"2025-05-30T12:12:38,215","container":"b54ba0ad75ed","level":"INFO","thread":"BesuCommand-Shutdown-Hook","class":"EthProtocolManager","message":"eth Subprotocol stopped.","throwable":""}
{"timestamp":"2025-05-30T12:12:38,215","container":"b54ba0ad75ed","level":"INFO","thread":"BesuCommand-Shutdown-Hook","class":"NetworkRunner","message":"Network stopped.","throwable":""}
{"timestamp":"2025-05-30T12:12:38,215","container":"b54ba0ad75ed","level":"INFO","thread":"BesuCommand-Shutdown-Hook","class":"AutoTransactionLogBloomCachingService","message":"Shutting down Auto transaction logs caching service.","throwable":""}
{"timestamp":"2025-05-30T12:12:38,217","container":"b54ba0ad75ed","level":"INFO","thread":"BesuCommand-Shutdown-Hook","class":"DockerNatManager","message":"Stopping docker NAT manager.","throwable":""}
