{"timestamp":"2025-05-14T19:17:19,930","container":"1bc9c2ff5ee9","level":"INFO","thread":"main","class":"Besu","message":"Starting Besu","throwable":""}
{"timestamp":"2025-05-14T19:17:20,720","container":"1bc9c2ff5ee9","level":"WARN","thread":"main","class":"Besu","message":"--min-gas-price has been ignored because --miner-enabled was not defined on the command line.","throwable":""}
{"timestamp":"2025-05-14T19:17:23,009","container":"1bc9c2ff5ee9","level":"INFO","thread":"main","class":"Besu","message":"
####################################################################################################
#                                                                                                  #
# Besu version 23.4.1                                                                              #
#                                                                                                  #
# Configuration:                                                                                   #
# Network: Custom genesis file specified                                                           #
# Network Id: 1337                                                                                 #
# Data storage: Forest                                                                             #
# Sync mode: Full                                                                                  #
# RPC HTTP APIs: EEA,WEB3,ETH,NET,TRACE,DEBUG,ADMIN,TXPOOL,PRIV,PERM,QBFT                          #
# RPC HTTP port: 8545                                                                              #
#                                                                                                  #
# Host:                                                                                            #
# Java: openjdk-java-17                                                                            #
# Maximum heap size: 1.74 GB                                                                       #
# OS: linux-x86_64                                                                                 #
# glibc: 2.35                                                                                      #
# jemalloc: 5.2.1-0-gea6b3e973b477b8061e0076bb257dbd7f3faa756                                      #
# Total memory: 6.95 GB                                                                            #
# CPU cores: 4                                                                                     #
#                                                                                                  #
####################################################################################################","throwable":""}
{"timestamp":"2025-05-14T19:17:23,010","container":"1bc9c2ff5ee9","level":"INFO","thread":"main","class":"Besu","message":"Connecting to 8 static nodes.","throwable":""}
{"timestamp":"2025-05-14T19:17:23,011","container":"1bc9c2ff5ee9","level":"INFO","thread":"main","class":"Besu","message":"Security Module: localfile","throwable":""}
{"timestamp":"2025-05-14T19:17:23,145","container":"1bc9c2ff5ee9","level":"INFO","thread":"main","class":"Besu","message":"Using the native implementation of alt bn128","throwable":""}
{"timestamp":"2025-05-14T19:17:23,270","container":"1bc9c2ff5ee9","level":"INFO","thread":"main","class":"Besu","message":"Using the native implementation of modexp","throwable":""}
{"timestamp":"2025-05-14T19:17:23,271","container":"1bc9c2ff5ee9","level":"INFO","thread":"main","class":"Besu","message":"Using the native implementation of the signature algorithm","throwable":""}
{"timestamp":"2025-05-14T19:17:23,275","container":"1bc9c2ff5ee9","level":"INFO","thread":"main","class":"Besu","message":"Using the native implementation of the blake2bf algorithm","throwable":""}
{"timestamp":"2025-05-14T19:17:23,343","container":"1bc9c2ff5ee9","level":"INFO","thread":"main","class":"RocksDBKeyValueStorageFactory","message":"No existing database detected at /opt/besu/data. Using version 1","throwable":""}
{"timestamp":"2025-05-14T19:17:25,459","container":"1bc9c2ff5ee9","level":"INFO","thread":"main","class":"KeyPairUtil","message":"Loaded public key 0x2fd5b5b6ad529f55b71602026d1849d0036f06482368b5812fa793014195d3571b0840dbc4175617de2a12db8f1222c012420d471ae5c0d982118625cae58868 from /opt/besu/keys/nodekey","throwable":""}
{"timestamp":"2025-05-14T19:17:25,464","container":"1bc9c2ff5ee9","level":"WARN","thread":"main","class":"Besu","message":"Privacy is disabled. Cannot use EEA/PRIV API methods when not using Privacy.","throwable":""}
{"timestamp":"2025-05-14T19:17:26,599","container":"1bc9c2ff5ee9","level":"INFO","thread":"main","class":"ProtocolScheduleBuilder","message":"Protocol schedule created with milestones: [GrayGlacier: 0]","throwable":""}
{"timestamp":"2025-05-14T19:17:27,120","container":"1bc9c2ff5ee9","level":"INFO","thread":"main","class":"TransactionPoolFactory","message":"Enabling transaction pool","throwable":""}
{"timestamp":"2025-05-14T19:17:27,218","container":"1bc9c2ff5ee9","level":"INFO","thread":"main","class":"BesuControllerBuilder","message":"TTD difficulty is not present, creating initial sync phase for PoW","throwable":""}
{"timestamp":"2025-05-14T19:17:27,583","container":"1bc9c2ff5ee9","level":"INFO","thread":"main","class":"RunnerBuilder","message":"Detecting NAT service.","throwable":""}
{"timestamp":"2025-05-14T19:17:30,080","container":"1bc9c2ff5ee9","level":"INFO","thread":"main","class":"Runner","message":"Starting external services ... ","throwable":""}
{"timestamp":"2025-05-14T19:17:30,081","container":"1bc9c2ff5ee9","level":"INFO","thread":"main","class":"MetricsHttpService","message":"Starting metrics http service on 0.0.0.0:9545","throwable":""}
{"timestamp":"2025-05-14T19:17:30,517","container":"1bc9c2ff5ee9","level":"INFO","thread":"main","class":"JsonRpcHttpService","message":"Starting JSON-RPC service on 0.0.0.0:8545","throwable":""}
{"timestamp":"2025-05-14T19:17:30,531","container":"1bc9c2ff5ee9","level":"INFO","thread":"vert.x-eventloop-thread-1","class":"MetricsHttpService","message":"Metrics service started and listening on 0.0.0.0:9545","throwable":""}
{"timestamp":"2025-05-14T19:17:30,548","container":"1bc9c2ff5ee9","level":"INFO","thread":"vert.x-eventloop-thread-1","class":"JsonRpcHttpService","message":"JSON-RPC service started and listening on 0.0.0.0:8545","throwable":""}
{"timestamp":"2025-05-14T19:17:30,555","container":"1bc9c2ff5ee9","level":"INFO","thread":"main","class":"GraphQLHttpService","message":"Starting GraphQL HTTP service on 0.0.0.0:8547","throwable":""}
{"timestamp":"2025-05-14T19:17:30,587","container":"1bc9c2ff5ee9","level":"INFO","thread":"vert.x-eventloop-thread-1","class":"GraphQLHttpService","message":"GraphQL HTTP service started and listening on 0.0.0.0:8547","throwable":""}
{"timestamp":"2025-05-14T19:17:30,588","container":"1bc9c2ff5ee9","level":"INFO","thread":"main","class":"WebSocketService","message":"Starting Websocket service on 0.0.0.0:8546","throwable":""}
{"timestamp":"2025-05-14T19:17:30,598","container":"1bc9c2ff5ee9","level":"INFO","thread":"vert.x-eventloop-thread-1","class":"WebSocketService","message":"Websocket service started and listening on 0.0.0.0:8546","throwable":""}
{"timestamp":"2025-05-14T19:17:30,600","container":"1bc9c2ff5ee9","level":"INFO","thread":"main","class":"AutoTransactionLogBloomCachingService","message":"Starting auto transaction log bloom caching service.","throwable":""}
{"timestamp":"2025-05-14T19:17:30,601","container":"1bc9c2ff5ee9","level":"INFO","thread":"main","class":"LogBloomCacheMetadata","message":"Lookup cache metadata file in data directory: /opt/besu/data/caches","throwable":""}
{"timestamp":"2025-05-14T19:17:30,652","container":"1bc9c2ff5ee9","level":"INFO","thread":"main","class":"Runner","message":"Starting Ethereum main loop ... ","throwable":""}
{"timestamp":"2025-05-14T19:17:30,653","container":"1bc9c2ff5ee9","level":"INFO","thread":"main","class":"DockerNatManager","message":"Starting docker NAT manager.","throwable":""}
{"timestamp":"2025-05-14T19:17:30,722","container":"1bc9c2ff5ee9","level":"INFO","thread":"main","class":"NetworkRunner","message":"Starting Network.","throwable":""}
{"timestamp":"2025-05-14T19:17:30,791","container":"1bc9c2ff5ee9","level":"INFO","thread":"nioEventLoopGroup-2-1","class":"RlpxAgent","message":"P2P RLPx agent started and listening on /0.0.0.0:30303.","throwable":""}
{"timestamp":"2025-05-14T19:17:30,794","container":"1bc9c2ff5ee9","level":"INFO","thread":"main","class":"PeerDiscoveryAgent","message":"Starting peer discovery agent on host=0.0.0.0, port=30303","throwable":""}
{"timestamp":"2025-05-14T19:17:30,869","container":"1bc9c2ff5ee9","level":"INFO","thread":"vert.x-eventloop-thread-1","class":"VertxPeerDiscoveryAgent","message":"Started peer discovery agent successfully, on effective host=0.0.0.0 and port=30303","throwable":""}
{"timestamp":"2025-05-14T19:17:30,878","container":"1bc9c2ff5ee9","level":"INFO","thread":"main","class":"PeerDiscoveryAgent","message":"P2P peer discovery agent started and listening on /0.0.0.0:30303","throwable":""}
{"timestamp":"2025-05-14T19:17:31,037","container":"1bc9c2ff5ee9","level":"INFO","thread":"main","class":"PeerDiscoveryAgent","message":"Writing node record to disk. NodeRecord{seq=1, publicKey=0x022fd5b5b6ad529f55b71602026d1849d0036f06482368b5812fa793014195d357, udpAddress=Optional[/172.16.239.14:30303], tcpAddress=Optional[/172.16.239.14:30303], asBase64=-Je4QFrecNnZMlG6bddbcDOxI1degTF4-ukXaEu3BjJFsaoGfLxf5bpKxXvf1ZHNHogDWdU_wzPFqKEJfWZ8I9SPJ2gBg2V0aMfGhGpSrW2AgmlkgnY0gmlwhKwQ7w6Jc2VjcDI1NmsxoQIv1bW2rVKfVbcWAgJtGEnQA28GSCNotYEvp5MBQZXTV4N0Y3CCdl-DdWRwgnZf, nodeId=0xc8f776c1d83d4fddd02782c698c1334496614aed49d2e81526d089f7264fed9c, customFields={tcp=30303, udp=30303, ip=0xac10ef0e, eth=[[0x6a52ad6d, 0x]], id=V4, secp256k1=0x022fd5b5b6ad529f55b71602026d1849d0036f06482368b5812fa793014195d357}}","throwable":""}
{"timestamp":"2025-05-14T19:17:31,339","container":"1bc9c2ff5ee9","level":"INFO","thread":"main","class":"DefaultP2PNetwork","message":"Enode URL enode://2fd5b5b6ad529f55b71602026d1849d0036f06482368b5812fa793014195d3571b0840dbc4175617de2a12db8f1222c012420d471ae5c0d982118625cae58868@172.16.239.14:30303","throwable":""}
{"timestamp":"2025-05-14T19:17:31,339","container":"1bc9c2ff5ee9","level":"INFO","thread":"main","class":"DefaultP2PNetwork","message":"Node address 0x98c1334496614aed49d2e81526d089f7264fed9c","throwable":""}
{"timestamp":"2025-05-14T19:17:31,786","container":"1bc9c2ff5ee9","level":"INFO","thread":"main","class":"NetworkRunner","message":"Supported capabilities: [eth/62, eth/63, eth/64, eth/65, eth/66, eth/67, eth/68], [istanbul/100], [snap/1]","throwable":""}
{"timestamp":"2025-05-14T19:17:31,786","container":"1bc9c2ff5ee9","level":"INFO","thread":"main","class":"DefaultSynchronizer","message":"Starting synchronizer.","throwable":""}
{"timestamp":"2025-05-14T19:17:31,787","container":"1bc9c2ff5ee9","level":"INFO","thread":"main","class":"TransactionPoolFactory","message":"Enabling transaction handling following initial sync","throwable":""}
{"timestamp":"2025-05-14T19:17:31,802","container":"1bc9c2ff5ee9","level":"INFO","thread":"main","class":"FullSyncDownloader","message":"Starting full sync.","throwable":""}
{"timestamp":"2025-05-14T19:17:31,808","container":"1bc9c2ff5ee9","level":"INFO","thread":"main","class":"FullSyncTargetManager","message":"Unable to find sync target. Currently checking 0 peers for usefulness","throwable":""}
{"timestamp":"2025-05-14T19:17:32,059","container":"1bc9c2ff5ee9","level":"INFO","thread":"main","class":"Runner","message":"Ethereum main loop is up.","throwable":""}
{"timestamp":"2025-05-14T19:17:32,439","container":"1bc9c2ff5ee9","level":"INFO","thread":"nioEventLoopGroup-3-5","class":"FullSyncTargetManager","message":"Unable to find sync target. Currently checking 5 peers for usefulness","throwable":""}
{"timestamp":"2025-05-14T19:17:37,442","container":"1bc9c2ff5ee9","level":"INFO","thread":"EthScheduler-Timer-0","class":"FullSyncTargetManager","message":"Unable to find sync target. Currently checking 5 peers for usefulness","throwable":""}
{"timestamp":"2025-05-14T19:17:42,286","container":"1bc9c2ff5ee9","level":"INFO","thread":"BftProcessorExecutor-QBFT-0","class":"QbftRound","message":"Importing proposed block to chain. round=ConsensusRoundIdentifier{Sequence=1, Round=1}, hash=0x756a3e2712235df9618c7dad771b1b37510408747a0182b7d3e871b4b9ed7f42","throwable":""}
{"timestamp":"2025-05-14T19:17:42,377","container":"1bc9c2ff5ee9","level":"INFO","thread":"EthScheduler-Workers-0","class":"PersistBlockTask","message":"Block 1 (0x756a3e2712235df9618c7dad771b1b37510408747a0182b7d3e871b4b9ed7f42) is already imported","throwable":""}
{"timestamp":"2025-05-14T19:17:42,383","container":"1bc9c2ff5ee9","level":"INFO","thread":"BftProcessorExecutor-QBFT-0","class":"QbftBesuControllerBuilder","message":"Imported #1 / 0 tx / 0 pending / 0 (0.0%) gas / (0x756a3e2712235df9618c7dad771b1b37510408747a0182b7d3e871b4b9ed7f42)","throwable":""}
{"timestamp":"2025-05-14T19:17:42,445","container":"1bc9c2ff5ee9","level":"INFO","thread":"EthScheduler-Timer-0","class":"FullSyncTargetManager","message":"Unable to find sync target. Currently checking 5 peers for usefulness","throwable":""}
{"timestamp":"2025-05-14T19:17:47,449","container":"1bc9c2ff5ee9","level":"INFO","thread":"EthScheduler-Timer-0","class":"FullSyncTargetManager","message":"Unable to find sync target. Currently checking 5 peers for usefulness","throwable":""}
{"timestamp":"2025-05-14T19:17:50,196","container":"1bc9c2ff5ee9","level":"INFO","thread":"BftProcessorExecutor-QBFT-0","class":"QbftBesuControllerBuilder","message":"Produced #2 / 0 tx / 0 pending / 0 (0.0%) gas / (0x239cb9e6021ef470a79c06b7f88a599570b1eae4d89155a77238f2cea5c909d7)","throwable":""}
{"timestamp":"2025-05-14T19:17:58,178","container":"1bc9c2ff5ee9","level":"INFO","thread":"EthScheduler-Workers-0","class":"PersistBlockTask","message":"Imported #3 / 0 tx / 0 om / 0 (0.0%) gas / (0xfedf3845acb8c1bde2091ca04faef9577bbe4ab2963c5b8c8291316ef13cfeaf) in 0.033s. Peers: 5","throwable":""}
{"timestamp":"2025-05-14T19:18:06,144","container":"1bc9c2ff5ee9","level":"INFO","thread":"EthScheduler-Workers-0","class":"PersistBlockTask","message":"Imported #4 / 0 tx / 0 om / 0 (0.0%) gas / (0xd57f78e6e70bcc79cb5cb8d88d2c46d5df97d3b040957d0389a249d5ae74c3be) in 0.018s. Peers: 5","throwable":""}
{"timestamp":"2025-05-14T19:18:06,153","container":"1bc9c2ff5ee9","level":"INFO","thread":"BftProcessorExecutor-QBFT-0","class":"QbftBesuControllerBuilder","message":"Imported #4 / 0 tx / 0 pending / 0 (0.0%) gas / (0xd57f78e6e70bcc79cb5cb8d88d2c46d5df97d3b040957d0389a249d5ae74c3be)","throwable":""}
{"timestamp":"2025-05-14T19:18:14,099","container":"1bc9c2ff5ee9","level":"INFO","thread":"BftProcessorExecutor-QBFT-0","class":"QbftBesuControllerBuilder","message":"Imported #5 / 0 tx / 0 pending / 0 (0.0%) gas / (0x2a5c68f69b4c275374c8bcb1cd0d87826111bfa63cc99ee75c38ae49e854d589)","throwable":""}
{"timestamp":"2025-05-14T19:18:22,142","container":"1bc9c2ff5ee9","level":"INFO","thread":"EthScheduler-Workers-0","class":"PersistBlockTask","message":"Imported #6 / 0 tx / 0 om / 0 (0.0%) gas / (0x1c77bb5102fd3804a397c02a5fad6a870f9a36c1e8551821cb83b6d9b1ec662f) in 0.012s. Peers: 5","throwable":""}
{"timestamp":"2025-05-14T19:18:30,119","container":"1bc9c2ff5ee9","level":"INFO","thread":"EthScheduler-Workers-0","class":"PersistBlockTask","message":"Imported #7 / 0 tx / 0 om / 0 (0.0%) gas / (0x9c788cbed0465674986602a0e85442766acbdcfb9f8f28789e477a6b6cbc077d) in 0.010s. Peers: 5","throwable":""}
{"timestamp":"2025-05-14T19:18:38,155","container":"1bc9c2ff5ee9","level":"INFO","thread":"BftProcessorExecutor-QBFT-0","class":"QbftBesuControllerBuilder","message":"Imported #8 / 1 tx / 0 pending / 200,153 (0.0%) gas / (0xac95ac6c15cd3db192f66d0c8ec5704e5f6863620967215e84defda0a5974098)","throwable":""}
{"timestamp":"2025-05-14T19:18:46,107","container":"1bc9c2ff5ee9","level":"INFO","thread":"EthScheduler-Workers-0","class":"PersistBlockTask","message":"Imported #9 / 1 tx / 0 om / 28,222 (0.0%) gas / (0x4c67659edb729c07b94393dc95d4809bfd5b0262f00b556c63325fc285ca6c19) in 0.030s. Peers: 5","throwable":""}
{"timestamp":"2025-05-14T19:18:46,110","container":"1bc9c2ff5ee9","level":"INFO","thread":"BftProcessorExecutor-QBFT-0","class":"QbftBesuControllerBuilder","message":"Imported #9 / 1 tx / 0 pending / 28,222 (0.0%) gas / (0x4c67659edb729c07b94393dc95d4809bfd5b0262f00b556c63325fc285ca6c19)","throwable":""}
{"timestamp":"2025-05-14T19:18:54,093","container":"1bc9c2ff5ee9","level":"INFO","thread":"BftProcessorExecutor-QBFT-0","class":"QbftBesuControllerBuilder","message":"Produced #10 / 0 tx / 0 pending / 0 (0.0%) gas / (0x74296c20172fecef710f8603e4bb81b8f5e2fe208e9cf6c944fd9e8923a97337)","throwable":""}
{"timestamp":"2025-05-14T19:19:02,121","container":"1bc9c2ff5ee9","level":"INFO","thread":"EthScheduler-Workers-0","class":"PersistBlockTask","message":"Imported #11 / 0 tx / 0 om / 0 (0.0%) gas / (0xf00d82a2dfcae3847b03fa085fae92966d453ed46784dd4ecb472ea5ec6be9d4) in 0.006s. Peers: 5","throwable":""}
{"timestamp":"2025-05-14T19:19:02,127","container":"1bc9c2ff5ee9","level":"INFO","thread":"BftProcessorExecutor-QBFT-0","class":"QbftBesuControllerBuilder","message":"Imported #11 / 0 tx / 0 pending / 0 (0.0%) gas / (0xf00d82a2dfcae3847b03fa085fae92966d453ed46784dd4ecb472ea5ec6be9d4)","throwable":""}
{"timestamp":"2025-05-14T19:19:10,084","container":"1bc9c2ff5ee9","level":"INFO","thread":"EthScheduler-Workers-0","class":"PersistBlockTask","message":"Block 12 (0x13957d6f7cfe67b7ab8dee617b98dbc573e319f14ddbfa17b7ce4231bae83355) is already imported","throwable":""}
{"timestamp":"2025-05-14T19:19:10,097","container":"1bc9c2ff5ee9","level":"INFO","thread":"BftProcessorExecutor-QBFT-0","class":"QbftBesuControllerBuilder","message":"Imported #12 / 0 tx / 0 pending / 0 (0.0%) gas / (0x13957d6f7cfe67b7ab8dee617b98dbc573e319f14ddbfa17b7ce4231bae83355)","throwable":""}
{"timestamp":"2025-05-14T19:19:18,085","container":"1bc9c2ff5ee9","level":"INFO","thread":"EthScheduler-Workers-0","class":"PersistBlockTask","message":"Imported #13 / 0 tx / 0 om / 0 (0.0%) gas / (0x20e8fc3fc93cd307eecfb7bef3a34024a442417b45df68ce888923ac9a0ee758) in 0.005s. Peers: 5","throwable":""}
{"timestamp":"2025-05-14T19:19:26,110","container":"1bc9c2ff5ee9","level":"INFO","thread":"EthScheduler-Workers-0","class":"PersistBlockTask","message":"Imported #14 / 0 tx / 0 om / 0 (0.0%) gas / (0x2cee3f43ba4c2082af888fa9eb762a74078c666c49431cb595ba46667f24035a) in 0.032s. Peers: 5","throwable":""}
{"timestamp":"2025-05-14T19:19:26,114","container":"1bc9c2ff5ee9","level":"INFO","thread":"BftProcessorExecutor-QBFT-0","class":"QbftBesuControllerBuilder","message":"Produced #14 / 0 tx / 0 pending / 0 (0.0%) gas / (0x2cee3f43ba4c2082af888fa9eb762a74078c666c49431cb595ba46667f24035a)","throwable":""}
{"timestamp":"2025-05-14T19:19:34,096","container":"1bc9c2ff5ee9","level":"INFO","thread":"BftProcessorExecutor-QBFT-0","class":"QbftBesuControllerBuilder","message":"Imported #15 / 0 tx / 0 pending / 0 (0.0%) gas / (0x01cadb7e94f000564c29cce5722438164418b429f88f03bdd5bd99d2a578e09e)","throwable":""}
{"timestamp":"2025-05-14T19:19:42,096","container":"1bc9c2ff5ee9","level":"INFO","thread":"BftProcessorExecutor-QBFT-0","class":"QbftBesuControllerBuilder","message":"Imported #16 / 0 tx / 0 pending / 0 (0.0%) gas / (0x495c9195df9abd9ee70360914f336027667227137caa37c61fe18623c949d6fe)","throwable":""}
{"timestamp":"2025-05-14T19:19:50,098","container":"1bc9c2ff5ee9","level":"INFO","thread":"EthScheduler-Workers-0","class":"PersistBlockTask","message":"Block 17 (0x7b19c0f439d8ed9427307ad2a945c69763957c32a32a3a571d798fc3adfd0d1e) is already imported","throwable":""}
{"timestamp":"2025-05-14T19:19:50,110","container":"1bc9c2ff5ee9","level":"INFO","thread":"BftProcessorExecutor-QBFT-0","class":"QbftBesuControllerBuilder","message":"Imported #17 / 0 tx / 0 pending / 0 (0.0%) gas / (0x7b19c0f439d8ed9427307ad2a945c69763957c32a32a3a571d798fc3adfd0d1e)","throwable":""}
{"timestamp":"2025-05-14T19:19:52,661","container":"1bc9c2ff5ee9","level":"INFO","thread":"BftProcessorExecutor-QBFT-0","class":"BftProcessor","message":"Shutting down BFT event processor","throwable":""}
{"timestamp":"2025-05-14T19:19:52,662","container":"1bc9c2ff5ee9","level":"INFO","thread":"BesuCommand-Shutdown-Hook","class":"DefaultSynchronizer","message":"Stopping synchronizer","throwable":""}
{"timestamp":"2025-05-14T19:19:52,665","container":"1bc9c2ff5ee9","level":"INFO","thread":"BesuCommand-Shutdown-Hook","class":"NetworkRunner","message":"Stopping Network.","throwable":""}
{"timestamp":"2025-05-14T19:19:52,675","container":"1bc9c2ff5ee9","level":"INFO","thread":"BesuCommand-Shutdown-Hook","class":"EthProtocolManager","message":"Stopping eth Subprotocol.","throwable":""}
{"timestamp":"2025-05-14T19:19:52,776","container":"1bc9c2ff5ee9","level":"INFO","thread":"BesuCommand-Shutdown-Hook","class":"EthProtocolManager","message":"eth Subprotocol stopped.","throwable":""}
{"timestamp":"2025-05-14T19:19:52,778","container":"1bc9c2ff5ee9","level":"INFO","thread":"BesuCommand-Shutdown-Hook","class":"NetworkRunner","message":"Network stopped.","throwable":""}
{"timestamp":"2025-05-14T19:19:52,779","container":"1bc9c2ff5ee9","level":"INFO","thread":"BesuCommand-Shutdown-Hook","class":"AutoTransactionLogBloomCachingService","message":"Shutting down Auto transaction logs caching service.","throwable":""}
{"timestamp":"2025-05-14T19:19:52,781","container":"1bc9c2ff5ee9","level":"INFO","thread":"BesuCommand-Shutdown-Hook","class":"DockerNatManager","message":"Stopping docker NAT manager.","throwable":""}
