{"timestamp":"2024-10-25T20:10:01,113","container":"2aa1366d4dbf","level":"INFO","thread":"main","class":"Besu","message":"Starting Besu","throwable":""}
{"timestamp":"2024-10-25T20:10:03,496","container":"2aa1366d4dbf","level":"WARN","thread":"main","class":"Besu","message":"--min-gas-price has been ignored because --miner-enabled was not defined on the command line.","throwable":""}
{"timestamp":"2024-10-25T20:10:06,951","container":"2aa1366d4dbf","level":"INFO","thread":"main","class":"Besu","message":"
####################################################################################################
#                                                                                                  #
# Besu version 23.4.1                                                                              #
#                                                                                                  #
# Configuration:                                                                                   #
# Network: Custom genesis file specified                                                           #
# Network Id: 1337                                                                                 #
# Data storage: Forest                                                                             #
# Sync mode: Full                                                                                  #
# RPC HTTP APIs: EEA,WEB3,ETH,NET,TRACE,DEBUG,ADMIN,TXPOOL,PRIV,PERM,QBFT                          #
# RPC HTTP port: 8545                                                                              #
#                                                                                                  #
# Host:                                                                                            #
# Java: openjdk-java-17                                                                            #
# Maximum heap size: 1.86 GB                                                                       #
# OS: linux-x86_64                                                                                 #
# glibc: 2.35                                                                                      #
# jemalloc: 5.2.1-0-gea6b3e973b477b8061e0076bb257dbd7f3faa756                                      #
# Total memory: 7.45 GB                                                                            #
# CPU cores: 12                                                                                    #
#                                                                                                  #
####################################################################################################","throwable":""}
{"timestamp":"2024-10-25T20:10:06,952","container":"2aa1366d4dbf","level":"INFO","thread":"main","class":"Besu","message":"Connecting to 8 static nodes.","throwable":""}
{"timestamp":"2024-10-25T20:10:06,952","container":"2aa1366d4dbf","level":"INFO","thread":"main","class":"Besu","message":"Security Module: localfile","throwable":""}
{"timestamp":"2024-10-25T20:10:07,058","container":"2aa1366d4dbf","level":"INFO","thread":"main","class":"Besu","message":"Using the native implementation of alt bn128","throwable":""}
{"timestamp":"2024-10-25T20:10:07,220","container":"2aa1366d4dbf","level":"INFO","thread":"main","class":"Besu","message":"Using the native implementation of modexp","throwable":""}
{"timestamp":"2024-10-25T20:10:07,239","container":"2aa1366d4dbf","level":"INFO","thread":"main","class":"Besu","message":"Using the native implementation of the signature algorithm","throwable":""}
{"timestamp":"2024-10-25T20:10:07,291","container":"2aa1366d4dbf","level":"INFO","thread":"main","class":"Besu","message":"Using the native implementation of the blake2bf algorithm","throwable":""}
{"timestamp":"2024-10-25T20:10:07,624","container":"2aa1366d4dbf","level":"INFO","thread":"main","class":"RocksDBKeyValueStorageFactory","message":"No existing database detected at /opt/besu/data. Using version 1","throwable":""}
{"timestamp":"2024-10-25T20:10:10,110","container":"2aa1366d4dbf","level":"INFO","thread":"main","class":"KeyPairUtil","message":"Loaded public key 0x86fcc16f4730fbfd238dc17ea552854c0943923bb1d5e886e5601b8d884fb0519060e0023f495dd24ffe60a65660fb7fdcdebfceedd2b3673dfa63658825924b from /opt/besu/keys/nodekey","throwable":""}
{"timestamp":"2024-10-25T20:10:10,128","container":"2aa1366d4dbf","level":"WARN","thread":"main","class":"Besu","message":"Privacy is disabled. Cannot use EEA/PRIV API methods when not using Privacy.","throwable":""}
{"timestamp":"2024-10-25T20:10:11,016","container":"2aa1366d4dbf","level":"INFO","thread":"main","class":"ProtocolScheduleBuilder","message":"Protocol schedule created with milestones: [GrayGlacier: 0]","throwable":""}
{"timestamp":"2024-10-25T20:10:11,885","container":"2aa1366d4dbf","level":"INFO","thread":"main","class":"TransactionPoolFactory","message":"Enabling transaction pool","throwable":""}
{"timestamp":"2024-10-25T20:10:11,971","container":"2aa1366d4dbf","level":"INFO","thread":"main","class":"BesuControllerBuilder","message":"TTD difficulty is not present, creating initial sync phase for PoW","throwable":""}
{"timestamp":"2024-10-25T20:10:12,231","container":"2aa1366d4dbf","level":"INFO","thread":"main","class":"RunnerBuilder","message":"Detecting NAT service.","throwable":""}
{"timestamp":"2024-10-25T20:10:16,120","container":"2aa1366d4dbf","level":"INFO","thread":"main","class":"Runner","message":"Starting external services ... ","throwable":""}
{"timestamp":"2024-10-25T20:10:16,122","container":"2aa1366d4dbf","level":"INFO","thread":"main","class":"MetricsHttpService","message":"Starting metrics http service on 0.0.0.0:9545","throwable":""}
{"timestamp":"2024-10-25T20:10:16,825","container":"2aa1366d4dbf","level":"INFO","thread":"main","class":"JsonRpcHttpService","message":"Starting JSON-RPC service on 0.0.0.0:8545","throwable":""}
{"timestamp":"2024-10-25T20:10:16,846","container":"2aa1366d4dbf","level":"INFO","thread":"vert.x-eventloop-thread-1","class":"MetricsHttpService","message":"Metrics service started and listening on 0.0.0.0:9545","throwable":""}
{"timestamp":"2024-10-25T20:10:16,925","container":"2aa1366d4dbf","level":"INFO","thread":"vert.x-eventloop-thread-1","class":"JsonRpcHttpService","message":"JSON-RPC service started and listening on 0.0.0.0:8545","throwable":""}
{"timestamp":"2024-10-25T20:10:16,951","container":"2aa1366d4dbf","level":"INFO","thread":"main","class":"GraphQLHttpService","message":"Starting GraphQL HTTP service on 0.0.0.0:8547","throwable":""}
{"timestamp":"2024-10-25T20:10:16,959","container":"2aa1366d4dbf","level":"INFO","thread":"vert.x-eventloop-thread-1","class":"GraphQLHttpService","message":"GraphQL HTTP service started and listening on 0.0.0.0:8547","throwable":""}
{"timestamp":"2024-10-25T20:10:16,960","container":"2aa1366d4dbf","level":"INFO","thread":"main","class":"WebSocketService","message":"Starting Websocket service on 0.0.0.0:8546","throwable":""}
{"timestamp":"2024-10-25T20:10:17,030","container":"2aa1366d4dbf","level":"INFO","thread":"vert.x-eventloop-thread-1","class":"WebSocketService","message":"Websocket service started and listening on 0.0.0.0:8546","throwable":""}
{"timestamp":"2024-10-25T20:10:17,035","container":"2aa1366d4dbf","level":"INFO","thread":"main","class":"AutoTransactionLogBloomCachingService","message":"Starting auto transaction log bloom caching service.","throwable":""}
{"timestamp":"2024-10-25T20:10:17,079","container":"2aa1366d4dbf","level":"INFO","thread":"main","class":"LogBloomCacheMetadata","message":"Lookup cache metadata file in data directory: /opt/besu/data/caches","throwable":""}
{"timestamp":"2024-10-25T20:10:17,234","container":"2aa1366d4dbf","level":"INFO","thread":"main","class":"Runner","message":"Starting Ethereum main loop ... ","throwable":""}
{"timestamp":"2024-10-25T20:10:17,234","container":"2aa1366d4dbf","level":"INFO","thread":"main","class":"DockerNatManager","message":"Starting docker NAT manager.","throwable":""}
{"timestamp":"2024-10-25T20:10:21,021","container":"2aa1366d4dbf","level":"INFO","thread":"main","class":"NetworkRunner","message":"Starting Network.","throwable":""}
{"timestamp":"2024-10-25T20:10:21,040","container":"2aa1366d4dbf","level":"INFO","thread":"nioEventLoopGroup-2-1","class":"RlpxAgent","message":"P2P RLPx agent started and listening on /[0:0:0:0:0:0:0:0]:30303.","throwable":""}
{"timestamp":"2024-10-25T20:10:21,042","container":"2aa1366d4dbf","level":"INFO","thread":"main","class":"PeerDiscoveryAgent","message":"Starting peer discovery agent on host=0.0.0.0, port=30303","throwable":""}
{"timestamp":"2024-10-25T20:10:21,070","container":"2aa1366d4dbf","level":"INFO","thread":"vert.x-eventloop-thread-1","class":"VertxPeerDiscoveryAgent","message":"Started peer discovery agent successfully, on effective host=0:0:0:0:0:0:0:0%0 and port=30303","throwable":""}
{"timestamp":"2024-10-25T20:10:21,072","container":"2aa1366d4dbf","level":"INFO","thread":"vert.x-eventloop-thread-1","class":"PeerDiscoveryAgent","message":"P2P peer discovery agent started and listening on /[0:0:0:0:0:0:0:0%0]:30303","throwable":""}
{"timestamp":"2024-10-25T20:10:21,148","container":"2aa1366d4dbf","level":"INFO","thread":"vert.x-eventloop-thread-1","class":"PeerDiscoveryAgent","message":"Writing node record to disk. NodeRecord{seq=1, publicKey=0x0386fcc16f4730fbfd238dc17ea552854c0943923bb1d5e886e5601b8d884fb051, udpAddress=Optional[/172.16.239.15:30303], tcpAddress=Optional[/172.16.239.15:30303], asBase64=-Je4QKF-N5uOU5SbmSpnG_Wuf0Bm0-A_V5mbDPc1oL37c0bTa3eTx0KPMXbaJMsvValI2s11D-Jzmqd4CEJwXEXaLtgBg2V0aMfGhMw13_-AgmlkgnY0gmlwhKwQ7w-Jc2VjcDI1NmsxoQOG_MFvRzD7_SONwX6lUoVMCUOSO7HV6IblYBuNiE-wUYN0Y3CCdl-DdWRwgnZf, nodeId=0x133b4f32d7750cdfd4048f04df8b560be949c229c821731554c33ead5e3888a4, customFields={tcp=30303, udp=30303, ip=0xac10ef0f, eth=[[0xcc35dfff, 0x]], id=V4, secp256k1=0x0386fcc16f4730fbfd238dc17ea552854c0943923bb1d5e886e5601b8d884fb051}}","throwable":""}
{"timestamp":"2024-10-25T20:10:21,243","container":"2aa1366d4dbf","level":"INFO","thread":"main","class":"DefaultP2PNetwork","message":"Enode URL enode://86fcc16f4730fbfd238dc17ea552854c0943923bb1d5e886e5601b8d884fb0519060e0023f495dd24ffe60a65660fb7fdcdebfceedd2b3673dfa63658825924b@172.16.239.15:30303","throwable":""}
{"timestamp":"2024-10-25T20:10:21,247","container":"2aa1366d4dbf","level":"INFO","thread":"main","class":"DefaultP2PNetwork","message":"Node address 0xdf8b560be949c229c821731554c33ead5e3888a4","throwable":""}
{"timestamp":"2024-10-25T20:10:21,379","container":"2aa1366d4dbf","level":"INFO","thread":"main","class":"NetworkRunner","message":"Supported capabilities: [eth/62, eth/63, eth/64, eth/65, eth/66, eth/67, eth/68], [istanbul/100], [snap/1]","throwable":""}
{"timestamp":"2024-10-25T20:10:21,380","container":"2aa1366d4dbf","level":"INFO","thread":"main","class":"DefaultSynchronizer","message":"Starting synchronizer.","throwable":""}
{"timestamp":"2024-10-25T20:10:21,386","container":"2aa1366d4dbf","level":"INFO","thread":"main","class":"TransactionPoolFactory","message":"Enabling transaction handling following initial sync","throwable":""}
{"timestamp":"2024-10-25T20:10:21,404","container":"2aa1366d4dbf","level":"INFO","thread":"main","class":"FullSyncDownloader","message":"Starting full sync.","throwable":""}
{"timestamp":"2024-10-25T20:10:21,405","container":"2aa1366d4dbf","level":"INFO","thread":"main","class":"FullSyncTargetManager","message":"Unable to find sync target. Currently checking 0 peers for usefulness","throwable":""}
{"timestamp":"2024-10-25T20:10:21,547","container":"2aa1366d4dbf","level":"INFO","thread":"main","class":"Runner","message":"Ethereum main loop is up.","throwable":""}
{"timestamp":"2024-10-25T20:10:22,452","container":"2aa1366d4dbf","level":"INFO","thread":"nioEventLoopGroup-3-9","class":"FullSyncTargetManager","message":"Unable to find sync target. Currently checking 3 peers for usefulness","throwable":""}
{"timestamp":"2024-10-25T20:10:22,467","container":"2aa1366d4dbf","level":"INFO","thread":"nioEventLoopGroup-3-1","class":"FullSyncTargetManager","message":"Unable to find sync target. Currently checking 4 peers for usefulness","throwable":""}
{"timestamp":"2024-10-25T20:10:22,646","container":"2aa1366d4dbf","level":"INFO","thread":"nioEventLoopGroup-3-5","class":"FullSyncTargetManager","message":"Unable to find sync target. Currently checking 5 peers for usefulness","throwable":""}
{"timestamp":"2024-10-25T20:10:22,801","container":"2aa1366d4dbf","level":"INFO","thread":"nioEventLoopGroup-3-4","class":"FullSyncTargetManager","message":"Unable to find sync target. Currently checking 6 peers for usefulness","throwable":""}
{"timestamp":"2024-10-25T20:10:22,887","container":"2aa1366d4dbf","level":"INFO","thread":"nioEventLoopGroup-3-2","class":"FullSyncTargetManager","message":"Unable to find sync target. Currently checking 7 peers for usefulness","throwable":""}
{"timestamp":"2024-10-25T20:10:27,904","container":"2aa1366d4dbf","level":"INFO","thread":"EthScheduler-Timer-0","class":"FullSyncTargetManager","message":"Unable to find sync target. Currently checking 7 peers for usefulness","throwable":""}
{"timestamp":"2024-10-25T20:10:32,468","container":"2aa1366d4dbf","level":"INFO","thread":"EthScheduler-Workers-0","class":"PersistBlockTask","message":"Imported #1 / 0 tx / 0 om / 0 (0.0%) gas / (0x457b0a26abc65111fb03bb94e2b30a73c05e28ba92b566a28c2e3e8eb0f38e30) in 0.054s. Peers: 7","throwable":""}
{"timestamp":"2024-10-25T20:10:32,906","container":"2aa1366d4dbf","level":"INFO","thread":"EthScheduler-Timer-0","class":"FullSyncTargetManager","message":"Unable to find sync target. Currently checking 7 peers for usefulness","throwable":""}
{"timestamp":"2024-10-25T20:10:37,115","container":"2aa1366d4dbf","level":"INFO","thread":"EthScheduler-Workers-0","class":"PersistBlockTask","message":"Imported #2 / 0 tx / 0 om / 0 (0.0%) gas / (0xdda2ffbfe0796668a6a3c35bfe612a322b9777f98ba6295cc7d663a378eba70a) in 0.019s. Peers: 7","throwable":""}
{"timestamp":"2024-10-25T20:10:42,102","container":"2aa1366d4dbf","level":"INFO","thread":"EthScheduler-Workers-0","class":"PersistBlockTask","message":"Imported #3 / 0 tx / 0 om / 0 (0.0%) gas / (0x48b9e4b794e83f310d27c367e86f34e13ecf22837bc02ddf5de3a973c2e139e8) in 0.020s. Peers: 7","throwable":""}
{"timestamp":"2024-10-25T20:10:47,101","container":"2aa1366d4dbf","level":"INFO","thread":"EthScheduler-Workers-0","class":"PersistBlockTask","message":"Imported #4 / 0 tx / 0 om / 0 (0.0%) gas / (0x2b90f17f46777dede118ccc3be689bd5a47272dbcfbabb77c284223c94f2aa94) in 0.010s. Peers: 7","throwable":""}
{"timestamp":"2024-10-25T20:10:52,084","container":"2aa1366d4dbf","level":"INFO","thread":"EthScheduler-Workers-0","class":"PersistBlockTask","message":"Imported #5 / 0 tx / 0 om / 0 (0.0%) gas / (0xe0dbaef5ff2c3a9bf6c2c1c1e8ac56eca5d9c310dc857e80a05ef3cad829f389) in 0.019s. Peers: 7","throwable":""}
{"timestamp":"2024-10-25T20:10:57,063","container":"2aa1366d4dbf","level":"INFO","thread":"EthScheduler-Workers-0","class":"PersistBlockTask","message":"Imported #6 / 0 tx / 0 om / 0 (0.0%) gas / (0xf64df77706091063d978dad557cbaa496e7603ee4eea716272a2b9eaa7a7537c) in 0.018s. Peers: 7","throwable":""}
{"timestamp":"2024-10-25T20:11:02,060","container":"2aa1366d4dbf","level":"INFO","thread":"EthScheduler-Workers-0","class":"PersistBlockTask","message":"Imported #7 / 0 tx / 0 om / 0 (0.0%) gas / (0x5f397d348f4fd58f875dcb1d38e79879db9b385e1d6a3b0849b687748dbf90f9) in 0.008s. Peers: 7","throwable":""}
{"timestamp":"2024-10-25T20:11:07,048","container":"2aa1366d4dbf","level":"INFO","thread":"EthScheduler-Workers-0","class":"PersistBlockTask","message":"Imported #8 / 0 tx / 0 om / 0 (0.0%) gas / (0x7a701348b51d9fa713c2a3293395111aa91dc85e2c30ed3c31058913ef373d8a) in 0.005s. Peers: 7","throwable":""}
{"timestamp":"2024-10-25T20:11:12,064","container":"2aa1366d4dbf","level":"INFO","thread":"EthScheduler-Workers-0","class":"PersistBlockTask","message":"Imported #9 / 0 tx / 0 om / 0 (0.0%) gas / (0x4b88fc761d756797332e3abac78d829369dc490a2f9b9491c9fe90bd4e269090) in 0.007s. Peers: 7","throwable":""}
{"timestamp":"2024-10-25T20:11:17,055","container":"2aa1366d4dbf","level":"INFO","thread":"EthScheduler-Workers-0","class":"PersistBlockTask","message":"Imported #10 / 0 tx / 0 om / 0 (0.0%) gas / (0xaf48354188fd2da08a96ef67cdf7ded9900dc38711a265a15786f1ce7a7cbc43) in 0.013s. Peers: 7","throwable":""}
{"timestamp":"2024-10-25T20:11:22,052","container":"2aa1366d4dbf","level":"INFO","thread":"EthScheduler-Workers-0","class":"PersistBlockTask","message":"Imported #11 / 0 tx / 0 om / 0 (0.0%) gas / (0x84c6924e5ceb3a30e1ac344f1a3cc76909f57cf177a5c003c1cbe61fa73efe28) in 0.010s. Peers: 7","throwable":""}
{"timestamp":"2024-10-25T20:11:27,055","container":"2aa1366d4dbf","level":"INFO","thread":"EthScheduler-Workers-0","class":"PersistBlockTask","message":"Imported #12 / 0 tx / 0 om / 0 (0.0%) gas / (0xd1f6dc84976b6754e83deca210bbecddbc74e22d9b042122641b354bc35eb380) in 0.007s. Peers: 7","throwable":""}
{"timestamp":"2024-10-25T20:11:32,080","container":"2aa1366d4dbf","level":"INFO","thread":"EthScheduler-Workers-0","class":"PersistBlockTask","message":"Imported #13 / 0 tx / 0 om / 0 (0.0%) gas / (0x8f9735e76a9429b69f8dc122891246a7520aa9232c8b780a6d6b14caab6d9e6e) in 0.024s. Peers: 7","throwable":""}
{"timestamp":"2024-10-25T20:11:37,045","container":"2aa1366d4dbf","level":"INFO","thread":"EthScheduler-Workers-0","class":"PersistBlockTask","message":"Imported #14 / 0 tx / 0 om / 0 (0.0%) gas / (0x20f3c80a15b3938877e203bac35f973726ab239544e2e0c99128c1f0a53c8ce7) in 0.005s. Peers: 7","throwable":""}
{"timestamp":"2024-10-25T20:11:42,044","container":"2aa1366d4dbf","level":"INFO","thread":"EthScheduler-Workers-0","class":"PersistBlockTask","message":"Imported #15 / 0 tx / 0 om / 0 (0.0%) gas / (0x60e892e63419f301c858fc0317840237662bfa6c33928d7f0cb2221b4f373ebf) in 0.004s. Peers: 7","throwable":""}
{"timestamp":"2024-10-25T20:11:47,063","container":"2aa1366d4dbf","level":"INFO","thread":"EthScheduler-Workers-0","class":"PersistBlockTask","message":"Imported #16 / 0 tx / 0 om / 0 (0.0%) gas / (0x7f27e35d4ef02be631f6f7240f99e105f44879288ff82120d5abd52b67231d1a) in 0.010s. Peers: 7","throwable":""}
{"timestamp":"2024-10-25T20:11:52,048","container":"2aa1366d4dbf","level":"INFO","thread":"EthScheduler-Workers-0","class":"PersistBlockTask","message":"Imported #17 / 0 tx / 0 om / 0 (0.0%) gas / (0xecf343116547d91d86d886989db68902e8a1e90a70b3bef2bea1cf99e2ec126d) in 0.004s. Peers: 7","throwable":""}
{"timestamp":"2024-10-25T20:11:57,052","container":"2aa1366d4dbf","level":"INFO","thread":"EthScheduler-Workers-0","class":"PersistBlockTask","message":"Imported #18 / 0 tx / 0 om / 0 (0.0%) gas / (0x45f508925f6b91f3cb45c54646a4b196e9ef65402620eddbdd0e1085bb155675) in 0.005s. Peers: 7","throwable":""}
{"timestamp":"2024-10-25T20:12:02,063","container":"2aa1366d4dbf","level":"INFO","thread":"EthScheduler-Workers-0","class":"PersistBlockTask","message":"Imported #19 / 0 tx / 0 om / 0 (0.0%) gas / (0x2fa564045a20a1b7bb787d3e3bdbff95a87291cd79d0dd3510d65464dad78631) in 0.017s. Peers: 7","throwable":""}
{"timestamp":"2024-10-25T20:12:07,044","container":"2aa1366d4dbf","level":"INFO","thread":"EthScheduler-Workers-0","class":"PersistBlockTask","message":"Imported #20 / 0 tx / 0 om / 0 (0.0%) gas / (0x2220b70ad80df1213a6c0db77107665f3707df46376661d9352152e829f42dc7) in 0.006s. Peers: 7","throwable":""}
{"timestamp":"2024-10-25T20:12:12,054","container":"2aa1366d4dbf","level":"INFO","thread":"EthScheduler-Workers-0","class":"PersistBlockTask","message":"Imported #21 / 0 tx / 0 om / 0 (0.0%) gas / (0x2df79262f650f932c8d33fa2540c301eb6416ac728d50ad5f2082a7d5c7681a0) in 0.016s. Peers: 7","throwable":""}
{"timestamp":"2024-10-25T20:12:17,058","container":"2aa1366d4dbf","level":"INFO","thread":"EthScheduler-Workers-0","class":"PersistBlockTask","message":"Imported #22 / 0 tx / 0 om / 0 (0.0%) gas / (0x1c73fcba46e62bc2066074d0996b3525025389ed11c0f9e67d540560f684f5f8) in 0.011s. Peers: 7","throwable":""}
{"timestamp":"2024-10-25T20:12:22,040","container":"2aa1366d4dbf","level":"INFO","thread":"EthScheduler-Workers-0","class":"PersistBlockTask","message":"Imported #23 / 0 tx / 0 om / 0 (0.0%) gas / (0xf7f2956acd3c36fe135d53c48b5ee48b4029b92bf9ce74e39c3647bf398c5225) in 0.010s. Peers: 7","throwable":""}
{"timestamp":"2024-10-25T20:12:26,039","container":"2aa1366d4dbf","level":"INFO","thread":"BftProcessorExecutor-QBFT-0","class":"BftProcessor","message":"Shutting down BFT event processor","throwable":""}
{"timestamp":"2024-10-25T20:12:26,040","container":"2aa1366d4dbf","level":"INFO","thread":"BesuCommand-Shutdown-Hook","class":"DefaultSynchronizer","message":"Stopping synchronizer","throwable":""}
{"timestamp":"2024-10-25T20:12:26,043","container":"2aa1366d4dbf","level":"INFO","thread":"BesuCommand-Shutdown-Hook","class":"NetworkRunner","message":"Stopping Network.","throwable":""}
{"timestamp":"2024-10-25T20:12:26,048","container":"2aa1366d4dbf","level":"INFO","thread":"BesuCommand-Shutdown-Hook","class":"EthProtocolManager","message":"Stopping eth Subprotocol.","throwable":""}
{"timestamp":"2024-10-25T20:12:26,148","container":"2aa1366d4dbf","level":"INFO","thread":"BesuCommand-Shutdown-Hook","class":"EthProtocolManager","message":"eth Subprotocol stopped.","throwable":""}
{"timestamp":"2024-10-25T20:12:26,148","container":"2aa1366d4dbf","level":"INFO","thread":"BesuCommand-Shutdown-Hook","class":"NetworkRunner","message":"Network stopped.","throwable":""}
{"timestamp":"2024-10-25T20:12:26,149","container":"2aa1366d4dbf","level":"INFO","thread":"BesuCommand-Shutdown-Hook","class":"AutoTransactionLogBloomCachingService","message":"Shutting down Auto transaction logs caching service.","throwable":""}
{"timestamp":"2024-10-25T20:12:26,150","container":"2aa1366d4dbf","level":"INFO","thread":"BesuCommand-Shutdown-Hook","class":"DockerNatManager","message":"Stopping docker NAT manager.","throwable":""}
