{"timestamp":"2024-10-25T20:10:00,988","container":"4b2ac014b388","level":"INFO","thread":"main","class":"Besu","message":"Starting Besu","throwable":""}
{"timestamp":"2024-10-25T20:10:02,986","container":"4b2ac014b388","level":"WARN","thread":"main","class":"Besu","message":"--min-gas-price has been ignored because --miner-enabled was not defined on the command line.","throwable":""}
{"timestamp":"2024-10-25T20:10:07,163","container":"4b2ac014b388","level":"INFO","thread":"main","class":"Besu","message":"
####################################################################################################
#                                                                                                  #
# Besu version 23.4.1                                                                              #
#                                                                                                  #
# Configuration:                                                                                   #
# Network: Custom genesis file specified                                                           #
# Network Id: 1337                                                                                 #
# Data storage: Forest                                                                             #
# Sync mode: Full                                                                                  #
# RPC HTTP APIs: EEA,WEB3,ETH,NET,TRACE,DEBUG,ADMIN,TXPOOL,PRIV,PERM,QBFT                          #
# RPC HTTP port: 8545                                                                              #
#                                                                                                  #
# Host:                                                                                            #
# Java: openjdk-java-17                                                                            #
# Maximum heap size: 1.86 GB                                                                       #
# OS: linux-x86_64                                                                                 #
# glibc: 2.35                                                                                      #
# jemalloc: 5.2.1-0-gea6b3e973b477b8061e0076bb257dbd7f3faa756                                      #
# Total memory: 7.45 GB                                                                            #
# CPU cores: 12                                                                                    #
#                                                                                                  #
####################################################################################################","throwable":""}
{"timestamp":"2024-10-25T20:10:07,177","container":"4b2ac014b388","level":"INFO","thread":"main","class":"Besu","message":"Connecting to 8 static nodes.","throwable":""}
{"timestamp":"2024-10-25T20:10:07,183","container":"4b2ac014b388","level":"INFO","thread":"main","class":"Besu","message":"Security Module: localfile","throwable":""}
{"timestamp":"2024-10-25T20:10:07,654","container":"4b2ac014b388","level":"INFO","thread":"main","class":"Besu","message":"Using the native implementation of alt bn128","throwable":""}
{"timestamp":"2024-10-25T20:10:07,830","container":"4b2ac014b388","level":"INFO","thread":"main","class":"Besu","message":"Using the native implementation of modexp","throwable":""}
{"timestamp":"2024-10-25T20:10:07,831","container":"4b2ac014b388","level":"INFO","thread":"main","class":"Besu","message":"Using the native implementation of the signature algorithm","throwable":""}
{"timestamp":"2024-10-25T20:10:07,842","container":"4b2ac014b388","level":"INFO","thread":"main","class":"Besu","message":"Using the native implementation of the blake2bf algorithm","throwable":""}
{"timestamp":"2024-10-25T20:10:07,879","container":"4b2ac014b388","level":"INFO","thread":"main","class":"RocksDBKeyValueStorageFactory","message":"No existing database detected at /opt/besu/data. Using version 1","throwable":""}
{"timestamp":"2024-10-25T20:10:10,582","container":"4b2ac014b388","level":"INFO","thread":"main","class":"KeyPairUtil","message":"Loaded public key 0x2fd5b5b6ad529f55b71602026d1849d0036f06482368b5812fa793014195d3571b0840dbc4175617de2a12db8f1222c012420d471ae5c0d982118625cae58868 from /opt/besu/keys/nodekey","throwable":""}
{"timestamp":"2024-10-25T20:10:10,604","container":"4b2ac014b388","level":"WARN","thread":"main","class":"Besu","message":"Privacy is disabled. Cannot use EEA/PRIV API methods when not using Privacy.","throwable":""}
{"timestamp":"2024-10-25T20:10:11,513","container":"4b2ac014b388","level":"INFO","thread":"main","class":"ProtocolScheduleBuilder","message":"Protocol schedule created with milestones: [GrayGlacier: 0]","throwable":""}
{"timestamp":"2024-10-25T20:10:12,397","container":"4b2ac014b388","level":"INFO","thread":"main","class":"TransactionPoolFactory","message":"Enabling transaction pool","throwable":""}
{"timestamp":"2024-10-25T20:10:12,522","container":"4b2ac014b388","level":"INFO","thread":"main","class":"BesuControllerBuilder","message":"TTD difficulty is not present, creating initial sync phase for PoW","throwable":""}
{"timestamp":"2024-10-25T20:10:13,247","container":"4b2ac014b388","level":"INFO","thread":"main","class":"RunnerBuilder","message":"Detecting NAT service.","throwable":""}
{"timestamp":"2024-10-25T20:10:16,122","container":"4b2ac014b388","level":"INFO","thread":"main","class":"Runner","message":"Starting external services ... ","throwable":""}
{"timestamp":"2024-10-25T20:10:16,123","container":"4b2ac014b388","level":"INFO","thread":"main","class":"MetricsHttpService","message":"Starting metrics http service on 0.0.0.0:9545","throwable":""}
{"timestamp":"2024-10-25T20:10:17,153","container":"4b2ac014b388","level":"INFO","thread":"vert.x-eventloop-thread-1","class":"MetricsHttpService","message":"Metrics service started and listening on 0.0.0.0:9545","throwable":""}
{"timestamp":"2024-10-25T20:10:17,160","container":"4b2ac014b388","level":"INFO","thread":"main","class":"JsonRpcHttpService","message":"Starting JSON-RPC service on 0.0.0.0:8545","throwable":""}
{"timestamp":"2024-10-25T20:10:17,229","container":"4b2ac014b388","level":"INFO","thread":"vert.x-eventloop-thread-1","class":"JsonRpcHttpService","message":"JSON-RPC service started and listening on 0.0.0.0:8545","throwable":""}
{"timestamp":"2024-10-25T20:10:17,256","container":"4b2ac014b388","level":"INFO","thread":"main","class":"GraphQLHttpService","message":"Starting GraphQL HTTP service on 0.0.0.0:8547","throwable":""}
{"timestamp":"2024-10-25T20:10:17,273","container":"4b2ac014b388","level":"INFO","thread":"vert.x-eventloop-thread-1","class":"GraphQLHttpService","message":"GraphQL HTTP service started and listening on 0.0.0.0:8547","throwable":""}
{"timestamp":"2024-10-25T20:10:17,280","container":"4b2ac014b388","level":"INFO","thread":"main","class":"WebSocketService","message":"Starting Websocket service on 0.0.0.0:8546","throwable":""}
{"timestamp":"2024-10-25T20:10:17,300","container":"4b2ac014b388","level":"INFO","thread":"vert.x-eventloop-thread-1","class":"WebSocketService","message":"Websocket service started and listening on 0.0.0.0:8546","throwable":""}
{"timestamp":"2024-10-25T20:10:17,317","container":"4b2ac014b388","level":"INFO","thread":"main","class":"AutoTransactionLogBloomCachingService","message":"Starting auto transaction log bloom caching service.","throwable":""}
{"timestamp":"2024-10-25T20:10:17,320","container":"4b2ac014b388","level":"INFO","thread":"main","class":"LogBloomCacheMetadata","message":"Lookup cache metadata file in data directory: /opt/besu/data/caches","throwable":""}
{"timestamp":"2024-10-25T20:10:17,432","container":"4b2ac014b388","level":"INFO","thread":"main","class":"Runner","message":"Starting Ethereum main loop ... ","throwable":""}
{"timestamp":"2024-10-25T20:10:17,434","container":"4b2ac014b388","level":"INFO","thread":"main","class":"DockerNatManager","message":"Starting docker NAT manager.","throwable":""}
{"timestamp":"2024-10-25T20:10:21,187","container":"4b2ac014b388","level":"INFO","thread":"main","class":"NetworkRunner","message":"Starting Network.","throwable":""}
{"timestamp":"2024-10-25T20:10:21,212","container":"4b2ac014b388","level":"INFO","thread":"nioEventLoopGroup-2-1","class":"RlpxAgent","message":"P2P RLPx agent started and listening on /[0:0:0:0:0:0:0:0]:30303.","throwable":""}
{"timestamp":"2024-10-25T20:10:21,216","container":"4b2ac014b388","level":"INFO","thread":"main","class":"PeerDiscoveryAgent","message":"Starting peer discovery agent on host=0.0.0.0, port=30303","throwable":""}
{"timestamp":"2024-10-25T20:10:21,273","container":"4b2ac014b388","level":"INFO","thread":"vert.x-eventloop-thread-1","class":"VertxPeerDiscoveryAgent","message":"Started peer discovery agent successfully, on effective host=0:0:0:0:0:0:0:0%0 and port=30303","throwable":""}
{"timestamp":"2024-10-25T20:10:21,277","container":"4b2ac014b388","level":"INFO","thread":"main","class":"PeerDiscoveryAgent","message":"P2P peer discovery agent started and listening on /[0:0:0:0:0:0:0:0%0]:30303","throwable":""}
{"timestamp":"2024-10-25T20:10:21,392","container":"4b2ac014b388","level":"INFO","thread":"main","class":"PeerDiscoveryAgent","message":"Writing node record to disk. NodeRecord{seq=1, publicKey=0x022fd5b5b6ad529f55b71602026d1849d0036f06482368b5812fa793014195d357, udpAddress=Optional[/172.16.239.14:30303], tcpAddress=Optional[/172.16.239.14:30303], asBase64=-Je4QHlSYsQjr_JsE5RfEYgOZLiqe4B1ELxiAqXDt-efHeA_XaCldSXAgBJzm9bSweE65YASVD4fdLgLrd_M3DvTYFoBg2V0aMfGhMw13_-AgmlkgnY0gmlwhKwQ7w6Jc2VjcDI1NmsxoQIv1bW2rVKfVbcWAgJtGEnQA28GSCNotYEvp5MBQZXTV4N0Y3CCdl-DdWRwgnZf, nodeId=0xc8f776c1d83d4fddd02782c698c1334496614aed49d2e81526d089f7264fed9c, customFields={tcp=30303, udp=30303, ip=0xac10ef0e, eth=[[0xcc35dfff, 0x]], id=V4, secp256k1=0x022fd5b5b6ad529f55b71602026d1849d0036f06482368b5812fa793014195d357}}","throwable":""}
{"timestamp":"2024-10-25T20:10:21,508","container":"4b2ac014b388","level":"INFO","thread":"main","class":"DefaultP2PNetwork","message":"Enode URL enode://2fd5b5b6ad529f55b71602026d1849d0036f06482368b5812fa793014195d3571b0840dbc4175617de2a12db8f1222c012420d471ae5c0d982118625cae58868@172.16.239.14:30303","throwable":""}
{"timestamp":"2024-10-25T20:10:21,509","container":"4b2ac014b388","level":"INFO","thread":"main","class":"DefaultP2PNetwork","message":"Node address 0x98c1334496614aed49d2e81526d089f7264fed9c","throwable":""}
{"timestamp":"2024-10-25T20:10:21,629","container":"4b2ac014b388","level":"INFO","thread":"main","class":"NetworkRunner","message":"Supported capabilities: [eth/62, eth/63, eth/64, eth/65, eth/66, eth/67, eth/68], [istanbul/100], [snap/1]","throwable":""}
{"timestamp":"2024-10-25T20:10:21,630","container":"4b2ac014b388","level":"INFO","thread":"main","class":"DefaultSynchronizer","message":"Starting synchronizer.","throwable":""}
{"timestamp":"2024-10-25T20:10:21,632","container":"4b2ac014b388","level":"INFO","thread":"main","class":"TransactionPoolFactory","message":"Enabling transaction handling following initial sync","throwable":""}
{"timestamp":"2024-10-25T20:10:21,635","container":"4b2ac014b388","level":"INFO","thread":"main","class":"FullSyncDownloader","message":"Starting full sync.","throwable":""}
{"timestamp":"2024-10-25T20:10:21,636","container":"4b2ac014b388","level":"INFO","thread":"main","class":"FullSyncTargetManager","message":"Unable to find sync target. Currently checking 0 peers for usefulness","throwable":""}
{"timestamp":"2024-10-25T20:10:21,947","container":"4b2ac014b388","level":"INFO","thread":"main","class":"Runner","message":"Ethereum main loop is up.","throwable":""}
{"timestamp":"2024-10-25T20:10:22,349","container":"4b2ac014b388","level":"INFO","thread":"nioEventLoopGroup-3-4","class":"FullSyncTargetManager","message":"Unable to find sync target. Currently checking 3 peers for usefulness","throwable":""}
{"timestamp":"2024-10-25T20:10:22,462","container":"4b2ac014b388","level":"INFO","thread":"nioEventLoopGroup-3-1","class":"FullSyncTargetManager","message":"Unable to find sync target. Currently checking 4 peers for usefulness","throwable":""}
{"timestamp":"2024-10-25T20:10:22,641","container":"4b2ac014b388","level":"INFO","thread":"nioEventLoopGroup-3-5","class":"FullSyncTargetManager","message":"Unable to find sync target. Currently checking 5 peers for usefulness","throwable":""}
{"timestamp":"2024-10-25T20:10:22,790","container":"4b2ac014b388","level":"INFO","thread":"nioEventLoopGroup-3-4","class":"FullSyncTargetManager","message":"Unable to find sync target. Currently checking 6 peers for usefulness","throwable":""}
{"timestamp":"2024-10-25T20:10:22,901","container":"4b2ac014b388","level":"INFO","thread":"nioEventLoopGroup-3-2","class":"FullSyncTargetManager","message":"Unable to find sync target. Currently checking 7 peers for usefulness","throwable":""}
{"timestamp":"2024-10-25T20:10:27,905","container":"4b2ac014b388","level":"INFO","thread":"EthScheduler-Timer-0","class":"FullSyncTargetManager","message":"Unable to find sync target. Currently checking 7 peers for usefulness","throwable":""}
{"timestamp":"2024-10-25T20:10:32,324","container":"4b2ac014b388","level":"INFO","thread":"BftProcessorExecutor-QBFT-0","class":"QbftRound","message":"Importing proposed block to chain. round=ConsensusRoundIdentifier{Sequence=1, Round=1}, hash=0x457b0a26abc65111fb03bb94e2b30a73c05e28ba92b566a28c2e3e8eb0f38e30","throwable":""}
{"timestamp":"2024-10-25T20:10:32,403","container":"4b2ac014b388","level":"INFO","thread":"BftProcessorExecutor-QBFT-0","class":"QbftBesuControllerBuilder","message":"Imported #1 / 0 tx / 0 pending / 0 (0.0%) gas / (0x457b0a26abc65111fb03bb94e2b30a73c05e28ba92b566a28c2e3e8eb0f38e30)","throwable":""}
{"timestamp":"2024-10-25T20:10:32,906","container":"4b2ac014b388","level":"INFO","thread":"EthScheduler-Timer-0","class":"FullSyncTargetManager","message":"Unable to find sync target. Currently checking 7 peers for usefulness","throwable":""}
{"timestamp":"2024-10-25T20:10:37,083","container":"4b2ac014b388","level":"INFO","thread":"BftProcessorExecutor-QBFT-0","class":"QbftBesuControllerBuilder","message":"Produced #2 / 0 tx / 0 pending / 0 (0.0%) gas / (0xdda2ffbfe0796668a6a3c35bfe612a322b9777f98ba6295cc7d663a378eba70a)","throwable":""}
{"timestamp":"2024-10-25T20:10:42,077","container":"4b2ac014b388","level":"INFO","thread":"BftProcessorExecutor-QBFT-0","class":"QbftBesuControllerBuilder","message":"Imported #3 / 0 tx / 0 pending / 0 (0.0%) gas / (0x48b9e4b794e83f310d27c367e86f34e13ecf22837bc02ddf5de3a973c2e139e8)","throwable":""}
{"timestamp":"2024-10-25T20:10:47,076","container":"4b2ac014b388","level":"INFO","thread":"BftProcessorExecutor-QBFT-0","class":"QbftBesuControllerBuilder","message":"Imported #4 / 0 tx / 0 pending / 0 (0.0%) gas / (0x2b90f17f46777dede118ccc3be689bd5a47272dbcfbabb77c284223c94f2aa94)","throwable":""}
{"timestamp":"2024-10-25T20:10:52,074","container":"4b2ac014b388","level":"INFO","thread":"BftProcessorExecutor-QBFT-0","class":"QbftBesuControllerBuilder","message":"Imported #5 / 0 tx / 0 pending / 0 (0.0%) gas / (0xe0dbaef5ff2c3a9bf6c2c1c1e8ac56eca5d9c310dc857e80a05ef3cad829f389)","throwable":""}
{"timestamp":"2024-10-25T20:10:57,038","container":"4b2ac014b388","level":"INFO","thread":"BftProcessorExecutor-QBFT-0","class":"QbftBesuControllerBuilder","message":"Produced #6 / 0 tx / 0 pending / 0 (0.0%) gas / (0xf64df77706091063d978dad557cbaa496e7603ee4eea716272a2b9eaa7a7537c)","throwable":""}
{"timestamp":"2024-10-25T20:11:02,060","container":"4b2ac014b388","level":"INFO","thread":"BftProcessorExecutor-QBFT-0","class":"QbftBesuControllerBuilder","message":"Imported #7 / 0 tx / 0 pending / 0 (0.0%) gas / (0x5f397d348f4fd58f875dcb1d38e79879db9b385e1d6a3b0849b687748dbf90f9)","throwable":""}
{"timestamp":"2024-10-25T20:11:07,045","container":"4b2ac014b388","level":"INFO","thread":"BftProcessorExecutor-QBFT-0","class":"QbftBesuControllerBuilder","message":"Imported #8 / 0 tx / 0 pending / 0 (0.0%) gas / (0x7a701348b51d9fa713c2a3293395111aa91dc85e2c30ed3c31058913ef373d8a)","throwable":""}
{"timestamp":"2024-10-25T20:11:12,054","container":"4b2ac014b388","level":"INFO","thread":"BftProcessorExecutor-QBFT-0","class":"QbftBesuControllerBuilder","message":"Imported #9 / 0 tx / 0 pending / 0 (0.0%) gas / (0x4b88fc761d756797332e3abac78d829369dc490a2f9b9491c9fe90bd4e269090)","throwable":""}
{"timestamp":"2024-10-25T20:11:17,060","container":"4b2ac014b388","level":"INFO","thread":"BftProcessorExecutor-QBFT-0","class":"QbftBesuControllerBuilder","message":"Produced #10 / 0 tx / 0 pending / 0 (0.0%) gas / (0xaf48354188fd2da08a96ef67cdf7ded9900dc38711a265a15786f1ce7a7cbc43)","throwable":""}
{"timestamp":"2024-10-25T20:11:22,051","container":"4b2ac014b388","level":"INFO","thread":"BftProcessorExecutor-QBFT-0","class":"QbftBesuControllerBuilder","message":"Imported #11 / 0 tx / 0 pending / 0 (0.0%) gas / (0x84c6924e5ceb3a30e1ac344f1a3cc76909f57cf177a5c003c1cbe61fa73efe28)","throwable":""}
{"timestamp":"2024-10-25T20:11:27,084","container":"4b2ac014b388","level":"INFO","thread":"EthScheduler-Workers-0","class":"PersistBlockTask","message":"Block 12 (0xd1f6dc84976b6754e83deca210bbecddbc74e22d9b042122641b354bc35eb380) is already imported","throwable":""}
{"timestamp":"2024-10-25T20:11:27,087","container":"4b2ac014b388","level":"INFO","thread":"BftProcessorExecutor-QBFT-0","class":"QbftBesuControllerBuilder","message":"Imported #12 / 0 tx / 0 pending / 0 (0.0%) gas / (0xd1f6dc84976b6754e83deca210bbecddbc74e22d9b042122641b354bc35eb380)","throwable":""}
{"timestamp":"2024-10-25T20:11:32,066","container":"4b2ac014b388","level":"INFO","thread":"BftProcessorExecutor-QBFT-0","class":"QbftBesuControllerBuilder","message":"Imported #13 / 0 tx / 0 pending / 0 (0.0%) gas / (0x8f9735e76a9429b69f8dc122891246a7520aa9232c8b780a6d6b14caab6d9e6e)","throwable":""}
{"timestamp":"2024-10-25T20:11:37,035","container":"4b2ac014b388","level":"INFO","thread":"BftProcessorExecutor-QBFT-0","class":"QbftBesuControllerBuilder","message":"Produced #14 / 0 tx / 0 pending / 0 (0.0%) gas / (0x20f3c80a15b3938877e203bac35f973726ab239544e2e0c99128c1f0a53c8ce7)","throwable":""}
{"timestamp":"2024-10-25T20:11:42,037","container":"4b2ac014b388","level":"INFO","thread":"BftProcessorExecutor-QBFT-0","class":"QbftBesuControllerBuilder","message":"Imported #15 / 0 tx / 0 pending / 0 (0.0%) gas / (0x60e892e63419f301c858fc0317840237662bfa6c33928d7f0cb2221b4f373ebf)","throwable":""}
{"timestamp":"2024-10-25T20:11:47,038","container":"4b2ac014b388","level":"INFO","thread":"BftProcessorExecutor-QBFT-0","class":"QbftBesuControllerBuilder","message":"Imported #16 / 0 tx / 0 pending / 0 (0.0%) gas / (0x7f27e35d4ef02be631f6f7240f99e105f44879288ff82120d5abd52b67231d1a)","throwable":""}
{"timestamp":"2024-10-25T20:11:52,047","container":"4b2ac014b388","level":"INFO","thread":"BftProcessorExecutor-QBFT-0","class":"QbftBesuControllerBuilder","message":"Imported #17 / 0 tx / 0 pending / 0 (0.0%) gas / (0xecf343116547d91d86d886989db68902e8a1e90a70b3bef2bea1cf99e2ec126d)","throwable":""}
{"timestamp":"2024-10-25T20:11:57,035","container":"4b2ac014b388","level":"INFO","thread":"BftProcessorExecutor-QBFT-0","class":"QbftBesuControllerBuilder","message":"Produced #18 / 0 tx / 0 pending / 0 (0.0%) gas / (0x45f508925f6b91f3cb45c54646a4b196e9ef65402620eddbdd0e1085bb155675)","throwable":""}
{"timestamp":"2024-10-25T20:12:02,032","container":"4b2ac014b388","level":"INFO","thread":"BftProcessorExecutor-QBFT-0","class":"QbftBesuControllerBuilder","message":"Imported #19 / 0 tx / 0 pending / 0 (0.0%) gas / (0x2fa564045a20a1b7bb787d3e3bdbff95a87291cd79d0dd3510d65464dad78631)","throwable":""}
{"timestamp":"2024-10-25T20:12:07,037","container":"4b2ac014b388","level":"INFO","thread":"BftProcessorExecutor-QBFT-0","class":"QbftBesuControllerBuilder","message":"Imported #20 / 0 tx / 0 pending / 0 (0.0%) gas / (0x2220b70ad80df1213a6c0db77107665f3707df46376661d9352152e829f42dc7)","throwable":""}
{"timestamp":"2024-10-25T20:12:12,037","container":"4b2ac014b388","level":"INFO","thread":"BftProcessorExecutor-QBFT-0","class":"QbftBesuControllerBuilder","message":"Imported #21 / 0 tx / 0 pending / 0 (0.0%) gas / (0x2df79262f650f932c8d33fa2540c301eb6416ac728d50ad5f2082a7d5c7681a0)","throwable":""}
{"timestamp":"2024-10-25T20:12:17,040","container":"4b2ac014b388","level":"INFO","thread":"BftProcessorExecutor-QBFT-0","class":"QbftBesuControllerBuilder","message":"Produced #22 / 0 tx / 0 pending / 0 (0.0%) gas / (0x1c73fcba46e62bc2066074d0996b3525025389ed11c0f9e67d540560f684f5f8)","throwable":""}
{"timestamp":"2024-10-25T20:12:22,029","container":"4b2ac014b388","level":"INFO","thread":"BftProcessorExecutor-QBFT-0","class":"QbftBesuControllerBuilder","message":"Imported #23 / 0 tx / 0 pending / 0 (0.0%) gas / (0xf7f2956acd3c36fe135d53c48b5ee48b4029b92bf9ce74e39c3647bf398c5225)","throwable":""}
{"timestamp":"2024-10-25T20:12:23,532","container":"4b2ac014b388","level":"INFO","thread":"BftProcessorExecutor-QBFT-0","class":"BftProcessor","message":"Shutting down BFT event processor","throwable":""}
{"timestamp":"2024-10-25T20:12:23,535","container":"4b2ac014b388","level":"INFO","thread":"BesuCommand-Shutdown-Hook","class":"DefaultSynchronizer","message":"Stopping synchronizer","throwable":""}
{"timestamp":"2024-10-25T20:12:23,538","container":"4b2ac014b388","level":"INFO","thread":"BesuCommand-Shutdown-Hook","class":"NetworkRunner","message":"Stopping Network.","throwable":""}
{"timestamp":"2024-10-25T20:12:23,573","container":"4b2ac014b388","level":"INFO","thread":"BesuCommand-Shutdown-Hook","class":"EthProtocolManager","message":"Stopping eth Subprotocol.","throwable":""}
{"timestamp":"2024-10-25T20:12:23,577","container":"4b2ac014b388","level":"INFO","thread":"BesuCommand-Shutdown-Hook","class":"EthProtocolManager","message":"eth Subprotocol stopped.","throwable":""}
{"timestamp":"2024-10-25T20:12:23,578","container":"4b2ac014b388","level":"INFO","thread":"BesuCommand-Shutdown-Hook","class":"NetworkRunner","message":"Network stopped.","throwable":""}
{"timestamp":"2024-10-25T20:12:23,580","container":"4b2ac014b388","level":"INFO","thread":"BesuCommand-Shutdown-Hook","class":"AutoTransactionLogBloomCachingService","message":"Shutting down Auto transaction logs caching service.","throwable":""}
{"timestamp":"2024-10-25T20:12:23,582","container":"4b2ac014b388","level":"INFO","thread":"BesuCommand-Shutdown-Hook","class":"DockerNatManager","message":"Stopping docker NAT manager.","throwable":""}
