{"timestamp":"2024-10-25T19:19:09,628","container":"13aa705c10da","level":"INFO","thread":"main","class":"Besu","message":"Starting Besu","throwable":""}
{"timestamp":"2024-10-25T19:19:10,920","container":"13aa705c10da","level":"WARN","thread":"main","class":"Besu","message":"--min-gas-price has been ignored because --miner-enabled was not defined on the command line.","throwable":""}
{"timestamp":"2024-10-25T19:19:13,130","container":"13aa705c10da","level":"INFO","thread":"main","class":"Besu","message":"
####################################################################################################
#                                                                                                  #
# Besu version 23.4.1                                                                              #
#                                                                                                  #
# Configuration:                                                                                   #
# Network: Custom genesis file specified                                                           #
# Network Id: 1337                                                                                 #
# Data storage: Forest                                                                             #
# Sync mode: Full                                                                                  #
# RPC HTTP APIs: EEA,WEB3,ETH,NET,TRACE,DEBUG,ADMIN,TXPOOL,PRIV,PERM,QBFT                          #
# RPC HTTP port: 8545                                                                              #
#                                                                                                  #
# Host:                                                                                            #
# Java: openjdk-java-17                                                                            #
# Maximum heap size: 1.86 GB                                                                       #
# OS: linux-x86_64                                                                                 #
# glibc: 2.35                                                                                      #
# jemalloc: 5.2.1-0-gea6b3e973b477b8061e0076bb257dbd7f3faa756                                      #
# Total memory: 7.45 GB                                                                            #
# CPU cores: 12                                                                                    #
#                                                                                                  #
####################################################################################################","throwable":""}
{"timestamp":"2024-10-25T19:19:13,131","container":"13aa705c10da","level":"INFO","thread":"main","class":"Besu","message":"Connecting to 8 static nodes.","throwable":""}
{"timestamp":"2024-10-25T19:19:13,132","container":"13aa705c10da","level":"INFO","thread":"main","class":"Besu","message":"Security Module: localfile","throwable":""}
{"timestamp":"2024-10-25T19:19:13,297","container":"13aa705c10da","level":"INFO","thread":"main","class":"Besu","message":"Using the native implementation of alt bn128","throwable":""}
{"timestamp":"2024-10-25T19:19:13,451","container":"13aa705c10da","level":"INFO","thread":"main","class":"Besu","message":"Using the native implementation of modexp","throwable":""}
{"timestamp":"2024-10-25T19:19:13,452","container":"13aa705c10da","level":"INFO","thread":"main","class":"Besu","message":"Using the native implementation of the signature algorithm","throwable":""}
{"timestamp":"2024-10-25T19:19:13,463","container":"13aa705c10da","level":"INFO","thread":"main","class":"Besu","message":"Using the native implementation of the blake2bf algorithm","throwable":""}
{"timestamp":"2024-10-25T19:19:13,561","container":"13aa705c10da","level":"INFO","thread":"main","class":"RocksDBKeyValueStorageFactory","message":"No existing database detected at /opt/besu/data. Using version 1","throwable":""}
{"timestamp":"2024-10-25T19:19:16,580","container":"13aa705c10da","level":"INFO","thread":"main","class":"KeyPairUtil","message":"Loaded public key 0x98496800174b3c73ae33cba59f8f5e686cd488f7897c2edb52e2cf46383d75cd03dbb58dde07185bc0953f98800ca9a89f4b5ef450c5e51292ea08ec6130ee0c from /opt/besu/keys/nodekey","throwable":""}
{"timestamp":"2024-10-25T19:19:16,602","container":"13aa705c10da","level":"WARN","thread":"main","class":"Besu","message":"Privacy is disabled. Cannot use EEA/PRIV API methods when not using Privacy.","throwable":""}
{"timestamp":"2024-10-25T19:19:17,237","container":"13aa705c10da","level":"INFO","thread":"main","class":"ProtocolScheduleBuilder","message":"Protocol schedule created with milestones: [GrayGlacier: 0]","throwable":""}
{"timestamp":"2024-10-25T19:19:17,825","container":"13aa705c10da","level":"INFO","thread":"main","class":"TransactionPoolFactory","message":"Enabling transaction pool","throwable":""}
{"timestamp":"2024-10-25T19:19:17,879","container":"13aa705c10da","level":"INFO","thread":"main","class":"BesuControllerBuilder","message":"TTD difficulty is not present, creating initial sync phase for PoW","throwable":""}
{"timestamp":"2024-10-25T19:19:18,189","container":"13aa705c10da","level":"INFO","thread":"main","class":"RunnerBuilder","message":"Detecting NAT service.","throwable":""}
{"timestamp":"2024-10-25T19:19:21,264","container":"13aa705c10da","level":"INFO","thread":"main","class":"Runner","message":"Starting external services ... ","throwable":""}
{"timestamp":"2024-10-25T19:19:21,274","container":"13aa705c10da","level":"INFO","thread":"main","class":"MetricsHttpService","message":"Starting metrics http service on 0.0.0.0:9545","throwable":""}
{"timestamp":"2024-10-25T19:19:21,862","container":"13aa705c10da","level":"INFO","thread":"vert.x-eventloop-thread-1","class":"MetricsHttpService","message":"Metrics service started and listening on 0.0.0.0:9545","throwable":""}
{"timestamp":"2024-10-25T19:19:21,866","container":"13aa705c10da","level":"INFO","thread":"main","class":"JsonRpcHttpService","message":"Starting JSON-RPC service on 0.0.0.0:8545","throwable":""}
{"timestamp":"2024-10-25T19:19:21,916","container":"13aa705c10da","level":"INFO","thread":"vert.x-eventloop-thread-1","class":"JsonRpcHttpService","message":"JSON-RPC service started and listening on 0.0.0.0:8545","throwable":""}
{"timestamp":"2024-10-25T19:19:21,920","container":"13aa705c10da","level":"INFO","thread":"main","class":"GraphQLHttpService","message":"Starting GraphQL HTTP service on 0.0.0.0:8547","throwable":""}
{"timestamp":"2024-10-25T19:19:21,929","container":"13aa705c10da","level":"INFO","thread":"vert.x-eventloop-thread-1","class":"GraphQLHttpService","message":"GraphQL HTTP service started and listening on 0.0.0.0:8547","throwable":""}
{"timestamp":"2024-10-25T19:19:21,933","container":"13aa705c10da","level":"INFO","thread":"main","class":"WebSocketService","message":"Starting Websocket service on 0.0.0.0:8546","throwable":""}
{"timestamp":"2024-10-25T19:19:21,943","container":"13aa705c10da","level":"INFO","thread":"vert.x-eventloop-thread-1","class":"WebSocketService","message":"Websocket service started and listening on 0.0.0.0:8546","throwable":""}
{"timestamp":"2024-10-25T19:19:21,951","container":"13aa705c10da","level":"INFO","thread":"main","class":"AutoTransactionLogBloomCachingService","message":"Starting auto transaction log bloom caching service.","throwable":""}
{"timestamp":"2024-10-25T19:19:21,955","container":"13aa705c10da","level":"INFO","thread":"main","class":"LogBloomCacheMetadata","message":"Lookup cache metadata file in data directory: /opt/besu/data/caches","throwable":""}
{"timestamp":"2024-10-25T19:19:22,018","container":"13aa705c10da","level":"INFO","thread":"main","class":"Runner","message":"Starting Ethereum main loop ... ","throwable":""}
{"timestamp":"2024-10-25T19:19:22,020","container":"13aa705c10da","level":"INFO","thread":"main","class":"DockerNatManager","message":"Starting docker NAT manager.","throwable":""}
{"timestamp":"2024-10-25T19:19:25,765","container":"13aa705c10da","level":"INFO","thread":"main","class":"NetworkRunner","message":"Starting Network.","throwable":""}
{"timestamp":"2024-10-25T19:19:25,785","container":"13aa705c10da","level":"INFO","thread":"nioEventLoopGroup-2-1","class":"RlpxAgent","message":"P2P RLPx agent started and listening on /[0:0:0:0:0:0:0:0]:30303.","throwable":""}
{"timestamp":"2024-10-25T19:19:25,786","container":"13aa705c10da","level":"INFO","thread":"main","class":"PeerDiscoveryAgent","message":"Starting peer discovery agent on host=0.0.0.0, port=30303","throwable":""}
{"timestamp":"2024-10-25T19:19:25,828","container":"13aa705c10da","level":"INFO","thread":"vert.x-eventloop-thread-1","class":"VertxPeerDiscoveryAgent","message":"Started peer discovery agent successfully, on effective host=0:0:0:0:0:0:0:0%0 and port=30303","throwable":""}
{"timestamp":"2024-10-25T19:19:25,832","container":"13aa705c10da","level":"INFO","thread":"vert.x-eventloop-thread-1","class":"PeerDiscoveryAgent","message":"P2P peer discovery agent started and listening on /[0:0:0:0:0:0:0:0%0]:30303","throwable":""}
{"timestamp":"2024-10-25T19:19:25,920","container":"13aa705c10da","level":"INFO","thread":"vert.x-eventloop-thread-1","class":"PeerDiscoveryAgent","message":"Writing node record to disk. NodeRecord{seq=1, publicKey=0x0298496800174b3c73ae33cba59f8f5e686cd488f7897c2edb52e2cf46383d75cd, udpAddress=Optional[/172.16.239.16:30303], tcpAddress=Optional[/172.16.239.16:30303], asBase64=-Je4QBJQRjOC_Q88ah_PcqgbBRCnzCwSIlKMo8Sea9gSqJKxO565s_BAl2GyahDZMmAJvjErSx2CnqY9r8n-zmJ5P6QBg2V0aMfGhMw13_-AgmlkgnY0gmlwhKwQ7xCJc2VjcDI1NmsxoQKYSWgAF0s8c64zy6Wfj15obNSI94l8LttS4s9GOD11zYN0Y3CCdl-DdWRwgnZf, nodeId=0xa1f75939c4a4d5c1c5241a1913a52aab892e1322e8b52506276363d4754c122e, customFields={tcp=30303, udp=30303, ip=0xac10ef10, eth=[[0xcc35dfff, 0x]], id=V4, secp256k1=0x0298496800174b3c73ae33cba59f8f5e686cd488f7897c2edb52e2cf46383d75cd}}","throwable":""}
{"timestamp":"2024-10-25T19:19:25,989","container":"13aa705c10da","level":"INFO","thread":"main","class":"DefaultP2PNetwork","message":"Enode URL enode://98496800174b3c73ae33cba59f8f5e686cd488f7897c2edb52e2cf46383d75cd03dbb58dde07185bc0953f98800ca9a89f4b5ef450c5e51292ea08ec6130ee0c@172.16.239.16:30303","throwable":""}
{"timestamp":"2024-10-25T19:19:25,990","container":"13aa705c10da","level":"INFO","thread":"main","class":"DefaultP2PNetwork","message":"Node address 0x13a52aab892e1322e8b52506276363d4754c122e","throwable":""}
{"timestamp":"2024-10-25T19:19:26,072","container":"13aa705c10da","level":"INFO","thread":"main","class":"NetworkRunner","message":"Supported capabilities: [eth/62, eth/63, eth/64, eth/65, eth/66, eth/67, eth/68], [istanbul/100], [snap/1]","throwable":""}
{"timestamp":"2024-10-25T19:19:26,072","container":"13aa705c10da","level":"INFO","thread":"main","class":"DefaultSynchronizer","message":"Starting synchronizer.","throwable":""}
{"timestamp":"2024-10-25T19:19:26,077","container":"13aa705c10da","level":"INFO","thread":"main","class":"TransactionPoolFactory","message":"Enabling transaction handling following initial sync","throwable":""}
{"timestamp":"2024-10-25T19:19:26,080","container":"13aa705c10da","level":"INFO","thread":"main","class":"FullSyncDownloader","message":"Starting full sync.","throwable":""}
{"timestamp":"2024-10-25T19:19:26,082","container":"13aa705c10da","level":"INFO","thread":"main","class":"FullSyncTargetManager","message":"Unable to find sync target. Currently checking 0 peers for usefulness","throwable":""}
{"timestamp":"2024-10-25T19:19:26,214","container":"13aa705c10da","level":"INFO","thread":"main","class":"Runner","message":"Ethereum main loop is up.","throwable":""}
{"timestamp":"2024-10-25T19:19:27,028","container":"13aa705c10da","level":"INFO","thread":"nioEventLoopGroup-3-4","class":"FullSyncTargetManager","message":"Unable to find sync target. Currently checking 4 peers for usefulness","throwable":""}
{"timestamp":"2024-10-25T19:19:27,248","container":"13aa705c10da","level":"INFO","thread":"nioEventLoopGroup-3-10","class":"FullSyncTargetManager","message":"Unable to find sync target. Currently checking 5 peers for usefulness","throwable":""}
{"timestamp":"2024-10-25T19:19:27,316","container":"13aa705c10da","level":"INFO","thread":"nioEventLoopGroup-3-9","class":"FullSyncTargetManager","message":"Unable to find sync target. Currently checking 6 peers for usefulness","throwable":""}
{"timestamp":"2024-10-25T19:19:27,397","container":"13aa705c10da","level":"INFO","thread":"nioEventLoopGroup-3-1","class":"FullSyncTargetManager","message":"Unable to find sync target. Currently checking 7 peers for usefulness","throwable":""}
{"timestamp":"2024-10-25T19:19:32,404","container":"13aa705c10da","level":"INFO","thread":"EthScheduler-Timer-0","class":"FullSyncTargetManager","message":"Unable to find sync target. Currently checking 7 peers for usefulness","throwable":""}
{"timestamp":"2024-10-25T19:19:35,906","container":"13aa705c10da","level":"INFO","thread":"EthScheduler-Workers-0","class":"PersistBlockTask","message":"Imported #1 / 0 tx / 0 om / 0 (0.0%) gas / (0x83011e0134ffce41446cc18a52ce449cb1935b797e0767562bc79ea56f47a3fd) in 0.043s. Peers: 7","throwable":""}
{"timestamp":"2024-10-25T19:19:37,407","container":"13aa705c10da","level":"INFO","thread":"EthScheduler-Timer-0","class":"FullSyncTargetManager","message":"Unable to find sync target. Currently checking 7 peers for usefulness","throwable":""}
{"timestamp":"2024-10-25T19:19:40,085","container":"13aa705c10da","level":"INFO","thread":"EthScheduler-Workers-0","class":"PersistBlockTask","message":"Imported #2 / 0 tx / 0 om / 0 (0.0%) gas / (0xb864a90b919ed62d3c03b8524c3b1bd8da23689600984e71623b67a62b10a6a6) in 0.008s. Peers: 7","throwable":""}
{"timestamp":"2024-10-25T19:19:45,080","container":"13aa705c10da","level":"INFO","thread":"EthScheduler-Workers-0","class":"PersistBlockTask","message":"Imported #3 / 0 tx / 0 om / 0 (0.0%) gas / (0x1a65af8a35ad8e552d7925c26f1fccc813e33d5d771925cf70bfe677de0543e8) in 0.006s. Peers: 7","throwable":""}
{"timestamp":"2024-10-25T19:19:50,087","container":"13aa705c10da","level":"INFO","thread":"EthScheduler-Workers-0","class":"PersistBlockTask","message":"Imported #4 / 0 tx / 0 om / 0 (0.0%) gas / (0xb05f3db5d19d98681d81a96666929b4458ce1c5bea4b1e783ad34f1c6071bb54) in 0.024s. Peers: 7","throwable":""}
{"timestamp":"2024-10-25T19:19:55,068","container":"13aa705c10da","level":"INFO","thread":"EthScheduler-Workers-0","class":"PersistBlockTask","message":"Imported #5 / 0 tx / 0 om / 0 (0.0%) gas / (0x63c23a4fa76694227ee2e7f508dde7c929217a2da07d5830853a393f5c0ff11d) in 0.006s. Peers: 7","throwable":""}
{"timestamp":"2024-10-25T19:20:00,078","container":"13aa705c10da","level":"INFO","thread":"EthScheduler-Workers-0","class":"PersistBlockTask","message":"Imported #6 / 0 tx / 0 om / 0 (0.0%) gas / (0x0137ac8dfbc4136001ec28e9d1fc62990c24d9c51cf4ead5ce536a891513e4e5) in 0.005s. Peers: 7","throwable":""}
{"timestamp":"2024-10-25T19:20:05,058","container":"13aa705c10da","level":"INFO","thread":"EthScheduler-Workers-0","class":"PersistBlockTask","message":"Imported #7 / 0 tx / 0 om / 0 (0.0%) gas / (0x1498a2f96ba06a8746e866e0acf597033d2f773e8e08fade0abcc10a4085aa26) in 0.004s. Peers: 7","throwable":""}
{"timestamp":"2024-10-25T19:20:10,056","container":"13aa705c10da","level":"INFO","thread":"EthScheduler-Workers-0","class":"PersistBlockTask","message":"Imported #8 / 0 tx / 0 om / 0 (0.0%) gas / (0x565bda9eff9247319ffbfb4591f19fd522cea5434856fba136d54a196903ed69) in 0.009s. Peers: 7","throwable":""}
{"timestamp":"2024-10-25T19:20:15,059","container":"13aa705c10da","level":"INFO","thread":"BftProcessorExecutor-QBFT-0","class":"BftProcessor","message":"Shutting down BFT event processor","throwable":""}
{"timestamp":"2024-10-25T19:20:15,063","container":"13aa705c10da","level":"INFO","thread":"BesuCommand-Shutdown-Hook","class":"DefaultSynchronizer","message":"Stopping synchronizer","throwable":""}
{"timestamp":"2024-10-25T19:20:15,078","container":"13aa705c10da","level":"INFO","thread":"BesuCommand-Shutdown-Hook","class":"NetworkRunner","message":"Stopping Network.","throwable":""}
{"timestamp":"2024-10-25T19:20:15,125","container":"13aa705c10da","level":"INFO","thread":"BesuCommand-Shutdown-Hook","class":"EthProtocolManager","message":"Stopping eth Subprotocol.","throwable":""}
{"timestamp":"2024-10-25T19:20:15,129","container":"13aa705c10da","level":"INFO","thread":"BesuCommand-Shutdown-Hook","class":"EthProtocolManager","message":"eth Subprotocol stopped.","throwable":""}
{"timestamp":"2024-10-25T19:20:15,129","container":"13aa705c10da","level":"INFO","thread":"BesuCommand-Shutdown-Hook","class":"NetworkRunner","message":"Network stopped.","throwable":""}
{"timestamp":"2024-10-25T19:20:15,130","container":"13aa705c10da","level":"INFO","thread":"BesuCommand-Shutdown-Hook","class":"AutoTransactionLogBloomCachingService","message":"Shutting down Auto transaction logs caching service.","throwable":""}
{"timestamp":"2024-10-25T19:20:15,133","container":"13aa705c10da","level":"INFO","thread":"BesuCommand-Shutdown-Hook","class":"DockerNatManager","message":"Stopping docker NAT manager.","throwable":""}
{"timestamp":"2024-10-25T19:29:22,145","container":"13aa705c10da","level":"INFO","thread":"main","class":"Besu","message":"Starting Besu","throwable":""}
{"timestamp":"2024-10-25T19:29:24,619","container":"13aa705c10da","level":"WARN","thread":"main","class":"Besu","message":"--min-gas-price has been ignored because --miner-enabled was not defined on the command line.","throwable":""}
{"timestamp":"2024-10-25T19:29:27,976","container":"13aa705c10da","level":"INFO","thread":"main","class":"Besu","message":"
####################################################################################################
#                                                                                                  #
# Besu version 23.4.1                                                                              #
#                                                                                                  #
# Configuration:                                                                                   #
# Network: Custom genesis file specified                                                           #
# Network Id: 1337                                                                                 #
# Data storage: Forest                                                                             #
# Sync mode: Full                                                                                  #
# RPC HTTP APIs: EEA,WEB3,ETH,NET,TRACE,DEBUG,ADMIN,TXPOOL,PRIV,PERM,QBFT                          #
# RPC HTTP port: 8545                                                                              #
#                                                                                                  #
# Host:                                                                                            #
# Java: openjdk-java-17                                                                            #
# Maximum heap size: 1.86 GB                                                                       #
# OS: linux-x86_64                                                                                 #
# glibc: 2.35                                                                                      #
# jemalloc: 5.2.1-0-gea6b3e973b477b8061e0076bb257dbd7f3faa756                                      #
# Total memory: 7.45 GB                                                                            #
# CPU cores: 12                                                                                    #
#                                                                                                  #
####################################################################################################","throwable":""}
{"timestamp":"2024-10-25T19:29:27,992","container":"13aa705c10da","level":"INFO","thread":"main","class":"Besu","message":"Connecting to 8 static nodes.","throwable":""}
{"timestamp":"2024-10-25T19:29:27,993","container":"13aa705c10da","level":"INFO","thread":"main","class":"Besu","message":"Security Module: localfile","throwable":""}
{"timestamp":"2024-10-25T19:29:28,385","container":"13aa705c10da","level":"INFO","thread":"main","class":"Besu","message":"Using the native implementation of alt bn128","throwable":""}
{"timestamp":"2024-10-25T19:29:28,758","container":"13aa705c10da","level":"INFO","thread":"main","class":"Besu","message":"Using the native implementation of modexp","throwable":""}
{"timestamp":"2024-10-25T19:29:28,758","container":"13aa705c10da","level":"INFO","thread":"main","class":"Besu","message":"Using the native implementation of the signature algorithm","throwable":""}
{"timestamp":"2024-10-25T19:29:28,767","container":"13aa705c10da","level":"INFO","thread":"main","class":"Besu","message":"Using the native implementation of the blake2bf algorithm","throwable":""}
{"timestamp":"2024-10-25T19:29:28,805","container":"13aa705c10da","level":"INFO","thread":"main","class":"DatabaseMetadata","message":"Lookup database metadata file in data directory: /opt/besu/data","throwable":""}
{"timestamp":"2024-10-25T19:29:29,092","container":"13aa705c10da","level":"INFO","thread":"main","class":"RocksDBKeyValueStorageFactory","message":"Existing database detected at /opt/besu/data. Version 1. Compacting database...","throwable":""}
{"timestamp":"2024-10-25T19:29:32,714","container":"13aa705c10da","level":"INFO","thread":"main","class":"KeyPairUtil","message":"Loaded public key 0x98496800174b3c73ae33cba59f8f5e686cd488f7897c2edb52e2cf46383d75cd03dbb58dde07185bc0953f98800ca9a89f4b5ef450c5e51292ea08ec6130ee0c from /opt/besu/keys/nodekey","throwable":""}
{"timestamp":"2024-10-25T19:29:32,761","container":"13aa705c10da","level":"WARN","thread":"main","class":"Besu","message":"Privacy is disabled. Cannot use EEA/PRIV API methods when not using Privacy.","throwable":""}
{"timestamp":"2024-10-25T19:29:33,623","container":"13aa705c10da","level":"INFO","thread":"main","class":"ProtocolScheduleBuilder","message":"Protocol schedule created with milestones: [GrayGlacier: 0]","throwable":""}
{"timestamp":"2024-10-25T19:29:34,378","container":"13aa705c10da","level":"INFO","thread":"main","class":"TransactionPoolFactory","message":"Enabling transaction pool","throwable":""}
{"timestamp":"2024-10-25T19:29:34,503","container":"13aa705c10da","level":"INFO","thread":"main","class":"BesuControllerBuilder","message":"TTD difficulty is not present, creating initial sync phase for PoW","throwable":""}
{"timestamp":"2024-10-25T19:29:34,806","container":"13aa705c10da","level":"INFO","thread":"main","class":"RunnerBuilder","message":"Detecting NAT service.","throwable":""}
{"timestamp":"2024-10-25T19:29:36,980","container":"13aa705c10da","level":"INFO","thread":"main","class":"Runner","message":"Starting external services ... ","throwable":""}
{"timestamp":"2024-10-25T19:29:36,982","container":"13aa705c10da","level":"INFO","thread":"main","class":"MetricsHttpService","message":"Starting metrics http service on 0.0.0.0:9545","throwable":""}
{"timestamp":"2024-10-25T19:29:37,350","container":"13aa705c10da","level":"INFO","thread":"main","class":"JsonRpcHttpService","message":"Starting JSON-RPC service on 0.0.0.0:8545","throwable":""}
{"timestamp":"2024-10-25T19:29:37,356","container":"13aa705c10da","level":"INFO","thread":"vert.x-eventloop-thread-1","class":"MetricsHttpService","message":"Metrics service started and listening on 0.0.0.0:9545","throwable":""}
{"timestamp":"2024-10-25T19:29:37,402","container":"13aa705c10da","level":"INFO","thread":"vert.x-eventloop-thread-1","class":"JsonRpcHttpService","message":"JSON-RPC service started and listening on 0.0.0.0:8545","throwable":""}
{"timestamp":"2024-10-25T19:29:37,406","container":"13aa705c10da","level":"INFO","thread":"main","class":"GraphQLHttpService","message":"Starting GraphQL HTTP service on 0.0.0.0:8547","throwable":""}
{"timestamp":"2024-10-25T19:29:37,411","container":"13aa705c10da","level":"INFO","thread":"vert.x-eventloop-thread-1","class":"GraphQLHttpService","message":"GraphQL HTTP service started and listening on 0.0.0.0:8547","throwable":""}
{"timestamp":"2024-10-25T19:29:37,413","container":"13aa705c10da","level":"INFO","thread":"main","class":"WebSocketService","message":"Starting Websocket service on 0.0.0.0:8546","throwable":""}
{"timestamp":"2024-10-25T19:29:37,426","container":"13aa705c10da","level":"INFO","thread":"vert.x-eventloop-thread-1","class":"WebSocketService","message":"Websocket service started and listening on 0.0.0.0:8546","throwable":""}
{"timestamp":"2024-10-25T19:29:37,435","container":"13aa705c10da","level":"INFO","thread":"main","class":"AutoTransactionLogBloomCachingService","message":"Starting auto transaction log bloom caching service.","throwable":""}
{"timestamp":"2024-10-25T19:29:37,437","container":"13aa705c10da","level":"INFO","thread":"main","class":"LogBloomCacheMetadata","message":"Lookup cache metadata file in data directory: /opt/besu/data/caches","throwable":""}
{"timestamp":"2024-10-25T19:29:37,479","container":"13aa705c10da","level":"INFO","thread":"main","class":"Runner","message":"Starting Ethereum main loop ... ","throwable":""}
{"timestamp":"2024-10-25T19:29:37,481","container":"13aa705c10da","level":"INFO","thread":"main","class":"DockerNatManager","message":"Starting docker NAT manager.","throwable":""}
{"timestamp":"2024-10-25T19:29:41,217","container":"13aa705c10da","level":"INFO","thread":"main","class":"NetworkRunner","message":"Starting Network.","throwable":""}
{"timestamp":"2024-10-25T19:29:41,234","container":"13aa705c10da","level":"INFO","thread":"nioEventLoopGroup-2-1","class":"RlpxAgent","message":"P2P RLPx agent started and listening on /[0:0:0:0:0:0:0:0]:30303.","throwable":""}
{"timestamp":"2024-10-25T19:29:41,236","container":"13aa705c10da","level":"INFO","thread":"main","class":"PeerDiscoveryAgent","message":"Starting peer discovery agent on host=0.0.0.0, port=30303","throwable":""}
{"timestamp":"2024-10-25T19:29:41,259","container":"13aa705c10da","level":"INFO","thread":"vert.x-eventloop-thread-1","class":"VertxPeerDiscoveryAgent","message":"Started peer discovery agent successfully, on effective host=0:0:0:0:0:0:0:0%0 and port=30303","throwable":""}
{"timestamp":"2024-10-25T19:29:41,261","container":"13aa705c10da","level":"INFO","thread":"vert.x-eventloop-thread-1","class":"PeerDiscoveryAgent","message":"P2P peer discovery agent started and listening on /[0:0:0:0:0:0:0:0%0]:30303","throwable":""}
{"timestamp":"2024-10-25T19:29:41,311","container":"13aa705c10da","level":"INFO","thread":"vert.x-eventloop-thread-1","class":"PeerDiscoveryAgent","message":"Writing node record to disk. NodeRecord{seq=2, publicKey=0x0298496800174b3c73ae33cba59f8f5e686cd488f7897c2edb52e2cf46383d75cd, udpAddress=Optional[/172.16.239.16:30303], tcpAddress=Optional[/172.16.239.16:30303], asBase64=-Je4QGVm1hr312-9BOvOqzWPqrYBgSYXPxO-D8atquy6ZDScZeOO4JmCnbkIhb-HxFHuXa2KoIZGKnpbQXAF1KiB8_4Cg2V0aMfGhMw13_-AgmlkgnY0gmlwhKwQ7xCJc2VjcDI1NmsxoQKYSWgAF0s8c64zy6Wfj15obNSI94l8LttS4s9GOD11zYN0Y3CCdl-DdWRwgnZf, nodeId=0xa1f75939c4a4d5c1c5241a1913a52aab892e1322e8b52506276363d4754c122e, customFields={tcp=30303, udp=30303, ip=0xac10ef10, eth=[[0xcc35dfff, 0x]], id=V4, secp256k1=0x0298496800174b3c73ae33cba59f8f5e686cd488f7897c2edb52e2cf46383d75cd}}","throwable":""}
{"timestamp":"2024-10-25T19:29:41,362","container":"13aa705c10da","level":"INFO","thread":"main","class":"DefaultP2PNetwork","message":"Enode URL enode://98496800174b3c73ae33cba59f8f5e686cd488f7897c2edb52e2cf46383d75cd03dbb58dde07185bc0953f98800ca9a89f4b5ef450c5e51292ea08ec6130ee0c@172.16.239.16:30303","throwable":""}
{"timestamp":"2024-10-25T19:29:41,363","container":"13aa705c10da","level":"INFO","thread":"main","class":"DefaultP2PNetwork","message":"Node address 0x13a52aab892e1322e8b52506276363d4754c122e","throwable":""}
{"timestamp":"2024-10-25T19:29:41,393","container":"13aa705c10da","level":"INFO","thread":"main","class":"NetworkRunner","message":"Supported capabilities: [eth/62, eth/63, eth/64, eth/65, eth/66, eth/67, eth/68], [istanbul/100], [snap/1]","throwable":""}
{"timestamp":"2024-10-25T19:29:41,393","container":"13aa705c10da","level":"INFO","thread":"main","class":"DefaultSynchronizer","message":"Starting synchronizer.","throwable":""}
{"timestamp":"2024-10-25T19:29:41,396","container":"13aa705c10da","level":"INFO","thread":"main","class":"TransactionPoolFactory","message":"Enabling transaction handling following initial sync","throwable":""}
{"timestamp":"2024-10-25T19:29:41,398","container":"13aa705c10da","level":"INFO","thread":"main","class":"FullSyncDownloader","message":"Starting full sync.","throwable":""}
{"timestamp":"2024-10-25T19:29:41,399","container":"13aa705c10da","level":"INFO","thread":"main","class":"FullSyncTargetManager","message":"Unable to find sync target. Currently checking 0 peers for usefulness","throwable":""}
{"timestamp":"2024-10-25T19:29:41,451","container":"13aa705c10da","level":"INFO","thread":"main","class":"Runner","message":"Ethereum main loop is up.","throwable":""}
{"timestamp":"2024-10-25T19:29:41,730","container":"13aa705c10da","level":"INFO","thread":"nioEventLoopGroup-3-2","class":"FullSyncTargetManager","message":"Unable to find sync target. Currently checking 2 peers for usefulness","throwable":""}
{"timestamp":"2024-10-25T19:29:52,005","container":"13aa705c10da","level":"INFO","thread":"EthScheduler-Workers-0","class":"PersistBlockTask","message":"Imported #9 / 0 tx / 0 om / 0 (0.0%) gas / (0x94fb47a468d9fb99f6aa9bbbbd94b48d242c14643b3fcead1b2cdc406d02d08e) in 0.058s. Peers: 7","throwable":""}
{"timestamp":"2024-10-25T19:29:56,116","container":"13aa705c10da","level":"INFO","thread":"EthScheduler-Workers-0","class":"PersistBlockTask","message":"Imported #10 / 0 tx / 0 om / 0 (0.0%) gas / (0x0973a8d32312d05380a857bd064ca939fd176b865c8ebb9cf1bea0b7343b8978) in 0.007s. Peers: 7","throwable":""}
{"timestamp":"2024-10-25T19:30:01,084","container":"13aa705c10da","level":"INFO","thread":"EthScheduler-Workers-0","class":"PersistBlockTask","message":"Imported #11 / 0 tx / 0 om / 0 (0.0%) gas / (0x1adfba585e761d4f10a2dac43e6a2d485c45673be80812b31e09982db3af9856) in 0.006s. Peers: 7","throwable":""}
{"timestamp":"2024-10-25T19:30:06,073","container":"13aa705c10da","level":"INFO","thread":"EthScheduler-Workers-0","class":"PersistBlockTask","message":"Imported #12 / 0 tx / 0 om / 0 (0.0%) gas / (0x9656cbab1bb8e3a3d986ce33d3372436d2717b755f2b8de757dc34c84afdb0f5) in 0.007s. Peers: 7","throwable":""}
{"timestamp":"2024-10-25T19:30:11,063","container":"13aa705c10da","level":"INFO","thread":"EthScheduler-Workers-0","class":"PersistBlockTask","message":"Imported #13 / 0 tx / 0 om / 0 (0.0%) gas / (0xf3e0418b400a8d73ba0303bcc098f01418f029e3f61db6ec9c6956ae851f9800) in 0.008s. Peers: 7","throwable":""}
{"timestamp":"2024-10-25T19:30:16,053","container":"13aa705c10da","level":"INFO","thread":"EthScheduler-Workers-0","class":"PersistBlockTask","message":"Imported #14 / 0 tx / 0 om / 0 (0.0%) gas / (0xce09c2db6c3ffc38d6d5d0bad05dfb66e20aacb1121fd1b76f48fd9ca0b1365f) in 0.006s. Peers: 7","throwable":""}
{"timestamp":"2024-10-25T19:30:21,103","container":"13aa705c10da","level":"INFO","thread":"EthScheduler-Workers-0","class":"PersistBlockTask","message":"Imported #15 / 0 tx / 0 om / 0 (0.0%) gas / (0xd0a6c558aed3c7f84bda0405b6daad4346a5cc9fed3d0f108f50ab28d793ad12) in 0.025s. Peers: 7","throwable":""}
{"timestamp":"2024-10-25T19:30:26,074","container":"13aa705c10da","level":"INFO","thread":"EthScheduler-Workers-0","class":"PersistBlockTask","message":"Imported #16 / 0 tx / 0 om / 0 (0.0%) gas / (0x24758a41578d07329e3aa488e177074c44defd3ee2aae7e6d81206868459cee4) in 0.004s. Peers: 7","throwable":""}
{"timestamp":"2024-10-25T19:30:31,064","container":"13aa705c10da","level":"INFO","thread":"EthScheduler-Workers-0","class":"PersistBlockTask","message":"Imported #17 / 0 tx / 0 om / 0 (0.0%) gas / (0x31b35909ddb2125f45d4359212be0a07e1acb3be38386cceb17a870721601e55) in 0.015s. Peers: 7","throwable":""}
{"timestamp":"2024-10-25T19:30:36,065","container":"13aa705c10da","level":"INFO","thread":"EthScheduler-Workers-0","class":"PersistBlockTask","message":"Imported #18 / 0 tx / 0 om / 0 (0.0%) gas / (0x7393e813d2b8541d9a8fc31cd7089b96b971f180e802ae9688b94e0ad3885d2b) in 0.012s. Peers: 7","throwable":""}
{"timestamp":"2024-10-25T19:30:41,063","container":"13aa705c10da","level":"INFO","thread":"EthScheduler-Workers-0","class":"PersistBlockTask","message":"Imported #19 / 0 tx / 0 om / 0 (0.0%) gas / (0xa9af933b980103c81088b4ceaa608d606bb35f9c0a02834ff27acc33f653b11d) in 0.004s. Peers: 7","throwable":""}
{"timestamp":"2024-10-25T19:30:46,067","container":"13aa705c10da","level":"INFO","thread":"EthScheduler-Workers-0","class":"PersistBlockTask","message":"Imported #20 / 0 tx / 0 om / 0 (0.0%) gas / (0x67a17f87f75b45dc0c0a4d9b7218477b816a881f507cad7bd572c46941582b08) in 0.012s. Peers: 7","throwable":""}
{"timestamp":"2024-10-25T19:30:51,049","container":"13aa705c10da","level":"INFO","thread":"EthScheduler-Workers-0","class":"PersistBlockTask","message":"Imported #21 / 0 tx / 0 om / 0 (0.0%) gas / (0x56f94ef4de4c4c5edf03c0235c942205b52551b1817f9fdf186fd627767a00ff) in 0.005s. Peers: 7","throwable":""}
{"timestamp":"2024-10-25T19:30:56,093","container":"13aa705c10da","level":"INFO","thread":"EthScheduler-Workers-0","class":"PersistBlockTask","message":"Imported #22 / 0 tx / 0 om / 0 (0.0%) gas / (0x1aa0ea4e34249a8adc9c7e8e294c4e3ce01d2c88a916dcc20a41250c44f7872e) in 0.015s. Peers: 7","throwable":""}
{"timestamp":"2024-10-25T19:31:01,051","container":"13aa705c10da","level":"INFO","thread":"EthScheduler-Workers-0","class":"PersistBlockTask","message":"Imported #23 / 0 tx / 0 om / 0 (0.0%) gas / (0xf17fa443ff3ae65f8749fedcdbee8b7cc6ffeac0248b361ec36bd0b78f46adf9) in 0.011s. Peers: 7","throwable":""}
{"timestamp":"2024-10-25T19:31:06,045","container":"13aa705c10da","level":"INFO","thread":"EthScheduler-Workers-0","class":"PersistBlockTask","message":"Imported #24 / 0 tx / 0 om / 0 (0.0%) gas / (0x6cf72ae32ff70bce6db6e729c39e107bf209895981091e83bb8f75341c9265b7) in 0.005s. Peers: 7","throwable":""}
{"timestamp":"2024-10-25T19:31:11,050","container":"13aa705c10da","level":"INFO","thread":"EthScheduler-Workers-0","class":"PersistBlockTask","message":"Imported #25 / 0 tx / 0 om / 0 (0.0%) gas / (0xa84450a57223bb20b5bbaf1c034e5cf3803058240502eb3bc61b13044a0e80d3) in 0.006s. Peers: 7","throwable":""}
{"timestamp":"2024-10-25T19:31:16,042","container":"13aa705c10da","level":"INFO","thread":"EthScheduler-Workers-0","class":"PersistBlockTask","message":"Imported #26 / 0 tx / 0 om / 0 (0.0%) gas / (0x45215d0dc96703601dd57ea58a42516db388b3ec995cce39c19aa0d84c3df798) in 0.004s. Peers: 7","throwable":""}
{"timestamp":"2024-10-25T19:31:21,062","container":"13aa705c10da","level":"INFO","thread":"EthScheduler-Workers-0","class":"PersistBlockTask","message":"Imported #27 / 0 tx / 0 om / 0 (0.0%) gas / (0xf4c258ad1a50d575e8976cb739cbc19ff3fcd29ff09d17aad9a2f5b4992e4814) in 0.006s. Peers: 7","throwable":""}
{"timestamp":"2024-10-25T19:31:26,048","container":"13aa705c10da","level":"INFO","thread":"EthScheduler-Workers-0","class":"PersistBlockTask","message":"Imported #28 / 0 tx / 0 om / 0 (0.0%) gas / (0xd1718c50775e0029f302c051e2e0302ecaeb59493b426719ab4364c4a75a430f) in 0.004s. Peers: 7","throwable":""}
{"timestamp":"2024-10-25T19:31:31,060","container":"13aa705c10da","level":"INFO","thread":"EthScheduler-Workers-0","class":"PersistBlockTask","message":"Imported #29 / 0 tx / 0 om / 0 (0.0%) gas / (0xb71969a6847bfdfb8b8324c90d5a063c089c317c1d7218fbe84bca9813bcbf61) in 0.013s. Peers: 7","throwable":""}
{"timestamp":"2024-10-25T19:31:36,074","container":"13aa705c10da","level":"INFO","thread":"EthScheduler-Workers-0","class":"PersistBlockTask","message":"Imported #30 / 0 tx / 0 om / 0 (0.0%) gas / (0x7a1f2dca197a8aebf8a4a18737993273b40ad9f0daea4098ef69d858db6b2a22) in 0.016s. Peers: 7","throwable":""}
{"timestamp":"2024-10-25T19:31:41,041","container":"13aa705c10da","level":"INFO","thread":"EthScheduler-Workers-0","class":"PersistBlockTask","message":"Imported #31 / 0 tx / 0 om / 0 (0.0%) gas / (0x91e8328202ffbc41ca7ffea0bb204555ec448fd6d6d642a43ea8a6af3c580094) in 0.005s. Peers: 7","throwable":""}
{"timestamp":"2024-10-25T19:31:46,065","container":"13aa705c10da","level":"INFO","thread":"EthScheduler-Workers-0","class":"PersistBlockTask","message":"Imported #32 / 0 tx / 0 om / 0 (0.0%) gas / (0x451ddb02edbf24feb34c42ec07604a45453f9d136cc24027737e1f5cd2ccf5bf) in 0.015s. Peers: 7","throwable":""}
{"timestamp":"2024-10-25T19:31:51,042","container":"13aa705c10da","level":"INFO","thread":"EthScheduler-Workers-0","class":"PersistBlockTask","message":"Imported #33 / 0 tx / 0 om / 0 (0.0%) gas / (0x6619671c757a9c08a3863c39c41387cb4c6e0cc8eb600cd658c9f4edc843ce7a) in 0.004s. Peers: 7","throwable":""}
{"timestamp":"2024-10-25T19:31:56,051","container":"13aa705c10da","level":"INFO","thread":"EthScheduler-Workers-0","class":"PersistBlockTask","message":"Imported #34 / 0 tx / 0 om / 0 (0.0%) gas / (0xacfac81a57746928a7fbe5308f08559e88b4211015170a572959cf0f30cfbf6f) in 0.008s. Peers: 7","throwable":""}
{"timestamp":"2024-10-25T19:32:01,062","container":"13aa705c10da","level":"INFO","thread":"EthScheduler-Workers-0","class":"PersistBlockTask","message":"Imported #35 / 0 tx / 0 om / 0 (0.0%) gas / (0x9722416ac032f9cccdb05e201898420f1fa283e522c02363564741ce68368b40) in 0.021s. Peers: 7","throwable":""}
{"timestamp":"2024-10-25T19:32:06,053","container":"13aa705c10da","level":"INFO","thread":"EthScheduler-Workers-0","class":"PersistBlockTask","message":"Imported #36 / 0 tx / 0 om / 0 (0.0%) gas / (0x1ae90270102f406768bb8593d2061a89a3434f1a80c5b4271baf747aceac3d33) in 0.004s. Peers: 7","throwable":""}
{"timestamp":"2024-10-25T19:32:11,050","container":"13aa705c10da","level":"INFO","thread":"EthScheduler-Workers-0","class":"PersistBlockTask","message":"Imported #37 / 0 tx / 0 om / 0 (0.0%) gas / (0xd796fa6699b9d4f842a322f849be4a67fad6e11fe645b8367186e76caa9cfdd3) in 0.004s. Peers: 7","throwable":""}
{"timestamp":"2024-10-25T19:32:16,038","container":"13aa705c10da","level":"INFO","thread":"EthScheduler-Workers-0","class":"PersistBlockTask","message":"Imported #38 / 0 tx / 0 om / 0 (0.0%) gas / (0xfa24124ccb0e101b7135fcc0002982e294d2fd621bafb0d4a885788246db5767) in 0.007s. Peers: 7","throwable":""}
{"timestamp":"2024-10-25T19:32:21,031","container":"13aa705c10da","level":"INFO","thread":"EthScheduler-Workers-0","class":"PersistBlockTask","message":"Imported #39 / 0 tx / 0 om / 0 (0.0%) gas / (0x673936143032bc9f142692038c8ac300745f8ac35b32dea267cdfb9d3e0bbe67) in 0.005s. Peers: 7","throwable":""}
{"timestamp":"2024-10-25T19:32:26,061","container":"13aa705c10da","level":"INFO","thread":"EthScheduler-Workers-0","class":"PersistBlockTask","message":"Imported #40 / 0 tx / 0 om / 0 (0.0%) gas / (0x129016a58ca0231e405471464fd40de0186a2be16334517ab3b5e170222a52d9) in 0.013s. Peers: 7","throwable":""}
{"timestamp":"2024-10-25T19:32:31,034","container":"13aa705c10da","level":"INFO","thread":"EthScheduler-Workers-0","class":"PersistBlockTask","message":"Imported #41 / 0 tx / 0 om / 0 (0.0%) gas / (0xcc438528a6ed648207d8117b55bd1288c288abc32264755b1f4ce96e422d9a85) in 0.006s. Peers: 7","throwable":""}
{"timestamp":"2024-10-25T19:32:36,057","container":"13aa705c10da","level":"INFO","thread":"EthScheduler-Workers-0","class":"PersistBlockTask","message":"Imported #42 / 0 tx / 0 om / 0 (0.0%) gas / (0x0bfe8d535e8ca5c78df6e73f5d9b2a44927448a88a8a9408af30c4bfc3b9ca4c) in 0.005s. Peers: 7","throwable":""}
{"timestamp":"2024-10-25T19:32:41,037","container":"13aa705c10da","level":"INFO","thread":"EthScheduler-Workers-0","class":"PersistBlockTask","message":"Imported #43 / 0 tx / 0 om / 0 (0.0%) gas / (0xa2feace8c49f679385d2c90e9e1b86d878ffcfa4758955915a96e7afad621af4) in 0.006s. Peers: 7","throwable":""}
{"timestamp":"2024-10-25T19:32:46,050","container":"13aa705c10da","level":"INFO","thread":"EthScheduler-Workers-0","class":"PersistBlockTask","message":"Imported #44 / 0 tx / 0 om / 0 (0.0%) gas / (0x37a62443692e79eb459d3f7d7ebf0c052f7850756bc88fb9bb2db40814399581) in 0.005s. Peers: 7","throwable":""}
{"timestamp":"2024-10-25T19:32:51,111","container":"13aa705c10da","level":"INFO","thread":"EthScheduler-Workers-0","class":"PersistBlockTask","message":"Imported #45 / 0 tx / 0 om / 0 (0.0%) gas / (0x2d57f25e0d591f01a66ba7d19a05fc3fbe9889900f818f99a8712214a5d34a99) in 0.053s. Peers: 7","throwable":""}
{"timestamp":"2024-10-25T19:32:56,075","container":"13aa705c10da","level":"INFO","thread":"EthScheduler-Workers-0","class":"PersistBlockTask","message":"Imported #46 / 0 tx / 0 om / 0 (0.0%) gas / (0x79012882618e19cca019c134aeb67fccde6b721f04f21ab0f0e3ef4bb1aa48a6) in 0.005s. Peers: 7","throwable":""}
{"timestamp":"2024-10-25T19:33:01,055","container":"13aa705c10da","level":"INFO","thread":"EthScheduler-Workers-0","class":"PersistBlockTask","message":"Imported #47 / 0 tx / 0 om / 0 (0.0%) gas / (0xa2f14a4f4bbbcb5d20a3a27b595ad860d24fc92b96031f26e8e32590a04f9767) in 0.013s. Peers: 7","throwable":""}
{"timestamp":"2024-10-25T19:33:06,038","container":"13aa705c10da","level":"INFO","thread":"EthScheduler-Workers-0","class":"PersistBlockTask","message":"Imported #48 / 0 tx / 0 om / 0 (0.0%) gas / (0x4a9a2542616f93a66bdf42d2bc7b3f4350c5d93e8769178c5f142b274ee336ab) in 0.004s. Peers: 7","throwable":""}
{"timestamp":"2024-10-25T19:33:11,039","container":"13aa705c10da","level":"INFO","thread":"EthScheduler-Workers-0","class":"PersistBlockTask","message":"Imported #49 / 0 tx / 0 om / 0 (0.0%) gas / (0xe00d71f1df893cbef07898e93095d76bfd70b11a2ee9dcde1599c384ad5402b7) in 0.004s. Peers: 7","throwable":""}
{"timestamp":"2024-10-25T19:33:16,048","container":"13aa705c10da","level":"INFO","thread":"EthScheduler-Workers-0","class":"PersistBlockTask","message":"Imported #50 / 0 tx / 0 om / 0 (0.0%) gas / (0x09b7b832a6f7eac5f178ee82b8b4f8497f8ff465b4731c79973e48752313b936) in 0.011s. Peers: 7","throwable":""}
{"timestamp":"2024-10-25T19:33:21,051","container":"13aa705c10da","level":"INFO","thread":"EthScheduler-Workers-0","class":"PersistBlockTask","message":"Imported #51 / 0 tx / 0 om / 0 (0.0%) gas / (0x4a7538e557143997d6cfaf278ada250dba324a1e48b32afe08a3b983668bb069) in 0.010s. Peers: 7","throwable":""}
{"timestamp":"2024-10-25T19:33:26,040","container":"13aa705c10da","level":"INFO","thread":"EthScheduler-Workers-0","class":"PersistBlockTask","message":"Imported #52 / 0 tx / 0 om / 0 (0.0%) gas / (0x45783d7e8fe64211dc04ecd1265b129abd5121a61f0e36d10ec97348e906bc89) in 0.004s. Peers: 7","throwable":""}
{"timestamp":"2024-10-25T19:33:31,043","container":"13aa705c10da","level":"INFO","thread":"EthScheduler-Workers-0","class":"PersistBlockTask","message":"Imported #53 / 0 tx / 0 om / 0 (0.0%) gas / (0x1d5fc9634aa758328d41bfbaee565bb0232cb4f7770d9a462abd041271dabdb4) in 0.015s. Peers: 7","throwable":""}
{"timestamp":"2024-10-25T19:33:36,051","container":"13aa705c10da","level":"INFO","thread":"EthScheduler-Workers-0","class":"PersistBlockTask","message":"Imported #54 / 0 tx / 0 om / 0 (0.0%) gas / (0x70eea450b87ac9f93a52ac37e1c1a702bdcea33e97025968deee2683fcbb7b0d) in 0.014s. Peers: 7","throwable":""}
{"timestamp":"2024-10-25T19:33:41,033","container":"13aa705c10da","level":"INFO","thread":"EthScheduler-Workers-0","class":"PersistBlockTask","message":"Imported #55 / 0 tx / 0 om / 0 (0.0%) gas / (0xfccad874e7489ff007745fe959da92b660057f4a70beb19ba08389bb76c6b873) in 0.006s. Peers: 7","throwable":""}
{"timestamp":"2024-10-25T19:33:46,045","container":"13aa705c10da","level":"INFO","thread":"EthScheduler-Workers-0","class":"PersistBlockTask","message":"Imported #56 / 0 tx / 0 om / 0 (0.0%) gas / (0x0c9cb5d857f95a133d8dc8523b57198b79b8acbbedbbb60d601117c14d8d2514) in 0.012s. Peers: 7","throwable":""}
{"timestamp":"2024-10-25T19:33:51,041","container":"13aa705c10da","level":"INFO","thread":"EthScheduler-Workers-0","class":"PersistBlockTask","message":"Imported #57 / 0 tx / 0 om / 0 (0.0%) gas / (0x27dc4bfa94d36c4bf301fb26bcb5ca6ec98c4b0fb0445415d7d83662d1e2824f) in 0.011s. Peers: 7","throwable":""}
{"timestamp":"2024-10-25T19:33:56,043","container":"13aa705c10da","level":"INFO","thread":"EthScheduler-Workers-0","class":"PersistBlockTask","message":"Imported #58 / 0 tx / 0 om / 0 (0.0%) gas / (0x114cdf4bf3a46713b51233a488a3986d7373fea6ce56816b97816860966eb6ee) in 0.011s. Peers: 7","throwable":""}
{"timestamp":"2024-10-25T19:34:01,032","container":"13aa705c10da","level":"INFO","thread":"EthScheduler-Workers-0","class":"PersistBlockTask","message":"Imported #59 / 0 tx / 0 om / 0 (0.0%) gas / (0x0fac3b611fa155fa57dcce5a0a0338c1330535f7d5757722a22c9b4dc6c133be) in 0.004s. Peers: 7","throwable":""}
{"timestamp":"2024-10-25T19:34:06,033","container":"13aa705c10da","level":"INFO","thread":"EthScheduler-Workers-0","class":"PersistBlockTask","message":"Imported #60 / 0 tx / 0 om / 0 (0.0%) gas / (0x753236c845dd490460324047b0821bf90781e86a480ba486501c3248e33b796f) in 0.004s. Peers: 7","throwable":""}
{"timestamp":"2024-10-25T19:34:11,033","container":"13aa705c10da","level":"INFO","thread":"EthScheduler-Workers-0","class":"PersistBlockTask","message":"Imported #61 / 0 tx / 0 om / 0 (0.0%) gas / (0xab9ec1a62f5195afff8311de39613c9f7ad794b1b49db5e226ed48a89d95200a) in 0.005s. Peers: 7","throwable":""}
{"timestamp":"2024-10-25T19:34:16,058","container":"13aa705c10da","level":"INFO","thread":"EthScheduler-Workers-0","class":"PersistBlockTask","message":"Imported #62 / 0 tx / 0 om / 0 (0.0%) gas / (0x0649219ca3512f3af443b4720a029b6059ce1bf0249cf0ff3993f7eb072aa1c3) in 0.024s. Peers: 7","throwable":""}
{"timestamp":"2024-10-25T19:34:21,024","container":"13aa705c10da","level":"INFO","thread":"EthScheduler-Workers-0","class":"PersistBlockTask","message":"Imported #63 / 0 tx / 0 om / 0 (0.0%) gas / (0x617ba9c5808adc872d30a0b4dbcf0f7cc0754cb465daa9238f2ec2e6f0cd6475) in 0.004s. Peers: 7","throwable":""}
{"timestamp":"2024-10-25T19:34:26,028","container":"13aa705c10da","level":"INFO","thread":"EthScheduler-Workers-0","class":"PersistBlockTask","message":"Imported #64 / 0 tx / 0 om / 0 (0.0%) gas / (0x56fe389889b8ebd073014ae676cc7ec00a4fe804562c7cff068ef305e078baa0) in 0.004s. Peers: 7","throwable":""}
{"timestamp":"2024-10-25T19:34:31,046","container":"13aa705c10da","level":"INFO","thread":"EthScheduler-Workers-0","class":"PersistBlockTask","message":"Imported #65 / 0 tx / 0 om / 0 (0.0%) gas / (0xa3169fa728a7d87fc876c88da8d628a8df7a4116987b89bd906b46a0ce6435d2) in 0.018s. Peers: 7","throwable":""}
{"timestamp":"2024-10-25T19:34:36,028","container":"13aa705c10da","level":"INFO","thread":"EthScheduler-Workers-0","class":"PersistBlockTask","message":"Imported #66 / 0 tx / 0 om / 0 (0.0%) gas / (0xcdc4154e6d42196d3250b3d5d0bbebf51916f9554f86b37ae199d6cbc30e6388) in 0.004s. Peers: 7","throwable":""}
{"timestamp":"2024-10-25T19:34:41,037","container":"13aa705c10da","level":"INFO","thread":"EthScheduler-Workers-0","class":"PersistBlockTask","message":"Imported #67 / 0 tx / 0 om / 0 (0.0%) gas / (0xb4121bba85f12a16e0e81b1d9b9e322e13885ccc9d9355a3f4a9cfd69e81d04b) in 0.009s. Peers: 7","throwable":""}
{"timestamp":"2024-10-25T19:34:46,039","container":"13aa705c10da","level":"INFO","thread":"EthScheduler-Workers-0","class":"PersistBlockTask","message":"Imported #68 / 0 tx / 0 om / 0 (0.0%) gas / (0xd10323c4facc0429463682b0c91bcfd9f99e8cb0aaaa7acebcc459d7ffb26dd4) in 0.006s. Peers: 7","throwable":""}
{"timestamp":"2024-10-25T19:34:51,041","container":"13aa705c10da","level":"INFO","thread":"EthScheduler-Workers-0","class":"PersistBlockTask","message":"Imported #69 / 0 tx / 0 om / 0 (0.0%) gas / (0x3b39c459072c3f2935234ba710b3282d2875f3f55c9097af5aec892bbe261b49) in 0.016s. Peers: 7","throwable":""}
{"timestamp":"2024-10-25T19:34:56,039","container":"13aa705c10da","level":"INFO","thread":"EthScheduler-Workers-0","class":"PersistBlockTask","message":"Imported #70 / 0 tx / 0 om / 0 (0.0%) gas / (0xec43f3260d6dedd6bc8fdd866f9bc02551de9c3cfeac4a71e9f53d65870144e2) in 0.015s. Peers: 7","throwable":""}
{"timestamp":"2024-10-25T19:35:01,033","container":"13aa705c10da","level":"INFO","thread":"EthScheduler-Workers-0","class":"PersistBlockTask","message":"Imported #71 / 0 tx / 0 om / 0 (0.0%) gas / (0x03052b2ee6176b49ea65aa974b264b225c83790ec488b82449aac4fee1002dc9) in 0.008s. Peers: 7","throwable":""}
{"timestamp":"2024-10-25T19:35:06,044","container":"13aa705c10da","level":"INFO","thread":"EthScheduler-Workers-0","class":"PersistBlockTask","message":"Imported #72 / 0 tx / 0 om / 0 (0.0%) gas / (0x7f9baee700828f30277c98cb01acff4e4f86cdbfa53470c339c01f3e45b0254d) in 0.015s. Peers: 7","throwable":""}
{"timestamp":"2024-10-25T19:35:11,031","container":"13aa705c10da","level":"INFO","thread":"EthScheduler-Workers-0","class":"PersistBlockTask","message":"Imported #73 / 0 tx / 0 om / 0 (0.0%) gas / (0x9ce2f8e864f59c16781a263e887583957a82eb944ef7d5cb86727089ec4ee246) in 0.006s. Peers: 7","throwable":""}
{"timestamp":"2024-10-25T19:35:16,036","container":"13aa705c10da","level":"INFO","thread":"EthScheduler-Workers-0","class":"PersistBlockTask","message":"Imported #74 / 0 tx / 0 om / 0 (0.0%) gas / (0x194b7d14f347755efdc9d85c11238c46f329e673057a0a156d9f6f0595b8eba9) in 0.010s. Peers: 7","throwable":""}
{"timestamp":"2024-10-25T19:35:21,038","container":"13aa705c10da","level":"INFO","thread":"EthScheduler-Workers-0","class":"PersistBlockTask","message":"Imported #75 / 0 tx / 0 om / 0 (0.0%) gas / (0xde4aaaf7811912d8ecfc8d38f6deba2c33f78d002f595c12a749704c0172044e) in 0.018s. Peers: 7","throwable":""}
{"timestamp":"2024-10-25T19:35:26,042","container":"13aa705c10da","level":"INFO","thread":"EthScheduler-Workers-0","class":"PersistBlockTask","message":"Imported #76 / 0 tx / 0 om / 0 (0.0%) gas / (0xaddd9d680d3a21f5fcd7f65cc2c9a70bf16c582e4b713617e2414f54e02ddcc5) in 0.014s. Peers: 7","throwable":""}
{"timestamp":"2024-10-25T19:35:31,037","container":"13aa705c10da","level":"INFO","thread":"EthScheduler-Workers-0","class":"PersistBlockTask","message":"Imported #77 / 0 tx / 0 om / 0 (0.0%) gas / (0xa375649a7a92b389f69cf86eb0ec83a4087c344907c24d5dc8ed942fea112879) in 0.013s. Peers: 7","throwable":""}
{"timestamp":"2024-10-25T19:35:36,033","container":"13aa705c10da","level":"INFO","thread":"EthScheduler-Workers-0","class":"PersistBlockTask","message":"Imported #78 / 0 tx / 0 om / 0 (0.0%) gas / (0xc9adfce992f8d820be6794d8b8151aa143bfb029e8af88ad7182076b21c035c9) in 0.004s. Peers: 7","throwable":""}
{"timestamp":"2024-10-25T19:35:41,036","container":"13aa705c10da","level":"INFO","thread":"EthScheduler-Workers-0","class":"PersistBlockTask","message":"Imported #79 / 0 tx / 0 om / 0 (0.0%) gas / (0xffb76d07be8f65c1529bdd32e46d1e3a68400b53a8a382ebbc2d2f675a6ca94a) in 0.005s. Peers: 7","throwable":""}
{"timestamp":"2024-10-25T19:35:46,036","container":"13aa705c10da","level":"INFO","thread":"EthScheduler-Workers-0","class":"PersistBlockTask","message":"Imported #80 / 0 tx / 0 om / 0 (0.0%) gas / (0xfc71686662cd97a089377e959ac9a983b8f4b4256504b7d96e96ac54e53cff70) in 0.009s. Peers: 7","throwable":""}
{"timestamp":"2024-10-25T19:35:51,027","container":"13aa705c10da","level":"INFO","thread":"EthScheduler-Workers-0","class":"PersistBlockTask","message":"Imported #81 / 0 tx / 0 om / 0 (0.0%) gas / (0x2b7794bc041883b42d93577e1a4f910d1f38264c0fe9965862afca78a55decac) in 0.006s. Peers: 7","throwable":""}
{"timestamp":"2024-10-25T19:35:56,033","container":"13aa705c10da","level":"INFO","thread":"EthScheduler-Workers-0","class":"PersistBlockTask","message":"Imported #82 / 0 tx / 0 om / 0 (0.0%) gas / (0x634a1ae2a7f8bfdd596f2a638e5b2cc842f3265fe3fce01d7a15fce2678a4d7d) in 0.012s. Peers: 7","throwable":""}
{"timestamp":"2024-10-25T19:36:01,034","container":"13aa705c10da","level":"INFO","thread":"EthScheduler-Workers-0","class":"PersistBlockTask","message":"Imported #83 / 0 tx / 0 om / 0 (0.0%) gas / (0x3604b038f1531e48debe142d8c1d3a5240699ebc4b4e81320d5b0d81fb200bdb) in 0.014s. Peers: 7","throwable":""}
{"timestamp":"2024-10-25T19:36:06,033","container":"13aa705c10da","level":"INFO","thread":"EthScheduler-Workers-0","class":"PersistBlockTask","message":"Imported #84 / 0 tx / 0 om / 0 (0.0%) gas / (0xf8bef6c0623dcc70fa2f0db0d8df1a845dd7a45f12d6727842bbaeeb9abe9ed8) in 0.011s. Peers: 7","throwable":""}
{"timestamp":"2024-10-25T19:36:11,030","container":"13aa705c10da","level":"INFO","thread":"EthScheduler-Workers-0","class":"PersistBlockTask","message":"Imported #85 / 0 tx / 0 om / 0 (0.0%) gas / (0x5ed8107be069018ef9408ad39443494ff1bbf8949e3703ec70a6bcf00bc36d18) in 0.005s. Peers: 7","throwable":""}
{"timestamp":"2024-10-25T19:36:16,027","container":"13aa705c10da","level":"INFO","thread":"EthScheduler-Workers-0","class":"PersistBlockTask","message":"Imported #86 / 0 tx / 0 om / 0 (0.0%) gas / (0x24d96a0caa723f5b7a15ab733fdb283e8904d229972a66b025ec0fed76b007ad) in 0.005s. Peers: 7","throwable":""}
{"timestamp":"2024-10-25T19:36:16,528","container":"13aa705c10da","level":"INFO","thread":"BftProcessorExecutor-QBFT-0","class":"BftProcessor","message":"Shutting down BFT event processor","throwable":""}
{"timestamp":"2024-10-25T19:36:16,531","container":"13aa705c10da","level":"INFO","thread":"BesuCommand-Shutdown-Hook","class":"DefaultSynchronizer","message":"Stopping synchronizer","throwable":""}
{"timestamp":"2024-10-25T19:36:16,537","container":"13aa705c10da","level":"INFO","thread":"BesuCommand-Shutdown-Hook","class":"NetworkRunner","message":"Stopping Network.","throwable":""}
{"timestamp":"2024-10-25T19:36:16,576","container":"13aa705c10da","level":"INFO","thread":"BesuCommand-Shutdown-Hook","class":"EthProtocolManager","message":"Stopping eth Subprotocol.","throwable":""}
{"timestamp":"2024-10-25T19:36:16,677","container":"13aa705c10da","level":"INFO","thread":"BesuCommand-Shutdown-Hook","class":"EthProtocolManager","message":"eth Subprotocol stopped.","throwable":""}
{"timestamp":"2024-10-25T19:36:16,678","container":"13aa705c10da","level":"INFO","thread":"BesuCommand-Shutdown-Hook","class":"NetworkRunner","message":"Network stopped.","throwable":""}
{"timestamp":"2024-10-25T19:36:16,679","container":"13aa705c10da","level":"INFO","thread":"BesuCommand-Shutdown-Hook","class":"AutoTransactionLogBloomCachingService","message":"Shutting down Auto transaction logs caching service.","throwable":""}
{"timestamp":"2024-10-25T19:36:16,681","container":"13aa705c10da","level":"INFO","thread":"BesuCommand-Shutdown-Hook","class":"DockerNatManager","message":"Stopping docker NAT manager.","throwable":""}
{"timestamp":"2024-10-25T19:50:42,572","container":"13aa705c10da","level":"INFO","thread":"main","class":"Besu","message":"Starting Besu","throwable":""}
{"timestamp":"2024-10-25T19:50:44,181","container":"13aa705c10da","level":"WARN","thread":"main","class":"Besu","message":"--min-gas-price has been ignored because --miner-enabled was not defined on the command line.","throwable":""}
{"timestamp":"2024-10-25T19:50:47,595","container":"13aa705c10da","level":"INFO","thread":"main","class":"Besu","message":"
####################################################################################################
#                                                                                                  #
# Besu version 23.4.1                                                                              #
#                                                                                                  #
# Configuration:                                                                                   #
# Network: Custom genesis file specified                                                           #
# Network Id: 1337                                                                                 #
# Data storage: Forest                                                                             #
# Sync mode: Full                                                                                  #
# RPC HTTP APIs: EEA,WEB3,ETH,NET,TRACE,DEBUG,ADMIN,TXPOOL,PRIV,PERM,QBFT                          #
# RPC HTTP port: 8545                                                                              #
#                                                                                                  #
# Host:                                                                                            #
# Java: openjdk-java-17                                                                            #
# Maximum heap size: 1.86 GB                                                                       #
# OS: linux-x86_64                                                                                 #
# glibc: 2.35                                                                                      #
# jemalloc: 5.2.1-0-gea6b3e973b477b8061e0076bb257dbd7f3faa756                                      #
# Total memory: 7.45 GB                                                                            #
# CPU cores: 12                                                                                    #
#                                                                                                  #
####################################################################################################","throwable":""}
{"timestamp":"2024-10-25T19:50:47,596","container":"13aa705c10da","level":"INFO","thread":"main","class":"Besu","message":"Connecting to 8 static nodes.","throwable":""}
{"timestamp":"2024-10-25T19:50:47,596","container":"13aa705c10da","level":"INFO","thread":"main","class":"Besu","message":"Security Module: localfile","throwable":""}
{"timestamp":"2024-10-25T19:50:47,676","container":"13aa705c10da","level":"INFO","thread":"main","class":"Besu","message":"Using the native implementation of alt bn128","throwable":""}
{"timestamp":"2024-10-25T19:50:47,736","container":"13aa705c10da","level":"INFO","thread":"main","class":"Besu","message":"Using the native implementation of modexp","throwable":""}
{"timestamp":"2024-10-25T19:50:47,737","container":"13aa705c10da","level":"INFO","thread":"main","class":"Besu","message":"Using the native implementation of the signature algorithm","throwable":""}
{"timestamp":"2024-10-25T19:50:47,746","container":"13aa705c10da","level":"INFO","thread":"main","class":"Besu","message":"Using the native implementation of the blake2bf algorithm","throwable":""}
{"timestamp":"2024-10-25T19:50:47,781","container":"13aa705c10da","level":"INFO","thread":"main","class":"DatabaseMetadata","message":"Lookup database metadata file in data directory: /opt/besu/data","throwable":""}
{"timestamp":"2024-10-25T19:50:47,903","container":"13aa705c10da","level":"INFO","thread":"main","class":"RocksDBKeyValueStorageFactory","message":"Existing database detected at /opt/besu/data. Version 1. Compacting database...","throwable":""}
{"timestamp":"2024-10-25T19:50:49,914","container":"13aa705c10da","level":"INFO","thread":"main","class":"KeyPairUtil","message":"Loaded public key 0x98496800174b3c73ae33cba59f8f5e686cd488f7897c2edb52e2cf46383d75cd03dbb58dde07185bc0953f98800ca9a89f4b5ef450c5e51292ea08ec6130ee0c from /opt/besu/keys/nodekey","throwable":""}
{"timestamp":"2024-10-25T19:50:50,009","container":"13aa705c10da","level":"WARN","thread":"main","class":"Besu","message":"Privacy is disabled. Cannot use EEA/PRIV API methods when not using Privacy.","throwable":""}
{"timestamp":"2024-10-25T19:50:50,892","container":"13aa705c10da","level":"INFO","thread":"main","class":"ProtocolScheduleBuilder","message":"Protocol schedule created with milestones: [GrayGlacier: 0]","throwable":""}
{"timestamp":"2024-10-25T19:50:51,453","container":"13aa705c10da","level":"INFO","thread":"main","class":"TransactionPoolFactory","message":"Enabling transaction pool","throwable":""}
{"timestamp":"2024-10-25T19:50:51,487","container":"13aa705c10da","level":"INFO","thread":"main","class":"BesuControllerBuilder","message":"TTD difficulty is not present, creating initial sync phase for PoW","throwable":""}
{"timestamp":"2024-10-25T19:50:51,677","container":"13aa705c10da","level":"INFO","thread":"main","class":"RunnerBuilder","message":"Detecting NAT service.","throwable":""}
{"timestamp":"2024-10-25T19:50:53,721","container":"13aa705c10da","level":"INFO","thread":"main","class":"Runner","message":"Starting external services ... ","throwable":""}
{"timestamp":"2024-10-25T19:50:53,723","container":"13aa705c10da","level":"INFO","thread":"main","class":"MetricsHttpService","message":"Starting metrics http service on 0.0.0.0:9545","throwable":""}
{"timestamp":"2024-10-25T19:50:54,120","container":"13aa705c10da","level":"INFO","thread":"main","class":"JsonRpcHttpService","message":"Starting JSON-RPC service on 0.0.0.0:8545","throwable":""}
{"timestamp":"2024-10-25T19:50:54,131","container":"13aa705c10da","level":"INFO","thread":"vert.x-eventloop-thread-1","class":"MetricsHttpService","message":"Metrics service started and listening on 0.0.0.0:9545","throwable":""}
{"timestamp":"2024-10-25T19:50:54,152","container":"13aa705c10da","level":"INFO","thread":"vert.x-eventloop-thread-1","class":"JsonRpcHttpService","message":"JSON-RPC service started and listening on 0.0.0.0:8545","throwable":""}
{"timestamp":"2024-10-25T19:50:54,155","container":"13aa705c10da","level":"INFO","thread":"main","class":"GraphQLHttpService","message":"Starting GraphQL HTTP service on 0.0.0.0:8547","throwable":""}
{"timestamp":"2024-10-25T19:50:54,166","container":"13aa705c10da","level":"INFO","thread":"vert.x-eventloop-thread-1","class":"GraphQLHttpService","message":"GraphQL HTTP service started and listening on 0.0.0.0:8547","throwable":""}
{"timestamp":"2024-10-25T19:50:54,167","container":"13aa705c10da","level":"INFO","thread":"main","class":"WebSocketService","message":"Starting Websocket service on 0.0.0.0:8546","throwable":""}
{"timestamp":"2024-10-25T19:50:54,178","container":"13aa705c10da","level":"INFO","thread":"vert.x-eventloop-thread-1","class":"WebSocketService","message":"Websocket service started and listening on 0.0.0.0:8546","throwable":""}
{"timestamp":"2024-10-25T19:50:54,182","container":"13aa705c10da","level":"INFO","thread":"main","class":"AutoTransactionLogBloomCachingService","message":"Starting auto transaction log bloom caching service.","throwable":""}
{"timestamp":"2024-10-25T19:50:54,185","container":"13aa705c10da","level":"INFO","thread":"main","class":"LogBloomCacheMetadata","message":"Lookup cache metadata file in data directory: /opt/besu/data/caches","throwable":""}
{"timestamp":"2024-10-25T19:50:54,218","container":"13aa705c10da","level":"INFO","thread":"main","class":"Runner","message":"Starting Ethereum main loop ... ","throwable":""}
{"timestamp":"2024-10-25T19:50:54,219","container":"13aa705c10da","level":"INFO","thread":"main","class":"DockerNatManager","message":"Starting docker NAT manager.","throwable":""}
{"timestamp":"2024-10-25T19:50:57,969","container":"13aa705c10da","level":"INFO","thread":"main","class":"NetworkRunner","message":"Starting Network.","throwable":""}
{"timestamp":"2024-10-25T19:50:58,033","container":"13aa705c10da","level":"INFO","thread":"nioEventLoopGroup-2-1","class":"RlpxAgent","message":"P2P RLPx agent started and listening on /[0:0:0:0:0:0:0:0]:30303.","throwable":""}
{"timestamp":"2024-10-25T19:50:58,037","container":"13aa705c10da","level":"INFO","thread":"main","class":"PeerDiscoveryAgent","message":"Starting peer discovery agent on host=0.0.0.0, port=30303","throwable":""}
{"timestamp":"2024-10-25T19:50:58,181","container":"13aa705c10da","level":"INFO","thread":"vert.x-eventloop-thread-1","class":"VertxPeerDiscoveryAgent","message":"Started peer discovery agent successfully, on effective host=0:0:0:0:0:0:0:0%0 and port=30303","throwable":""}
{"timestamp":"2024-10-25T19:50:58,185","container":"13aa705c10da","level":"INFO","thread":"vert.x-eventloop-thread-1","class":"PeerDiscoveryAgent","message":"P2P peer discovery agent started and listening on /[0:0:0:0:0:0:0:0%0]:30303","throwable":""}
{"timestamp":"2024-10-25T19:50:58,312","container":"13aa705c10da","level":"INFO","thread":"vert.x-eventloop-thread-1","class":"PeerDiscoveryAgent","message":"Writing node record to disk. NodeRecord{seq=3, publicKey=0x0298496800174b3c73ae33cba59f8f5e686cd488f7897c2edb52e2cf46383d75cd, udpAddress=Optional[/172.16.239.16:30303], tcpAddress=Optional[/172.16.239.16:30303], asBase64=-Je4QOaRGbZXlYIbIT0P6jRokj0jOn0Gu9Jf8z7cffpSbMnNQB0kJy3uD14MfS_ljzOAFEgK7AbxU8HwPPLigSRnD9oDg2V0aMfGhMw13_-AgmlkgnY0gmlwhKwQ7xCJc2VjcDI1NmsxoQKYSWgAF0s8c64zy6Wfj15obNSI94l8LttS4s9GOD11zYN0Y3CCdl-DdWRwgnZf, nodeId=0xa1f75939c4a4d5c1c5241a1913a52aab892e1322e8b52506276363d4754c122e, customFields={tcp=30303, udp=30303, ip=0xac10ef10, eth=[[0xcc35dfff, 0x]], id=V4, secp256k1=0x0298496800174b3c73ae33cba59f8f5e686cd488f7897c2edb52e2cf46383d75cd}}","throwable":""}
{"timestamp":"2024-10-25T19:50:58,724","container":"13aa705c10da","level":"INFO","thread":"main","class":"DefaultP2PNetwork","message":"Enode URL enode://98496800174b3c73ae33cba59f8f5e686cd488f7897c2edb52e2cf46383d75cd03dbb58dde07185bc0953f98800ca9a89f4b5ef450c5e51292ea08ec6130ee0c@172.16.239.16:30303","throwable":""}
{"timestamp":"2024-10-25T19:50:58,726","container":"13aa705c10da","level":"INFO","thread":"main","class":"DefaultP2PNetwork","message":"Node address 0x13a52aab892e1322e8b52506276363d4754c122e","throwable":""}
{"timestamp":"2024-10-25T19:50:59,301","container":"13aa705c10da","level":"INFO","thread":"main","class":"NetworkRunner","message":"Supported capabilities: [eth/62, eth/63, eth/64, eth/65, eth/66, eth/67, eth/68], [istanbul/100], [snap/1]","throwable":""}
{"timestamp":"2024-10-25T19:50:59,303","container":"13aa705c10da","level":"INFO","thread":"main","class":"DefaultSynchronizer","message":"Starting synchronizer.","throwable":""}
{"timestamp":"2024-10-25T19:50:59,308","container":"13aa705c10da","level":"INFO","thread":"main","class":"TransactionPoolFactory","message":"Enabling transaction handling following initial sync","throwable":""}
{"timestamp":"2024-10-25T19:50:59,310","container":"13aa705c10da","level":"INFO","thread":"main","class":"FullSyncDownloader","message":"Starting full sync.","throwable":""}
{"timestamp":"2024-10-25T19:50:59,311","container":"13aa705c10da","level":"INFO","thread":"main","class":"FullSyncTargetManager","message":"Unable to find sync target. Currently checking 0 peers for usefulness","throwable":""}
{"timestamp":"2024-10-25T19:50:59,790","container":"13aa705c10da","level":"INFO","thread":"nioEventLoopGroup-3-1","class":"FullSyncTargetManager","message":"Unable to find sync target. Currently checking 5 peers for usefulness","throwable":""}
{"timestamp":"2024-10-25T19:50:59,809","container":"13aa705c10da","level":"INFO","thread":"main","class":"Runner","message":"Ethereum main loop is up.","throwable":""}
{"timestamp":"2024-10-25T19:51:00,142","container":"13aa705c10da","level":"INFO","thread":"EthScheduler-Workers-0","class":"PersistBlockTask","message":"Imported #87 / 0 tx / 0 om / 0 (0.0%) gas / (0xfacead6de6495de05814992102ab02d24104c627995c3e7b62ecdd07d1eb8406) in 0.090s. Peers: 7","throwable":""}
{"timestamp":"2024-10-25T19:51:04,094","container":"13aa705c10da","level":"INFO","thread":"EthScheduler-Workers-0","class":"PersistBlockTask","message":"Imported #88 / 0 tx / 0 om / 0 (0.0%) gas / (0x8cd6cb2f8a4157ecedacc5fe647547584cadfdbabc1d359149f0a2013fc836c7) in 0.013s. Peers: 7","throwable":""}
{"timestamp":"2024-10-25T19:51:09,079","container":"13aa705c10da","level":"INFO","thread":"EthScheduler-Workers-0","class":"PersistBlockTask","message":"Imported #89 / 0 tx / 0 om / 0 (0.0%) gas / (0x68570763656fe8908f16b669e2e669382de7b7c0a9a6baa9c229ae423e048568) in 0.007s. Peers: 7","throwable":""}
{"timestamp":"2024-10-25T19:51:14,066","container":"13aa705c10da","level":"INFO","thread":"EthScheduler-Workers-0","class":"PersistBlockTask","message":"Imported #90 / 0 tx / 0 om / 0 (0.0%) gas / (0xccd8fbf0828db49c1a84b019b84915afa0790c585e97314ace72d0d84dfc3e27) in 0.004s. Peers: 7","throwable":""}
{"timestamp":"2024-10-25T19:51:19,067","container":"13aa705c10da","level":"INFO","thread":"EthScheduler-Workers-0","class":"PersistBlockTask","message":"Imported #91 / 0 tx / 0 om / 0 (0.0%) gas / (0xb6fd89878cf3c4837d61cda132f1f6978c76ef46bb40711ab8f1da0bfeed5773) in 0.008s. Peers: 7","throwable":""}
{"timestamp":"2024-10-25T19:51:24,112","container":"13aa705c10da","level":"INFO","thread":"EthScheduler-Workers-0","class":"PersistBlockTask","message":"Imported #92 / 0 tx / 0 om / 0 (0.0%) gas / (0x1d324d497a405a9ee0827d3b7e3f1eb43497394ca0c9936df2e2022540545e73) in 0.023s. Peers: 7","throwable":""}
{"timestamp":"2024-10-25T19:51:29,056","container":"13aa705c10da","level":"INFO","thread":"EthScheduler-Workers-0","class":"PersistBlockTask","message":"Imported #93 / 0 tx / 0 om / 0 (0.0%) gas / (0xee4c4baaa7e6f3460b5907072f78bd857edb00b5ca37d4a35bbb9cb07c2c9a3a) in 0.005s. Peers: 7","throwable":""}
{"timestamp":"2024-10-25T19:51:34,074","container":"13aa705c10da","level":"INFO","thread":"EthScheduler-Workers-0","class":"PersistBlockTask","message":"Imported #94 / 0 tx / 0 om / 0 (0.0%) gas / (0x42ba3b637870e379b98436b33f1333f84e1c5c75cca09c0d47368366d274e1c6) in 0.012s. Peers: 7","throwable":""}
{"timestamp":"2024-10-25T19:51:39,097","container":"13aa705c10da","level":"INFO","thread":"EthScheduler-Workers-0","class":"PersistBlockTask","message":"Imported #95 / 0 tx / 0 om / 0 (0.0%) gas / (0x622c44a665828f4bd46d6e28eebd967c30a506735cf03e811042e63f35e41729) in 0.029s. Peers: 7","throwable":""}
{"timestamp":"2024-10-25T19:51:44,051","container":"13aa705c10da","level":"INFO","thread":"EthScheduler-Workers-0","class":"PersistBlockTask","message":"Imported #96 / 0 tx / 0 om / 0 (0.0%) gas / (0x46366e0605248984f131d5e6e5351189891fa665e8edfbda76b599e10d53a4a5) in 0.010s. Peers: 7","throwable":""}
{"timestamp":"2024-10-25T19:51:49,056","container":"13aa705c10da","level":"INFO","thread":"EthScheduler-Workers-0","class":"PersistBlockTask","message":"Imported #97 / 0 tx / 0 om / 0 (0.0%) gas / (0x2dcd2eec8eeb93957aff652bb3846ced64510bd00f8e88c1374da3792b0c61b1) in 0.009s. Peers: 7","throwable":""}
{"timestamp":"2024-10-25T19:51:54,061","container":"13aa705c10da","level":"INFO","thread":"EthScheduler-Workers-0","class":"PersistBlockTask","message":"Imported #98 / 0 tx / 0 om / 0 (0.0%) gas / (0xb4504492c7080c5ac126751a63fb4bb414a5cfb1dd19a43ef07d354580df47c0) in 0.009s. Peers: 7","throwable":""}
{"timestamp":"2024-10-25T19:51:59,066","container":"13aa705c10da","level":"INFO","thread":"EthScheduler-Workers-0","class":"PersistBlockTask","message":"Imported #99 / 0 tx / 0 om / 0 (0.0%) gas / (0x4920051a096e597e85f29c5e928a0b30f2d00e9fd5d284f051c6da29d162b2c8) in 0.012s. Peers: 7","throwable":""}
{"timestamp":"2024-10-25T19:52:04,060","container":"13aa705c10da","level":"INFO","thread":"EthScheduler-Workers-0","class":"PersistBlockTask","message":"Imported #100 / 0 tx / 0 om / 0 (0.0%) gas / (0x2dc18d219965653179a66a27998519f44aaace2db3fc82424eb44e2e37f73016) in 0.005s. Peers: 7","throwable":""}
{"timestamp":"2024-10-25T19:52:09,042","container":"13aa705c10da","level":"INFO","thread":"EthScheduler-Workers-0","class":"PersistBlockTask","message":"Imported #101 / 0 tx / 0 om / 0 (0.0%) gas / (0xdd3469abc7622c2dfaf06ce16a90816476c33a931466077d390ab76d56629cd7) in 0.007s. Peers: 7","throwable":""}
{"timestamp":"2024-10-25T19:52:14,048","container":"13aa705c10da","level":"INFO","thread":"EthScheduler-Workers-0","class":"PersistBlockTask","message":"Imported #102 / 0 tx / 0 om / 0 (0.0%) gas / (0xd2a2743a1f3b3ff03972b6ee46e2da1f6b991760a6406674aa9d6b36fd5279a9) in 0.009s. Peers: 7","throwable":""}
{"timestamp":"2024-10-25T19:52:19,036","container":"13aa705c10da","level":"INFO","thread":"EthScheduler-Workers-0","class":"PersistBlockTask","message":"Imported #103 / 0 tx / 0 om / 0 (0.0%) gas / (0x7ef04d7e5d206d1d904db87bfaf26b8f6a75db17e25ea3e14b2989663a4a85d0) in 0.003s. Peers: 7","throwable":""}
{"timestamp":"2024-10-25T19:52:24,054","container":"13aa705c10da","level":"INFO","thread":"EthScheduler-Workers-0","class":"PersistBlockTask","message":"Imported #104 / 0 tx / 0 om / 0 (0.0%) gas / (0xb24b6b71c87e88bf876b3164262b110502dfe79ca7c080edb952d8592e77fade) in 0.012s. Peers: 7","throwable":""}
{"timestamp":"2024-10-25T19:52:29,046","container":"13aa705c10da","level":"INFO","thread":"EthScheduler-Workers-0","class":"PersistBlockTask","message":"Imported #105 / 0 tx / 0 om / 0 (0.0%) gas / (0x088db0916eb0754203c2993172d780c2092e0a2849dc3318419065390287a1d8) in 0.010s. Peers: 7","throwable":""}
{"timestamp":"2024-10-25T19:52:34,058","container":"13aa705c10da","level":"INFO","thread":"EthScheduler-Workers-0","class":"PersistBlockTask","message":"Imported #106 / 0 tx / 0 om / 0 (0.0%) gas / (0x59cb6b732e9ac3968195bdf0e4c36727d9bf25c615371da0f58b5a5c0c3c854e) in 0.020s. Peers: 7","throwable":""}
{"timestamp":"2024-10-25T19:52:39,045","container":"13aa705c10da","level":"INFO","thread":"EthScheduler-Workers-0","class":"PersistBlockTask","message":"Imported #107 / 0 tx / 0 om / 0 (0.0%) gas / (0xe6f1866eff168e5f8a187c7b057d7b49207dedd937da87ba0197ae5e098ded2f) in 0.006s. Peers: 7","throwable":""}
{"timestamp":"2024-10-25T19:52:44,043","container":"13aa705c10da","level":"INFO","thread":"EthScheduler-Workers-0","class":"PersistBlockTask","message":"Imported #108 / 0 tx / 0 om / 0 (0.0%) gas / (0x8e6a4687097b859aac83f4924d5c01695f11c3a3b08d1980287a191e49d0961f) in 0.013s. Peers: 7","throwable":""}
{"timestamp":"2024-10-25T19:52:49,087","container":"13aa705c10da","level":"INFO","thread":"EthScheduler-Workers-0","class":"PersistBlockTask","message":"Imported #109 / 0 tx / 0 om / 0 (0.0%) gas / (0x27986b20b988e2a28b3fcc94ddd989e849c6776317347219cb1dcf81e495cd9f) in 0.011s. Peers: 7","throwable":""}
{"timestamp":"2024-10-25T19:52:54,056","container":"13aa705c10da","level":"INFO","thread":"EthScheduler-Workers-0","class":"PersistBlockTask","message":"Imported #110 / 0 tx / 0 om / 0 (0.0%) gas / (0x8502bd9e5fa7c66e30f7e4ec9db1b49f3df14ef0248d8d9bbb4c9c00a5ab7912) in 0.016s. Peers: 7","throwable":""}
{"timestamp":"2024-10-25T19:52:59,034","container":"13aa705c10da","level":"INFO","thread":"EthScheduler-Workers-0","class":"PersistBlockTask","message":"Imported #111 / 0 tx / 0 om / 0 (0.0%) gas / (0x76eb7cd8963f80af73af1eb5f6c0831b544e735557e37c785447f246e7990148) in 0.003s. Peers: 7","throwable":""}
{"timestamp":"2024-10-25T19:53:04,046","container":"13aa705c10da","level":"INFO","thread":"EthScheduler-Workers-0","class":"PersistBlockTask","message":"Imported #112 / 0 tx / 0 om / 0 (0.0%) gas / (0xff8dc90654b5878cdfe0a68e6cd8c9863717ae2ba40a9f7a0e58802455d55816) in 0.006s. Peers: 7","throwable":""}
{"timestamp":"2024-10-25T19:53:09,069","container":"13aa705c10da","level":"INFO","thread":"EthScheduler-Workers-0","class":"PersistBlockTask","message":"Imported #113 / 0 tx / 0 om / 0 (0.0%) gas / (0x25286ea46c3b969870cdbb09179744f56b4356685e43e314e1230971d48717ab) in 0.009s. Peers: 7","throwable":""}
{"timestamp":"2024-10-25T19:53:14,043","container":"13aa705c10da","level":"INFO","thread":"EthScheduler-Workers-0","class":"PersistBlockTask","message":"Imported #114 / 0 tx / 0 om / 0 (0.0%) gas / (0x8275e6cf35615e48b68ead05a2c2f9718c6c3087292933503176d2f4b17ae9b5) in 0.008s. Peers: 7","throwable":""}
{"timestamp":"2024-10-25T19:53:19,044","container":"13aa705c10da","level":"INFO","thread":"EthScheduler-Workers-0","class":"PersistBlockTask","message":"Imported #115 / 0 tx / 0 om / 0 (0.0%) gas / (0x6926f4bbcc1af25c266b5c145338f2ccb7d245ade26d9eef6deb4c9f1f0916c3) in 0.006s. Peers: 7","throwable":""}
{"timestamp":"2024-10-25T19:53:24,033","container":"13aa705c10da","level":"INFO","thread":"EthScheduler-Workers-0","class":"PersistBlockTask","message":"Imported #116 / 0 tx / 0 om / 0 (0.0%) gas / (0x62d744fced8e70666759f58fb0787a92ee827ca40f544a624efdbd3cd5d6df78) in 0.005s. Peers: 7","throwable":""}
{"timestamp":"2024-10-25T19:53:29,067","container":"13aa705c10da","level":"INFO","thread":"EthScheduler-Workers-0","class":"PersistBlockTask","message":"Imported #117 / 0 tx / 0 om / 0 (0.0%) gas / (0xfa1dc0f3255d8d344e20e7245954bcff4541a6ad4ac1ca96f326ee8f770a2842) in 0.006s. Peers: 7","throwable":""}
{"timestamp":"2024-10-25T19:53:34,049","container":"13aa705c10da","level":"INFO","thread":"EthScheduler-Workers-0","class":"PersistBlockTask","message":"Imported #118 / 0 tx / 0 om / 0 (0.0%) gas / (0xe16c5fd87f4df4201e6a76fcc80284bec700c18adb38247f4dda5c479a5d5105) in 0.004s. Peers: 7","throwable":""}
{"timestamp":"2024-10-25T19:53:39,064","container":"13aa705c10da","level":"INFO","thread":"EthScheduler-Workers-0","class":"PersistBlockTask","message":"Imported #119 / 0 tx / 0 om / 0 (0.0%) gas / (0x8066d9fdbbfdcbc1b656bd86faadb5f63da30c48af5e0af47fbd6da23c1e4e01) in 0.026s. Peers: 7","throwable":""}
{"timestamp":"2024-10-25T19:53:44,039","container":"13aa705c10da","level":"INFO","thread":"EthScheduler-Workers-0","class":"PersistBlockTask","message":"Imported #120 / 0 tx / 0 om / 0 (0.0%) gas / (0x212970f66939a3be5078c78bc28b666c33d7572d8868d78ff5ed8f4d7f953613) in 0.005s. Peers: 7","throwable":""}
{"timestamp":"2024-10-25T19:53:49,053","container":"13aa705c10da","level":"INFO","thread":"EthScheduler-Workers-0","class":"PersistBlockTask","message":"Imported #121 / 0 tx / 0 om / 0 (0.0%) gas / (0xdf2edecacfb17ce69648af87c070b5a2effebfbb732c62080591b2643856a321) in 0.009s. Peers: 7","throwable":""}
{"timestamp":"2024-10-25T19:53:54,033","container":"13aa705c10da","level":"INFO","thread":"EthScheduler-Workers-0","class":"PersistBlockTask","message":"Imported #122 / 0 tx / 0 om / 0 (0.0%) gas / (0xd47740651554995749efc15076103f25b3a1e8823aae7646914ffc04f18a5782) in 0.005s. Peers: 7","throwable":""}
{"timestamp":"2024-10-25T19:53:59,103","container":"13aa705c10da","level":"INFO","thread":"EthScheduler-Workers-0","class":"PersistBlockTask","message":"Imported #123 / 0 tx / 0 om / 0 (0.0%) gas / (0x5a0b39fd4e0b992ba2ffbd313877c807106b1816babb1d10ed8bff47e7c4df45) in 0.017s. Peers: 7","throwable":""}
{"timestamp":"2024-10-25T19:54:04,036","container":"13aa705c10da","level":"INFO","thread":"EthScheduler-Workers-0","class":"PersistBlockTask","message":"Imported #124 / 0 tx / 0 om / 0 (0.0%) gas / (0x7b1df6dd4f577d279c100895917b06ac83308b0423fbe45cc1d1bb5afcc3c439) in 0.004s. Peers: 7","throwable":""}
{"timestamp":"2024-10-25T19:54:09,038","container":"13aa705c10da","level":"INFO","thread":"EthScheduler-Workers-0","class":"PersistBlockTask","message":"Imported #125 / 0 tx / 0 om / 0 (0.0%) gas / (0xb7eca51b52972c70aa65c78f6c5bce9124f9f0b5a59bb01578c119ea01def56a) in 0.009s. Peers: 7","throwable":""}
{"timestamp":"2024-10-25T19:54:14,031","container":"13aa705c10da","level":"INFO","thread":"EthScheduler-Workers-0","class":"PersistBlockTask","message":"Imported #126 / 0 tx / 0 om / 0 (0.0%) gas / (0x1fcf6d955fd7b5d8e2877b7460ffea123e85e04d2a1182658d38c4a91d83dabf) in 0.004s. Peers: 7","throwable":""}
{"timestamp":"2024-10-25T19:54:19,033","container":"13aa705c10da","level":"INFO","thread":"EthScheduler-Workers-0","class":"PersistBlockTask","message":"Imported #127 / 0 tx / 0 om / 0 (0.0%) gas / (0xcd946ec4907db361b30f810c20c114c6f3445e781e6078db8e11c59829ac5296) in 0.004s. Peers: 7","throwable":""}
{"timestamp":"2024-10-25T19:54:24,045","container":"13aa705c10da","level":"INFO","thread":"EthScheduler-Workers-0","class":"PersistBlockTask","message":"Imported #128 / 0 tx / 0 om / 0 (0.0%) gas / (0x67a5aaf820e355793fb784ecfdc25f17c16d7904ee340c0ad0ddfb5f6a1c5cc6) in 0.006s. Peers: 7","throwable":""}
{"timestamp":"2024-10-25T19:54:29,033","container":"13aa705c10da","level":"INFO","thread":"EthScheduler-Workers-0","class":"PersistBlockTask","message":"Imported #129 / 0 tx / 0 om / 0 (0.0%) gas / (0xf78afdd0611f0dfe0ac153a71425eaae83b91145c349f239150a2d2745c10cfb) in 0.004s. Peers: 7","throwable":""}
{"timestamp":"2024-10-25T19:54:34,043","container":"13aa705c10da","level":"INFO","thread":"EthScheduler-Workers-0","class":"PersistBlockTask","message":"Imported #130 / 0 tx / 0 om / 0 (0.0%) gas / (0x609e14c927266c21f23cf41f2c9fbc4c5edc6780d8ae961a2a374369d112f9cd) in 0.005s. Peers: 7","throwable":""}
{"timestamp":"2024-10-25T19:54:39,042","container":"13aa705c10da","level":"INFO","thread":"EthScheduler-Workers-0","class":"PersistBlockTask","message":"Imported #131 / 0 tx / 0 om / 0 (0.0%) gas / (0x94abaa5021737128d94ad9f52711814bd571bd3dc96988cb981b679d70149d1e) in 0.004s. Peers: 7","throwable":""}
{"timestamp":"2024-10-25T19:54:44,056","container":"13aa705c10da","level":"INFO","thread":"EthScheduler-Workers-0","class":"PersistBlockTask","message":"Imported #132 / 0 tx / 0 om / 0 (0.0%) gas / (0x166242aea85dbdb824159856e306b6d6a2ac2f47ecab9b00b2e426ea8f540caf) in 0.028s. Peers: 7","throwable":""}
{"timestamp":"2024-10-25T19:54:49,047","container":"13aa705c10da","level":"INFO","thread":"EthScheduler-Workers-0","class":"PersistBlockTask","message":"Imported #133 / 0 tx / 0 om / 0 (0.0%) gas / (0x6d391ebdbd52802dc665cdbb20a2656ac650c6fb3fb4382946d5005795acc773) in 0.010s. Peers: 7","throwable":""}
{"timestamp":"2024-10-25T19:54:54,036","container":"13aa705c10da","level":"INFO","thread":"EthScheduler-Workers-0","class":"PersistBlockTask","message":"Imported #134 / 0 tx / 0 om / 0 (0.0%) gas / (0xa63b2a717102e4172d8a50f06cc4c274c4e4ca0870c9303db08b32ce5a0d5447) in 0.005s. Peers: 7","throwable":""}
{"timestamp":"2024-10-25T19:54:59,040","container":"13aa705c10da","level":"INFO","thread":"EthScheduler-Workers-0","class":"PersistBlockTask","message":"Imported #135 / 0 tx / 0 om / 0 (0.0%) gas / (0xd4a50219414e749b626854cb5b0104b9866299b310b3cb3ab270fef74256be3c) in 0.014s. Peers: 7","throwable":""}
{"timestamp":"2024-10-25T19:55:04,047","container":"13aa705c10da","level":"INFO","thread":"EthScheduler-Workers-0","class":"PersistBlockTask","message":"Imported #136 / 0 tx / 0 om / 0 (0.0%) gas / (0x0612a151810b49d7e246eda803846b639f57d2b7fa36089704903c2b79c01916) in 0.004s. Peers: 7","throwable":""}
{"timestamp":"2024-10-25T19:55:09,030","container":"13aa705c10da","level":"INFO","thread":"EthScheduler-Workers-0","class":"PersistBlockTask","message":"Imported #137 / 0 tx / 0 om / 0 (0.0%) gas / (0x762652931658fff0336cd9e2ac70933f298009cb9f48d2ef1c57259d9a6965f6) in 0.003s. Peers: 7","throwable":""}
{"timestamp":"2024-10-25T19:55:14,027","container":"13aa705c10da","level":"INFO","thread":"EthScheduler-Workers-0","class":"PersistBlockTask","message":"Imported #138 / 0 tx / 0 om / 0 (0.0%) gas / (0xaa95c7931edd8383a6c5387765074546f0e85c5f919d4178f894d4b446408d90) in 0.003s. Peers: 7","throwable":""}
{"timestamp":"2024-10-25T19:55:19,031","container":"13aa705c10da","level":"INFO","thread":"EthScheduler-Workers-0","class":"PersistBlockTask","message":"Imported #139 / 0 tx / 0 om / 0 (0.0%) gas / (0x952d8191faa92cefe4b062c324d6c2840d8118b605b0c62cfc9eb791f2259fe4) in 0.004s. Peers: 7","throwable":""}
{"timestamp":"2024-10-25T19:55:24,036","container":"13aa705c10da","level":"INFO","thread":"EthScheduler-Workers-0","class":"PersistBlockTask","message":"Imported #140 / 0 tx / 0 om / 0 (0.0%) gas / (0x9a5ff8d0ffea378e21a0c1f5587ef4452c0af11e4e7c37cfab661cac7b24a6a2) in 0.006s. Peers: 7","throwable":""}
{"timestamp":"2024-10-25T19:55:29,035","container":"13aa705c10da","level":"INFO","thread":"EthScheduler-Workers-0","class":"PersistBlockTask","message":"Imported #141 / 0 tx / 0 om / 0 (0.0%) gas / (0xce3ccde59f99da6bf11ce3e75dd69793ba1ba430ace51127619adb911a78f71c) in 0.006s. Peers: 7","throwable":""}
{"timestamp":"2024-10-25T19:55:34,025","container":"13aa705c10da","level":"INFO","thread":"EthScheduler-Workers-0","class":"PersistBlockTask","message":"Imported #142 / 0 tx / 0 om / 0 (0.0%) gas / (0xd11f01d1127f2b2f7045dff2c00eb646e61f58668fb8ec7799e25b24a0752ab2) in 0.004s. Peers: 7","throwable":""}
{"timestamp":"2024-10-25T19:55:39,026","container":"13aa705c10da","level":"INFO","thread":"EthScheduler-Workers-0","class":"PersistBlockTask","message":"Imported #143 / 0 tx / 0 om / 0 (0.0%) gas / (0x7090319a88a5f9676b1dd922a2ba0671df39a94c947352d195b4a349debd41c1) in 0.004s. Peers: 7","throwable":""}
{"timestamp":"2024-10-25T19:55:44,028","container":"13aa705c10da","level":"INFO","thread":"EthScheduler-Workers-0","class":"PersistBlockTask","message":"Imported #144 / 0 tx / 0 om / 0 (0.0%) gas / (0xd9dafa0e24e0c3594cef825997cf3c1a529005569f087fff55cb20539c83cd9e) in 0.003s. Peers: 7","throwable":""}
{"timestamp":"2024-10-25T19:55:49,030","container":"13aa705c10da","level":"INFO","thread":"EthScheduler-Workers-0","class":"PersistBlockTask","message":"Imported #145 / 0 tx / 0 om / 0 (0.0%) gas / (0xaa1e2120636c195f7dd189ef955861ae497cf3ac641148b8b3d9668e3a7f6930) in 0.007s. Peers: 7","throwable":""}
{"timestamp":"2024-10-25T19:55:54,036","container":"13aa705c10da","level":"INFO","thread":"EthScheduler-Workers-0","class":"PersistBlockTask","message":"Imported #146 / 0 tx / 0 om / 0 (0.0%) gas / (0xf729e855db58176e5508b0a6bbe2f1b6ba4f7883e94ee9104e286135dd2b4604) in 0.004s. Peers: 7","throwable":""}
{"timestamp":"2024-10-25T19:55:59,031","container":"13aa705c10da","level":"INFO","thread":"EthScheduler-Workers-0","class":"PersistBlockTask","message":"Imported #147 / 0 tx / 0 om / 0 (0.0%) gas / (0xffb304723df9abe1bb6d281d34ac95b2f02206b218deda01c812187cc6e3a8c9) in 0.005s. Peers: 7","throwable":""}
{"timestamp":"2024-10-25T19:56:04,027","container":"13aa705c10da","level":"INFO","thread":"EthScheduler-Workers-0","class":"PersistBlockTask","message":"Imported #148 / 0 tx / 0 om / 0 (0.0%) gas / (0xf209a541e6baae2f899cc1898edfc505dee7187bb51910f2cf4c30d77dd99006) in 0.007s. Peers: 7","throwable":""}
{"timestamp":"2024-10-25T19:56:09,041","container":"13aa705c10da","level":"INFO","thread":"EthScheduler-Workers-0","class":"PersistBlockTask","message":"Imported #149 / 0 tx / 0 om / 0 (0.0%) gas / (0xe7dc9a2f921c8182b40f941d10bb75b118ae507b069fb93d08a3c62bcfb9d06d) in 0.004s. Peers: 7","throwable":""}
{"timestamp":"2024-10-25T19:56:14,033","container":"13aa705c10da","level":"INFO","thread":"EthScheduler-Workers-0","class":"PersistBlockTask","message":"Imported #150 / 0 tx / 0 om / 0 (0.0%) gas / (0xa52d87b3bc125080afc2750d1cc72d2ec81f718459d94c7fd415286beaab1598) in 0.006s. Peers: 7","throwable":""}
{"timestamp":"2024-10-25T19:56:19,037","container":"13aa705c10da","level":"INFO","thread":"EthScheduler-Workers-0","class":"PersistBlockTask","message":"Imported #151 / 0 tx / 0 om / 0 (0.0%) gas / (0x21d0c296a4d009dd55411c666a5f6c49da787cb97d50874a3f664160eb7e7033) in 0.003s. Peers: 7","throwable":""}
{"timestamp":"2024-10-25T19:56:24,029","container":"13aa705c10da","level":"INFO","thread":"EthScheduler-Workers-0","class":"PersistBlockTask","message":"Imported #152 / 0 tx / 0 om / 0 (0.0%) gas / (0x34d1f606ac6023d5e45f2befba92e6950308d2717832cb152bccadf4347f2334) in 0.011s. Peers: 7","throwable":""}
{"timestamp":"2024-10-25T19:56:29,027","container":"13aa705c10da","level":"INFO","thread":"EthScheduler-Workers-0","class":"PersistBlockTask","message":"Imported #153 / 0 tx / 0 om / 0 (0.0%) gas / (0x71ae279c2c642d4d2608e5162bac7a8b75af82f6700759d5d2cf7a47d67ace21) in 0.005s. Peers: 7","throwable":""}
{"timestamp":"2024-10-25T19:56:34,036","container":"13aa705c10da","level":"INFO","thread":"EthScheduler-Workers-0","class":"PersistBlockTask","message":"Imported #154 / 0 tx / 0 om / 0 (0.0%) gas / (0x49d3e2b6b564a6a7bea3b77315895c001cc7b18ffcacf19a3ed4479eaf8b1b25) in 0.005s. Peers: 7","throwable":""}
{"timestamp":"2024-10-25T19:56:39,026","container":"13aa705c10da","level":"INFO","thread":"EthScheduler-Workers-0","class":"PersistBlockTask","message":"Imported #155 / 0 tx / 0 om / 0 (0.0%) gas / (0x0736794caa5113fe042a8ca410168292163760924951bc281ef00317783a7f34) in 0.004s. Peers: 7","throwable":""}
{"timestamp":"2024-10-25T19:56:44,023","container":"13aa705c10da","level":"INFO","thread":"EthScheduler-Workers-0","class":"PersistBlockTask","message":"Imported #156 / 0 tx / 0 om / 0 (0.0%) gas / (0x35aea1949173c588bd733b9dd44a9b45f5dd7dc47237e82ca07b8271921ac15e) in 0.003s. Peers: 7","throwable":""}
{"timestamp":"2024-10-25T19:56:49,039","container":"13aa705c10da","level":"INFO","thread":"EthScheduler-Workers-0","class":"PersistBlockTask","message":"Imported #157 / 0 tx / 0 om / 0 (0.0%) gas / (0xadace04e996e8d7773134ed7a619918a41e58c005ba128754c1db0975ed91b1e) in 0.005s. Peers: 7","throwable":""}
{"timestamp":"2024-10-25T19:56:54,045","container":"13aa705c10da","level":"INFO","thread":"EthScheduler-Workers-0","class":"PersistBlockTask","message":"Imported #158 / 0 tx / 0 om / 0 (0.0%) gas / (0x40e767880badc5cea000f0968c3178d49fbf5a711ca86da2613b750c4a95766c) in 0.006s. Peers: 7","throwable":""}
{"timestamp":"2024-10-25T19:56:59,025","container":"13aa705c10da","level":"INFO","thread":"EthScheduler-Workers-0","class":"PersistBlockTask","message":"Imported #159 / 0 tx / 0 om / 0 (0.0%) gas / (0x761d00910737161a88611f692d20690d58615891300c48487287998e01290504) in 0.004s. Peers: 7","throwable":""}
{"timestamp":"2024-10-25T19:57:04,043","container":"13aa705c10da","level":"INFO","thread":"EthScheduler-Workers-0","class":"PersistBlockTask","message":"Imported #160 / 0 tx / 0 om / 0 (0.0%) gas / (0x725c7c9c71e7e0500c6edfba9a4df7864a8a0efd17967a227132f9b48e590d25) in 0.007s. Peers: 7","throwable":""}
{"timestamp":"2024-10-25T19:57:09,034","container":"13aa705c10da","level":"INFO","thread":"EthScheduler-Workers-0","class":"PersistBlockTask","message":"Imported #161 / 0 tx / 0 om / 0 (0.0%) gas / (0xc2b7bba7d70b7eeba1234bf8e10b9455e5317b16c492684c2bb2e0b1fdbfa197) in 0.006s. Peers: 7","throwable":""}
{"timestamp":"2024-10-25T19:57:14,034","container":"13aa705c10da","level":"INFO","thread":"EthScheduler-Workers-0","class":"PersistBlockTask","message":"Imported #162 / 0 tx / 0 om / 0 (0.0%) gas / (0x2bc0694241792d4de6f6f27be066daee1de223759a3b919246fff2e91c670e5a) in 0.006s. Peers: 7","throwable":""}
{"timestamp":"2024-10-25T19:57:19,030","container":"13aa705c10da","level":"INFO","thread":"EthScheduler-Workers-0","class":"PersistBlockTask","message":"Imported #163 / 0 tx / 0 om / 0 (0.0%) gas / (0xf176108ad391f7072e9f30f00e61323c49bff8ac813da0c4e50b1c93b5cec9d5) in 0.003s. Peers: 7","throwable":""}
{"timestamp":"2024-10-25T19:57:24,033","container":"13aa705c10da","level":"INFO","thread":"EthScheduler-Workers-0","class":"PersistBlockTask","message":"Imported #164 / 0 tx / 0 om / 0 (0.0%) gas / (0x01de75d6b63f0175f16bf3cccc10d8a0f7d3390fff5821c2e7c0e0ae208541f5) in 0.005s. Peers: 7","throwable":""}
{"timestamp":"2024-10-25T19:57:29,024","container":"13aa705c10da","level":"INFO","thread":"EthScheduler-Workers-0","class":"PersistBlockTask","message":"Imported #165 / 0 tx / 0 om / 0 (0.0%) gas / (0xb7195d91ef74231272de0e724bdaa7a6f43fe2d32e574a0063943f84cb34bb6c) in 0.003s. Peers: 7","throwable":""}
{"timestamp":"2024-10-25T19:57:34,035","container":"13aa705c10da","level":"INFO","thread":"EthScheduler-Workers-0","class":"PersistBlockTask","message":"Imported #166 / 0 tx / 0 om / 0 (0.0%) gas / (0xa34b67e36bc55663dcee9a0b1f863b8546715dc6c3a2ff33eff55266afd1b62b) in 0.004s. Peers: 7","throwable":""}
{"timestamp":"2024-10-25T19:57:39,023","container":"13aa705c10da","level":"INFO","thread":"EthScheduler-Workers-0","class":"PersistBlockTask","message":"Imported #167 / 0 tx / 0 om / 0 (0.0%) gas / (0x712d5a44b38cfb784c01faa04ad182fc897c15009542032f8f5eb5b5c311757a) in 0.003s. Peers: 7","throwable":""}
{"timestamp":"2024-10-25T19:57:44,031","container":"13aa705c10da","level":"INFO","thread":"EthScheduler-Workers-0","class":"PersistBlockTask","message":"Imported #168 / 0 tx / 0 om / 0 (0.0%) gas / (0x3e8ddecb9f1381d55c4f1273369b8884fae8fc9d85862321d6fdfc830f90524e) in 0.003s. Peers: 7","throwable":""}
{"timestamp":"2024-10-25T19:57:49,041","container":"13aa705c10da","level":"INFO","thread":"EthScheduler-Workers-0","class":"PersistBlockTask","message":"Imported #169 / 0 tx / 0 om / 0 (0.0%) gas / (0xc590447427dafed8f2be64a1c82bc2f567205a0122f3187e7ce76821c8679669) in 0.008s. Peers: 7","throwable":""}
{"timestamp":"2024-10-25T19:57:54,036","container":"13aa705c10da","level":"INFO","thread":"EthScheduler-Workers-0","class":"PersistBlockTask","message":"Imported #170 / 0 tx / 0 om / 0 (0.0%) gas / (0xd3d17bd5bc7940b4d0a9b5d8b55c4cccc08e291c49a39152e334024ba55a322f) in 0.007s. Peers: 7","throwable":""}
{"timestamp":"2024-10-25T19:57:59,029","container":"13aa705c10da","level":"INFO","thread":"EthScheduler-Workers-0","class":"PersistBlockTask","message":"Imported #171 / 0 tx / 0 om / 0 (0.0%) gas / (0x2304a1c4ad975fd74fc0f74b4e3bbbfd7ffa6a07cba813c8f5db6b52b09f383e) in 0.004s. Peers: 7","throwable":""}
{"timestamp":"2024-10-25T19:58:04,314","container":"13aa705c10da","level":"INFO","thread":"EthScheduler-Workers-0","class":"PersistBlockTask","message":"Imported #172 / 0 tx / 0 om / 0 (0.0%) gas / (0xf358a3a9ca4e793639bb6b4483ce932c5c5e296127530bfbee4cc1c40292e25e) in 0.004s. Peers: 7","throwable":""}
{"timestamp":"2024-10-25T19:58:09,029","container":"13aa705c10da","level":"INFO","thread":"EthScheduler-Workers-0","class":"PersistBlockTask","message":"Imported #173 / 0 tx / 0 om / 0 (0.0%) gas / (0x255ccc0e26e05e43ebe69f7a47f3720f00dda3b10e5872cbd2214017d883931d) in 0.006s. Peers: 7","throwable":""}
{"timestamp":"2024-10-25T19:58:14,020","container":"13aa705c10da","level":"INFO","thread":"EthScheduler-Workers-0","class":"PersistBlockTask","message":"Imported #174 / 0 tx / 0 om / 0 (0.0%) gas / (0x36d533be4468089052705c3aa4e965b328957c86234b01b54cf7ef84dd0d2e79) in 0.003s. Peers: 7","throwable":""}
{"timestamp":"2024-10-25T19:58:19,034","container":"13aa705c10da","level":"INFO","thread":"EthScheduler-Workers-0","class":"PersistBlockTask","message":"Imported #175 / 0 tx / 0 om / 0 (0.0%) gas / (0x49b0030f2a6d30a5b98676d621367f809f3e53f5f01ddf7757f07a83d86e981d) in 0.006s. Peers: 7","throwable":""}
{"timestamp":"2024-10-25T19:58:24,028","container":"13aa705c10da","level":"INFO","thread":"EthScheduler-Workers-0","class":"PersistBlockTask","message":"Imported #176 / 0 tx / 0 om / 0 (0.0%) gas / (0xcef7eccbe35492582b53777c2869ca2696dde5b974a1d88ff2b9632611772777) in 0.008s. Peers: 7","throwable":""}
{"timestamp":"2024-10-25T19:58:29,031","container":"13aa705c10da","level":"INFO","thread":"BftProcessorExecutor-QBFT-0","class":"BftProcessor","message":"Shutting down BFT event processor","throwable":""}
{"timestamp":"2024-10-25T19:58:29,036","container":"13aa705c10da","level":"INFO","thread":"BesuCommand-Shutdown-Hook","class":"DefaultSynchronizer","message":"Stopping synchronizer","throwable":""}
{"timestamp":"2024-10-25T19:58:29,045","container":"13aa705c10da","level":"INFO","thread":"BesuCommand-Shutdown-Hook","class":"NetworkRunner","message":"Stopping Network.","throwable":""}
{"timestamp":"2024-10-25T19:58:29,072","container":"13aa705c10da","level":"INFO","thread":"BesuCommand-Shutdown-Hook","class":"EthProtocolManager","message":"Stopping eth Subprotocol.","throwable":""}
{"timestamp":"2024-10-25T19:58:29,171","container":"13aa705c10da","level":"INFO","thread":"BesuCommand-Shutdown-Hook","class":"EthProtocolManager","message":"eth Subprotocol stopped.","throwable":""}
{"timestamp":"2024-10-25T19:58:29,172","container":"13aa705c10da","level":"INFO","thread":"BesuCommand-Shutdown-Hook","class":"NetworkRunner","message":"Network stopped.","throwable":""}
{"timestamp":"2024-10-25T19:58:29,173","container":"13aa705c10da","level":"INFO","thread":"BesuCommand-Shutdown-Hook","class":"AutoTransactionLogBloomCachingService","message":"Shutting down Auto transaction logs caching service.","throwable":""}
{"timestamp":"2024-10-25T19:58:29,175","container":"13aa705c10da","level":"INFO","thread":"BesuCommand-Shutdown-Hook","class":"DockerNatManager","message":"Stopping docker NAT manager.","throwable":""}
