{"timestamp":"2025-06-06T15:17:43,479","container":"ab4ebae493e8","level":"INFO","thread":"main","class":"Besu","message":"Starting Besu","throwable":""}
{"timestamp":"2025-06-06T15:17:44,030","container":"ab4ebae493e8","level":"WARN","thread":"main","class":"Besu","message":"--min-gas-price has been ignored because --miner-enabled was not defined on the command line.","throwable":""}
{"timestamp":"2025-06-06T15:17:44,987","container":"ab4ebae493e8","level":"INFO","thread":"main","class":"Besu","message":"
####################################################################################################
#                                                                                                  #
# Besu version 23.4.1                                                                              #
#                                                                                                  #
# Configuration:                                                                                   #
# Network: Custom genesis file specified                                                           #
# Network Id: 1337                                                                                 #
# Data storage: Forest                                                                             #
# Sync mode: Full                                                                                  #
# RPC HTTP APIs: EEA,WEB3,ETH,NET,TRACE,DEBUG,ADMIN,TXPOOL,PRIV,PERM,QBFT                          #
# RPC HTTP port: 8545                                                                              #
#                                                                                                  #
# Host:                                                                                            #
# Java: openjdk-java-17                                                                            #
# Maximum heap size: 3.84 GB                                                                       #
# OS: linux-x86_64                                                                                 #
# glibc: 2.35                                                                                      #
# jemalloc: 5.2.1-0-gea6b3e973b477b8061e0076bb257dbd7f3faa756                                      #
# Total memory: 15.35 GB                                                                           #
# CPU cores: 8                                                                                     #
#                                                                                                  #
####################################################################################################","throwable":""}
{"timestamp":"2025-06-06T15:17:44,988","container":"ab4ebae493e8","level":"INFO","thread":"main","class":"Besu","message":"Connecting to 8 static nodes.","throwable":""}
{"timestamp":"2025-06-06T15:17:44,988","container":"ab4ebae493e8","level":"INFO","thread":"main","class":"Besu","message":"Security Module: localfile","throwable":""}
{"timestamp":"2025-06-06T15:17:45,037","container":"ab4ebae493e8","level":"INFO","thread":"main","class":"Besu","message":"Using the native implementation of alt bn128","throwable":""}
{"timestamp":"2025-06-06T15:17:45,080","container":"ab4ebae493e8","level":"INFO","thread":"main","class":"Besu","message":"Using the native implementation of modexp","throwable":""}
{"timestamp":"2025-06-06T15:17:45,081","container":"ab4ebae493e8","level":"INFO","thread":"main","class":"Besu","message":"Using the native implementation of the signature algorithm","throwable":""}
{"timestamp":"2025-06-06T15:17:45,086","container":"ab4ebae493e8","level":"INFO","thread":"main","class":"Besu","message":"Using the native implementation of the blake2bf algorithm","throwable":""}
{"timestamp":"2025-06-06T15:17:45,105","container":"ab4ebae493e8","level":"INFO","thread":"main","class":"RocksDBKeyValueStorageFactory","message":"No existing database detected at /opt/besu/data. Using version 1","throwable":""}
{"timestamp":"2025-06-06T15:17:46,214","container":"ab4ebae493e8","level":"INFO","thread":"main","class":"KeyPairUtil","message":"Loaded public key 0x59cf0c623c582fa9b19bdf70fb6bade07f4ae32218dd4d1c7e2c7e65acf87da45cf2ab55d16d27360aafef17622c37c09db60d7680ebcc17b78867f4c05bcaa4 from /opt/besu/keys/nodekey","throwable":""}
{"timestamp":"2025-06-06T15:17:46,227","container":"ab4ebae493e8","level":"WARN","thread":"main","class":"Besu","message":"Privacy is disabled. Cannot use EEA/PRIV API methods when not using Privacy.","throwable":""}
{"timestamp":"2025-06-06T15:17:46,563","container":"ab4ebae493e8","level":"INFO","thread":"main","class":"ProtocolScheduleBuilder","message":"Protocol schedule created with milestones: [GrayGlacier: 0]","throwable":""}
{"timestamp":"2025-06-06T15:17:46,939","container":"ab4ebae493e8","level":"INFO","thread":"main","class":"TransactionPoolFactory","message":"Enabling transaction pool","throwable":""}
{"timestamp":"2025-06-06T15:17:46,965","container":"ab4ebae493e8","level":"INFO","thread":"main","class":"BesuControllerBuilder","message":"TTD difficulty is not present, creating initial sync phase for PoW","throwable":""}
{"timestamp":"2025-06-06T15:17:47,063","container":"ab4ebae493e8","level":"INFO","thread":"main","class":"RunnerBuilder","message":"Detecting NAT service.","throwable":""}
{"timestamp":"2025-06-06T15:17:48,351","container":"ab4ebae493e8","level":"INFO","thread":"main","class":"Runner","message":"Starting external services ... ","throwable":""}
{"timestamp":"2025-06-06T15:17:48,352","container":"ab4ebae493e8","level":"INFO","thread":"main","class":"MetricsHttpService","message":"Starting metrics http service on 0.0.0.0:9545","throwable":""}
{"timestamp":"2025-06-06T15:17:48,590","container":"ab4ebae493e8","level":"INFO","thread":"main","class":"JsonRpcHttpService","message":"Starting JSON-RPC service on 0.0.0.0:8545","throwable":""}
{"timestamp":"2025-06-06T15:17:48,590","container":"ab4ebae493e8","level":"INFO","thread":"vert.x-eventloop-thread-1","class":"MetricsHttpService","message":"Metrics service started and listening on 0.0.0.0:9545","throwable":""}
{"timestamp":"2025-06-06T15:17:48,615","container":"ab4ebae493e8","level":"INFO","thread":"vert.x-eventloop-thread-1","class":"JsonRpcHttpService","message":"JSON-RPC service started and listening on 0.0.0.0:8545","throwable":""}
{"timestamp":"2025-06-06T15:17:48,617","container":"ab4ebae493e8","level":"INFO","thread":"main","class":"GraphQLHttpService","message":"Starting GraphQL HTTP service on 0.0.0.0:8547","throwable":""}
{"timestamp":"2025-06-06T15:17:48,620","container":"ab4ebae493e8","level":"INFO","thread":"vert.x-eventloop-thread-1","class":"GraphQLHttpService","message":"GraphQL HTTP service started and listening on 0.0.0.0:8547","throwable":""}
{"timestamp":"2025-06-06T15:17:48,623","container":"ab4ebae493e8","level":"INFO","thread":"main","class":"WebSocketService","message":"Starting Websocket service on 0.0.0.0:8546","throwable":""}
{"timestamp":"2025-06-06T15:17:48,627","container":"ab4ebae493e8","level":"INFO","thread":"vert.x-eventloop-thread-1","class":"WebSocketService","message":"Websocket service started and listening on 0.0.0.0:8546","throwable":""}
{"timestamp":"2025-06-06T15:17:48,631","container":"ab4ebae493e8","level":"INFO","thread":"main","class":"AutoTransactionLogBloomCachingService","message":"Starting auto transaction log bloom caching service.","throwable":""}
{"timestamp":"2025-06-06T15:17:48,636","container":"ab4ebae493e8","level":"INFO","thread":"main","class":"LogBloomCacheMetadata","message":"Lookup cache metadata file in data directory: /opt/besu/data/caches","throwable":""}
{"timestamp":"2025-06-06T15:17:48,667","container":"ab4ebae493e8","level":"INFO","thread":"main","class":"Runner","message":"Starting Ethereum main loop ... ","throwable":""}
{"timestamp":"2025-06-06T15:17:48,668","container":"ab4ebae493e8","level":"INFO","thread":"main","class":"DockerNatManager","message":"Starting docker NAT manager.","throwable":""}
{"timestamp":"2025-06-06T15:17:48,689","container":"ab4ebae493e8","level":"INFO","thread":"main","class":"NetworkRunner","message":"Starting Network.","throwable":""}
{"timestamp":"2025-06-06T15:17:48,732","container":"ab4ebae493e8","level":"INFO","thread":"nioEventLoopGroup-2-1","class":"RlpxAgent","message":"P2P RLPx agent started and listening on /[0:0:0:0:0:0:0:0]:30303.","throwable":""}
{"timestamp":"2025-06-06T15:17:48,734","container":"ab4ebae493e8","level":"INFO","thread":"main","class":"PeerDiscoveryAgent","message":"Starting peer discovery agent on host=0.0.0.0, port=30303","throwable":""}
{"timestamp":"2025-06-06T15:17:48,764","container":"ab4ebae493e8","level":"INFO","thread":"vert.x-eventloop-thread-1","class":"VertxPeerDiscoveryAgent","message":"Started peer discovery agent successfully, on effective host=0:0:0:0:0:0:0:0%0 and port=30303","throwable":""}
{"timestamp":"2025-06-06T15:17:48,767","container":"ab4ebae493e8","level":"INFO","thread":"main","class":"PeerDiscoveryAgent","message":"P2P peer discovery agent started and listening on /[0:0:0:0:0:0:0:0%0]:30303","throwable":""}
{"timestamp":"2025-06-06T15:17:48,832","container":"ab4ebae493e8","level":"INFO","thread":"main","class":"PeerDiscoveryAgent","message":"Writing node record to disk. NodeRecord{seq=1, publicKey=0x0259cf0c623c582fa9b19bdf70fb6bade07f4ae32218dd4d1c7e2c7e65acf87da4, udpAddress=Optional[/10.26.108.63:30303], tcpAddress=Optional[/10.26.108.63:30303], asBase64=-Je4QKNLMD6mfC0pTp1bnnuWc06sXd7uMOgqgzRKnLFJBtHkU5HYyqpUVeK0OIJdVsOk1ojiKvzV9NaaSpQF2qdX_lsBg2V0aMfGhGpSrW2AgmlkgnY0gmlwhAoabD-Jc2VjcDI1NmsxoQJZzwxiPFgvqbGb33D7a63gf0rjIhjdTRx-LH5lrPh9pIN0Y3CCdl-DdWRwgnZf, nodeId=0x2a2fe7f9e880372cfd2bda0cce412f988377e31f4d0ff12d74df73b51c42d0ca, customFields={tcp=30303, udp=30303, ip=0x0a1a6c3f, eth=[[0x6a52ad6d, 0x]], id=V4, secp256k1=0x0259cf0c623c582fa9b19bdf70fb6bade07f4ae32218dd4d1c7e2c7e65acf87da4}}","throwable":""}
{"timestamp":"2025-06-06T15:17:48,956","container":"ab4ebae493e8","level":"INFO","thread":"main","class":"DefaultP2PNetwork","message":"Enode URL enode://59cf0c623c582fa9b19bdf70fb6bade07f4ae32218dd4d1c7e2c7e65acf87da45cf2ab55d16d27360aafef17622c37c09db60d7680ebcc17b78867f4c05bcaa4@10.26.108.63:30303","throwable":""}
{"timestamp":"2025-06-06T15:17:48,957","container":"ab4ebae493e8","level":"INFO","thread":"main","class":"DefaultP2PNetwork","message":"Node address 0xce412f988377e31f4d0ff12d74df73b51c42d0ca","throwable":""}
{"timestamp":"2025-06-06T15:17:49,064","container":"ab4ebae493e8","level":"INFO","thread":"main","class":"NetworkRunner","message":"Supported capabilities: [eth/62, eth/63, eth/64, eth/65, eth/66, eth/67, eth/68], [istanbul/100], [snap/1]","throwable":""}
{"timestamp":"2025-06-06T15:17:49,065","container":"ab4ebae493e8","level":"INFO","thread":"main","class":"DefaultSynchronizer","message":"Starting synchronizer.","throwable":""}
{"timestamp":"2025-06-06T15:17:49,068","container":"ab4ebae493e8","level":"INFO","thread":"main","class":"TransactionPoolFactory","message":"Enabling transaction handling following initial sync","throwable":""}
{"timestamp":"2025-06-06T15:17:49,069","container":"ab4ebae493e8","level":"INFO","thread":"main","class":"FullSyncDownloader","message":"Starting full sync.","throwable":""}
{"timestamp":"2025-06-06T15:17:49,070","container":"ab4ebae493e8","level":"INFO","thread":"main","class":"FullSyncTargetManager","message":"Unable to find sync target. Currently checking 0 peers for usefulness","throwable":""}
{"timestamp":"2025-06-06T15:17:49,178","container":"ab4ebae493e8","level":"INFO","thread":"main","class":"Runner","message":"Ethereum main loop is up.","throwable":""}
{"timestamp":"2025-06-06T15:17:52,011","container":"ab4ebae493e8","level":"INFO","thread":"nioEventLoopGroup-3-9","class":"FullSyncTargetManager","message":"Unable to find sync target. Currently checking 1 peers for usefulness","throwable":""}
{"timestamp":"2025-06-06T15:17:52,949","container":"ab4ebae493e8","level":"INFO","thread":"nioEventLoopGroup-3-10","class":"FullSyncTargetManager","message":"Unable to find sync target. Currently checking 2 peers for usefulness","throwable":""}
{"timestamp":"2025-06-06T15:17:57,851","container":"ab4ebae493e8","level":"INFO","thread":"nioEventLoopGroup-3-1","class":"FullSyncTargetManager","message":"Unable to find sync target. Currently checking 3 peers for usefulness","throwable":""}
{"timestamp":"2025-06-06T15:18:01,859","container":"ab4ebae493e8","level":"INFO","thread":"BftProcessorExecutor-QBFT-0","class":"QbftRound","message":"Importing proposed block to chain. round=ConsensusRoundIdentifier{Sequence=1, Round=1}, hash=0x3d80fb136692cb2c12d9be1b5635790ecf5ef4c40dd9c88ac4b1c7d3497fff0f","throwable":""}
{"timestamp":"2025-06-06T15:18:01,875","container":"ab4ebae493e8","level":"INFO","thread":"BftProcessorExecutor-QBFT-0","class":"QbftBesuControllerBuilder","message":"Imported #1 / 0 tx / 0 pending / 0 (0.0%) gas / (0x3d80fb136692cb2c12d9be1b5635790ecf5ef4c40dd9c88ac4b1c7d3497fff0f)","throwable":""}
{"timestamp":"2025-06-06T15:18:02,853","container":"ab4ebae493e8","level":"INFO","thread":"EthScheduler-Timer-0","class":"FullSyncTargetManager","message":"Unable to find sync target. Currently checking 3 peers for usefulness","throwable":""}
{"timestamp":"2025-06-06T15:18:07,855","container":"ab4ebae493e8","level":"INFO","thread":"EthScheduler-Timer-0","class":"FullSyncTargetManager","message":"Unable to find sync target. Currently checking 3 peers for usefulness","throwable":""}
{"timestamp":"2025-06-06T15:18:09,086","container":"ab4ebae493e8","level":"INFO","thread":"BftProcessorExecutor-QBFT-0","class":"QbftBesuControllerBuilder","message":"Imported #2 / 0 tx / 0 pending / 0 (0.0%) gas / (0x6f74da34c90542ef57e6a56127829f19c82d893bf710d78f1499bd8fbc7dfe3a)","throwable":""}
{"timestamp":"2025-06-06T15:18:17,047","container":"ab4ebae493e8","level":"INFO","thread":"BftProcessorExecutor-QBFT-0","class":"QbftBesuControllerBuilder","message":"Produced #3 / 0 tx / 0 pending / 0 (0.0%) gas / (0x14a28a51cf071c2ea0f72095569f46394cc2d27ceb686627d5384cefbab85555)","throwable":""}
{"timestamp":"2025-06-06T15:18:35,105","container":"ab4ebae493e8","level":"INFO","thread":"BftProcessorExecutor-QBFT-0","class":"QbftRound","message":"Importing proposed block to chain. round=ConsensusRoundIdentifier{Sequence=4, Round=1}, hash=0x9bdfa959a50b37eda5cf179efe7e540ee15a7f0f2ca644a318172cf6853ec5c8","throwable":""}
{"timestamp":"2025-06-06T15:18:35,124","container":"ab4ebae493e8","level":"INFO","thread":"BftProcessorExecutor-QBFT-0","class":"QbftBesuControllerBuilder","message":"Imported #4 / 0 tx / 0 pending / 0 (0.0%) gas / (0x9bdfa959a50b37eda5cf179efe7e540ee15a7f0f2ca644a318172cf6853ec5c8)","throwable":""}
{"timestamp":"2025-06-06T15:18:43,050","container":"ab4ebae493e8","level":"INFO","thread":"BftProcessorExecutor-QBFT-0","class":"QbftBesuControllerBuilder","message":"Imported #5 / 0 tx / 0 pending / 0 (0.0%) gas / (0xfbb16f15903ef7a86b67cdd1487b27f44e1933576bfa330fd8b63c2452b6f9d3)","throwable":""}
{"timestamp":"2025-06-06T15:18:51,100","container":"ab4ebae493e8","level":"INFO","thread":"BftProcessorExecutor-QBFT-0","class":"QbftBesuControllerBuilder","message":"Produced #6 / 0 tx / 0 pending / 0 (0.0%) gas / (0x5b1aea0904393193ebddbc1dd3ea8d6743ed4ccc892097aede1cdeb1a5815eb4)","throwable":""}
{"timestamp":"2025-06-06T15:19:09,053","container":"ab4ebae493e8","level":"INFO","thread":"BftProcessorExecutor-QBFT-0","class":"QbftRound","message":"Importing proposed block to chain. round=ConsensusRoundIdentifier{Sequence=7, Round=1}, hash=0x28b6e90e453d6349e8a11ae774994807907b42d365c2df387b952238f4893bcc","throwable":""}
{"timestamp":"2025-06-06T15:19:09,060","container":"ab4ebae493e8","level":"INFO","thread":"BftProcessorExecutor-QBFT-0","class":"QbftBesuControllerBuilder","message":"Imported #7 / 0 tx / 0 pending / 0 (0.0%) gas / (0x28b6e90e453d6349e8a11ae774994807907b42d365c2df387b952238f4893bcc)","throwable":""}
{"timestamp":"2025-06-06T15:19:17,044","container":"ab4ebae493e8","level":"INFO","thread":"BftProcessorExecutor-QBFT-0","class":"QbftBesuControllerBuilder","message":"Imported #8 / 0 tx / 0 pending / 0 (0.0%) gas / (0x1906fba4e2459eb3096a3b874f40421055c9f3558b9f01c810d1baf08813b704)","throwable":""}
{"timestamp":"2025-06-06T15:19:25,043","container":"ab4ebae493e8","level":"INFO","thread":"BftProcessorExecutor-QBFT-0","class":"QbftBesuControllerBuilder","message":"Produced #9 / 0 tx / 0 pending / 0 (0.0%) gas / (0x9b27a0c17411ffea63a51019fa9abe4d7e68f94e78b48a20957312de4be14f0a)","throwable":""}
{"timestamp":"2025-06-06T15:19:43,048","container":"ab4ebae493e8","level":"INFO","thread":"BftProcessorExecutor-QBFT-0","class":"QbftRound","message":"Importing proposed block to chain. round=ConsensusRoundIdentifier{Sequence=10, Round=1}, hash=0xaf6d28c9f405f74ecb949d369f77dafece5ca3136806ae5e30a87079ca5ad935","throwable":""}
{"timestamp":"2025-06-06T15:19:43,055","container":"ab4ebae493e8","level":"INFO","thread":"BftProcessorExecutor-QBFT-0","class":"QbftBesuControllerBuilder","message":"Imported #10 / 0 tx / 0 pending / 0 (0.0%) gas / (0xaf6d28c9f405f74ecb949d369f77dafece5ca3136806ae5e30a87079ca5ad935)","throwable":""}
{"timestamp":"2025-06-06T15:19:51,084","container":"ab4ebae493e8","level":"INFO","thread":"BftProcessorExecutor-QBFT-0","class":"QbftBesuControllerBuilder","message":"Imported #11 / 0 tx / 0 pending / 0 (0.0%) gas / (0x49d48f1d2f6d79a87c913f80221681ee91e5b999594b32b1e5a857313bf66716)","throwable":""}
{"timestamp":"2025-06-06T15:19:59,059","container":"ab4ebae493e8","level":"INFO","thread":"BftProcessorExecutor-QBFT-0","class":"QbftBesuControllerBuilder","message":"Produced #12 / 0 tx / 0 pending / 0 (0.0%) gas / (0xab184680f7c135d2e12cb7494cbaa798cb0e60e3f1a915193e906d34c3405a77)","throwable":""}
{"timestamp":"2025-06-06T15:20:17,058","container":"ab4ebae493e8","level":"INFO","thread":"BftProcessorExecutor-QBFT-0","class":"QbftRound","message":"Importing proposed block to chain. round=ConsensusRoundIdentifier{Sequence=13, Round=1}, hash=0xbfd5329062c6c09cd06b21823cf337a15efbcf36ed5631626e282f2c8c21c555","throwable":""}
{"timestamp":"2025-06-06T15:20:17,066","container":"ab4ebae493e8","level":"INFO","thread":"BftProcessorExecutor-QBFT-0","class":"QbftBesuControllerBuilder","message":"Imported #13 / 0 tx / 0 pending / 0 (0.0%) gas / (0xbfd5329062c6c09cd06b21823cf337a15efbcf36ed5631626e282f2c8c21c555)","throwable":""}
{"timestamp":"2025-06-06T15:20:25,046","container":"ab4ebae493e8","level":"INFO","thread":"BftProcessorExecutor-QBFT-0","class":"QbftBesuControllerBuilder","message":"Imported #14 / 0 tx / 0 pending / 0 (0.0%) gas / (0xb2c6a779286e85fcb4ec2c33746a82df10d2166c0a5da8cb22cbcac6997718a3)","throwable":""}
{"timestamp":"2025-06-06T15:20:33,048","container":"ab4ebae493e8","level":"INFO","thread":"BftProcessorExecutor-QBFT-0","class":"QbftBesuControllerBuilder","message":"Produced #15 / 0 tx / 0 pending / 0 (0.0%) gas / (0x590c8f30c7397d6072c21683804502abffc545bb46d35c2d2f99141ba4fb00cc)","throwable":""}
{"timestamp":"2025-06-06T15:20:51,129","container":"ab4ebae493e8","level":"INFO","thread":"BftProcessorExecutor-QBFT-0","class":"QbftRound","message":"Importing proposed block to chain. round=ConsensusRoundIdentifier{Sequence=16, Round=1}, hash=0x9a67471ac5e064466861a7701766cf2cf8ba3ccc5664372dccc88b93d3def593","throwable":""}
{"timestamp":"2025-06-06T15:20:51,133","container":"ab4ebae493e8","level":"INFO","thread":"BftProcessorExecutor-QBFT-0","class":"QbftBesuControllerBuilder","message":"Imported #16 / 0 tx / 0 pending / 0 (0.0%) gas / (0x9a67471ac5e064466861a7701766cf2cf8ba3ccc5664372dccc88b93d3def593)","throwable":""}
{"timestamp":"2025-06-06T15:20:59,040","container":"ab4ebae493e8","level":"INFO","thread":"BftProcessorExecutor-QBFT-0","class":"QbftBesuControllerBuilder","message":"Imported #17 / 0 tx / 0 pending / 0 (0.0%) gas / (0x0b4588dea64a868e3cfa5b6392367937baea8e50b1e5c8c9e42aa27d8f4b0517)","throwable":""}
{"timestamp":"2025-06-06T15:21:07,019","container":"ab4ebae493e8","level":"INFO","thread":"BftProcessorExecutor-QBFT-0","class":"QbftBesuControllerBuilder","message":"Produced #18 / 0 tx / 0 pending / 0 (0.0%) gas / (0x34f6e216435b342c376fafd5ec8ff2bea88dfb1879d51a352cf61b1c3cb78bbf)","throwable":""}
{"timestamp":"2025-06-06T15:21:25,027","container":"ab4ebae493e8","level":"INFO","thread":"BftProcessorExecutor-QBFT-0","class":"QbftRound","message":"Importing proposed block to chain. round=ConsensusRoundIdentifier{Sequence=19, Round=1}, hash=0x8cc682d30d2664829736376281dd9d6a02c563ffbc526c223e0bfaf879333934","throwable":""}
{"timestamp":"2025-06-06T15:21:25,034","container":"ab4ebae493e8","level":"INFO","thread":"BftProcessorExecutor-QBFT-0","class":"QbftBesuControllerBuilder","message":"Imported #19 / 0 tx / 0 pending / 0 (0.0%) gas / (0x8cc682d30d2664829736376281dd9d6a02c563ffbc526c223e0bfaf879333934)","throwable":""}
{"timestamp":"2025-06-06T15:21:33,043","container":"ab4ebae493e8","level":"INFO","thread":"BftProcessorExecutor-QBFT-0","class":"QbftBesuControllerBuilder","message":"Imported #20 / 0 tx / 0 pending / 0 (0.0%) gas / (0x9b04eabafeb554bc36e97af8de040b2228ed2b210de71d95e216bc8a81c48d91)","throwable":""}
{"timestamp":"2025-06-06T15:21:41,062","container":"ab4ebae493e8","level":"INFO","thread":"BftProcessorExecutor-QBFT-0","class":"QbftBesuControllerBuilder","message":"Produced #21 / 0 tx / 0 pending / 0 (0.0%) gas / (0x62493f01682d9695bad8bc2ec3dc428321094dac682350e80bd820207c7c9c3c)","throwable":""}
{"timestamp":"2025-06-06T15:21:59,035","container":"ab4ebae493e8","level":"INFO","thread":"BftProcessorExecutor-QBFT-0","class":"QbftRound","message":"Importing proposed block to chain. round=ConsensusRoundIdentifier{Sequence=22, Round=1}, hash=0x07cfe8a4a35b5351db651df3796e9e51c16d7d4ee03d11e233672054a36dede0","throwable":""}
{"timestamp":"2025-06-06T15:21:59,041","container":"ab4ebae493e8","level":"INFO","thread":"BftProcessorExecutor-QBFT-0","class":"QbftBesuControllerBuilder","message":"Imported #22 / 0 tx / 0 pending / 0 (0.0%) gas / (0x07cfe8a4a35b5351db651df3796e9e51c16d7d4ee03d11e233672054a36dede0)","throwable":""}
{"timestamp":"2025-06-06T15:22:07,037","container":"ab4ebae493e8","level":"INFO","thread":"BftProcessorExecutor-QBFT-0","class":"QbftBesuControllerBuilder","message":"Imported #23 / 0 tx / 0 pending / 0 (0.0%) gas / (0xb62b1ee275a0566e6b580e8c940d08a1981e54d02188741f9e663a7c5ad7a7cb)","throwable":""}
{"timestamp":"2025-06-06T15:22:15,022","container":"ab4ebae493e8","level":"INFO","thread":"BftProcessorExecutor-QBFT-0","class":"QbftBesuControllerBuilder","message":"Produced #24 / 0 tx / 0 pending / 0 (0.0%) gas / (0x0ce87538396075ab4d8b399b356077bcf9142e2b0d60f99a6612fd7a684c5e31)","throwable":""}
{"timestamp":"2025-06-06T15:22:33,055","container":"ab4ebae493e8","level":"INFO","thread":"BftProcessorExecutor-QBFT-0","class":"QbftRound","message":"Importing proposed block to chain. round=ConsensusRoundIdentifier{Sequence=25, Round=1}, hash=0x5e650818d03ac7ea1639bcfcc148615ac35764f93cd2f91219b0ffb5b6fb099d","throwable":""}
{"timestamp":"2025-06-06T15:22:33,060","container":"ab4ebae493e8","level":"INFO","thread":"BftProcessorExecutor-QBFT-0","class":"QbftBesuControllerBuilder","message":"Imported #25 / 0 tx / 0 pending / 0 (0.0%) gas / (0x5e650818d03ac7ea1639bcfcc148615ac35764f93cd2f91219b0ffb5b6fb099d)","throwable":""}
{"timestamp":"2025-06-06T15:22:41,034","container":"ab4ebae493e8","level":"INFO","thread":"BftProcessorExecutor-QBFT-0","class":"QbftBesuControllerBuilder","message":"Imported #26 / 0 tx / 0 pending / 0 (0.0%) gas / (0xfb44bebaadb4cfea172e9ce59b98385dfee174ab9cf21c4ed430f5f912be0a01)","throwable":""}
{"timestamp":"2025-06-06T15:22:49,027","container":"ab4ebae493e8","level":"INFO","thread":"BftProcessorExecutor-QBFT-0","class":"QbftBesuControllerBuilder","message":"Produced #27 / 0 tx / 0 pending / 0 (0.0%) gas / (0xdf5bce8ec2da1a13d24cdbda9d9e7168c15ef722c05b8f859e84907db73c4f6e)","throwable":""}
{"timestamp":"2025-06-06T15:23:07,043","container":"ab4ebae493e8","level":"INFO","thread":"BftProcessorExecutor-QBFT-0","class":"QbftRound","message":"Importing proposed block to chain. round=ConsensusRoundIdentifier{Sequence=28, Round=1}, hash=0x7a6ef17c9420fdab2f7b97749db696a1eb375b1ed52241be509d152c0b46d99b","throwable":""}
{"timestamp":"2025-06-06T15:23:07,051","container":"ab4ebae493e8","level":"INFO","thread":"BftProcessorExecutor-QBFT-0","class":"QbftBesuControllerBuilder","message":"Imported #28 / 0 tx / 0 pending / 0 (0.0%) gas / (0x7a6ef17c9420fdab2f7b97749db696a1eb375b1ed52241be509d152c0b46d99b)","throwable":""}
{"timestamp":"2025-06-06T15:23:15,042","container":"ab4ebae493e8","level":"INFO","thread":"BftProcessorExecutor-QBFT-0","class":"QbftBesuControllerBuilder","message":"Imported #29 / 0 tx / 0 pending / 0 (0.0%) gas / (0xc423d3fe6d40030eed54332d65de8ee307f0053b3366a9026e67895753c1f75b)","throwable":""}
{"timestamp":"2025-06-06T15:23:23,022","container":"ab4ebae493e8","level":"INFO","thread":"BftProcessorExecutor-QBFT-0","class":"QbftBesuControllerBuilder","message":"Produced #30 / 0 tx / 0 pending / 0 (0.0%) gas / (0x3766e238007ab67fcbaec92dddae776bbec4c72a98de0d81419c8603e05b1a31)","throwable":""}
{"timestamp":"2025-06-06T15:23:41,038","container":"ab4ebae493e8","level":"INFO","thread":"BftProcessorExecutor-QBFT-0","class":"QbftRound","message":"Importing proposed block to chain. round=ConsensusRoundIdentifier{Sequence=31, Round=1}, hash=0x7a6aac2364c832d7c8a2f717af49e61c605bd48b67c1fe11fa54b747a6d2027c","throwable":""}
{"timestamp":"2025-06-06T15:23:41,043","container":"ab4ebae493e8","level":"INFO","thread":"BftProcessorExecutor-QBFT-0","class":"QbftBesuControllerBuilder","message":"Imported #31 / 0 tx / 0 pending / 0 (0.0%) gas / (0x7a6aac2364c832d7c8a2f717af49e61c605bd48b67c1fe11fa54b747a6d2027c)","throwable":""}
{"timestamp":"2025-06-06T15:23:49,040","container":"ab4ebae493e8","level":"INFO","thread":"BftProcessorExecutor-QBFT-0","class":"QbftBesuControllerBuilder","message":"Imported #32 / 0 tx / 0 pending / 0 (0.0%) gas / (0x1feb66bd088a00fa1eaabdee1d7f4303899eae1f07c1ee35f14a97edc2d1f9f0)","throwable":""}
{"timestamp":"2025-06-06T15:23:57,029","container":"ab4ebae493e8","level":"INFO","thread":"BftProcessorExecutor-QBFT-0","class":"QbftBesuControllerBuilder","message":"Produced #33 / 0 tx / 0 pending / 0 (0.0%) gas / (0x3b11c0d40503542bf2b06bfa3b259450b61111944374c33ed9803402b2ac212b)","throwable":""}
{"timestamp":"2025-06-06T15:23:57,530","container":"ab4ebae493e8","level":"INFO","thread":"BftProcessorExecutor-QBFT-0","class":"BftProcessor","message":"Shutting down BFT event processor","throwable":""}
{"timestamp":"2025-06-06T15:23:57,531","container":"ab4ebae493e8","level":"INFO","thread":"BesuCommand-Shutdown-Hook","class":"DefaultSynchronizer","message":"Stopping synchronizer","throwable":""}
{"timestamp":"2025-06-06T15:23:57,534","container":"ab4ebae493e8","level":"INFO","thread":"BesuCommand-Shutdown-Hook","class":"NetworkRunner","message":"Stopping Network.","throwable":""}
{"timestamp":"2025-06-06T15:23:57,540","container":"ab4ebae493e8","level":"INFO","thread":"BesuCommand-Shutdown-Hook","class":"EthProtocolManager","message":"Stopping eth Subprotocol.","throwable":""}
{"timestamp":"2025-06-06T15:23:57,542","container":"ab4ebae493e8","level":"INFO","thread":"BesuCommand-Shutdown-Hook","class":"EthProtocolManager","message":"eth Subprotocol stopped.","throwable":""}
{"timestamp":"2025-06-06T15:23:57,542","container":"ab4ebae493e8","level":"INFO","thread":"BesuCommand-Shutdown-Hook","class":"NetworkRunner","message":"Network stopped.","throwable":""}
{"timestamp":"2025-06-06T15:23:57,543","container":"ab4ebae493e8","level":"INFO","thread":"BesuCommand-Shutdown-Hook","class":"AutoTransactionLogBloomCachingService","message":"Shutting down Auto transaction logs caching service.","throwable":""}
{"timestamp":"2025-06-06T15:23:57,549","container":"ab4ebae493e8","level":"INFO","thread":"BesuCommand-Shutdown-Hook","class":"DockerNatManager","message":"Stopping docker NAT manager.","throwable":""}
