{"timestamp":"2025-06-06T15:17:43,758","container":"63aa3dbe933e","level":"INFO","thread":"main","class":"Besu","message":"Starting Besu","throwable":""}
{"timestamp":"2025-06-06T15:17:44,218","container":"63aa3dbe933e","level":"WARN","thread":"main","class":"Besu","message":"--min-gas-price has been ignored because --miner-enabled was not defined on the command line.","throwable":""}
{"timestamp":"2025-06-06T15:17:45,038","container":"63aa3dbe933e","level":"INFO","thread":"main","class":"Besu","message":"
####################################################################################################
#                                                                                                  #
# Besu version 23.4.1                                                                              #
#                                                                                                  #
# Configuration:                                                                                   #
# Network: Custom genesis file specified                                                           #
# Network Id: 1337                                                                                 #
# Data storage: Forest                                                                             #
# Sync mode: Full                                                                                  #
# RPC HTTP APIs: EEA,WEB3,ETH,NET,TRACE,DEBUG,ADMIN,TXPOOL,PRIV,PERM,QBFT                          #
# RPC HTTP port: 8545                                                                              #
#                                                                                                  #
# Host:                                                                                            #
# Java: openjdk-java-17                                                                            #
# Maximum heap size: 3.84 GB                                                                       #
# OS: linux-x86_64                                                                                 #
# glibc: 2.35                                                                                      #
# jemalloc: 5.2.1-0-gea6b3e973b477b8061e0076bb257dbd7f3faa756                                      #
# Total memory: 15.35 GB                                                                           #
# CPU cores: 8                                                                                     #
#                                                                                                  #
####################################################################################################","throwable":""}
{"timestamp":"2025-06-06T15:17:45,038","container":"63aa3dbe933e","level":"INFO","thread":"main","class":"Besu","message":"Connecting to 8 static nodes.","throwable":""}
{"timestamp":"2025-06-06T15:17:45,038","container":"63aa3dbe933e","level":"INFO","thread":"main","class":"Besu","message":"Security Module: localfile","throwable":""}
{"timestamp":"2025-06-06T15:17:45,093","container":"63aa3dbe933e","level":"INFO","thread":"main","class":"Besu","message":"Using the native implementation of alt bn128","throwable":""}
{"timestamp":"2025-06-06T15:17:45,139","container":"63aa3dbe933e","level":"INFO","thread":"main","class":"Besu","message":"Using the native implementation of modexp","throwable":""}
{"timestamp":"2025-06-06T15:17:45,139","container":"63aa3dbe933e","level":"INFO","thread":"main","class":"Besu","message":"Using the native implementation of the signature algorithm","throwable":""}
{"timestamp":"2025-06-06T15:17:45,143","container":"63aa3dbe933e","level":"INFO","thread":"main","class":"Besu","message":"Using the native implementation of the blake2bf algorithm","throwable":""}
{"timestamp":"2025-06-06T15:17:45,162","container":"63aa3dbe933e","level":"INFO","thread":"main","class":"RocksDBKeyValueStorageFactory","message":"No existing database detected at /opt/besu/data. Using version 1","throwable":""}
{"timestamp":"2025-06-06T15:17:46,184","container":"63aa3dbe933e","level":"INFO","thread":"main","class":"KeyPairUtil","message":"Loaded public key 0x2fd5b5b6ad529f55b71602026d1849d0036f06482368b5812fa793014195d3571b0840dbc4175617de2a12db8f1222c012420d471ae5c0d982118625cae58868 from /opt/besu/keys/nodekey","throwable":""}
{"timestamp":"2025-06-06T15:17:46,202","container":"63aa3dbe933e","level":"WARN","thread":"main","class":"Besu","message":"Privacy is disabled. Cannot use EEA/PRIV API methods when not using Privacy.","throwable":""}
{"timestamp":"2025-06-06T15:17:46,670","container":"63aa3dbe933e","level":"INFO","thread":"main","class":"ProtocolScheduleBuilder","message":"Protocol schedule created with milestones: [GrayGlacier: 0]","throwable":""}
{"timestamp":"2025-06-06T15:17:47,003","container":"63aa3dbe933e","level":"INFO","thread":"main","class":"TransactionPoolFactory","message":"Enabling transaction pool","throwable":""}
{"timestamp":"2025-06-06T15:17:47,039","container":"63aa3dbe933e","level":"INFO","thread":"main","class":"BesuControllerBuilder","message":"TTD difficulty is not present, creating initial sync phase for PoW","throwable":""}
{"timestamp":"2025-06-06T15:17:47,161","container":"63aa3dbe933e","level":"INFO","thread":"main","class":"RunnerBuilder","message":"Detecting NAT service.","throwable":""}
{"timestamp":"2025-06-06T15:17:48,251","container":"63aa3dbe933e","level":"INFO","thread":"main","class":"Runner","message":"Starting external services ... ","throwable":""}
{"timestamp":"2025-06-06T15:17:48,252","container":"63aa3dbe933e","level":"INFO","thread":"main","class":"MetricsHttpService","message":"Starting metrics http service on 0.0.0.0:9545","throwable":""}
{"timestamp":"2025-06-06T15:17:48,462","container":"63aa3dbe933e","level":"INFO","thread":"vert.x-eventloop-thread-1","class":"MetricsHttpService","message":"Metrics service started and listening on 0.0.0.0:9545","throwable":""}
{"timestamp":"2025-06-06T15:17:48,463","container":"63aa3dbe933e","level":"INFO","thread":"main","class":"JsonRpcHttpService","message":"Starting JSON-RPC service on 0.0.0.0:8545","throwable":""}
{"timestamp":"2025-06-06T15:17:48,499","container":"63aa3dbe933e","level":"INFO","thread":"vert.x-eventloop-thread-1","class":"JsonRpcHttpService","message":"JSON-RPC service started and listening on 0.0.0.0:8545","throwable":""}
{"timestamp":"2025-06-06T15:17:48,505","container":"63aa3dbe933e","level":"INFO","thread":"main","class":"GraphQLHttpService","message":"Starting GraphQL HTTP service on 0.0.0.0:8547","throwable":""}
{"timestamp":"2025-06-06T15:17:48,508","container":"63aa3dbe933e","level":"INFO","thread":"vert.x-eventloop-thread-1","class":"GraphQLHttpService","message":"GraphQL HTTP service started and listening on 0.0.0.0:8547","throwable":""}
{"timestamp":"2025-06-06T15:17:48,512","container":"63aa3dbe933e","level":"INFO","thread":"main","class":"WebSocketService","message":"Starting Websocket service on 0.0.0.0:8546","throwable":""}
{"timestamp":"2025-06-06T15:17:48,516","container":"63aa3dbe933e","level":"INFO","thread":"vert.x-eventloop-thread-1","class":"WebSocketService","message":"Websocket service started and listening on 0.0.0.0:8546","throwable":""}
{"timestamp":"2025-06-06T15:17:48,527","container":"63aa3dbe933e","level":"INFO","thread":"main","class":"AutoTransactionLogBloomCachingService","message":"Starting auto transaction log bloom caching service.","throwable":""}
{"timestamp":"2025-06-06T15:17:48,528","container":"63aa3dbe933e","level":"INFO","thread":"main","class":"LogBloomCacheMetadata","message":"Lookup cache metadata file in data directory: /opt/besu/data/caches","throwable":""}
{"timestamp":"2025-06-06T15:17:48,571","container":"63aa3dbe933e","level":"INFO","thread":"main","class":"Runner","message":"Starting Ethereum main loop ... ","throwable":""}
{"timestamp":"2025-06-06T15:17:48,574","container":"63aa3dbe933e","level":"INFO","thread":"main","class":"DockerNatManager","message":"Starting docker NAT manager.","throwable":""}
{"timestamp":"2025-06-06T15:17:48,629","container":"63aa3dbe933e","level":"INFO","thread":"main","class":"NetworkRunner","message":"Starting Network.","throwable":""}
{"timestamp":"2025-06-06T15:17:48,661","container":"63aa3dbe933e","level":"INFO","thread":"nioEventLoopGroup-2-1","class":"RlpxAgent","message":"P2P RLPx agent started and listening on /[0:0:0:0:0:0:0:0]:30303.","throwable":""}
{"timestamp":"2025-06-06T15:17:48,667","container":"63aa3dbe933e","level":"INFO","thread":"main","class":"PeerDiscoveryAgent","message":"Starting peer discovery agent on host=0.0.0.0, port=30303","throwable":""}
{"timestamp":"2025-06-06T15:17:48,717","container":"63aa3dbe933e","level":"INFO","thread":"vert.x-eventloop-thread-1","class":"VertxPeerDiscoveryAgent","message":"Started peer discovery agent successfully, on effective host=0:0:0:0:0:0:0:0%0 and port=30303","throwable":""}
{"timestamp":"2025-06-06T15:17:48,720","container":"63aa3dbe933e","level":"INFO","thread":"main","class":"PeerDiscoveryAgent","message":"P2P peer discovery agent started and listening on /[0:0:0:0:0:0:0:0%0]:30303","throwable":""}
{"timestamp":"2025-06-06T15:17:48,787","container":"63aa3dbe933e","level":"INFO","thread":"main","class":"PeerDiscoveryAgent","message":"Writing node record to disk. NodeRecord{seq=1, publicKey=0x022fd5b5b6ad529f55b71602026d1849d0036f06482368b5812fa793014195d357, udpAddress=Optional[/10.26.108.63:30303], tcpAddress=Optional[/10.26.108.63:30303], asBase64=-Je4QAYyjgVjPrgl0E-8Ji6E6fEZyJrvoL9anYWIBsYdw_49DREIRGXp6XQfX5dEBFxdGRpmydth0DMsSMzCj6_EP8MBg2V0aMfGhGpSrW2AgmlkgnY0gmlwhAoabD-Jc2VjcDI1NmsxoQIv1bW2rVKfVbcWAgJtGEnQA28GSCNotYEvp5MBQZXTV4N0Y3CCdl-DdWRwgnZf, nodeId=0xc8f776c1d83d4fddd02782c698c1334496614aed49d2e81526d089f7264fed9c, customFields={tcp=30303, udp=30303, ip=0x0a1a6c3f, eth=[[0x6a52ad6d, 0x]], id=V4, secp256k1=0x022fd5b5b6ad529f55b71602026d1849d0036f06482368b5812fa793014195d357}}","throwable":""}
{"timestamp":"2025-06-06T15:17:48,880","container":"63aa3dbe933e","level":"INFO","thread":"main","class":"DefaultP2PNetwork","message":"Enode URL enode://2fd5b5b6ad529f55b71602026d1849d0036f06482368b5812fa793014195d3571b0840dbc4175617de2a12db8f1222c012420d471ae5c0d982118625cae58868@10.26.108.63:30303","throwable":""}
{"timestamp":"2025-06-06T15:17:48,881","container":"63aa3dbe933e","level":"INFO","thread":"main","class":"DefaultP2PNetwork","message":"Node address 0x98c1334496614aed49d2e81526d089f7264fed9c","throwable":""}
{"timestamp":"2025-06-06T15:17:49,008","container":"63aa3dbe933e","level":"INFO","thread":"main","class":"NetworkRunner","message":"Supported capabilities: [eth/62, eth/63, eth/64, eth/65, eth/66, eth/67, eth/68], [istanbul/100], [snap/1]","throwable":""}
{"timestamp":"2025-06-06T15:17:49,008","container":"63aa3dbe933e","level":"INFO","thread":"main","class":"DefaultSynchronizer","message":"Starting synchronizer.","throwable":""}
{"timestamp":"2025-06-06T15:17:49,010","container":"63aa3dbe933e","level":"INFO","thread":"main","class":"TransactionPoolFactory","message":"Enabling transaction handling following initial sync","throwable":""}
{"timestamp":"2025-06-06T15:17:49,011","container":"63aa3dbe933e","level":"INFO","thread":"main","class":"FullSyncDownloader","message":"Starting full sync.","throwable":""}
{"timestamp":"2025-06-06T15:17:49,014","container":"63aa3dbe933e","level":"INFO","thread":"main","class":"FullSyncTargetManager","message":"Unable to find sync target. Currently checking 0 peers for usefulness","throwable":""}
{"timestamp":"2025-06-06T15:17:49,294","container":"63aa3dbe933e","level":"INFO","thread":"main","class":"Runner","message":"Ethereum main loop is up.","throwable":""}
{"timestamp":"2025-06-06T15:17:52,018","container":"63aa3dbe933e","level":"INFO","thread":"nioEventLoopGroup-3-9","class":"FullSyncTargetManager","message":"Unable to find sync target. Currently checking 1 peers for usefulness","throwable":""}
{"timestamp":"2025-06-06T15:17:52,942","container":"63aa3dbe933e","level":"INFO","thread":"nioEventLoopGroup-3-10","class":"FullSyncTargetManager","message":"Unable to find sync target. Currently checking 2 peers for usefulness","throwable":""}
{"timestamp":"2025-06-06T15:17:57,853","container":"63aa3dbe933e","level":"INFO","thread":"nioEventLoopGroup-3-1","class":"FullSyncTargetManager","message":"Unable to find sync target. Currently checking 3 peers for usefulness","throwable":""}
{"timestamp":"2025-06-06T15:18:01,855","container":"63aa3dbe933e","level":"INFO","thread":"BftProcessorExecutor-QBFT-0","class":"QbftRound","message":"Importing proposed block to chain. round=ConsensusRoundIdentifier{Sequence=1, Round=1}, hash=0x3d80fb136692cb2c12d9be1b5635790ecf5ef4c40dd9c88ac4b1c7d3497fff0f","throwable":""}
{"timestamp":"2025-06-06T15:18:01,873","container":"63aa3dbe933e","level":"INFO","thread":"BftProcessorExecutor-QBFT-0","class":"QbftBesuControllerBuilder","message":"Imported #1 / 0 tx / 0 pending / 0 (0.0%) gas / (0x3d80fb136692cb2c12d9be1b5635790ecf5ef4c40dd9c88ac4b1c7d3497fff0f)","throwable":""}
{"timestamp":"2025-06-06T15:18:02,855","container":"63aa3dbe933e","level":"INFO","thread":"EthScheduler-Timer-0","class":"FullSyncTargetManager","message":"Unable to find sync target. Currently checking 3 peers for usefulness","throwable":""}
{"timestamp":"2025-06-06T15:18:07,857","container":"63aa3dbe933e","level":"INFO","thread":"EthScheduler-Timer-0","class":"FullSyncTargetManager","message":"Unable to find sync target. Currently checking 3 peers for usefulness","throwable":""}
{"timestamp":"2025-06-06T15:18:09,079","container":"63aa3dbe933e","level":"INFO","thread":"BftProcessorExecutor-QBFT-0","class":"QbftBesuControllerBuilder","message":"Produced #2 / 0 tx / 0 pending / 0 (0.0%) gas / (0x6f74da34c90542ef57e6a56127829f19c82d893bf710d78f1499bd8fbc7dfe3a)","throwable":""}
{"timestamp":"2025-06-06T15:18:17,054","container":"63aa3dbe933e","level":"INFO","thread":"BftProcessorExecutor-QBFT-0","class":"QbftBesuControllerBuilder","message":"Imported #3 / 0 tx / 0 pending / 0 (0.0%) gas / (0x14a28a51cf071c2ea0f72095569f46394cc2d27ceb686627d5384cefbab85555)","throwable":""}
{"timestamp":"2025-06-06T15:18:35,089","container":"63aa3dbe933e","level":"INFO","thread":"BftProcessorExecutor-QBFT-0","class":"QbftRound","message":"Importing proposed block to chain. round=ConsensusRoundIdentifier{Sequence=4, Round=1}, hash=0x9bdfa959a50b37eda5cf179efe7e540ee15a7f0f2ca644a318172cf6853ec5c8","throwable":""}
{"timestamp":"2025-06-06T15:18:35,103","container":"63aa3dbe933e","level":"INFO","thread":"BftProcessorExecutor-QBFT-0","class":"QbftBesuControllerBuilder","message":"Imported #4 / 0 tx / 0 pending / 0 (0.0%) gas / (0x9bdfa959a50b37eda5cf179efe7e540ee15a7f0f2ca644a318172cf6853ec5c8)","throwable":""}
{"timestamp":"2025-06-06T15:18:43,046","container":"63aa3dbe933e","level":"INFO","thread":"BftProcessorExecutor-QBFT-0","class":"QbftBesuControllerBuilder","message":"Produced #5 / 0 tx / 0 pending / 0 (0.0%) gas / (0xfbb16f15903ef7a86b67cdd1487b27f44e1933576bfa330fd8b63c2452b6f9d3)","throwable":""}
{"timestamp":"2025-06-06T15:18:51,129","container":"63aa3dbe933e","level":"INFO","thread":"BftProcessorExecutor-QBFT-0","class":"QbftBesuControllerBuilder","message":"Imported #6 / 0 tx / 0 pending / 0 (0.0%) gas / (0x5b1aea0904393193ebddbc1dd3ea8d6743ed4ccc892097aede1cdeb1a5815eb4)","throwable":""}
{"timestamp":"2025-06-06T15:19:09,058","container":"63aa3dbe933e","level":"INFO","thread":"BftProcessorExecutor-QBFT-0","class":"QbftRound","message":"Importing proposed block to chain. round=ConsensusRoundIdentifier{Sequence=7, Round=1}, hash=0x28b6e90e453d6349e8a11ae774994807907b42d365c2df387b952238f4893bcc","throwable":""}
{"timestamp":"2025-06-06T15:19:09,069","container":"63aa3dbe933e","level":"INFO","thread":"BftProcessorExecutor-QBFT-0","class":"QbftBesuControllerBuilder","message":"Imported #7 / 0 tx / 0 pending / 0 (0.0%) gas / (0x28b6e90e453d6349e8a11ae774994807907b42d365c2df387b952238f4893bcc)","throwable":""}
{"timestamp":"2025-06-06T15:19:17,042","container":"63aa3dbe933e","level":"INFO","thread":"BftProcessorExecutor-QBFT-0","class":"QbftBesuControllerBuilder","message":"Produced #8 / 0 tx / 0 pending / 0 (0.0%) gas / (0x1906fba4e2459eb3096a3b874f40421055c9f3558b9f01c810d1baf08813b704)","throwable":""}
{"timestamp":"2025-06-06T15:19:25,049","container":"63aa3dbe933e","level":"INFO","thread":"BftProcessorExecutor-QBFT-0","class":"QbftBesuControllerBuilder","message":"Imported #9 / 0 tx / 0 pending / 0 (0.0%) gas / (0x9b27a0c17411ffea63a51019fa9abe4d7e68f94e78b48a20957312de4be14f0a)","throwable":""}
{"timestamp":"2025-06-06T15:19:43,051","container":"63aa3dbe933e","level":"INFO","thread":"BftProcessorExecutor-QBFT-0","class":"QbftRound","message":"Importing proposed block to chain. round=ConsensusRoundIdentifier{Sequence=10, Round=1}, hash=0xaf6d28c9f405f74ecb949d369f77dafece5ca3136806ae5e30a87079ca5ad935","throwable":""}
{"timestamp":"2025-06-06T15:19:43,058","container":"63aa3dbe933e","level":"INFO","thread":"BftProcessorExecutor-QBFT-0","class":"QbftBesuControllerBuilder","message":"Imported #10 / 0 tx / 0 pending / 0 (0.0%) gas / (0xaf6d28c9f405f74ecb949d369f77dafece5ca3136806ae5e30a87079ca5ad935)","throwable":""}
{"timestamp":"2025-06-06T15:19:51,086","container":"63aa3dbe933e","level":"INFO","thread":"BftProcessorExecutor-QBFT-0","class":"QbftBesuControllerBuilder","message":"Produced #11 / 0 tx / 0 pending / 0 (0.0%) gas / (0x49d48f1d2f6d79a87c913f80221681ee91e5b999594b32b1e5a857313bf66716)","throwable":""}
{"timestamp":"2025-06-06T15:19:59,060","container":"63aa3dbe933e","level":"INFO","thread":"BftProcessorExecutor-QBFT-0","class":"QbftBesuControllerBuilder","message":"Imported #12 / 0 tx / 0 pending / 0 (0.0%) gas / (0xab184680f7c135d2e12cb7494cbaa798cb0e60e3f1a915193e906d34c3405a77)","throwable":""}
{"timestamp":"2025-06-06T15:20:17,052","container":"63aa3dbe933e","level":"INFO","thread":"BftProcessorExecutor-QBFT-0","class":"QbftRound","message":"Importing proposed block to chain. round=ConsensusRoundIdentifier{Sequence=13, Round=1}, hash=0xbfd5329062c6c09cd06b21823cf337a15efbcf36ed5631626e282f2c8c21c555","throwable":""}
{"timestamp":"2025-06-06T15:20:17,059","container":"63aa3dbe933e","level":"INFO","thread":"BftProcessorExecutor-QBFT-0","class":"QbftBesuControllerBuilder","message":"Imported #13 / 0 tx / 0 pending / 0 (0.0%) gas / (0xbfd5329062c6c09cd06b21823cf337a15efbcf36ed5631626e282f2c8c21c555)","throwable":""}
{"timestamp":"2025-06-06T15:20:25,041","container":"63aa3dbe933e","level":"INFO","thread":"BftProcessorExecutor-QBFT-0","class":"QbftBesuControllerBuilder","message":"Produced #14 / 0 tx / 0 pending / 0 (0.0%) gas / (0xb2c6a779286e85fcb4ec2c33746a82df10d2166c0a5da8cb22cbcac6997718a3)","throwable":""}
{"timestamp":"2025-06-06T15:20:33,037","container":"63aa3dbe933e","level":"INFO","thread":"BftProcessorExecutor-QBFT-0","class":"QbftBesuControllerBuilder","message":"Imported #15 / 0 tx / 0 pending / 0 (0.0%) gas / (0x590c8f30c7397d6072c21683804502abffc545bb46d35c2d2f99141ba4fb00cc)","throwable":""}
{"timestamp":"2025-06-06T15:20:51,128","container":"63aa3dbe933e","level":"INFO","thread":"BftProcessorExecutor-QBFT-0","class":"QbftRound","message":"Importing proposed block to chain. round=ConsensusRoundIdentifier{Sequence=16, Round=1}, hash=0x9a67471ac5e064466861a7701766cf2cf8ba3ccc5664372dccc88b93d3def593","throwable":""}
{"timestamp":"2025-06-06T15:20:51,132","container":"63aa3dbe933e","level":"INFO","thread":"BftProcessorExecutor-QBFT-0","class":"QbftBesuControllerBuilder","message":"Imported #16 / 0 tx / 0 pending / 0 (0.0%) gas / (0x9a67471ac5e064466861a7701766cf2cf8ba3ccc5664372dccc88b93d3def593)","throwable":""}
{"timestamp":"2025-06-06T15:20:59,034","container":"63aa3dbe933e","level":"INFO","thread":"BftProcessorExecutor-QBFT-0","class":"QbftBesuControllerBuilder","message":"Produced #17 / 0 tx / 0 pending / 0 (0.0%) gas / (0x0b4588dea64a868e3cfa5b6392367937baea8e50b1e5c8c9e42aa27d8f4b0517)","throwable":""}
{"timestamp":"2025-06-06T15:21:07,022","container":"63aa3dbe933e","level":"INFO","thread":"BftProcessorExecutor-QBFT-0","class":"QbftBesuControllerBuilder","message":"Imported #18 / 0 tx / 0 pending / 0 (0.0%) gas / (0x34f6e216435b342c376fafd5ec8ff2bea88dfb1879d51a352cf61b1c3cb78bbf)","throwable":""}
{"timestamp":"2025-06-06T15:21:25,026","container":"63aa3dbe933e","level":"INFO","thread":"BftProcessorExecutor-QBFT-0","class":"QbftRound","message":"Importing proposed block to chain. round=ConsensusRoundIdentifier{Sequence=19, Round=1}, hash=0x8cc682d30d2664829736376281dd9d6a02c563ffbc526c223e0bfaf879333934","throwable":""}
{"timestamp":"2025-06-06T15:21:25,029","container":"63aa3dbe933e","level":"INFO","thread":"BftProcessorExecutor-QBFT-0","class":"QbftBesuControllerBuilder","message":"Imported #19 / 0 tx / 0 pending / 0 (0.0%) gas / (0x8cc682d30d2664829736376281dd9d6a02c563ffbc526c223e0bfaf879333934)","throwable":""}
{"timestamp":"2025-06-06T15:21:33,032","container":"63aa3dbe933e","level":"INFO","thread":"BftProcessorExecutor-QBFT-0","class":"QbftBesuControllerBuilder","message":"Produced #20 / 0 tx / 0 pending / 0 (0.0%) gas / (0x9b04eabafeb554bc36e97af8de040b2228ed2b210de71d95e216bc8a81c48d91)","throwable":""}
{"timestamp":"2025-06-06T15:21:41,062","container":"63aa3dbe933e","level":"INFO","thread":"BftProcessorExecutor-QBFT-0","class":"QbftBesuControllerBuilder","message":"Imported #21 / 0 tx / 0 pending / 0 (0.0%) gas / (0x62493f01682d9695bad8bc2ec3dc428321094dac682350e80bd820207c7c9c3c)","throwable":""}
{"timestamp":"2025-06-06T15:21:59,038","container":"63aa3dbe933e","level":"INFO","thread":"BftProcessorExecutor-QBFT-0","class":"QbftRound","message":"Importing proposed block to chain. round=ConsensusRoundIdentifier{Sequence=22, Round=1}, hash=0x07cfe8a4a35b5351db651df3796e9e51c16d7d4ee03d11e233672054a36dede0","throwable":""}
{"timestamp":"2025-06-06T15:21:59,047","container":"63aa3dbe933e","level":"INFO","thread":"BftProcessorExecutor-QBFT-0","class":"QbftBesuControllerBuilder","message":"Imported #22 / 0 tx / 0 pending / 0 (0.0%) gas / (0x07cfe8a4a35b5351db651df3796e9e51c16d7d4ee03d11e233672054a36dede0)","throwable":""}
{"timestamp":"2025-06-06T15:22:07,033","container":"63aa3dbe933e","level":"INFO","thread":"BftProcessorExecutor-QBFT-0","class":"QbftBesuControllerBuilder","message":"Produced #23 / 0 tx / 0 pending / 0 (0.0%) gas / (0xb62b1ee275a0566e6b580e8c940d08a1981e54d02188741f9e663a7c5ad7a7cb)","throwable":""}
{"timestamp":"2025-06-06T15:22:15,024","container":"63aa3dbe933e","level":"INFO","thread":"BftProcessorExecutor-QBFT-0","class":"QbftBesuControllerBuilder","message":"Imported #24 / 0 tx / 0 pending / 0 (0.0%) gas / (0x0ce87538396075ab4d8b399b356077bcf9142e2b0d60f99a6612fd7a684c5e31)","throwable":""}
{"timestamp":"2025-06-06T15:22:33,059","container":"63aa3dbe933e","level":"INFO","thread":"BftProcessorExecutor-QBFT-0","class":"QbftRound","message":"Importing proposed block to chain. round=ConsensusRoundIdentifier{Sequence=25, Round=1}, hash=0x5e650818d03ac7ea1639bcfcc148615ac35764f93cd2f91219b0ffb5b6fb099d","throwable":""}
{"timestamp":"2025-06-06T15:22:33,066","container":"63aa3dbe933e","level":"INFO","thread":"BftProcessorExecutor-QBFT-0","class":"QbftBesuControllerBuilder","message":"Imported #25 / 0 tx / 0 pending / 0 (0.0%) gas / (0x5e650818d03ac7ea1639bcfcc148615ac35764f93cd2f91219b0ffb5b6fb099d)","throwable":""}
{"timestamp":"2025-06-06T15:22:41,029","container":"63aa3dbe933e","level":"INFO","thread":"BftProcessorExecutor-QBFT-0","class":"QbftBesuControllerBuilder","message":"Produced #26 / 0 tx / 0 pending / 0 (0.0%) gas / (0xfb44bebaadb4cfea172e9ce59b98385dfee174ab9cf21c4ed430f5f912be0a01)","throwable":""}
{"timestamp":"2025-06-06T15:22:49,031","container":"63aa3dbe933e","level":"INFO","thread":"BftProcessorExecutor-QBFT-0","class":"QbftBesuControllerBuilder","message":"Imported #27 / 0 tx / 0 pending / 0 (0.0%) gas / (0xdf5bce8ec2da1a13d24cdbda9d9e7168c15ef722c05b8f859e84907db73c4f6e)","throwable":""}
{"timestamp":"2025-06-06T15:23:07,040","container":"63aa3dbe933e","level":"INFO","thread":"BftProcessorExecutor-QBFT-0","class":"QbftRound","message":"Importing proposed block to chain. round=ConsensusRoundIdentifier{Sequence=28, Round=1}, hash=0x7a6ef17c9420fdab2f7b97749db696a1eb375b1ed52241be509d152c0b46d99b","throwable":""}
{"timestamp":"2025-06-06T15:23:07,046","container":"63aa3dbe933e","level":"INFO","thread":"BftProcessorExecutor-QBFT-0","class":"QbftBesuControllerBuilder","message":"Imported #28 / 0 tx / 0 pending / 0 (0.0%) gas / (0x7a6ef17c9420fdab2f7b97749db696a1eb375b1ed52241be509d152c0b46d99b)","throwable":""}
{"timestamp":"2025-06-06T15:23:15,039","container":"63aa3dbe933e","level":"INFO","thread":"BftProcessorExecutor-QBFT-0","class":"QbftBesuControllerBuilder","message":"Produced #29 / 0 tx / 0 pending / 0 (0.0%) gas / (0xc423d3fe6d40030eed54332d65de8ee307f0053b3366a9026e67895753c1f75b)","throwable":""}
{"timestamp":"2025-06-06T15:23:23,026","container":"63aa3dbe933e","level":"INFO","thread":"BftProcessorExecutor-QBFT-0","class":"QbftBesuControllerBuilder","message":"Imported #30 / 0 tx / 0 pending / 0 (0.0%) gas / (0x3766e238007ab67fcbaec92dddae776bbec4c72a98de0d81419c8603e05b1a31)","throwable":""}
{"timestamp":"2025-06-06T15:23:41,040","container":"63aa3dbe933e","level":"INFO","thread":"BftProcessorExecutor-QBFT-0","class":"QbftRound","message":"Importing proposed block to chain. round=ConsensusRoundIdentifier{Sequence=31, Round=1}, hash=0x7a6aac2364c832d7c8a2f717af49e61c605bd48b67c1fe11fa54b747a6d2027c","throwable":""}
{"timestamp":"2025-06-06T15:23:41,045","container":"63aa3dbe933e","level":"INFO","thread":"BftProcessorExecutor-QBFT-0","class":"QbftBesuControllerBuilder","message":"Imported #31 / 0 tx / 0 pending / 0 (0.0%) gas / (0x7a6aac2364c832d7c8a2f717af49e61c605bd48b67c1fe11fa54b747a6d2027c)","throwable":""}
{"timestamp":"2025-06-06T15:23:49,033","container":"63aa3dbe933e","level":"INFO","thread":"BftProcessorExecutor-QBFT-0","class":"QbftBesuControllerBuilder","message":"Produced #32 / 0 tx / 0 pending / 0 (0.0%) gas / (0x1feb66bd088a00fa1eaabdee1d7f4303899eae1f07c1ee35f14a97edc2d1f9f0)","throwable":""}
{"timestamp":"2025-06-06T15:23:57,031","container":"63aa3dbe933e","level":"INFO","thread":"BftProcessorExecutor-QBFT-0","class":"QbftBesuControllerBuilder","message":"Imported #33 / 0 tx / 0 pending / 0 (0.0%) gas / (0x3b11c0d40503542bf2b06bfa3b259450b61111944374c33ed9803402b2ac212b)","throwable":""}
{"timestamp":"2025-06-06T15:23:57,532","container":"63aa3dbe933e","level":"INFO","thread":"BftProcessorExecutor-QBFT-0","class":"BftProcessor","message":"Shutting down BFT event processor","throwable":""}
{"timestamp":"2025-06-06T15:23:57,534","container":"63aa3dbe933e","level":"INFO","thread":"BesuCommand-Shutdown-Hook","class":"DefaultSynchronizer","message":"Stopping synchronizer","throwable":""}
{"timestamp":"2025-06-06T15:23:57,536","container":"63aa3dbe933e","level":"INFO","thread":"BesuCommand-Shutdown-Hook","class":"NetworkRunner","message":"Stopping Network.","throwable":""}
{"timestamp":"2025-06-06T15:23:57,547","container":"63aa3dbe933e","level":"INFO","thread":"BesuCommand-Shutdown-Hook","class":"EthProtocolManager","message":"Stopping eth Subprotocol.","throwable":""}
{"timestamp":"2025-06-06T15:23:57,549","container":"63aa3dbe933e","level":"INFO","thread":"BesuCommand-Shutdown-Hook","class":"EthProtocolManager","message":"eth Subprotocol stopped.","throwable":""}
{"timestamp":"2025-06-06T15:23:57,550","container":"63aa3dbe933e","level":"INFO","thread":"BesuCommand-Shutdown-Hook","class":"NetworkRunner","message":"Network stopped.","throwable":""}
{"timestamp":"2025-06-06T15:23:57,550","container":"63aa3dbe933e","level":"INFO","thread":"BesuCommand-Shutdown-Hook","class":"AutoTransactionLogBloomCachingService","message":"Shutting down Auto transaction logs caching service.","throwable":""}
{"timestamp":"2025-06-06T15:23:57,551","container":"63aa3dbe933e","level":"INFO","thread":"BesuCommand-Shutdown-Hook","class":"DockerNatManager","message":"Stopping docker NAT manager.","throwable":""}
