{"timestamp":"2024-12-02T23:40:53,847","container":"0df244c95b7f","level":"INFO","thread":"main","class":"Besu","message":"Starting Besu","throwable":""}
{"timestamp":"2024-12-02T23:40:55,390","container":"0df244c95b7f","level":"WARN","thread":"main","class":"Besu","message":"--min-gas-price has been ignored because --miner-enabled was not defined on the command line.","throwable":""}
{"timestamp":"2024-12-02T23:40:58,503","container":"0df244c95b7f","level":"INFO","thread":"main","class":"Besu","message":"
####################################################################################################
#                                                                                                  #
# Besu version 23.4.1                                                                              #
#                                                                                                  #
# Configuration:                                                                                   #
# Network: Custom genesis file specified                                                           #
# Network Id: 1337                                                                                 #
# Data storage: Forest                                                                             #
# Sync mode: Full                                                                                  #
# RPC HTTP APIs: EEA,WEB3,ETH,NET,TRACE,DEBUG,ADMIN,TXPOOL,PRIV,PERM,QBFT                          #
# RPC HTTP port: 8545                                                                              #
#                                                                                                  #
# Host:                                                                                            #
# Java: openjdk-java-17                                                                            #
# Maximum heap size: 1.86 GB                                                                       #
# OS: linux-x86_64                                                                                 #
# glibc: 2.35                                                                                      #
# jemalloc: 5.2.1-0-gea6b3e973b477b8061e0076bb257dbd7f3faa756                                      #
# Total memory: 7.45 GB                                                                            #
# CPU cores: 12                                                                                    #
#                                                                                                  #
####################################################################################################","throwable":""}
{"timestamp":"2024-12-02T23:40:58,504","container":"0df244c95b7f","level":"INFO","thread":"main","class":"Besu","message":"Connecting to 8 static nodes.","throwable":""}
{"timestamp":"2024-12-02T23:40:58,506","container":"0df244c95b7f","level":"INFO","thread":"main","class":"Besu","message":"Security Module: localfile","throwable":""}
{"timestamp":"2024-12-02T23:40:58,650","container":"0df244c95b7f","level":"INFO","thread":"main","class":"Besu","message":"Using the native implementation of alt bn128","throwable":""}
{"timestamp":"2024-12-02T23:40:58,832","container":"0df244c95b7f","level":"INFO","thread":"main","class":"Besu","message":"Using the native implementation of modexp","throwable":""}
{"timestamp":"2024-12-02T23:40:58,833","container":"0df244c95b7f","level":"INFO","thread":"main","class":"Besu","message":"Using the native implementation of the signature algorithm","throwable":""}
{"timestamp":"2024-12-02T23:40:58,860","container":"0df244c95b7f","level":"INFO","thread":"main","class":"Besu","message":"Using the native implementation of the blake2bf algorithm","throwable":""}
{"timestamp":"2024-12-02T23:40:58,982","container":"0df244c95b7f","level":"INFO","thread":"main","class":"RocksDBKeyValueStorageFactory","message":"No existing database detected at /opt/besu/data. Using version 1","throwable":""}
{"timestamp":"2024-12-02T23:41:01,659","container":"0df244c95b7f","level":"INFO","thread":"main","class":"KeyPairUtil","message":"Loaded public key 0x86fcc16f4730fbfd238dc17ea552854c0943923bb1d5e886e5601b8d884fb0519060e0023f495dd24ffe60a65660fb7fdcdebfceedd2b3673dfa63658825924b from /opt/besu/keys/nodekey","throwable":""}
{"timestamp":"2024-12-02T23:41:01,690","container":"0df244c95b7f","level":"WARN","thread":"main","class":"Besu","message":"Privacy is disabled. Cannot use EEA/PRIV API methods when not using Privacy.","throwable":""}
{"timestamp":"2024-12-02T23:41:02,968","container":"0df244c95b7f","level":"INFO","thread":"main","class":"ProtocolScheduleBuilder","message":"Protocol schedule created with milestones: [GrayGlacier: 0]","throwable":""}
{"timestamp":"2024-12-02T23:41:03,732","container":"0df244c95b7f","level":"INFO","thread":"main","class":"TransactionPoolFactory","message":"Enabling transaction pool","throwable":""}
{"timestamp":"2024-12-02T23:41:03,807","container":"0df244c95b7f","level":"INFO","thread":"main","class":"BesuControllerBuilder","message":"TTD difficulty is not present, creating initial sync phase for PoW","throwable":""}
{"timestamp":"2024-12-02T23:41:04,083","container":"0df244c95b7f","level":"INFO","thread":"main","class":"RunnerBuilder","message":"Detecting NAT service.","throwable":""}
{"timestamp":"2024-12-02T23:41:06,494","container":"0df244c95b7f","level":"INFO","thread":"main","class":"Runner","message":"Starting external services ... ","throwable":""}
{"timestamp":"2024-12-02T23:41:06,496","container":"0df244c95b7f","level":"INFO","thread":"main","class":"MetricsHttpService","message":"Starting metrics http service on 0.0.0.0:9545","throwable":""}
{"timestamp":"2024-12-02T23:41:06,942","container":"0df244c95b7f","level":"INFO","thread":"vert.x-eventloop-thread-1","class":"MetricsHttpService","message":"Metrics service started and listening on 0.0.0.0:9545","throwable":""}
{"timestamp":"2024-12-02T23:41:06,944","container":"0df244c95b7f","level":"INFO","thread":"main","class":"JsonRpcHttpService","message":"Starting JSON-RPC service on 0.0.0.0:8545","throwable":""}
{"timestamp":"2024-12-02T23:41:07,031","container":"0df244c95b7f","level":"INFO","thread":"vert.x-eventloop-thread-1","class":"JsonRpcHttpService","message":"JSON-RPC service started and listening on 0.0.0.0:8545","throwable":""}
{"timestamp":"2024-12-02T23:41:07,033","container":"0df244c95b7f","level":"INFO","thread":"main","class":"GraphQLHttpService","message":"Starting GraphQL HTTP service on 0.0.0.0:8547","throwable":""}
{"timestamp":"2024-12-02T23:41:07,041","container":"0df244c95b7f","level":"INFO","thread":"vert.x-eventloop-thread-1","class":"GraphQLHttpService","message":"GraphQL HTTP service started and listening on 0.0.0.0:8547","throwable":""}
{"timestamp":"2024-12-02T23:41:07,047","container":"0df244c95b7f","level":"INFO","thread":"main","class":"WebSocketService","message":"Starting Websocket service on 0.0.0.0:8546","throwable":""}
{"timestamp":"2024-12-02T23:41:07,060","container":"0df244c95b7f","level":"INFO","thread":"vert.x-eventloop-thread-1","class":"WebSocketService","message":"Websocket service started and listening on 0.0.0.0:8546","throwable":""}
{"timestamp":"2024-12-02T23:41:07,073","container":"0df244c95b7f","level":"INFO","thread":"main","class":"AutoTransactionLogBloomCachingService","message":"Starting auto transaction log bloom caching service.","throwable":""}
{"timestamp":"2024-12-02T23:41:07,081","container":"0df244c95b7f","level":"INFO","thread":"main","class":"LogBloomCacheMetadata","message":"Lookup cache metadata file in data directory: /opt/besu/data/caches","throwable":""}
{"timestamp":"2024-12-02T23:41:07,120","container":"0df244c95b7f","level":"INFO","thread":"main","class":"Runner","message":"Starting Ethereum main loop ... ","throwable":""}
{"timestamp":"2024-12-02T23:41:07,122","container":"0df244c95b7f","level":"INFO","thread":"main","class":"DockerNatManager","message":"Starting docker NAT manager.","throwable":""}
{"timestamp":"2024-12-02T23:41:10,857","container":"0df244c95b7f","level":"INFO","thread":"main","class":"NetworkRunner","message":"Starting Network.","throwable":""}
{"timestamp":"2024-12-02T23:41:10,905","container":"0df244c95b7f","level":"INFO","thread":"nioEventLoopGroup-2-1","class":"RlpxAgent","message":"P2P RLPx agent started and listening on /[0:0:0:0:0:0:0:0]:30303.","throwable":""}
{"timestamp":"2024-12-02T23:41:10,908","container":"0df244c95b7f","level":"INFO","thread":"main","class":"PeerDiscoveryAgent","message":"Starting peer discovery agent on host=0.0.0.0, port=30303","throwable":""}
{"timestamp":"2024-12-02T23:41:10,954","container":"0df244c95b7f","level":"INFO","thread":"vert.x-eventloop-thread-1","class":"VertxPeerDiscoveryAgent","message":"Started peer discovery agent successfully, on effective host=0:0:0:0:0:0:0:0%0 and port=30303","throwable":""}
{"timestamp":"2024-12-02T23:41:10,957","container":"0df244c95b7f","level":"INFO","thread":"vert.x-eventloop-thread-1","class":"PeerDiscoveryAgent","message":"P2P peer discovery agent started and listening on /[0:0:0:0:0:0:0:0%0]:30303","throwable":""}
{"timestamp":"2024-12-02T23:41:11,127","container":"0df244c95b7f","level":"INFO","thread":"vert.x-eventloop-thread-1","class":"PeerDiscoveryAgent","message":"Writing node record to disk. NodeRecord{seq=1, publicKey=0x0386fcc16f4730fbfd238dc17ea552854c0943923bb1d5e886e5601b8d884fb051, udpAddress=Optional[/172.16.239.15:30303], tcpAddress=Optional[/172.16.239.15:30303], asBase64=-Je4QHbVAqq_YjbL6IAr81xnMYKqRVzOmx6AmbcqgUCMRHQEN9SAw59T4DbMzherWU1vh9bbGPkx2k67wjWil36SMWQBg2V0aMfGhGg-ugyAgmlkgnY0gmlwhKwQ7w-Jc2VjcDI1NmsxoQOG_MFvRzD7_SONwX6lUoVMCUOSO7HV6IblYBuNiE-wUYN0Y3CCdl-DdWRwgnZf, nodeId=0x133b4f32d7750cdfd4048f04df8b560be949c229c821731554c33ead5e3888a4, customFields={tcp=30303, udp=30303, ip=0xac10ef0f, eth=[[0x683eba0c, 0x]], id=V4, secp256k1=0x0386fcc16f4730fbfd238dc17ea552854c0943923bb1d5e886e5601b8d884fb051}}","throwable":""}
{"timestamp":"2024-12-02T23:41:11,355","container":"0df244c95b7f","level":"INFO","thread":"main","class":"DefaultP2PNetwork","message":"Enode URL enode://86fcc16f4730fbfd238dc17ea552854c0943923bb1d5e886e5601b8d884fb0519060e0023f495dd24ffe60a65660fb7fdcdebfceedd2b3673dfa63658825924b@172.16.239.15:30303","throwable":""}
{"timestamp":"2024-12-02T23:41:11,356","container":"0df244c95b7f","level":"INFO","thread":"main","class":"DefaultP2PNetwork","message":"Node address 0xdf8b560be949c229c821731554c33ead5e3888a4","throwable":""}
{"timestamp":"2024-12-02T23:41:11,721","container":"0df244c95b7f","level":"INFO","thread":"main","class":"NetworkRunner","message":"Supported capabilities: [eth/62, eth/63, eth/64, eth/65, eth/66, eth/67, eth/68], [istanbul/100], [snap/1]","throwable":""}
{"timestamp":"2024-12-02T23:41:11,722","container":"0df244c95b7f","level":"INFO","thread":"main","class":"DefaultSynchronizer","message":"Starting synchronizer.","throwable":""}
{"timestamp":"2024-12-02T23:41:11,750","container":"0df244c95b7f","level":"INFO","thread":"main","class":"TransactionPoolFactory","message":"Enabling transaction handling following initial sync","throwable":""}
{"timestamp":"2024-12-02T23:41:11,752","container":"0df244c95b7f","level":"INFO","thread":"main","class":"FullSyncDownloader","message":"Starting full sync.","throwable":""}
{"timestamp":"2024-12-02T23:41:11,753","container":"0df244c95b7f","level":"INFO","thread":"main","class":"FullSyncTargetManager","message":"Unable to find sync target. Currently checking 0 peers for usefulness","throwable":""}
{"timestamp":"2024-12-02T23:41:12,133","container":"0df244c95b7f","level":"INFO","thread":"main","class":"Runner","message":"Ethereum main loop is up.","throwable":""}
{"timestamp":"2024-12-02T23:41:13,273","container":"0df244c95b7f","level":"INFO","thread":"nioEventLoopGroup-3-4","class":"FullSyncTargetManager","message":"Unable to find sync target. Currently checking 4 peers for usefulness","throwable":""}
{"timestamp":"2024-12-02T23:41:13,336","container":"0df244c95b7f","level":"INFO","thread":"nioEventLoopGroup-3-8","class":"FullSyncTargetManager","message":"Unable to find sync target. Currently checking 5 peers for usefulness","throwable":""}
{"timestamp":"2024-12-02T23:41:18,372","container":"0df244c95b7f","level":"INFO","thread":"EthScheduler-Timer-0","class":"FullSyncTargetManager","message":"Unable to find sync target. Currently checking 5 peers for usefulness","throwable":""}
{"timestamp":"2024-12-02T23:41:22,268","container":"0df244c95b7f","level":"INFO","thread":"EthScheduler-Workers-0","class":"PersistBlockTask","message":"Imported #1 / 0 tx / 0 om / 0 (0.0%) gas / (0x0e10617851341593fb5cb088f1613691d8f45192b91f7e13e230fd9e83d867c6) in 0.024s. Peers: 5","throwable":""}
{"timestamp":"2024-12-02T23:41:23,373","container":"0df244c95b7f","level":"INFO","thread":"EthScheduler-Timer-0","class":"FullSyncTargetManager","message":"Unable to find sync target. Currently checking 5 peers for usefulness","throwable":""}
{"timestamp":"2024-12-02T23:41:28,374","container":"0df244c95b7f","level":"INFO","thread":"EthScheduler-Timer-0","class":"FullSyncTargetManager","message":"Unable to find sync target. Currently checking 5 peers for usefulness","throwable":""}
{"timestamp":"2024-12-02T23:41:30,085","container":"0df244c95b7f","level":"INFO","thread":"EthScheduler-Workers-0","class":"PersistBlockTask","message":"Imported #2 / 0 tx / 0 om / 0 (0.0%) gas / (0x60adb29c291e299408694cae71f4f5651c873f3a2eaab930ee763bcaf9ba085d) in 0.008s. Peers: 5","throwable":""}
{"timestamp":"2024-12-02T23:41:38,078","container":"0df244c95b7f","level":"INFO","thread":"EthScheduler-Workers-0","class":"PersistBlockTask","message":"Imported #3 / 0 tx / 0 om / 0 (0.0%) gas / (0xdaba0043be8cd658a2dd679adb2a0edcdc29d82cbf7f7df865d8a157b13db7f5) in 0.008s. Peers: 5","throwable":""}
{"timestamp":"2024-12-02T23:41:46,055","container":"0df244c95b7f","level":"INFO","thread":"EthScheduler-Workers-0","class":"PersistBlockTask","message":"Imported #4 / 0 tx / 0 om / 0 (0.0%) gas / (0x34f3b140f592a3f7dda5a94fafa5675599d258ea179bf9028e55a3ecba2603be) in 0.005s. Peers: 5","throwable":""}
{"timestamp":"2024-12-02T23:41:54,050","container":"0df244c95b7f","level":"INFO","thread":"EthScheduler-Workers-0","class":"PersistBlockTask","message":"Imported #5 / 0 tx / 0 om / 0 (0.0%) gas / (0x5289404e6cb687ea5b50abb0af573048e567cb0e76b8cfb23e9fa874fbda1cfd) in 0.005s. Peers: 5","throwable":""}
{"timestamp":"2024-12-02T23:42:02,054","container":"0df244c95b7f","level":"INFO","thread":"EthScheduler-Workers-0","class":"PersistBlockTask","message":"Imported #6 / 0 tx / 0 om / 0 (0.0%) gas / (0xa7ef7808af34a3874e4e30a8c92944086ecd66f16e1ecdc43115e6b57e511c25) in 0.007s. Peers: 5","throwable":""}
{"timestamp":"2024-12-02T23:42:10,049","container":"0df244c95b7f","level":"INFO","thread":"EthScheduler-Workers-0","class":"PersistBlockTask","message":"Imported #7 / 0 tx / 0 om / 0 (0.0%) gas / (0x69c675f56f654d91b211a02a95d9c3858090bf8d613a14f46629f0615d41dc0e) in 0.006s. Peers: 5","throwable":""}
{"timestamp":"2024-12-02T23:42:18,051","container":"0df244c95b7f","level":"INFO","thread":"EthScheduler-Workers-0","class":"PersistBlockTask","message":"Imported #8 / 0 tx / 0 om / 0 (0.0%) gas / (0x2d1126331f6c5a44c0b99a75537ee87d96b34cd5a05035e1f3dead990da01f0d) in 0.004s. Peers: 5","throwable":""}
{"timestamp":"2024-12-02T23:42:26,041","container":"0df244c95b7f","level":"INFO","thread":"EthScheduler-Workers-0","class":"PersistBlockTask","message":"Imported #9 / 0 tx / 0 om / 0 (0.0%) gas / (0x13418f2c5c5cc958513c27566d2cfb23af6991c3cefe05b58fa6670c925f9bd8) in 0.004s. Peers: 5","throwable":""}
{"timestamp":"2024-12-02T23:42:34,106","container":"0df244c95b7f","level":"INFO","thread":"EthScheduler-Workers-0","class":"PersistBlockTask","message":"Imported #10 / 1 tx / 0 om / 804,612 (0.0%) gas / (0xae870fdd30c760bfdfb2e7b8309dc215428f807af3c7ece70d9f08bda88069a8) in 0.017s. Peers: 5","throwable":""}
{"timestamp":"2024-12-02T23:42:42,045","container":"0df244c95b7f","level":"INFO","thread":"EthScheduler-Workers-0","class":"PersistBlockTask","message":"Imported #11 / 0 tx / 0 om / 0 (0.0%) gas / (0x729e67279cd9604fb74f51c223f1424c91b6b3babd14f22f214bf1191f392510) in 0.004s. Peers: 5","throwable":""}
{"timestamp":"2024-12-02T23:42:50,053","container":"0df244c95b7f","level":"INFO","thread":"EthScheduler-Workers-0","class":"PersistBlockTask","message":"Imported #12 / 0 tx / 0 om / 0 (0.0%) gas / (0xd5cb7406272c1f4b9596ca657d2669f620ee5953f535606017c6e0ec5f27b384) in 0.004s. Peers: 5","throwable":""}
{"timestamp":"2024-12-02T23:42:58,054","container":"0df244c95b7f","level":"INFO","thread":"EthScheduler-Workers-0","class":"PersistBlockTask","message":"Imported #13 / 0 tx / 0 om / 0 (0.0%) gas / (0x890ae585aa9fccca5b342296dbe5b285b04ba1c79ff3edb555a9df6cff1e4afd) in 0.005s. Peers: 5","throwable":""}
{"timestamp":"2024-12-02T23:43:06,047","container":"0df244c95b7f","level":"INFO","thread":"EthScheduler-Workers-0","class":"PersistBlockTask","message":"Imported #14 / 0 tx / 0 om / 0 (0.0%) gas / (0x128a3c29a8f5c02b84d0b0fa32a8a84b83e5d41a3e1d08bc4197a0569f0fc098) in 0.005s. Peers: 5","throwable":""}
{"timestamp":"2024-12-02T23:43:14,048","container":"0df244c95b7f","level":"INFO","thread":"EthScheduler-Workers-0","class":"PersistBlockTask","message":"Imported #15 / 0 tx / 0 om / 0 (0.0%) gas / (0xcbd1b21173ce7c4e4de91f1aa192d0503bae9f0e3262961e85f7ac1a18049c8f) in 0.009s. Peers: 5","throwable":""}
{"timestamp":"2024-12-02T23:43:22,088","container":"0df244c95b7f","level":"INFO","thread":"EthScheduler-Workers-0","class":"PersistBlockTask","message":"Imported #16 / 1 tx / 0 om / 280,295 (0.0%) gas / (0x5384176e928f5a0788d2fe60132f0a5a692510463ab11ca459f16f20a46f061c) in 0.014s. Peers: 5","throwable":""}
{"timestamp":"2024-12-02T23:43:30,043","container":"0df244c95b7f","level":"INFO","thread":"EthScheduler-Workers-0","class":"PersistBlockTask","message":"Imported #17 / 0 tx / 0 om / 0 (0.0%) gas / (0x93ac1c6036229bf97914570e4ac5f558d3bc65556683acd7e36fe5bb1bac5a35) in 0.005s. Peers: 5","throwable":""}
{"timestamp":"2024-12-02T23:43:38,040","container":"0df244c95b7f","level":"INFO","thread":"EthScheduler-Workers-0","class":"PersistBlockTask","message":"Imported #18 / 0 tx / 0 om / 0 (0.0%) gas / (0x3baa7d0c1f1ca11e5f33579711ec1a6f6a2a945c492dca13750e64d4cc7b33e0) in 0.005s. Peers: 5","throwable":""}
{"timestamp":"2024-12-02T23:43:46,040","container":"0df244c95b7f","level":"INFO","thread":"EthScheduler-Workers-0","class":"PersistBlockTask","message":"Imported #19 / 0 tx / 0 om / 0 (0.0%) gas / (0x2e515727a808379b37b870b60af6bf7c2062432d13113b1c3eaa21bb13197c2e) in 0.005s. Peers: 5","throwable":""}
{"timestamp":"2024-12-02T23:43:54,039","container":"0df244c95b7f","level":"INFO","thread":"EthScheduler-Workers-0","class":"PersistBlockTask","message":"Imported #20 / 0 tx / 0 om / 0 (0.0%) gas / (0xcfa396c407f539a21b808dd4df1ccdcf5685bb45bb488066e57d45210aeebf0e) in 0.005s. Peers: 5","throwable":""}
{"timestamp":"2024-12-02T23:44:02,039","container":"0df244c95b7f","level":"INFO","thread":"EthScheduler-Workers-0","class":"PersistBlockTask","message":"Imported #21 / 0 tx / 0 om / 0 (0.0%) gas / (0x1bda2eb1501bbf5a0f7ab5b133669010da613397a6e65687cfc36d12a80794b1) in 0.004s. Peers: 5","throwable":""}
{"timestamp":"2024-12-02T23:44:10,033","container":"0df244c95b7f","level":"INFO","thread":"EthScheduler-Workers-0","class":"PersistBlockTask","message":"Imported #22 / 0 tx / 0 om / 0 (0.0%) gas / (0xfb307dab5d4e07630967441f920851ea68684f5de2c774e0b15309b286b7e3c6) in 0.005s. Peers: 5","throwable":""}
{"timestamp":"2024-12-02T23:44:18,032","container":"0df244c95b7f","level":"INFO","thread":"EthScheduler-Workers-0","class":"PersistBlockTask","message":"Imported #23 / 0 tx / 0 om / 0 (0.0%) gas / (0x8d95af205674bda5fda41c937e488bf6c32a61378a7a61b1691b13e403878673) in 0.004s. Peers: 5","throwable":""}
{"timestamp":"2024-12-02T23:44:26,036","container":"0df244c95b7f","level":"INFO","thread":"EthScheduler-Workers-0","class":"PersistBlockTask","message":"Imported #24 / 0 tx / 0 om / 0 (0.0%) gas / (0xc5da813ee3832812af8a668ed8e6fafd34a230fd20d32c31cf73d9a6a047549e) in 0.004s. Peers: 5","throwable":""}
{"timestamp":"2024-12-02T23:44:34,046","container":"0df244c95b7f","level":"INFO","thread":"EthScheduler-Workers-0","class":"PersistBlockTask","message":"Imported #25 / 0 tx / 0 om / 0 (0.0%) gas / (0x5edbadd5542d7b6af755f9e98428fdaf20a385016cd57de1202eee0ad47a9b63) in 0.011s. Peers: 5","throwable":""}
{"timestamp":"2024-12-02T23:44:42,064","container":"0df244c95b7f","level":"INFO","thread":"EthScheduler-Workers-0","class":"PersistBlockTask","message":"Imported #26 / 1 tx / 0 om / 302,935 (0.0%) gas / (0x7ab4798eed211b90cbe36b09883162f7603d86f0382d82008488e61a6dcd00e2) in 0.014s. Peers: 5","throwable":""}
{"timestamp":"2024-12-02T23:44:50,057","container":"0df244c95b7f","level":"INFO","thread":"EthScheduler-Workers-0","class":"PersistBlockTask","message":"Imported #27 / 1 tx / 0 om / 302,899 (0.0%) gas / (0xbf8d379303b3b64b10ab88ce2e59f694941167d86814d4e424757262020659f1) in 0.009s. Peers: 5","throwable":""}
{"timestamp":"2024-12-02T23:44:58,055","container":"0df244c95b7f","level":"INFO","thread":"EthScheduler-Workers-0","class":"PersistBlockTask","message":"Imported #28 / 1 tx / 0 om / 302,971 (0.0%) gas / (0xe04dde5cdb466241035c995f7cc77a84e338c1dcffa40638b8955e30e0fe5864) in 0.010s. Peers: 5","throwable":""}
{"timestamp":"2024-12-02T23:45:06,064","container":"0df244c95b7f","level":"INFO","thread":"EthScheduler-Workers-0","class":"PersistBlockTask","message":"Imported #29 / 1 tx / 0 om / 302,911 (0.0%) gas / (0xe1e2abf3f50fb23be5ae50fe28953e111ee5b734b9014364b96566b484ddec02) in 0.010s. Peers: 5","throwable":""}
{"timestamp":"2024-12-02T23:45:14,063","container":"0df244c95b7f","level":"INFO","thread":"EthScheduler-Workers-0","class":"PersistBlockTask","message":"Imported #30 / 1 tx / 0 om / 302,887 (0.0%) gas / (0x2bde297f470e36c5249693f6c006b2b2b8b3016c70828c80a0434087b40940ca) in 0.013s. Peers: 5","throwable":""}
{"timestamp":"2024-12-02T23:45:22,031","container":"0df244c95b7f","level":"INFO","thread":"EthScheduler-Workers-0","class":"PersistBlockTask","message":"Imported #31 / 0 tx / 0 om / 0 (0.0%) gas / (0x2e7abdfb24ce9996fce7bfa3f74b21e8b63ce64e596a5d2cc82ce5ed3072f81c) in 0.003s. Peers: 5","throwable":""}
{"timestamp":"2024-12-02T23:45:30,041","container":"0df244c95b7f","level":"INFO","thread":"EthScheduler-Workers-0","class":"PersistBlockTask","message":"Imported #32 / 0 tx / 0 om / 0 (0.0%) gas / (0x1b506d3fdcaa8a39641b87229ffb09cd5455003f1cc46d0035fce92942b278e6) in 0.003s. Peers: 5","throwable":""}
{"timestamp":"2024-12-02T23:45:38,029","container":"0df244c95b7f","level":"INFO","thread":"EthScheduler-Workers-0","class":"PersistBlockTask","message":"Imported #33 / 0 tx / 0 om / 0 (0.0%) gas / (0x94cfa08ce041d1b556501e1b2eaa84fbbfb480b10e6b022dfd33fb9273adcde1) in 0.003s. Peers: 5","throwable":""}
{"timestamp":"2024-12-02T23:45:46,031","container":"0df244c95b7f","level":"INFO","thread":"EthScheduler-Workers-0","class":"PersistBlockTask","message":"Imported #34 / 0 tx / 0 om / 0 (0.0%) gas / (0x6f584ff9bc97a804e0fcede4bc5e2afe644f7b279fc20f0fd30839c6f7096f9d) in 0.004s. Peers: 5","throwable":""}
{"timestamp":"2024-12-02T23:45:51,532","container":"0df244c95b7f","level":"INFO","thread":"BftProcessorExecutor-QBFT-0","class":"BftProcessor","message":"Shutting down BFT event processor","throwable":""}
{"timestamp":"2024-12-02T23:45:51,534","container":"0df244c95b7f","level":"INFO","thread":"BesuCommand-Shutdown-Hook","class":"DefaultSynchronizer","message":"Stopping synchronizer","throwable":""}
{"timestamp":"2024-12-02T23:45:51,539","container":"0df244c95b7f","level":"INFO","thread":"BesuCommand-Shutdown-Hook","class":"NetworkRunner","message":"Stopping Network.","throwable":""}
{"timestamp":"2024-12-02T23:45:51,550","container":"0df244c95b7f","level":"INFO","thread":"BesuCommand-Shutdown-Hook","class":"EthProtocolManager","message":"Stopping eth Subprotocol.","throwable":""}
{"timestamp":"2024-12-02T23:45:51,649","container":"0df244c95b7f","level":"INFO","thread":"BesuCommand-Shutdown-Hook","class":"EthProtocolManager","message":"eth Subprotocol stopped.","throwable":""}
{"timestamp":"2024-12-02T23:45:51,649","container":"0df244c95b7f","level":"INFO","thread":"BesuCommand-Shutdown-Hook","class":"NetworkRunner","message":"Network stopped.","throwable":""}
{"timestamp":"2024-12-02T23:45:51,650","container":"0df244c95b7f","level":"INFO","thread":"BesuCommand-Shutdown-Hook","class":"AutoTransactionLogBloomCachingService","message":"Shutting down Auto transaction logs caching service.","throwable":""}
{"timestamp":"2024-12-02T23:45:51,651","container":"0df244c95b7f","level":"INFO","thread":"BesuCommand-Shutdown-Hook","class":"DockerNatManager","message":"Stopping docker NAT manager.","throwable":""}
