{"timestamp":"2024-12-02T23:40:54,053","container":"440095f0d567","level":"INFO","thread":"main","class":"Besu","message":"Starting Besu","throwable":""}
{"timestamp":"2024-12-02T23:40:55,628","container":"440095f0d567","level":"WARN","thread":"main","class":"Besu","message":"--min-gas-price has been ignored because --miner-enabled was not defined on the command line.","throwable":""}
{"timestamp":"2024-12-02T23:40:57,961","container":"440095f0d567","level":"INFO","thread":"main","class":"Besu","message":"
####################################################################################################
#                                                                                                  #
# Besu version 23.4.1                                                                              #
#                                                                                                  #
# Configuration:                                                                                   #
# Network: Custom genesis file specified                                                           #
# Network Id: 1337                                                                                 #
# Data storage: Forest                                                                             #
# Sync mode: Full                                                                                  #
# RPC HTTP APIs: EEA,WEB3,ETH,NET,TRACE,DEBUG,ADMIN,TXPOOL,PRIV,PERM,QBFT                          #
# RPC HTTP port: 8545                                                                              #
#                                                                                                  #
# Host:                                                                                            #
# Java: openjdk-java-17                                                                            #
# Maximum heap size: 1.86 GB                                                                       #
# OS: linux-x86_64                                                                                 #
# glibc: 2.35                                                                                      #
# jemalloc: 5.2.1-0-gea6b3e973b477b8061e0076bb257dbd7f3faa756                                      #
# Total memory: 7.45 GB                                                                            #
# CPU cores: 12                                                                                    #
#                                                                                                  #
####################################################################################################","throwable":""}
{"timestamp":"2024-12-02T23:40:57,962","container":"440095f0d567","level":"INFO","thread":"main","class":"Besu","message":"Connecting to 8 static nodes.","throwable":""}
{"timestamp":"2024-12-02T23:40:57,962","container":"440095f0d567","level":"INFO","thread":"main","class":"Besu","message":"Security Module: localfile","throwable":""}
{"timestamp":"2024-12-02T23:40:58,188","container":"440095f0d567","level":"INFO","thread":"main","class":"Besu","message":"Using the native implementation of alt bn128","throwable":""}
{"timestamp":"2024-12-02T23:40:58,358","container":"440095f0d567","level":"INFO","thread":"main","class":"Besu","message":"Using the native implementation of modexp","throwable":""}
{"timestamp":"2024-12-02T23:40:58,359","container":"440095f0d567","level":"INFO","thread":"main","class":"Besu","message":"Using the native implementation of the signature algorithm","throwable":""}
{"timestamp":"2024-12-02T23:40:58,375","container":"440095f0d567","level":"INFO","thread":"main","class":"Besu","message":"Using the native implementation of the blake2bf algorithm","throwable":""}
{"timestamp":"2024-12-02T23:40:58,466","container":"440095f0d567","level":"INFO","thread":"main","class":"RocksDBKeyValueStorageFactory","message":"No existing database detected at /opt/besu/data. Using version 1","throwable":""}
{"timestamp":"2024-12-02T23:41:00,632","container":"440095f0d567","level":"INFO","thread":"main","class":"KeyPairUtil","message":"Loaded public key 0xb9050e002aa42464e6b07c811a1f9dfec01249af03f67b753e8415420649b184447bb2a784863ccbf327ad9e31aaba803464979dfe6a7facc669151a5fa6ad1b from /opt/besu/keys/nodekey","throwable":""}
{"timestamp":"2024-12-02T23:41:00,672","container":"440095f0d567","level":"WARN","thread":"main","class":"Besu","message":"Privacy is disabled. Cannot use EEA/PRIV API methods when not using Privacy.","throwable":""}
{"timestamp":"2024-12-02T23:41:01,869","container":"440095f0d567","level":"INFO","thread":"main","class":"ProtocolScheduleBuilder","message":"Protocol schedule created with milestones: [GrayGlacier: 0]","throwable":""}
{"timestamp":"2024-12-02T23:41:02,806","container":"440095f0d567","level":"INFO","thread":"main","class":"TransactionPoolFactory","message":"Enabling transaction pool","throwable":""}
{"timestamp":"2024-12-02T23:41:02,877","container":"440095f0d567","level":"INFO","thread":"main","class":"BesuControllerBuilder","message":"TTD difficulty is not present, creating initial sync phase for PoW","throwable":""}
{"timestamp":"2024-12-02T23:41:03,232","container":"440095f0d567","level":"INFO","thread":"main","class":"RunnerBuilder","message":"Detecting NAT service.","throwable":""}
{"timestamp":"2024-12-02T23:41:06,203","container":"440095f0d567","level":"INFO","thread":"main","class":"Runner","message":"Starting external services ... ","throwable":""}
{"timestamp":"2024-12-02T23:41:06,205","container":"440095f0d567","level":"INFO","thread":"main","class":"MetricsHttpService","message":"Starting metrics http service on 0.0.0.0:9545","throwable":""}
{"timestamp":"2024-12-02T23:41:06,794","container":"440095f0d567","level":"INFO","thread":"main","class":"JsonRpcHttpService","message":"Starting JSON-RPC service on 0.0.0.0:8545","throwable":""}
{"timestamp":"2024-12-02T23:41:06,813","container":"440095f0d567","level":"INFO","thread":"vert.x-eventloop-thread-1","class":"MetricsHttpService","message":"Metrics service started and listening on 0.0.0.0:9545","throwable":""}
{"timestamp":"2024-12-02T23:41:06,866","container":"440095f0d567","level":"INFO","thread":"vert.x-eventloop-thread-1","class":"JsonRpcHttpService","message":"JSON-RPC service started and listening on 0.0.0.0:8545","throwable":""}
{"timestamp":"2024-12-02T23:41:06,868","container":"440095f0d567","level":"INFO","thread":"main","class":"GraphQLHttpService","message":"Starting GraphQL HTTP service on 0.0.0.0:8547","throwable":""}
{"timestamp":"2024-12-02T23:41:06,876","container":"440095f0d567","level":"INFO","thread":"vert.x-eventloop-thread-1","class":"GraphQLHttpService","message":"GraphQL HTTP service started and listening on 0.0.0.0:8547","throwable":""}
{"timestamp":"2024-12-02T23:41:06,876","container":"440095f0d567","level":"INFO","thread":"main","class":"WebSocketService","message":"Starting Websocket service on 0.0.0.0:8546","throwable":""}
{"timestamp":"2024-12-02T23:41:06,885","container":"440095f0d567","level":"INFO","thread":"vert.x-eventloop-thread-1","class":"WebSocketService","message":"Websocket service started and listening on 0.0.0.0:8546","throwable":""}
{"timestamp":"2024-12-02T23:41:06,890","container":"440095f0d567","level":"INFO","thread":"main","class":"AutoTransactionLogBloomCachingService","message":"Starting auto transaction log bloom caching service.","throwable":""}
{"timestamp":"2024-12-02T23:41:06,901","container":"440095f0d567","level":"INFO","thread":"main","class":"LogBloomCacheMetadata","message":"Lookup cache metadata file in data directory: /opt/besu/data/caches","throwable":""}
{"timestamp":"2024-12-02T23:41:06,977","container":"440095f0d567","level":"INFO","thread":"main","class":"Runner","message":"Starting Ethereum main loop ... ","throwable":""}
{"timestamp":"2024-12-02T23:41:06,983","container":"440095f0d567","level":"INFO","thread":"main","class":"DockerNatManager","message":"Starting docker NAT manager.","throwable":""}
{"timestamp":"2024-12-02T23:41:10,795","container":"440095f0d567","level":"INFO","thread":"main","class":"NetworkRunner","message":"Starting Network.","throwable":""}
{"timestamp":"2024-12-02T23:41:10,826","container":"440095f0d567","level":"INFO","thread":"nioEventLoopGroup-2-1","class":"RlpxAgent","message":"P2P RLPx agent started and listening on /[0:0:0:0:0:0:0:0]:30303.","throwable":""}
{"timestamp":"2024-12-02T23:41:10,828","container":"440095f0d567","level":"INFO","thread":"main","class":"PeerDiscoveryAgent","message":"Starting peer discovery agent on host=0.0.0.0, port=30303","throwable":""}
{"timestamp":"2024-12-02T23:41:10,921","container":"440095f0d567","level":"INFO","thread":"vert.x-eventloop-thread-1","class":"VertxPeerDiscoveryAgent","message":"Started peer discovery agent successfully, on effective host=0:0:0:0:0:0:0:0%0 and port=30303","throwable":""}
{"timestamp":"2024-12-02T23:41:10,924","container":"440095f0d567","level":"INFO","thread":"main","class":"PeerDiscoveryAgent","message":"P2P peer discovery agent started and listening on /[0:0:0:0:0:0:0:0%0]:30303","throwable":""}
{"timestamp":"2024-12-02T23:41:11,052","container":"440095f0d567","level":"INFO","thread":"main","class":"PeerDiscoveryAgent","message":"Writing node record to disk. NodeRecord{seq=1, publicKey=0x03b9050e002aa42464e6b07c811a1f9dfec01249af03f67b753e8415420649b184, udpAddress=Optional[/172.16.239.12:30303], tcpAddress=Optional[/172.16.239.12:30303], asBase64=-Je4QMH8TGUGic8EoIkUOQM3SPNCm3fHUx8uJBSaltn1WvNzF_kkuOhT13vhxocJT0iTtlQQjJiVOGA5-B2x8k0e2JkBg2V0aMfGhGg-ugyAgmlkgnY0gmlwhKwQ7wyJc2VjcDI1NmsxoQO5BQ4AKqQkZOawfIEaH53-wBJJrwP2e3U-hBVCBkmxhIN0Y3CCdl-DdWRwgnZf, nodeId=0x27059b2392ab7830b38b2f4d27a97c9aaf04f18f3014c32e036dd0ac76da5f18, customFields={tcp=30303, udp=30303, ip=0xac10ef0c, eth=[[0x683eba0c, 0x]], id=V4, secp256k1=0x03b9050e002aa42464e6b07c811a1f9dfec01249af03f67b753e8415420649b184}}","throwable":""}
{"timestamp":"2024-12-02T23:41:11,236","container":"440095f0d567","level":"INFO","thread":"main","class":"DefaultP2PNetwork","message":"Enode URL enode://b9050e002aa42464e6b07c811a1f9dfec01249af03f67b753e8415420649b184447bb2a784863ccbf327ad9e31aaba803464979dfe6a7facc669151a5fa6ad1b@172.16.239.12:30303","throwable":""}
{"timestamp":"2024-12-02T23:41:11,236","container":"440095f0d567","level":"INFO","thread":"main","class":"DefaultP2PNetwork","message":"Node address 0x27a97c9aaf04f18f3014c32e036dd0ac76da5f18","throwable":""}
{"timestamp":"2024-12-02T23:41:11,407","container":"440095f0d567","level":"INFO","thread":"main","class":"NetworkRunner","message":"Supported capabilities: [eth/62, eth/63, eth/64, eth/65, eth/66, eth/67, eth/68], [istanbul/100], [snap/1]","throwable":""}
{"timestamp":"2024-12-02T23:41:11,408","container":"440095f0d567","level":"INFO","thread":"main","class":"DefaultSynchronizer","message":"Starting synchronizer.","throwable":""}
{"timestamp":"2024-12-02T23:41:11,444","container":"440095f0d567","level":"INFO","thread":"main","class":"TransactionPoolFactory","message":"Enabling transaction handling following initial sync","throwable":""}
{"timestamp":"2024-12-02T23:41:11,529","container":"440095f0d567","level":"INFO","thread":"main","class":"FullSyncDownloader","message":"Starting full sync.","throwable":""}
{"timestamp":"2024-12-02T23:41:11,530","container":"440095f0d567","level":"INFO","thread":"main","class":"FullSyncTargetManager","message":"Unable to find sync target. Currently checking 0 peers for usefulness","throwable":""}
{"timestamp":"2024-12-02T23:41:11,918","container":"440095f0d567","level":"INFO","thread":"main","class":"Runner","message":"Ethereum main loop is up.","throwable":""}
{"timestamp":"2024-12-02T23:41:13,475","container":"440095f0d567","level":"INFO","thread":"nioEventLoopGroup-3-1","class":"FullSyncTargetManager","message":"Unable to find sync target. Currently checking 5 peers for usefulness","throwable":""}
{"timestamp":"2024-12-02T23:41:18,599","container":"440095f0d567","level":"INFO","thread":"EthScheduler-Timer-0","class":"FullSyncTargetManager","message":"Unable to find sync target. Currently checking 5 peers for usefulness","throwable":""}
{"timestamp":"2024-12-02T23:41:22,191","container":"440095f0d567","level":"INFO","thread":"BftProcessorExecutor-QBFT-0","class":"QbftRound","message":"Importing proposed block to chain. round=ConsensusRoundIdentifier{Sequence=1, Round=1}, hash=0x0e10617851341593fb5cb088f1613691d8f45192b91f7e13e230fd9e83d867c6","throwable":""}
{"timestamp":"2024-12-02T23:41:22,236","container":"440095f0d567","level":"INFO","thread":"BftProcessorExecutor-QBFT-0","class":"QbftBesuControllerBuilder","message":"Imported #1 / 0 tx / 0 pending / 0 (0.0%) gas / (0x0e10617851341593fb5cb088f1613691d8f45192b91f7e13e230fd9e83d867c6)","throwable":""}
{"timestamp":"2024-12-02T23:41:23,600","container":"440095f0d567","level":"INFO","thread":"EthScheduler-Timer-0","class":"FullSyncTargetManager","message":"Unable to find sync target. Currently checking 5 peers for usefulness","throwable":""}
{"timestamp":"2024-12-02T23:41:28,601","container":"440095f0d567","level":"INFO","thread":"EthScheduler-Timer-0","class":"FullSyncTargetManager","message":"Unable to find sync target. Currently checking 5 peers for usefulness","throwable":""}
{"timestamp":"2024-12-02T23:41:30,072","container":"440095f0d567","level":"INFO","thread":"BftProcessorExecutor-QBFT-0","class":"QbftBesuControllerBuilder","message":"Imported #2 / 0 tx / 0 pending / 0 (0.0%) gas / (0x60adb29c291e299408694cae71f4f5651c873f3a2eaab930ee763bcaf9ba085d)","throwable":""}
{"timestamp":"2024-12-02T23:41:38,062","container":"440095f0d567","level":"INFO","thread":"BftProcessorExecutor-QBFT-0","class":"QbftBesuControllerBuilder","message":"Imported #3 / 0 tx / 0 pending / 0 (0.0%) gas / (0xdaba0043be8cd658a2dd679adb2a0edcdc29d82cbf7f7df865d8a157b13db7f5)","throwable":""}
{"timestamp":"2024-12-02T23:41:46,043","container":"440095f0d567","level":"INFO","thread":"BftProcessorExecutor-QBFT-0","class":"QbftBesuControllerBuilder","message":"Produced #4 / 0 tx / 0 pending / 0 (0.0%) gas / (0x34f3b140f592a3f7dda5a94fafa5675599d258ea179bf9028e55a3ecba2603be)","throwable":""}
{"timestamp":"2024-12-02T23:41:54,051","container":"440095f0d567","level":"INFO","thread":"BftProcessorExecutor-QBFT-0","class":"QbftBesuControllerBuilder","message":"Imported #5 / 0 tx / 0 pending / 0 (0.0%) gas / (0x5289404e6cb687ea5b50abb0af573048e567cb0e76b8cfb23e9fa874fbda1cfd)","throwable":""}
{"timestamp":"2024-12-02T23:42:02,047","container":"440095f0d567","level":"INFO","thread":"BftProcessorExecutor-QBFT-0","class":"QbftBesuControllerBuilder","message":"Imported #6 / 0 tx / 0 pending / 0 (0.0%) gas / (0xa7ef7808af34a3874e4e30a8c92944086ecd66f16e1ecdc43115e6b57e511c25)","throwable":""}
{"timestamp":"2024-12-02T23:42:10,045","container":"440095f0d567","level":"INFO","thread":"BftProcessorExecutor-QBFT-0","class":"QbftBesuControllerBuilder","message":"Imported #7 / 0 tx / 0 pending / 0 (0.0%) gas / (0x69c675f56f654d91b211a02a95d9c3858090bf8d613a14f46629f0615d41dc0e)","throwable":""}
{"timestamp":"2024-12-02T23:42:18,048","container":"440095f0d567","level":"INFO","thread":"BftProcessorExecutor-QBFT-0","class":"QbftBesuControllerBuilder","message":"Produced #8 / 0 tx / 0 pending / 0 (0.0%) gas / (0x2d1126331f6c5a44c0b99a75537ee87d96b34cd5a05035e1f3dead990da01f0d)","throwable":""}
{"timestamp":"2024-12-02T23:42:26,047","container":"440095f0d567","level":"INFO","thread":"EthScheduler-Workers-0","class":"PersistBlockTask","message":"Block 9 (0x13418f2c5c5cc958513c27566d2cfb23af6991c3cefe05b58fa6670c925f9bd8) is already imported","throwable":""}
{"timestamp":"2024-12-02T23:42:26,050","container":"440095f0d567","level":"INFO","thread":"BftProcessorExecutor-QBFT-0","class":"QbftBesuControllerBuilder","message":"Imported #9 / 0 tx / 0 pending / 0 (0.0%) gas / (0x13418f2c5c5cc958513c27566d2cfb23af6991c3cefe05b58fa6670c925f9bd8)","throwable":""}
{"timestamp":"2024-12-02T23:42:34,091","container":"440095f0d567","level":"INFO","thread":"EthScheduler-Workers-0","class":"PersistBlockTask","message":"Block 10 (0xae870fdd30c760bfdfb2e7b8309dc215428f807af3c7ece70d9f08bda88069a8) is already imported","throwable":""}
{"timestamp":"2024-12-02T23:42:34,095","container":"440095f0d567","level":"INFO","thread":"BftProcessorExecutor-QBFT-0","class":"QbftBesuControllerBuilder","message":"Imported #10 / 1 tx / 0 pending / 804,612 (0.0%) gas / (0xae870fdd30c760bfdfb2e7b8309dc215428f807af3c7ece70d9f08bda88069a8)","throwable":""}
{"timestamp":"2024-12-02T23:42:42,054","container":"440095f0d567","level":"INFO","thread":"BftProcessorExecutor-QBFT-0","class":"QbftBesuControllerBuilder","message":"Imported #11 / 0 tx / 0 pending / 0 (0.0%) gas / (0x729e67279cd9604fb74f51c223f1424c91b6b3babd14f22f214bf1191f392510)","throwable":""}
{"timestamp":"2024-12-02T23:42:50,053","container":"440095f0d567","level":"INFO","thread":"BftProcessorExecutor-QBFT-0","class":"QbftBesuControllerBuilder","message":"Produced #12 / 0 tx / 0 pending / 0 (0.0%) gas / (0xd5cb7406272c1f4b9596ca657d2669f620ee5953f535606017c6e0ec5f27b384)","throwable":""}
{"timestamp":"2024-12-02T23:42:58,042","container":"440095f0d567","level":"INFO","thread":"BftProcessorExecutor-QBFT-0","class":"QbftBesuControllerBuilder","message":"Imported #13 / 0 tx / 0 pending / 0 (0.0%) gas / (0x890ae585aa9fccca5b342296dbe5b285b04ba1c79ff3edb555a9df6cff1e4afd)","throwable":""}
{"timestamp":"2024-12-02T23:43:06,035","container":"440095f0d567","level":"INFO","thread":"BftProcessorExecutor-QBFT-0","class":"QbftBesuControllerBuilder","message":"Imported #14 / 0 tx / 0 pending / 0 (0.0%) gas / (0x128a3c29a8f5c02b84d0b0fa32a8a84b83e5d41a3e1d08bc4197a0569f0fc098)","throwable":""}
{"timestamp":"2024-12-02T23:43:14,033","container":"440095f0d567","level":"INFO","thread":"BftProcessorExecutor-QBFT-0","class":"QbftBesuControllerBuilder","message":"Imported #15 / 0 tx / 0 pending / 0 (0.0%) gas / (0xcbd1b21173ce7c4e4de91f1aa192d0503bae9f0e3262961e85f7ac1a18049c8f)","throwable":""}
{"timestamp":"2024-12-02T23:43:22,074","container":"440095f0d567","level":"INFO","thread":"BftProcessorExecutor-QBFT-0","class":"QbftBesuControllerBuilder","message":"Produced #16 / 1 tx / 0 pending / 280,295 (0.0%) gas / (0x5384176e928f5a0788d2fe60132f0a5a692510463ab11ca459f16f20a46f061c)","throwable":""}
{"timestamp":"2024-12-02T23:43:30,037","container":"440095f0d567","level":"INFO","thread":"BftProcessorExecutor-QBFT-0","class":"QbftBesuControllerBuilder","message":"Imported #17 / 0 tx / 0 pending / 0 (0.0%) gas / (0x93ac1c6036229bf97914570e4ac5f558d3bc65556683acd7e36fe5bb1bac5a35)","throwable":""}
{"timestamp":"2024-12-02T23:43:38,035","container":"440095f0d567","level":"INFO","thread":"BftProcessorExecutor-QBFT-0","class":"QbftBesuControllerBuilder","message":"Imported #18 / 0 tx / 0 pending / 0 (0.0%) gas / (0x3baa7d0c1f1ca11e5f33579711ec1a6f6a2a945c492dca13750e64d4cc7b33e0)","throwable":""}
{"timestamp":"2024-12-02T23:43:46,036","container":"440095f0d567","level":"INFO","thread":"BftProcessorExecutor-QBFT-0","class":"QbftBesuControllerBuilder","message":"Imported #19 / 0 tx / 0 pending / 0 (0.0%) gas / (0x2e515727a808379b37b870b60af6bf7c2062432d13113b1c3eaa21bb13197c2e)","throwable":""}
{"timestamp":"2024-12-02T23:43:54,028","container":"440095f0d567","level":"INFO","thread":"BftProcessorExecutor-QBFT-0","class":"QbftBesuControllerBuilder","message":"Produced #20 / 0 tx / 0 pending / 0 (0.0%) gas / (0xcfa396c407f539a21b808dd4df1ccdcf5685bb45bb488066e57d45210aeebf0e)","throwable":""}
{"timestamp":"2024-12-02T23:44:02,027","container":"440095f0d567","level":"INFO","thread":"BftProcessorExecutor-QBFT-0","class":"QbftBesuControllerBuilder","message":"Imported #21 / 0 tx / 0 pending / 0 (0.0%) gas / (0x1bda2eb1501bbf5a0f7ab5b133669010da613397a6e65687cfc36d12a80794b1)","throwable":""}
{"timestamp":"2024-12-02T23:44:10,024","container":"440095f0d567","level":"INFO","thread":"BftProcessorExecutor-QBFT-0","class":"QbftBesuControllerBuilder","message":"Imported #22 / 0 tx / 0 pending / 0 (0.0%) gas / (0xfb307dab5d4e07630967441f920851ea68684f5de2c774e0b15309b286b7e3c6)","throwable":""}
{"timestamp":"2024-12-02T23:44:18,028","container":"440095f0d567","level":"INFO","thread":"BftProcessorExecutor-QBFT-0","class":"QbftBesuControllerBuilder","message":"Imported #23 / 0 tx / 0 pending / 0 (0.0%) gas / (0x8d95af205674bda5fda41c937e488bf6c32a61378a7a61b1691b13e403878673)","throwable":""}
{"timestamp":"2024-12-02T23:44:26,027","container":"440095f0d567","level":"INFO","thread":"BftProcessorExecutor-QBFT-0","class":"QbftBesuControllerBuilder","message":"Produced #24 / 0 tx / 0 pending / 0 (0.0%) gas / (0xc5da813ee3832812af8a668ed8e6fafd34a230fd20d32c31cf73d9a6a047549e)","throwable":""}
{"timestamp":"2024-12-02T23:44:34,033","container":"440095f0d567","level":"INFO","thread":"BftProcessorExecutor-QBFT-0","class":"QbftBesuControllerBuilder","message":"Imported #25 / 0 tx / 0 pending / 0 (0.0%) gas / (0x5edbadd5542d7b6af755f9e98428fdaf20a385016cd57de1202eee0ad47a9b63)","throwable":""}
{"timestamp":"2024-12-02T23:44:42,051","container":"440095f0d567","level":"INFO","thread":"EthScheduler-Workers-0","class":"PersistBlockTask","message":"Block 26 (0x7ab4798eed211b90cbe36b09883162f7603d86f0382d82008488e61a6dcd00e2) is already imported","throwable":""}
{"timestamp":"2024-12-02T23:44:42,055","container":"440095f0d567","level":"INFO","thread":"BftProcessorExecutor-QBFT-0","class":"QbftBesuControllerBuilder","message":"Imported #26 / 1 tx / 0 pending / 302,935 (0.0%) gas / (0x7ab4798eed211b90cbe36b09883162f7603d86f0382d82008488e61a6dcd00e2)","throwable":""}
{"timestamp":"2024-12-02T23:44:50,046","container":"440095f0d567","level":"INFO","thread":"BftProcessorExecutor-QBFT-0","class":"QbftBesuControllerBuilder","message":"Imported #27 / 1 tx / 0 pending / 302,899 (0.0%) gas / (0xbf8d379303b3b64b10ab88ce2e59f694941167d86814d4e424757262020659f1)","throwable":""}
{"timestamp":"2024-12-02T23:44:58,048","container":"440095f0d567","level":"INFO","thread":"BftProcessorExecutor-QBFT-0","class":"QbftBesuControllerBuilder","message":"Produced #28 / 1 tx / 0 pending / 302,971 (0.0%) gas / (0xe04dde5cdb466241035c995f7cc77a84e338c1dcffa40638b8955e30e0fe5864)","throwable":""}
{"timestamp":"2024-12-02T23:45:06,056","container":"440095f0d567","level":"INFO","thread":"BftProcessorExecutor-QBFT-0","class":"QbftBesuControllerBuilder","message":"Imported #29 / 1 tx / 0 pending / 302,911 (0.0%) gas / (0xe1e2abf3f50fb23be5ae50fe28953e111ee5b734b9014364b96566b484ddec02)","throwable":""}
{"timestamp":"2024-12-02T23:45:14,051","container":"440095f0d567","level":"INFO","thread":"BftProcessorExecutor-QBFT-0","class":"QbftBesuControllerBuilder","message":"Imported #30 / 1 tx / 0 pending / 302,887 (0.0%) gas / (0x2bde297f470e36c5249693f6c006b2b2b8b3016c70828c80a0434087b40940ca)","throwable":""}
{"timestamp":"2024-12-02T23:45:22,024","container":"440095f0d567","level":"INFO","thread":"BftProcessorExecutor-QBFT-0","class":"QbftBesuControllerBuilder","message":"Imported #31 / 0 tx / 0 pending / 0 (0.0%) gas / (0x2e7abdfb24ce9996fce7bfa3f74b21e8b63ce64e596a5d2cc82ce5ed3072f81c)","throwable":""}
{"timestamp":"2024-12-02T23:45:30,036","container":"440095f0d567","level":"INFO","thread":"BftProcessorExecutor-QBFT-0","class":"QbftBesuControllerBuilder","message":"Produced #32 / 0 tx / 0 pending / 0 (0.0%) gas / (0x1b506d3fdcaa8a39641b87229ffb09cd5455003f1cc46d0035fce92942b278e6)","throwable":""}
{"timestamp":"2024-12-02T23:45:38,025","container":"440095f0d567","level":"INFO","thread":"BftProcessorExecutor-QBFT-0","class":"QbftBesuControllerBuilder","message":"Imported #33 / 0 tx / 0 pending / 0 (0.0%) gas / (0x94cfa08ce041d1b556501e1b2eaa84fbbfb480b10e6b022dfd33fb9273adcde1)","throwable":""}
{"timestamp":"2024-12-02T23:45:46,026","container":"440095f0d567","level":"INFO","thread":"BftProcessorExecutor-QBFT-0","class":"QbftBesuControllerBuilder","message":"Imported #34 / 0 tx / 0 pending / 0 (0.0%) gas / (0x6f584ff9bc97a804e0fcede4bc5e2afe644f7b279fc20f0fd30839c6f7096f9d)","throwable":""}
{"timestamp":"2024-12-02T23:45:50,028","container":"440095f0d567","level":"INFO","thread":"BftProcessorExecutor-QBFT-0","class":"BftProcessor","message":"Shutting down BFT event processor","throwable":""}
{"timestamp":"2024-12-02T23:45:50,030","container":"440095f0d567","level":"INFO","thread":"BesuCommand-Shutdown-Hook","class":"DefaultSynchronizer","message":"Stopping synchronizer","throwable":""}
{"timestamp":"2024-12-02T23:45:50,032","container":"440095f0d567","level":"INFO","thread":"BesuCommand-Shutdown-Hook","class":"NetworkRunner","message":"Stopping Network.","throwable":""}
{"timestamp":"2024-12-02T23:45:50,041","container":"440095f0d567","level":"INFO","thread":"BesuCommand-Shutdown-Hook","class":"EthProtocolManager","message":"Stopping eth Subprotocol.","throwable":""}
{"timestamp":"2024-12-02T23:45:50,045","container":"440095f0d567","level":"INFO","thread":"BesuCommand-Shutdown-Hook","class":"EthProtocolManager","message":"eth Subprotocol stopped.","throwable":""}
{"timestamp":"2024-12-02T23:45:50,045","container":"440095f0d567","level":"INFO","thread":"BesuCommand-Shutdown-Hook","class":"NetworkRunner","message":"Network stopped.","throwable":""}
{"timestamp":"2024-12-02T23:45:50,046","container":"440095f0d567","level":"INFO","thread":"BesuCommand-Shutdown-Hook","class":"AutoTransactionLogBloomCachingService","message":"Shutting down Auto transaction logs caching service.","throwable":""}
{"timestamp":"2024-12-02T23:45:50,048","container":"440095f0d567","level":"INFO","thread":"BesuCommand-Shutdown-Hook","class":"DockerNatManager","message":"Stopping docker NAT manager.","throwable":""}
