{"timestamp":"2025-05-16T13:59:11,735","container":"2069b9ada72f","level":"INFO","thread":"main","class":"Besu","message":"Starting Besu","throwable":""}
{"timestamp":"2025-05-16T13:59:12,710","container":"2069b9ada72f","level":"WARN","thread":"main","class":"Besu","message":"--min-gas-price has been ignored because --miner-enabled was not defined on the command line.","throwable":""}
{"timestamp":"2025-05-16T13:59:15,115","container":"2069b9ada72f","level":"INFO","thread":"main","class":"Besu","message":"
####################################################################################################
#                                                                                                  #
# Besu version 23.4.1                                                                              #
#                                                                                                  #
# Configuration:                                                                                   #
# Network: Custom genesis file specified                                                           #
# Network Id: 1337                                                                                 #
# Data storage: Forest                                                                             #
# Sync mode: Full                                                                                  #
# RPC HTTP APIs: EEA,WEB3,ETH,NET,TRACE,DEBUG,ADMIN,TXPOOL,PRIV,PERM,QBFT                          #
# RPC HTTP port: 8545                                                                              #
#                                                                                                  #
# Host:                                                                                            #
# Java: openjdk-java-17                                                                            #
# Maximum heap size: 1.74 GB                                                                       #
# OS: linux-x86_64                                                                                 #
# glibc: 2.35                                                                                      #
# jemalloc: 5.2.1-0-gea6b3e973b477b8061e0076bb257dbd7f3faa756                                      #
# Total memory: 6.95 GB                                                                            #
# CPU cores: 4                                                                                     #
#                                                                                                  #
####################################################################################################","throwable":""}
{"timestamp":"2025-05-16T13:59:15,118","container":"2069b9ada72f","level":"INFO","thread":"main","class":"Besu","message":"Connecting to 8 static nodes.","throwable":""}
{"timestamp":"2025-05-16T13:59:15,120","container":"2069b9ada72f","level":"INFO","thread":"main","class":"Besu","message":"Security Module: localfile","throwable":""}
{"timestamp":"2025-05-16T13:59:15,278","container":"2069b9ada72f","level":"INFO","thread":"main","class":"Besu","message":"Using the native implementation of alt bn128","throwable":""}
{"timestamp":"2025-05-16T13:59:15,496","container":"2069b9ada72f","level":"INFO","thread":"main","class":"Besu","message":"Using the native implementation of modexp","throwable":""}
{"timestamp":"2025-05-16T13:59:15,506","container":"2069b9ada72f","level":"INFO","thread":"main","class":"Besu","message":"Using the native implementation of the signature algorithm","throwable":""}
{"timestamp":"2025-05-16T13:59:15,514","container":"2069b9ada72f","level":"INFO","thread":"main","class":"Besu","message":"Using the native implementation of the blake2bf algorithm","throwable":""}
{"timestamp":"2025-05-16T13:59:15,541","container":"2069b9ada72f","level":"INFO","thread":"main","class":"RocksDBKeyValueStorageFactory","message":"No existing database detected at /opt/besu/data. Using version 1","throwable":""}
{"timestamp":"2025-05-16T13:59:18,091","container":"2069b9ada72f","level":"INFO","thread":"main","class":"KeyPairUtil","message":"Loaded public key 0x8208a3f344695d44e9cf2c023683cbea7b9343e2f70a5e804bd2c93858e945f8f91439eef96a4ab6c47ff06637d6fbe6472f96de1655a1bee57ea896654f3a22 from /opt/besu/keys/nodekey","throwable":""}
{"timestamp":"2025-05-16T13:59:18,114","container":"2069b9ada72f","level":"WARN","thread":"main","class":"Besu","message":"Privacy is disabled. Cannot use EEA/PRIV API methods when not using Privacy.","throwable":""}
{"timestamp":"2025-05-16T13:59:18,801","container":"2069b9ada72f","level":"INFO","thread":"main","class":"ProtocolScheduleBuilder","message":"Protocol schedule created with milestones: [GrayGlacier: 0]","throwable":""}
{"timestamp":"2025-05-16T13:59:19,738","container":"2069b9ada72f","level":"INFO","thread":"main","class":"TransactionPoolFactory","message":"Enabling transaction pool","throwable":""}
{"timestamp":"2025-05-16T13:59:19,873","container":"2069b9ada72f","level":"INFO","thread":"main","class":"BesuControllerBuilder","message":"TTD difficulty is not present, creating initial sync phase for PoW","throwable":""}
{"timestamp":"2025-05-16T13:59:20,250","container":"2069b9ada72f","level":"INFO","thread":"main","class":"RunnerBuilder","message":"Detecting NAT service.","throwable":""}
{"timestamp":"2025-05-16T13:59:22,665","container":"2069b9ada72f","level":"INFO","thread":"main","class":"Runner","message":"Starting external services ... ","throwable":""}
{"timestamp":"2025-05-16T13:59:22,671","container":"2069b9ada72f","level":"INFO","thread":"main","class":"MetricsHttpService","message":"Starting metrics http service on 0.0.0.0:9545","throwable":""}
{"timestamp":"2025-05-16T13:59:23,173","container":"2069b9ada72f","level":"INFO","thread":"vert.x-eventloop-thread-1","class":"MetricsHttpService","message":"Metrics service started and listening on 0.0.0.0:9545","throwable":""}
{"timestamp":"2025-05-16T13:59:23,175","container":"2069b9ada72f","level":"INFO","thread":"main","class":"JsonRpcHttpService","message":"Starting JSON-RPC service on 0.0.0.0:8545","throwable":""}
{"timestamp":"2025-05-16T13:59:23,262","container":"2069b9ada72f","level":"INFO","thread":"vert.x-eventloop-thread-1","class":"JsonRpcHttpService","message":"JSON-RPC service started and listening on 0.0.0.0:8545","throwable":""}
{"timestamp":"2025-05-16T13:59:23,264","container":"2069b9ada72f","level":"INFO","thread":"main","class":"GraphQLHttpService","message":"Starting GraphQL HTTP service on 0.0.0.0:8547","throwable":""}
{"timestamp":"2025-05-16T13:59:23,266","container":"2069b9ada72f","level":"INFO","thread":"vert.x-eventloop-thread-1","class":"GraphQLHttpService","message":"GraphQL HTTP service started and listening on 0.0.0.0:8547","throwable":""}
{"timestamp":"2025-05-16T13:59:23,268","container":"2069b9ada72f","level":"INFO","thread":"main","class":"WebSocketService","message":"Starting Websocket service on 0.0.0.0:8546","throwable":""}
{"timestamp":"2025-05-16T13:59:23,277","container":"2069b9ada72f","level":"INFO","thread":"vert.x-eventloop-thread-1","class":"WebSocketService","message":"Websocket service started and listening on 0.0.0.0:8546","throwable":""}
{"timestamp":"2025-05-16T13:59:23,292","container":"2069b9ada72f","level":"INFO","thread":"main","class":"AutoTransactionLogBloomCachingService","message":"Starting auto transaction log bloom caching service.","throwable":""}
{"timestamp":"2025-05-16T13:59:23,296","container":"2069b9ada72f","level":"INFO","thread":"main","class":"LogBloomCacheMetadata","message":"Lookup cache metadata file in data directory: /opt/besu/data/caches","throwable":""}
{"timestamp":"2025-05-16T13:59:23,345","container":"2069b9ada72f","level":"INFO","thread":"main","class":"Runner","message":"Starting Ethereum main loop ... ","throwable":""}
{"timestamp":"2025-05-16T13:59:23,377","container":"2069b9ada72f","level":"INFO","thread":"main","class":"DockerNatManager","message":"Starting docker NAT manager.","throwable":""}
{"timestamp":"2025-05-16T13:59:23,394","container":"2069b9ada72f","level":"INFO","thread":"main","class":"NetworkRunner","message":"Starting Network.","throwable":""}
{"timestamp":"2025-05-16T13:59:23,467","container":"2069b9ada72f","level":"INFO","thread":"nioEventLoopGroup-2-1","class":"RlpxAgent","message":"P2P RLPx agent started and listening on /0.0.0.0:30303.","throwable":""}
{"timestamp":"2025-05-16T13:59:23,476","container":"2069b9ada72f","level":"INFO","thread":"main","class":"PeerDiscoveryAgent","message":"Starting peer discovery agent on host=0.0.0.0, port=30303","throwable":""}
{"timestamp":"2025-05-16T13:59:23,491","container":"2069b9ada72f","level":"INFO","thread":"vert.x-eventloop-thread-1","class":"VertxPeerDiscoveryAgent","message":"Started peer discovery agent successfully, on effective host=0.0.0.0 and port=30303","throwable":""}
{"timestamp":"2025-05-16T13:59:23,492","container":"2069b9ada72f","level":"INFO","thread":"vert.x-eventloop-thread-1","class":"PeerDiscoveryAgent","message":"P2P peer discovery agent started and listening on /0.0.0.0:30303","throwable":""}
{"timestamp":"2025-05-16T13:59:23,705","container":"2069b9ada72f","level":"INFO","thread":"vert.x-eventloop-thread-1","class":"PeerDiscoveryAgent","message":"Writing node record to disk. NodeRecord{seq=1, publicKey=0x028208a3f344695d44e9cf2c023683cbea7b9343e2f70a5e804bd2c93858e945f8, udpAddress=Optional[/172.16.239.11:30303], tcpAddress=Optional[/172.16.239.11:30303], asBase64=-Je4QBZJ0xKjWlATnk47DRxD7EE-sqnWCMdkUzX_tLstteMUOkOXt6eaqKrxenQd5UEwSfukCbr_mcQu_AXyqPfc4CIBg2V0aMfGhGpSrW2AgmlkgnY0gmlwhKwQ7wuJc2VjcDI1NmsxoQKCCKPzRGldROnPLAI2g8vqe5ND4vcKXoBL0sk4WOlF-IN0Y3CCdl-DdWRwgnZf, nodeId=0x58e94810eeee14c28613b47e93917cadbace5dfce132b991732c6cda9bcc5b8a, customFields={tcp=30303, udp=30303, ip=0xac10ef0b, eth=[[0x6a52ad6d, 0x]], id=V4, secp256k1=0x028208a3f344695d44e9cf2c023683cbea7b9343e2f70a5e804bd2c93858e945f8}}","throwable":""}
{"timestamp":"2025-05-16T13:59:23,799","container":"2069b9ada72f","level":"INFO","thread":"main","class":"DefaultP2PNetwork","message":"Enode URL enode://8208a3f344695d44e9cf2c023683cbea7b9343e2f70a5e804bd2c93858e945f8f91439eef96a4ab6c47ff06637d6fbe6472f96de1655a1bee57ea896654f3a22@172.16.239.11:30303","throwable":""}
{"timestamp":"2025-05-16T13:59:23,802","container":"2069b9ada72f","level":"INFO","thread":"main","class":"DefaultP2PNetwork","message":"Node address 0x93917cadbace5dfce132b991732c6cda9bcc5b8a","throwable":""}
{"timestamp":"2025-05-16T13:59:23,915","container":"2069b9ada72f","level":"INFO","thread":"main","class":"NetworkRunner","message":"Supported capabilities: [eth/62, eth/63, eth/64, eth/65, eth/66, eth/67, eth/68], [istanbul/100], [snap/1]","throwable":""}
{"timestamp":"2025-05-16T13:59:23,928","container":"2069b9ada72f","level":"INFO","thread":"main","class":"DefaultSynchronizer","message":"Starting synchronizer.","throwable":""}
{"timestamp":"2025-05-16T13:59:23,962","container":"2069b9ada72f","level":"INFO","thread":"main","class":"TransactionPoolFactory","message":"Enabling transaction handling following initial sync","throwable":""}
{"timestamp":"2025-05-16T13:59:23,964","container":"2069b9ada72f","level":"INFO","thread":"main","class":"FullSyncDownloader","message":"Starting full sync.","throwable":""}
{"timestamp":"2025-05-16T13:59:23,965","container":"2069b9ada72f","level":"INFO","thread":"main","class":"FullSyncTargetManager","message":"Unable to find sync target. Currently checking 0 peers for usefulness","throwable":""}
{"timestamp":"2025-05-16T13:59:24,091","container":"2069b9ada72f","level":"INFO","thread":"main","class":"Runner","message":"Ethereum main loop is up.","throwable":""}
{"timestamp":"2025-05-16T13:59:25,365","container":"2069b9ada72f","level":"INFO","thread":"nioEventLoopGroup-3-4","class":"FullSyncTargetManager","message":"Unable to find sync target. Currently checking 1 peers for usefulness","throwable":""}
{"timestamp":"2025-05-16T13:59:26,517","container":"2069b9ada72f","level":"INFO","thread":"nioEventLoopGroup-3-9","class":"FullSyncTargetManager","message":"Unable to find sync target. Currently checking 2 peers for usefulness","throwable":""}
{"timestamp":"2025-05-16T13:59:26,961","container":"2069b9ada72f","level":"INFO","thread":"nioEventLoopGroup-3-2","class":"FullSyncTargetManager","message":"Unable to find sync target. Currently checking 3 peers for usefulness","throwable":""}
{"timestamp":"2025-05-16T13:59:26,995","container":"2069b9ada72f","level":"INFO","thread":"nioEventLoopGroup-3-10","class":"FullSyncTargetManager","message":"Unable to find sync target. Currently checking 4 peers for usefulness","throwable":""}
{"timestamp":"2025-05-16T13:59:27,431","container":"2069b9ada72f","level":"INFO","thread":"nioEventLoopGroup-3-1","class":"FullSyncTargetManager","message":"Unable to find sync target. Currently checking 5 peers for usefulness","throwable":""}
{"timestamp":"2025-05-16T13:59:32,435","container":"2069b9ada72f","level":"INFO","thread":"EthScheduler-Timer-0","class":"FullSyncTargetManager","message":"Unable to find sync target. Currently checking 5 peers for usefulness","throwable":""}
{"timestamp":"2025-05-16T13:59:36,224","container":"2069b9ada72f","level":"INFO","thread":"BftProcessorExecutor-QBFT-0","class":"QbftRound","message":"Importing proposed block to chain. round=ConsensusRoundIdentifier{Sequence=1, Round=1}, hash=0xf46c0230c701bd7f01a8f1f35272b887c8dea49569154ef2650f4e49f3afdd3b","throwable":""}
{"timestamp":"2025-05-16T13:59:36,318","container":"2069b9ada72f","level":"INFO","thread":"BftProcessorExecutor-QBFT-0","class":"QbftBesuControllerBuilder","message":"Produced #1 / 0 tx / 0 pending / 0 (0.0%) gas / (0xf46c0230c701bd7f01a8f1f35272b887c8dea49569154ef2650f4e49f3afdd3b)","throwable":""}
{"timestamp":"2025-05-16T13:59:37,437","container":"2069b9ada72f","level":"INFO","thread":"EthScheduler-Timer-0","class":"FullSyncTargetManager","message":"Unable to find sync target. Currently checking 5 peers for usefulness","throwable":""}
{"timestamp":"2025-05-16T13:59:42,438","container":"2069b9ada72f","level":"INFO","thread":"EthScheduler-Timer-0","class":"FullSyncTargetManager","message":"Unable to find sync target. Currently checking 5 peers for usefulness","throwable":""}
{"timestamp":"2025-05-16T13:59:43,187","container":"2069b9ada72f","level":"INFO","thread":"BftProcessorExecutor-QBFT-0","class":"QbftBesuControllerBuilder","message":"Imported #2 / 0 tx / 0 pending / 0 (0.0%) gas / (0x414cab35dc7ba1eac3a07f56d7601909a220cb42b6cfaf02e59d498287f9a5d5)","throwable":""}
{"timestamp":"2025-05-16T13:59:51,114","container":"2069b9ada72f","level":"INFO","thread":"BftProcessorExecutor-QBFT-0","class":"QbftBesuControllerBuilder","message":"Imported #3 / 0 tx / 0 pending / 0 (0.0%) gas / (0x91d9c2161501361a2917fb9487e9d745a5b0bf002dde47471f0de98c018d6245)","throwable":""}
{"timestamp":"2025-05-16T13:59:59,182","container":"2069b9ada72f","level":"INFO","thread":"EthScheduler-Workers-0","class":"PersistBlockTask","message":"Block 4 (0xf2ffd5b88ad17991fb1e8cceb9a891a20d4bab1266007a29d7525c3d627cf758) is already imported","throwable":""}
{"timestamp":"2025-05-16T13:59:59,187","container":"2069b9ada72f","level":"INFO","thread":"BftProcessorExecutor-QBFT-0","class":"QbftBesuControllerBuilder","message":"Imported #4 / 0 tx / 0 pending / 0 (0.0%) gas / (0xf2ffd5b88ad17991fb1e8cceb9a891a20d4bab1266007a29d7525c3d627cf758)","throwable":""}
{"timestamp":"2025-05-16T14:00:07,163","container":"2069b9ada72f","level":"INFO","thread":"BftProcessorExecutor-QBFT-0","class":"QbftBesuControllerBuilder","message":"Produced #5 / 0 tx / 0 pending / 0 (0.0%) gas / (0xe22451ab52e842b04701ee3ca81c256e17478676054d2c7ee6a75e11651a4138)","throwable":""}
{"timestamp":"2025-05-16T14:00:15,095","container":"2069b9ada72f","level":"INFO","thread":"BftProcessorExecutor-QBFT-0","class":"QbftBesuControllerBuilder","message":"Imported #6 / 0 tx / 0 pending / 0 (0.0%) gas / (0x9119c38fbc9bcf1d364ebf91a81f9f2bdc2b42a6a659ddee04ce93fe62ef93dd)","throwable":""}
{"timestamp":"2025-05-16T14:00:23,105","container":"2069b9ada72f","level":"INFO","thread":"EthScheduler-Workers-0","class":"PersistBlockTask","message":"Imported #7 / 0 tx / 0 om / 0 (0.0%) gas / (0xf8d43c19d51c332802f17d69bc2f3c3fa7cd345602a2bf96caf25c4e849bcc91) in 0.002s. Peers: 5","throwable":""}
{"timestamp":"2025-05-16T14:00:23,115","container":"2069b9ada72f","level":"INFO","thread":"BftProcessorExecutor-QBFT-0","class":"QbftBesuControllerBuilder","message":"Imported #7 / 0 tx / 0 pending / 0 (0.0%) gas / (0xf8d43c19d51c332802f17d69bc2f3c3fa7cd345602a2bf96caf25c4e849bcc91)","throwable":""}
{"timestamp":"2025-05-16T14:00:31,094","container":"2069b9ada72f","level":"INFO","thread":"BftProcessorExecutor-QBFT-0","class":"QbftBesuControllerBuilder","message":"Imported #8 / 0 tx / 0 pending / 0 (0.0%) gas / (0x8cafe124548b271ec6fe2ed1adef527fd6c772bdfc48208c8fc3ac67446696c2)","throwable":""}
{"timestamp":"2025-05-16T14:00:39,087","container":"2069b9ada72f","level":"INFO","thread":"EthScheduler-Workers-0","class":"PersistBlockTask","message":"Block 9 (0xb556f8f78e52fe4a494c9cc35a89fc35bc85d44265e611ba5f1b53aa20870a24) is already imported","throwable":""}
{"timestamp":"2025-05-16T14:00:39,088","container":"2069b9ada72f","level":"INFO","thread":"BftProcessorExecutor-QBFT-0","class":"QbftBesuControllerBuilder","message":"Produced #9 / 0 tx / 0 pending / 0 (0.0%) gas / (0xb556f8f78e52fe4a494c9cc35a89fc35bc85d44265e611ba5f1b53aa20870a24)","throwable":""}
{"timestamp":"2025-05-16T14:00:47,134","container":"2069b9ada72f","level":"INFO","thread":"BftProcessorExecutor-QBFT-0","class":"QbftBesuControllerBuilder","message":"Imported #10 / 0 tx / 0 pending / 0 (0.0%) gas / (0x1795adaa237d7d99e8843f8fe68dbbf82c4e24864df13c6ac217b113f2d58e5a)","throwable":""}
{"timestamp":"2025-05-16T14:00:47,139","container":"2069b9ada72f","level":"INFO","thread":"EthScheduler-Workers-0","class":"PersistBlockTask","message":"Block 10 (0x1795adaa237d7d99e8843f8fe68dbbf82c4e24864df13c6ac217b113f2d58e5a) is already imported","throwable":""}
{"timestamp":"2025-05-16T14:00:55,087","container":"2069b9ada72f","level":"INFO","thread":"EthScheduler-Workers-0","class":"PersistBlockTask","message":"Imported #11 / 0 tx / 0 om / 0 (0.0%) gas / (0x62870e8e308f9085ca43fb1e6d21f9c2368de4949fe52242eccb760c6cc4c281) in 0.031s. Peers: 5","throwable":""}
{"timestamp":"2025-05-16T14:01:03,104","container":"2069b9ada72f","level":"INFO","thread":"EthScheduler-Workers-0","class":"PersistBlockTask","message":"Imported #12 / 0 tx / 0 om / 0 (0.0%) gas / (0xe32326353a28ce00f1652f064df321833ea75a15570b3b8e4237a6087f679539) in 0.002s. Peers: 5","throwable":""}
{"timestamp":"2025-05-16T14:01:11,127","container":"2069b9ada72f","level":"INFO","thread":"BftProcessorExecutor-QBFT-0","class":"QbftBesuControllerBuilder","message":"Produced #13 / 0 tx / 0 pending / 0 (0.0%) gas / (0x672c69acadf6c1b02cbf8039f6fcd8a9fa52e7418699c504c323ee61ef83ad7a)","throwable":""}
{"timestamp":"2025-05-16T14:01:11,128","container":"2069b9ada72f","level":"INFO","thread":"EthScheduler-Workers-0","class":"PersistBlockTask","message":"Block 13 (0x672c69acadf6c1b02cbf8039f6fcd8a9fa52e7418699c504c323ee61ef83ad7a) is already imported","throwable":""}
{"timestamp":"2025-05-16T14:01:19,067","container":"2069b9ada72f","level":"INFO","thread":"EthScheduler-Workers-0","class":"PersistBlockTask","message":"Imported #14 / 0 tx / 0 om / 0 (0.0%) gas / (0xb8354a226c42a3d37a23ea93a2cdec46f82983b224570148b50750040921fdd9) in 0.009s. Peers: 5","throwable":""}
{"timestamp":"2025-05-16T14:01:27,090","container":"2069b9ada72f","level":"INFO","thread":"BftProcessorExecutor-QBFT-0","class":"QbftBesuControllerBuilder","message":"Imported #15 / 0 tx / 0 pending / 0 (0.0%) gas / (0x0697a0f33149c29fab4ae90f4a26a8d02674c68ba6f3bae05230bb097eb0f0fb)","throwable":""}
{"timestamp":"2025-05-16T14:01:35,133","container":"2069b9ada72f","level":"INFO","thread":"EthScheduler-Workers-0","class":"PersistBlockTask","message":"Imported #16 / 0 tx / 0 om / 0 (0.0%) gas / (0xf21e06f5134339f7920b67abf1307b3fae31fc019ba80d7e457c3df9bcbdcabe) in 0.009s. Peers: 5","throwable":""}
{"timestamp":"2025-05-16T14:01:35,141","container":"2069b9ada72f","level":"INFO","thread":"BftProcessorExecutor-QBFT-0","class":"QbftBesuControllerBuilder","message":"Imported #16 / 0 tx / 0 pending / 0 (0.0%) gas / (0xf21e06f5134339f7920b67abf1307b3fae31fc019ba80d7e457c3df9bcbdcabe)","throwable":""}
{"timestamp":"2025-05-16T14:01:43,112","container":"2069b9ada72f","level":"INFO","thread":"EthScheduler-Workers-0","class":"PersistBlockTask","message":"Block 17 (0x3c225643abc634828af5076d42c0e4852faec1717236ac32ea287d35bfb37e5d) is already imported","throwable":""}
{"timestamp":"2025-05-16T14:01:43,130","container":"2069b9ada72f","level":"INFO","thread":"BftProcessorExecutor-QBFT-0","class":"QbftBesuControllerBuilder","message":"Produced #17 / 0 tx / 0 pending / 0 (0.0%) gas / (0x3c225643abc634828af5076d42c0e4852faec1717236ac32ea287d35bfb37e5d)","throwable":""}
{"timestamp":"2025-05-16T14:01:51,100","container":"2069b9ada72f","level":"INFO","thread":"BftProcessorExecutor-QBFT-0","class":"QbftBesuControllerBuilder","message":"Imported #18 / 0 tx / 0 pending / 0 (0.0%) gas / (0xa26a7779c14413284a84cba1918b964c2f4073c2a230d546bd4511d8283d5b0b)","throwable":""}
{"timestamp":"2025-05-16T14:01:59,099","container":"2069b9ada72f","level":"INFO","thread":"EthScheduler-Workers-0","class":"PersistBlockTask","message":"Imported #19 / 0 tx / 0 om / 0 (0.0%) gas / (0xf7b38ca7602c1ec979cd695e67ebc09d26262835112f8093e419d1e823c39bd0) in 0.009s. Peers: 5","throwable":""}
{"timestamp":"2025-05-16T14:01:59,104","container":"2069b9ada72f","level":"INFO","thread":"BftProcessorExecutor-QBFT-0","class":"QbftBesuControllerBuilder","message":"Imported #19 / 0 tx / 0 pending / 0 (0.0%) gas / (0xf7b38ca7602c1ec979cd695e67ebc09d26262835112f8093e419d1e823c39bd0)","throwable":""}
{"timestamp":"2025-05-16T14:02:07,076","container":"2069b9ada72f","level":"INFO","thread":"BftProcessorExecutor-QBFT-0","class":"QbftBesuControllerBuilder","message":"Imported #20 / 0 tx / 0 pending / 0 (0.0%) gas / (0x9fbb564316f4bb6b3357fd8202a8a3beaf4b1e41d1d2b48b8ebd05499d234397)","throwable":""}
{"timestamp":"2025-05-16T14:02:15,095","container":"2069b9ada72f","level":"INFO","thread":"BftProcessorExecutor-QBFT-0","class":"QbftBesuControllerBuilder","message":"Produced #21 / 0 tx / 0 pending / 0 (0.0%) gas / (0xa52151058d766e2c4bb8d4af385348269e2fab089196312a9654e8a71e33348a)","throwable":""}
{"timestamp":"2025-05-16T14:02:23,087","container":"2069b9ada72f","level":"INFO","thread":"BftProcessorExecutor-QBFT-0","class":"QbftBesuControllerBuilder","message":"Imported #22 / 0 tx / 0 pending / 0 (0.0%) gas / (0x98d4a5a7530042b876a78fc7c7e714adc6bd0fce77713c44a0918b9365be132c)","throwable":""}
{"timestamp":"2025-05-16T14:02:31,079","container":"2069b9ada72f","level":"INFO","thread":"BftProcessorExecutor-QBFT-0","class":"QbftBesuControllerBuilder","message":"Imported #23 / 0 tx / 0 pending / 0 (0.0%) gas / (0xf9324a44fae0aefabd97bca2a5597341b96a9d2ede890d5a0c1b09a09362d0a8)","throwable":""}
{"timestamp":"2025-05-16T14:02:39,071","container":"2069b9ada72f","level":"INFO","thread":"EthScheduler-Workers-0","class":"PersistBlockTask","message":"Imported #24 / 0 tx / 0 om / 0 (0.0%) gas / (0xc48c70fae8e8c60d8ec8e2202175fa96bc99fcb423167ae0fc0bdf9bf7031d20) in 0.001s. Peers: 5","throwable":""}
{"timestamp":"2025-05-16T14:02:47,146","container":"2069b9ada72f","level":"INFO","thread":"BftProcessorExecutor-QBFT-0","class":"QbftBesuControllerBuilder","message":"Produced #25 / 0 tx / 0 pending / 0 (0.0%) gas / (0x1ce55be0e1d5ac5a2eb560d06f21706426244927f9ff7f5ded737aea23b833b4)","throwable":""}
{"timestamp":"2025-05-16T14:02:55,176","container":"2069b9ada72f","level":"INFO","thread":"BftProcessorExecutor-QBFT-0","class":"QbftBesuControllerBuilder","message":"Imported #26 / 1 tx / 0 pending / 200,141 (0.0%) gas / (0x22ae8e8409ee000afc7862790f44c148625e8d36fe91476ce756a8cf08ec1870)","throwable":""}
{"timestamp":"2025-05-16T14:03:03,178","container":"2069b9ada72f","level":"INFO","thread":"EthScheduler-Workers-0","class":"PersistBlockTask","message":"Block 27 (0x37b5f3e1dc8e137da38608242dbf8db4374f7253955a16ac785b05e1a6f1559b) is already imported","throwable":""}
{"timestamp":"2025-05-16T14:03:03,185","container":"2069b9ada72f","level":"INFO","thread":"BftProcessorExecutor-QBFT-0","class":"QbftBesuControllerBuilder","message":"Imported #27 / 1 tx / 0 pending / 28,222 (0.0%) gas / (0x37b5f3e1dc8e137da38608242dbf8db4374f7253955a16ac785b05e1a6f1559b)","throwable":""}
{"timestamp":"2025-05-16T14:03:11,069","container":"2069b9ada72f","level":"INFO","thread":"BftProcessorExecutor-QBFT-0","class":"QbftBesuControllerBuilder","message":"Imported #28 / 0 tx / 0 pending / 0 (0.0%) gas / (0x6b0a87fe631a93af0fddfd957d9216727e60c6e019eb7155b00d7d28883ad4ef)","throwable":""}
{"timestamp":"2025-05-16T14:03:19,069","container":"2069b9ada72f","level":"INFO","thread":"BftProcessorExecutor-QBFT-0","class":"QbftBesuControllerBuilder","message":"Produced #29 / 0 tx / 0 pending / 0 (0.0%) gas / (0x9b8687546a048fb9a3251686983694ce8af4c25adf2f11fa8e1648a552a62253)","throwable":""}
{"timestamp":"2025-05-16T14:03:27,121","container":"2069b9ada72f","level":"INFO","thread":"EthScheduler-Workers-0","class":"PersistBlockTask","message":"Block 30 (0xfcd9bf61f3b1f77b9c8f0a22a04dfecd9ac5d51ecedecd962f6292de261c4ca3) is already imported","throwable":""}
{"timestamp":"2025-05-16T14:03:27,149","container":"2069b9ada72f","level":"INFO","thread":"BftProcessorExecutor-QBFT-0","class":"QbftBesuControllerBuilder","message":"Imported #30 / 0 tx / 0 pending / 0 (0.0%) gas / (0xfcd9bf61f3b1f77b9c8f0a22a04dfecd9ac5d51ecedecd962f6292de261c4ca3)","throwable":""}
{"timestamp":"2025-05-16T14:03:35,071","container":"2069b9ada72f","level":"INFO","thread":"EthScheduler-Workers-0","class":"PersistBlockTask","message":"Imported #31 / 0 tx / 0 om / 0 (0.0%) gas / (0xc7f3192e43bede3f285751d2b9827ef406a34be8ce6a9d5905dad6059640ddd6) in 0.009s. Peers: 5","throwable":""}
{"timestamp":"2025-05-16T14:03:35,080","container":"2069b9ada72f","level":"INFO","thread":"BftProcessorExecutor-QBFT-0","class":"QbftBesuControllerBuilder","message":"Imported #31 / 0 tx / 0 pending / 0 (0.0%) gas / (0xc7f3192e43bede3f285751d2b9827ef406a34be8ce6a9d5905dad6059640ddd6)","throwable":""}
{"timestamp":"2025-05-16T14:03:43,053","container":"2069b9ada72f","level":"INFO","thread":"BftProcessorExecutor-QBFT-0","class":"QbftBesuControllerBuilder","message":"Imported #32 / 0 tx / 0 pending / 0 (0.0%) gas / (0xce70e164c5360ee87191f10974fa4051b053d4c94e633b56c45768e290e5f7be)","throwable":""}
{"timestamp":"2025-05-16T14:03:51,065","container":"2069b9ada72f","level":"INFO","thread":"BftProcessorExecutor-QBFT-0","class":"QbftBesuControllerBuilder","message":"Produced #33 / 0 tx / 0 pending / 0 (0.0%) gas / (0xc085c91c50e12d852cd912f4213ae47c6eb600cd0b702bec4a8a89f14f8bf7e5)","throwable":""}
{"timestamp":"2025-05-16T14:03:59,077","container":"2069b9ada72f","level":"INFO","thread":"EthScheduler-Workers-0","class":"PersistBlockTask","message":"Imported #34 / 0 tx / 0 om / 0 (0.0%) gas / (0x6ebdc00f5301414b1404ad7c458e2e7b44639f653e2991db65c2a316002a107a) in 0.018s. Peers: 5","throwable":""}
{"timestamp":"2025-05-16T14:04:07,055","container":"2069b9ada72f","level":"INFO","thread":"BftProcessorExecutor-QBFT-0","class":"QbftBesuControllerBuilder","message":"Imported #35 / 0 tx / 0 pending / 0 (0.0%) gas / (0x9ecabf268c13b2125dbe5d547ae6068c076d5954448941f7fe728327a6e3f91a)","throwable":""}
{"timestamp":"2025-05-16T14:04:15,048","container":"2069b9ada72f","level":"INFO","thread":"BftProcessorExecutor-QBFT-0","class":"QbftBesuControllerBuilder","message":"Imported #36 / 0 tx / 0 pending / 0 (0.0%) gas / (0xe0d5a6784e49877f017473e3750e6300f0bfea5cee1895ae4bf5be179f24ec59)","throwable":""}
{"timestamp":"2025-05-16T14:04:23,058","container":"2069b9ada72f","level":"INFO","thread":"EthScheduler-Workers-0","class":"PersistBlockTask","message":"Imported #37 / 0 tx / 0 om / 0 (0.0%) gas / (0x1c276e045616bc80f4ad5b2720e0d192b25aaa97b6fd6825e29374a68e493085) in 0.002s. Peers: 5","throwable":""}
{"timestamp":"2025-05-16T14:04:31,085","container":"2069b9ada72f","level":"INFO","thread":"BftProcessorExecutor-QBFT-0","class":"QbftBesuControllerBuilder","message":"Imported #38 / 0 tx / 0 pending / 0 (0.0%) gas / (0x37249c244a2960e9528ab1313c769317a480fb28dd906d45daa8191cdaf14f64)","throwable":""}
{"timestamp":"2025-05-16T14:04:39,060","container":"2069b9ada72f","level":"INFO","thread":"BftProcessorExecutor-QBFT-0","class":"QbftBesuControllerBuilder","message":"Imported #39 / 0 tx / 0 pending / 0 (0.0%) gas / (0xcb9a8f225e85b94fb7c48b933687a1c1900059afeeb00201c0b0195dbb247bc6)","throwable":""}
{"timestamp":"2025-05-16T14:04:39,061","container":"2069b9ada72f","level":"INFO","thread":"EthScheduler-Workers-0","class":"PersistBlockTask","message":"Block 39 (0xcb9a8f225e85b94fb7c48b933687a1c1900059afeeb00201c0b0195dbb247bc6) is already imported","throwable":""}
{"timestamp":"2025-05-16T14:04:47,065","container":"2069b9ada72f","level":"INFO","thread":"EthScheduler-Workers-0","class":"PersistBlockTask","message":"Imported #40 / 0 tx / 0 om / 0 (0.0%) gas / (0x8f5d955d90f50127e61120ef29a1ea46cf16d19c1d5602010f39f688a1db692a) in 0.002s. Peers: 5","throwable":""}
{"timestamp":"2025-05-16T14:04:47,090","container":"2069b9ada72f","level":"INFO","thread":"BftProcessorExecutor-QBFT-0","class":"QbftBesuControllerBuilder","message":"Imported #40 / 0 tx / 0 pending / 0 (0.0%) gas / (0x8f5d955d90f50127e61120ef29a1ea46cf16d19c1d5602010f39f688a1db692a)","throwable":""}
{"timestamp":"2025-05-16T14:04:55,056","container":"2069b9ada72f","level":"INFO","thread":"EthScheduler-Workers-0","class":"PersistBlockTask","message":"Imported #41 / 0 tx / 0 om / 0 (0.0%) gas / (0x34670f95550808d0eda719c8f68af231de03a32efd0bc37acb1df1f1509a5491) in 0.002s. Peers: 5","throwable":""}
{"timestamp":"2025-05-16T14:05:03,071","container":"2069b9ada72f","level":"INFO","thread":"BftProcessorExecutor-QBFT-0","class":"QbftBesuControllerBuilder","message":"Imported #42 / 0 tx / 0 pending / 0 (0.0%) gas / (0xcd95612fdced8dda4429c4ff21b7e5a47664f144f7edabdbdbe85c5bcfc2a730)","throwable":""}
{"timestamp":"2025-05-16T14:05:11,055","container":"2069b9ada72f","level":"INFO","thread":"BftProcessorExecutor-QBFT-0","class":"QbftBesuControllerBuilder","message":"Imported #43 / 0 tx / 0 pending / 0 (0.0%) gas / (0xe4e7d069ac28259154ef3e61a34fb8b52b1cc403f71bd8c5a494227acfde1d7a)","throwable":""}
{"timestamp":"2025-05-16T14:05:19,084","container":"2069b9ada72f","level":"INFO","thread":"BftProcessorExecutor-QBFT-0","class":"QbftBesuControllerBuilder","message":"Imported #44 / 0 tx / 0 pending / 0 (0.0%) gas / (0x01e8f2e6bd4bc15cca87603ee126ab2e94fadd1c62a4baeebe855343760c6b7e)","throwable":""}
{"timestamp":"2025-05-16T14:05:27,027","container":"2069b9ada72f","level":"INFO","thread":"BftProcessorExecutor-QBFT-0","class":"QbftBesuControllerBuilder","message":"Produced #45 / 0 tx / 0 pending / 0 (0.0%) gas / (0x405e5b0c57aef803fffbdbb32c3c9b128a1dc8da55be4026cf55e3f577affaa6)","throwable":""}
{"timestamp":"2025-05-16T14:05:35,085","container":"2069b9ada72f","level":"INFO","thread":"BftProcessorExecutor-QBFT-0","class":"QbftBesuControllerBuilder","message":"Imported #46 / 0 tx / 0 pending / 0 (0.0%) gas / (0x3b3ba28f29fcaf0645da4177df2fddfbf5ee6be16cd18b8331a8a2cd540fe0cb)","throwable":""}
{"timestamp":"2025-05-16T14:05:43,079","container":"2069b9ada72f","level":"INFO","thread":"BftProcessorExecutor-QBFT-0","class":"QbftBesuControllerBuilder","message":"Imported #47 / 0 tx / 0 pending / 0 (0.0%) gas / (0x5660aa7fee8e83d8c5ea78dea87c1c79d177f53e4eb70685c854104520339a65)","throwable":""}
{"timestamp":"2025-05-16T14:05:51,122","container":"2069b9ada72f","level":"INFO","thread":"BftProcessorExecutor-QBFT-0","class":"QbftBesuControllerBuilder","message":"Imported #48 / 0 tx / 0 pending / 0 (0.0%) gas / (0xf82791fd85d8c9c855aef335c6932804208c867a2069164c445de2e7c3c2ced6)","throwable":""}
{"timestamp":"2025-05-16T14:05:59,077","container":"2069b9ada72f","level":"INFO","thread":"EthScheduler-Workers-0","class":"PersistBlockTask","message":"Imported #49 / 0 tx / 0 om / 0 (0.0%) gas / (0xcebb14d55273214367abcb00f914e34746fc5872b6724c85d6bb4fa10a376f56) in 0.001s. Peers: 5","throwable":""}
{"timestamp":"2025-05-16T14:06:07,065","container":"2069b9ada72f","level":"INFO","thread":"EthScheduler-Workers-0","class":"PersistBlockTask","message":"Imported #50 / 0 tx / 0 om / 0 (0.0%) gas / (0x0dbf969f6f1eebc736f0f7d20bcc3f22e4c62b8bcc49b6d4ace5eb1afc5b835c) in 0.002s. Peers: 5","throwable":""}
{"timestamp":"2025-05-16T14:06:07,073","container":"2069b9ada72f","level":"INFO","thread":"BftProcessorExecutor-QBFT-0","class":"QbftBesuControllerBuilder","message":"Imported #50 / 0 tx / 0 pending / 0 (0.0%) gas / (0x0dbf969f6f1eebc736f0f7d20bcc3f22e4c62b8bcc49b6d4ace5eb1afc5b835c)","throwable":""}
{"timestamp":"2025-05-16T14:06:15,074","container":"2069b9ada72f","level":"INFO","thread":"EthScheduler-Workers-0","class":"PersistBlockTask","message":"Imported #51 / 0 tx / 0 om / 0 (0.0%) gas / (0x61b9a0a4530ba8f38856f5e7e94c855ca821db4b1840074b24adbd8a84c42cb5) in 0.003s. Peers: 5","throwable":""}
{"timestamp":"2025-05-16T14:06:15,080","container":"2069b9ada72f","level":"INFO","thread":"BftProcessorExecutor-QBFT-0","class":"QbftBesuControllerBuilder","message":"Imported #51 / 0 tx / 0 pending / 0 (0.0%) gas / (0x61b9a0a4530ba8f38856f5e7e94c855ca821db4b1840074b24adbd8a84c42cb5)","throwable":""}
{"timestamp":"2025-05-16T14:06:23,105","container":"2069b9ada72f","level":"INFO","thread":"BftProcessorExecutor-QBFT-0","class":"QbftBesuControllerBuilder","message":"Imported #52 / 0 tx / 0 pending / 0 (0.0%) gas / (0x9c3db219e554a41ef94ad1b73550b3dd2c1b3184cb6117bd26b132e5a00d1426)","throwable":""}
{"timestamp":"2025-05-16T14:06:31,053","container":"2069b9ada72f","level":"INFO","thread":"BftProcessorExecutor-QBFT-0","class":"QbftBesuControllerBuilder","message":"Produced #53 / 0 tx / 0 pending / 0 (0.0%) gas / (0xf25f5ddae4f2b727dcaa9f79bc2ce62df0fa00a09acb59e228e206aa6ee8987d)","throwable":""}
{"timestamp":"2025-05-16T14:06:39,070","container":"2069b9ada72f","level":"INFO","thread":"EthScheduler-Workers-0","class":"PersistBlockTask","message":"Imported #54 / 0 tx / 0 om / 0 (0.0%) gas / (0x817a33b3064de2804db68bfc4dee2ab62b2a49d4e4ac30727cdffd9d866e664e) in 0.017s. Peers: 5","throwable":""}
{"timestamp":"2025-05-16T14:06:39,080","container":"2069b9ada72f","level":"INFO","thread":"BftProcessorExecutor-QBFT-0","class":"QbftBesuControllerBuilder","message":"Imported #54 / 0 tx / 0 pending / 0 (0.0%) gas / (0x817a33b3064de2804db68bfc4dee2ab62b2a49d4e4ac30727cdffd9d866e664e)","throwable":""}
{"timestamp":"2025-05-16T14:06:47,050","container":"2069b9ada72f","level":"INFO","thread":"BftProcessorExecutor-QBFT-0","class":"QbftBesuControllerBuilder","message":"Imported #55 / 0 tx / 0 pending / 0 (0.0%) gas / (0xae8a489563e2ca55cb1ff6fd97b16bc1242cefe1132354ffef2f4a040edb9d02)","throwable":""}
{"timestamp":"2025-05-16T14:06:55,058","container":"2069b9ada72f","level":"INFO","thread":"BftProcessorExecutor-QBFT-0","class":"QbftBesuControllerBuilder","message":"Imported #56 / 0 tx / 0 pending / 0 (0.0%) gas / (0x00d656a1f6764a20e29eec0ed44aa025a7ae9629fe0bbe0062ff03b87aa66611)","throwable":""}
{"timestamp":"2025-05-16T14:07:03,022","container":"2069b9ada72f","level":"INFO","thread":"BftProcessorExecutor-QBFT-0","class":"QbftBesuControllerBuilder","message":"Produced #57 / 0 tx / 0 pending / 0 (0.0%) gas / (0x3b6c988561e1f04ff144d3d76be3a120944360a19b1516da1d99db6039c4d4b1)","throwable":""}
{"timestamp":"2025-05-16T14:07:11,032","container":"2069b9ada72f","level":"INFO","thread":"BftProcessorExecutor-QBFT-0","class":"QbftBesuControllerBuilder","message":"Imported #58 / 0 tx / 0 pending / 0 (0.0%) gas / (0x835b7c264e288f4344af8d64de2227e939fd3df7b810ceed60e93e7142c2d63a)","throwable":""}
{"timestamp":"2025-05-16T14:07:19,033","container":"2069b9ada72f","level":"INFO","thread":"EthScheduler-Workers-0","class":"PersistBlockTask","message":"Imported #59 / 0 tx / 0 om / 0 (0.0%) gas / (0xea2ed822e5ac6576ac681a015ccc5e61f40206aee58484b5f169fe47e9b4507a) in 0.002s. Peers: 5","throwable":""}
{"timestamp":"2025-05-16T14:07:19,060","container":"2069b9ada72f","level":"INFO","thread":"BftProcessorExecutor-QBFT-0","class":"QbftBesuControllerBuilder","message":"Imported #59 / 0 tx / 0 pending / 0 (0.0%) gas / (0xea2ed822e5ac6576ac681a015ccc5e61f40206aee58484b5f169fe47e9b4507a)","throwable":""}
{"timestamp":"2025-05-16T14:07:27,060","container":"2069b9ada72f","level":"INFO","thread":"BftProcessorExecutor-QBFT-0","class":"QbftBesuControllerBuilder","message":"Imported #60 / 0 tx / 0 pending / 0 (0.0%) gas / (0x9387b85e50e0b0946acc8b1dff26c4e31714232f2ce16f02e9e6ebd091470a7d)","throwable":""}
{"timestamp":"2025-05-16T14:07:35,081","container":"2069b9ada72f","level":"INFO","thread":"BftProcessorExecutor-QBFT-0","class":"QbftBesuControllerBuilder","message":"Produced #61 / 0 tx / 0 pending / 0 (0.0%) gas / (0x0fe2bfae4884070b2c4bb0f709d35853c65bd5b8dfc926c84821e1deec810f7a)","throwable":""}
{"timestamp":"2025-05-16T14:07:43,046","container":"2069b9ada72f","level":"INFO","thread":"EthScheduler-Workers-0","class":"PersistBlockTask","message":"Imported #62 / 0 tx / 0 om / 0 (0.0%) gas / (0x3c69962d0d8f383ba7c28e3acb5962b694f8351e0fe640bf76067e65794a0bd4) in 0.002s. Peers: 5","throwable":""}
{"timestamp":"2025-05-16T14:07:43,059","container":"2069b9ada72f","level":"INFO","thread":"BftProcessorExecutor-QBFT-0","class":"QbftBesuControllerBuilder","message":"Imported #62 / 0 tx / 0 pending / 0 (0.0%) gas / (0x3c69962d0d8f383ba7c28e3acb5962b694f8351e0fe640bf76067e65794a0bd4)","throwable":""}
{"timestamp":"2025-05-16T14:07:51,072","container":"2069b9ada72f","level":"INFO","thread":"BftProcessorExecutor-QBFT-0","class":"QbftBesuControllerBuilder","message":"Imported #63 / 0 tx / 0 pending / 0 (0.0%) gas / (0x89f9328ae4577b623abfe8f80b8d9ec8b259761cccb18c5529da724b0b3f8b17)","throwable":""}
{"timestamp":"2025-05-16T14:07:59,061","container":"2069b9ada72f","level":"INFO","thread":"BftProcessorExecutor-QBFT-0","class":"QbftBesuControllerBuilder","message":"Imported #64 / 0 tx / 0 pending / 0 (0.0%) gas / (0x177b8aedf78586c86acc5e579ba4c429dd1bf984b9763e1b35105750c140b192)","throwable":""}
{"timestamp":"2025-05-16T14:08:07,062","container":"2069b9ada72f","level":"INFO","thread":"BftProcessorExecutor-QBFT-0","class":"QbftBesuControllerBuilder","message":"Produced #65 / 0 tx / 0 pending / 0 (0.0%) gas / (0xf4a223c4a9975749519fd245ff196dcb19ab4e71d89fe03a401b430c0a8c338e)","throwable":""}
{"timestamp":"2025-05-16T14:08:15,061","container":"2069b9ada72f","level":"INFO","thread":"BftProcessorExecutor-QBFT-0","class":"QbftBesuControllerBuilder","message":"Imported #66 / 0 tx / 0 pending / 0 (0.0%) gas / (0xfce268e288869a0fdebfef3dc8f39ce4e7ed0c998128189d5b8f496fe7352b73)","throwable":""}
{"timestamp":"2025-05-16T14:08:23,043","container":"2069b9ada72f","level":"INFO","thread":"BftProcessorExecutor-QBFT-0","class":"QbftBesuControllerBuilder","message":"Imported #67 / 0 tx / 0 pending / 0 (0.0%) gas / (0x1642feb6a1e9310022f8717f4beb9512cdc4a443238b2d2175716837c711a36f)","throwable":""}
{"timestamp":"2025-05-16T14:08:31,059","container":"2069b9ada72f","level":"INFO","thread":"BftProcessorExecutor-QBFT-0","class":"QbftBesuControllerBuilder","message":"Imported #68 / 0 tx / 0 pending / 0 (0.0%) gas / (0xa46725995cc5cba9a5af812b77d637425d27955ef6e3a0322c5a8b50799094d4)","throwable":""}
{"timestamp":"2025-05-16T14:08:39,058","container":"2069b9ada72f","level":"INFO","thread":"BftProcessorExecutor-QBFT-0","class":"QbftBesuControllerBuilder","message":"Produced #69 / 0 tx / 0 pending / 0 (0.0%) gas / (0xb943f9551817b9851653d5bec61278d6d84cef392831ab5008e23e82a130c813)","throwable":""}
{"timestamp":"2025-05-16T14:08:39,060","container":"2069b9ada72f","level":"INFO","thread":"EthScheduler-Workers-0","class":"PersistBlockTask","message":"Block 69 (0xb943f9551817b9851653d5bec61278d6d84cef392831ab5008e23e82a130c813) is already imported","throwable":""}
{"timestamp":"2025-05-16T14:08:47,132","container":"2069b9ada72f","level":"INFO","thread":"BftProcessorExecutor-QBFT-0","class":"QbftBesuControllerBuilder","message":"Imported #70 / 0 tx / 0 pending / 0 (0.0%) gas / (0x06427910cd34a50d05d842d8eb09fe579b5c04d2bd735d54f7cafaacb26e8513)","throwable":""}
{"timestamp":"2025-05-16T14:08:47,133","container":"2069b9ada72f","level":"INFO","thread":"EthScheduler-Workers-0","class":"PersistBlockTask","message":"Block 70 (0x06427910cd34a50d05d842d8eb09fe579b5c04d2bd735d54f7cafaacb26e8513) is already imported","throwable":""}
{"timestamp":"2025-05-16T14:08:55,050","container":"2069b9ada72f","level":"INFO","thread":"EthScheduler-Workers-0","class":"PersistBlockTask","message":"Block 71 (0x8fb5914a91d857cc80b15d7946b61598b8be9e8a5ef476f120e55eab3cc3b868) is already imported","throwable":""}
{"timestamp":"2025-05-16T14:08:55,052","container":"2069b9ada72f","level":"INFO","thread":"BftProcessorExecutor-QBFT-0","class":"QbftBesuControllerBuilder","message":"Imported #71 / 0 tx / 0 pending / 0 (0.0%) gas / (0x8fb5914a91d857cc80b15d7946b61598b8be9e8a5ef476f120e55eab3cc3b868)","throwable":""}
{"timestamp":"2025-05-16T14:09:03,061","container":"2069b9ada72f","level":"INFO","thread":"BftProcessorExecutor-QBFT-0","class":"QbftBesuControllerBuilder","message":"Imported #72 / 0 tx / 0 pending / 0 (0.0%) gas / (0xf5b052dc6e3bbb0ccdfd15081beadcbec5d4d47f69a178d7228d5f66ce28af1f)","throwable":""}
{"timestamp":"2025-05-16T14:09:11,056","container":"2069b9ada72f","level":"INFO","thread":"EthScheduler-Workers-0","class":"PersistBlockTask","message":"Imported #73 / 0 tx / 0 om / 0 (0.0%) gas / (0x1e8dc6bad10dbb1f150d7c89ac68e0a2f0024fa50f4e7d91b569ed98a789f5fe) in 0.018s. Peers: 5","throwable":""}
{"timestamp":"2025-05-16T14:09:11,056","container":"2069b9ada72f","level":"INFO","thread":"BftProcessorExecutor-QBFT-0","class":"QbftBesuControllerBuilder","message":"Produced #73 / 0 tx / 0 pending / 0 (0.0%) gas / (0x1e8dc6bad10dbb1f150d7c89ac68e0a2f0024fa50f4e7d91b569ed98a789f5fe)","throwable":""}
{"timestamp":"2025-05-16T14:09:19,038","container":"2069b9ada72f","level":"INFO","thread":"BftProcessorExecutor-QBFT-0","class":"QbftBesuControllerBuilder","message":"Imported #74 / 0 tx / 0 pending / 0 (0.0%) gas / (0xa89990a100fdf61a066a429169a8823cb924784fa72b30241ac2dae411c78b92)","throwable":""}
{"timestamp":"2025-05-16T14:09:27,065","container":"2069b9ada72f","level":"INFO","thread":"BftProcessorExecutor-QBFT-0","class":"QbftBesuControllerBuilder","message":"Imported #75 / 0 tx / 0 pending / 0 (0.0%) gas / (0xefa131dde354fc2539b001a651176d0370216328f9bcda85d027a45df930c08b)","throwable":""}
{"timestamp":"2025-05-16T14:09:35,046","container":"2069b9ada72f","level":"INFO","thread":"BftProcessorExecutor-QBFT-0","class":"QbftBesuControllerBuilder","message":"Imported #76 / 0 tx / 0 pending / 0 (0.0%) gas / (0xc85d208aa1ee1d98f9e0ba5eba6136c632a71aca86389f2dc26af6d6fb929ac0)","throwable":""}
{"timestamp":"2025-05-16T14:09:43,074","container":"2069b9ada72f","level":"INFO","thread":"BftProcessorExecutor-QBFT-0","class":"QbftBesuControllerBuilder","message":"Produced #77 / 0 tx / 0 pending / 0 (0.0%) gas / (0x0eb2a88bcfe6149dcb1831e6735341e2218f960b66d0f016c2d755a8762a5f54)","throwable":""}
{"timestamp":"2025-05-16T14:09:51,030","container":"2069b9ada72f","level":"INFO","thread":"BftProcessorExecutor-QBFT-0","class":"QbftBesuControllerBuilder","message":"Imported #78 / 0 tx / 0 pending / 0 (0.0%) gas / (0xe287b4d4512fe5af23c7d4d9cbe627938b3b5daa56f8bf0232ba9883c49ebbd4)","throwable":""}
{"timestamp":"2025-05-16T14:09:59,083","container":"2069b9ada72f","level":"INFO","thread":"EthScheduler-Workers-0","class":"PersistBlockTask","message":"Imported #79 / 0 tx / 0 om / 0 (0.0%) gas / (0x8b7b979f5534e78a6f5a97a9a9bf4f0b92fadd418e0a317cc7ba87cf6679f0c1) in 0.009s. Peers: 5","throwable":""}
{"timestamp":"2025-05-16T14:10:07,031","container":"2069b9ada72f","level":"INFO","thread":"BftProcessorExecutor-QBFT-0","class":"QbftBesuControllerBuilder","message":"Imported #80 / 0 tx / 0 pending / 0 (0.0%) gas / (0xe6b86597e8cf168d4e62ad7fb6e90c841e0b7bff1241bc1e2f1e99d0cb156a43)","throwable":""}
{"timestamp":"2025-05-16T14:10:15,044","container":"2069b9ada72f","level":"INFO","thread":"BftProcessorExecutor-QBFT-0","class":"QbftBesuControllerBuilder","message":"Produced #81 / 0 tx / 0 pending / 0 (0.0%) gas / (0xb773769d19ff289a95ff1f4afb2456fa5fba7b75e4d4538def5d7a816f338479)","throwable":""}
{"timestamp":"2025-05-16T14:10:23,035","container":"2069b9ada72f","level":"INFO","thread":"BftProcessorExecutor-QBFT-0","class":"QbftBesuControllerBuilder","message":"Imported #82 / 0 tx / 0 pending / 0 (0.0%) gas / (0x94b8321875facefdf4be75932ee354585f2452fc04c4aa80562a682ce3e14b2a)","throwable":""}
{"timestamp":"2025-05-16T14:10:31,070","container":"2069b9ada72f","level":"INFO","thread":"EthScheduler-Workers-0","class":"PersistBlockTask","message":"Block 83 (0x2b988e48b76c612780508bf7923e543edc0f0950a0ad45ed9367cdf149cd5dcd) is already imported","throwable":""}
{"timestamp":"2025-05-16T14:10:31,070","container":"2069b9ada72f","level":"INFO","thread":"BftProcessorExecutor-QBFT-0","class":"QbftBesuControllerBuilder","message":"Imported #83 / 0 tx / 0 pending / 0 (0.0%) gas / (0x2b988e48b76c612780508bf7923e543edc0f0950a0ad45ed9367cdf149cd5dcd)","throwable":""}
{"timestamp":"2025-05-16T14:10:39,047","container":"2069b9ada72f","level":"INFO","thread":"BftProcessorExecutor-QBFT-0","class":"QbftBesuControllerBuilder","message":"Imported #84 / 0 tx / 0 pending / 0 (0.0%) gas / (0xef82fc4eae5684566ce2ad7efa359bf29cba2a1c8ddc2e40273915a1fcdb330c)","throwable":""}
{"timestamp":"2025-05-16T14:10:47,060","container":"2069b9ada72f","level":"INFO","thread":"EthScheduler-Workers-0","class":"PersistBlockTask","message":"Block 85 (0xca7dca72e38ad7037be5e949825f02ad1bff26843088c990f90187b075578afe) is already imported","throwable":""}
{"timestamp":"2025-05-16T14:10:47,062","container":"2069b9ada72f","level":"INFO","thread":"BftProcessorExecutor-QBFT-0","class":"QbftBesuControllerBuilder","message":"Produced #85 / 0 tx / 0 pending / 0 (0.0%) gas / (0xca7dca72e38ad7037be5e949825f02ad1bff26843088c990f90187b075578afe)","throwable":""}
{"timestamp":"2025-05-16T14:10:55,036","container":"2069b9ada72f","level":"INFO","thread":"BftProcessorExecutor-QBFT-0","class":"QbftBesuControllerBuilder","message":"Imported #86 / 0 tx / 0 pending / 0 (0.0%) gas / (0x4da3b019ffc2b02c2fa3dd792b5e66e1cfca457f52c8210989904acc81e97d0c)","throwable":""}
{"timestamp":"2025-05-16T14:11:03,029","container":"2069b9ada72f","level":"INFO","thread":"BftProcessorExecutor-QBFT-0","class":"QbftBesuControllerBuilder","message":"Imported #87 / 0 tx / 0 pending / 0 (0.0%) gas / (0xfb6f4add6820991155b3dbab7149c4d93e992cc8dd3a14b6a989961e5f5ffed5)","throwable":""}
{"timestamp":"2025-05-16T14:11:11,048","container":"2069b9ada72f","level":"INFO","thread":"BftProcessorExecutor-QBFT-0","class":"QbftBesuControllerBuilder","message":"Imported #88 / 0 tx / 0 pending / 0 (0.0%) gas / (0xce6f1f790f0fd9e67dfa278ce9398c90499168510b72b2f850212cec4bca2d85)","throwable":""}
{"timestamp":"2025-05-16T14:11:19,059","container":"2069b9ada72f","level":"INFO","thread":"BftProcessorExecutor-QBFT-0","class":"QbftBesuControllerBuilder","message":"Produced #89 / 0 tx / 0 pending / 0 (0.0%) gas / (0x4e2e65230bcb6d8505c57aea68cef8136b992d697a2112a3a92d3151aff4b256)","throwable":""}
{"timestamp":"2025-05-16T14:11:27,039","container":"2069b9ada72f","level":"INFO","thread":"BftProcessorExecutor-QBFT-0","class":"QbftBesuControllerBuilder","message":"Imported #90 / 0 tx / 0 pending / 0 (0.0%) gas / (0xf4693f14f2f761716ac53522a9b48338b93887876c58f6b10a2c444ecaa1a907)","throwable":""}
{"timestamp":"2025-05-16T14:11:35,064","container":"2069b9ada72f","level":"INFO","thread":"EthScheduler-Workers-0","class":"PersistBlockTask","message":"Imported #91 / 0 tx / 0 om / 0 (0.0%) gas / (0x10f0bc1931d6e4c0624e14691c74fc742ccd36f56005c82952ae3d63d8a13eff) in 0.002s. Peers: 5","throwable":""}
{"timestamp":"2025-05-16T14:11:35,077","container":"2069b9ada72f","level":"INFO","thread":"BftProcessorExecutor-QBFT-0","class":"QbftBesuControllerBuilder","message":"Imported #91 / 0 tx / 0 pending / 0 (0.0%) gas / (0x10f0bc1931d6e4c0624e14691c74fc742ccd36f56005c82952ae3d63d8a13eff)","throwable":""}
{"timestamp":"2025-05-16T14:11:43,055","container":"2069b9ada72f","level":"INFO","thread":"EthScheduler-Workers-0","class":"PersistBlockTask","message":"Imported #92 / 0 tx / 0 om / 0 (0.0%) gas / (0xd5de7ea1114b076056bd0a6196a03c70e7a7810e4a80a4659249281c2cc0f0b1) in 0.003s. Peers: 5","throwable":""}
{"timestamp":"2025-05-16T14:11:51,026","container":"2069b9ada72f","level":"INFO","thread":"BftProcessorExecutor-QBFT-0","class":"QbftBesuControllerBuilder","message":"Produced #93 / 0 tx / 0 pending / 0 (0.0%) gas / (0xf9d3f1e95a0fa5fc0b5f6be54e569abdc801bcd72972bc7b913a9343a0a4ab31)","throwable":""}
{"timestamp":"2025-05-16T14:11:59,044","container":"2069b9ada72f","level":"INFO","thread":"BftProcessorExecutor-QBFT-0","class":"QbftBesuControllerBuilder","message":"Imported #94 / 0 tx / 0 pending / 0 (0.0%) gas / (0x62792dba88003538f1b2ad4a89b376da3bf18a9f48e0c139244601c160ef312e)","throwable":""}
{"timestamp":"2025-05-16T14:12:07,071","container":"2069b9ada72f","level":"INFO","thread":"EthScheduler-Workers-0","class":"PersistBlockTask","message":"Block 95 (0x30b08192cea073df9509f22b08fd4f1bde0ddeaaa83336d11ac3e598d81e91ba) is already imported","throwable":""}
{"timestamp":"2025-05-16T14:12:07,072","container":"2069b9ada72f","level":"INFO","thread":"BftProcessorExecutor-QBFT-0","class":"QbftBesuControllerBuilder","message":"Imported #95 / 0 tx / 0 pending / 0 (0.0%) gas / (0x30b08192cea073df9509f22b08fd4f1bde0ddeaaa83336d11ac3e598d81e91ba)","throwable":""}
{"timestamp":"2025-05-16T14:12:15,018","container":"2069b9ada72f","level":"INFO","thread":"BftProcessorExecutor-QBFT-0","class":"QbftBesuControllerBuilder","message":"Imported #96 / 0 tx / 0 pending / 0 (0.0%) gas / (0x10b8b9dcaeb53df2e7ffec73b602481eb250bb87498ca220ce815ff4a6500019)","throwable":""}
{"timestamp":"2025-05-16T14:12:23,042","container":"2069b9ada72f","level":"INFO","thread":"EthScheduler-Workers-0","class":"PersistBlockTask","message":"Block 97 (0x9863455831c2f96e72dd82041fd12065a489486efda6bf673659a754a0c1fdd4) is already imported","throwable":""}
{"timestamp":"2025-05-16T14:12:23,050","container":"2069b9ada72f","level":"INFO","thread":"BftProcessorExecutor-QBFT-0","class":"QbftBesuControllerBuilder","message":"Produced #97 / 0 tx / 0 pending / 0 (0.0%) gas / (0x9863455831c2f96e72dd82041fd12065a489486efda6bf673659a754a0c1fdd4)","throwable":""}
{"timestamp":"2025-05-16T14:12:31,041","container":"2069b9ada72f","level":"INFO","thread":"BftProcessorExecutor-QBFT-0","class":"QbftBesuControllerBuilder","message":"Imported #98 / 0 tx / 0 pending / 0 (0.0%) gas / (0x6465deaaf0629a704066acaeefdb333b9fea5b44053140c99b2cc3271dd5d0ce)","throwable":""}
{"timestamp":"2025-05-16T14:12:39,025","container":"2069b9ada72f","level":"INFO","thread":"BftProcessorExecutor-QBFT-0","class":"QbftBesuControllerBuilder","message":"Imported #99 / 0 tx / 0 pending / 0 (0.0%) gas / (0xd90fe6729adda49223e4223113d0919b0981736d1d255ccf0fed7ed080300457)","throwable":""}
{"timestamp":"2025-05-16T14:12:47,042","container":"2069b9ada72f","level":"INFO","thread":"BftProcessorExecutor-QBFT-0","class":"QbftBesuControllerBuilder","message":"Imported #100 / 0 tx / 0 pending / 0 (0.0%) gas / (0x7c1f1568bd3555f550d561d7f855160bbca673dfd656779153ce9517d1ee4645)","throwable":""}
{"timestamp":"2025-05-16T14:12:55,022","container":"2069b9ada72f","level":"INFO","thread":"EthScheduler-Workers-0","class":"PersistBlockTask","message":"Imported #101 / 0 tx / 0 om / 0 (0.0%) gas / (0x77ded0cf4ebf30d78f0758a7c0db252c55315637365fb07c080093ff673b4f75) in 0.001s. Peers: 5","throwable":""}
{"timestamp":"2025-05-16T14:12:55,028","container":"2069b9ada72f","level":"INFO","thread":"BftProcessorExecutor-QBFT-0","class":"QbftBesuControllerBuilder","message":"Produced #101 / 0 tx / 0 pending / 0 (0.0%) gas / (0x77ded0cf4ebf30d78f0758a7c0db252c55315637365fb07c080093ff673b4f75)","throwable":""}
{"timestamp":"2025-05-16T14:13:03,032","container":"2069b9ada72f","level":"INFO","thread":"BftProcessorExecutor-QBFT-0","class":"QbftBesuControllerBuilder","message":"Imported #102 / 0 tx / 0 pending / 0 (0.0%) gas / (0x56548d513e872b1931e9060bcedad9055a77827ed4ac10b6d3b1c45976fe1e61)","throwable":""}
{"timestamp":"2025-05-16T14:13:11,047","container":"2069b9ada72f","level":"INFO","thread":"BftProcessorExecutor-QBFT-0","class":"QbftBesuControllerBuilder","message":"Imported #103 / 0 tx / 0 pending / 0 (0.0%) gas / (0xa21d84253ca5b4fdb445757a1c2714664185bb403bee5b09bd480e808b09553d)","throwable":""}
{"timestamp":"2025-05-16T14:13:11,050","container":"2069b9ada72f","level":"INFO","thread":"EthScheduler-Workers-0","class":"PersistBlockTask","message":"Block 103 (0xa21d84253ca5b4fdb445757a1c2714664185bb403bee5b09bd480e808b09553d) is already imported","throwable":""}
{"timestamp":"2025-05-16T14:13:19,048","container":"2069b9ada72f","level":"INFO","thread":"BftProcessorExecutor-QBFT-0","class":"QbftBesuControllerBuilder","message":"Imported #104 / 0 tx / 0 pending / 0 (0.0%) gas / (0x76ab4ff48c7f2c2cf50e9a717da2053570c424f2d086d55e5d825393cae7ba14)","throwable":""}
{"timestamp":"2025-05-16T14:13:27,049","container":"2069b9ada72f","level":"INFO","thread":"BftProcessorExecutor-QBFT-0","class":"QbftBesuControllerBuilder","message":"Produced #105 / 0 tx / 0 pending / 0 (0.0%) gas / (0x723235c790dded1a2400e814f403d5b5d4528841325e5863c19d08d7b0c7c1ae)","throwable":""}
{"timestamp":"2025-05-16T14:13:35,044","container":"2069b9ada72f","level":"INFO","thread":"BftProcessorExecutor-QBFT-0","class":"QbftBesuControllerBuilder","message":"Imported #106 / 0 tx / 0 pending / 0 (0.0%) gas / (0xf441d291b7ff656c395a1055eeeb16550bf04d84cf0b6b9d97effa8c663c8142)","throwable":""}
{"timestamp":"2025-05-16T14:13:43,053","container":"2069b9ada72f","level":"INFO","thread":"EthScheduler-Workers-0","class":"PersistBlockTask","message":"Block 107 (0x331d93eb3a6881d0146b12820886fcef49af1f8cd9c23a50e69ea17c7d3bbcea) is already imported","throwable":""}
{"timestamp":"2025-05-16T14:13:43,058","container":"2069b9ada72f","level":"INFO","thread":"BftProcessorExecutor-QBFT-0","class":"QbftBesuControllerBuilder","message":"Imported #107 / 0 tx / 0 pending / 0 (0.0%) gas / (0x331d93eb3a6881d0146b12820886fcef49af1f8cd9c23a50e69ea17c7d3bbcea)","throwable":""}
{"timestamp":"2025-05-16T14:13:51,037","container":"2069b9ada72f","level":"INFO","thread":"BftProcessorExecutor-QBFT-0","class":"QbftBesuControllerBuilder","message":"Imported #108 / 0 tx / 0 pending / 0 (0.0%) gas / (0xb9e6c3978d494865a083280cc76eeae9a73b82215d2e41868a2173555a4932a4)","throwable":""}
{"timestamp":"2025-05-16T14:13:59,050","container":"2069b9ada72f","level":"INFO","thread":"BftProcessorExecutor-QBFT-0","class":"QbftBesuControllerBuilder","message":"Produced #109 / 0 tx / 0 pending / 0 (0.0%) gas / (0x7ca58483257f4555b48a39e7ea45c29cd1c07efc8c4784d0ec9e445abd76ec46)","throwable":""}
{"timestamp":"2025-05-16T14:13:59,054","container":"2069b9ada72f","level":"INFO","thread":"EthScheduler-Workers-0","class":"PersistBlockTask","message":"Block 109 (0x7ca58483257f4555b48a39e7ea45c29cd1c07efc8c4784d0ec9e445abd76ec46) is already imported","throwable":""}
