{"timestamp":"2024-12-02T19:25:41,912","container":"b3f7e2cfb8ab","level":"INFO","thread":"main","class":"Besu","message":"Starting Besu","throwable":""}
{"timestamp":"2024-12-02T19:25:43,578","container":"b3f7e2cfb8ab","level":"WARN","thread":"main","class":"Besu","message":"--min-gas-price has been ignored because --miner-enabled was not defined on the command line.","throwable":""}
{"timestamp":"2024-12-02T19:25:46,072","container":"b3f7e2cfb8ab","level":"INFO","thread":"main","class":"Besu","message":"
####################################################################################################
#                                                                                                  #
# Besu version 23.4.1                                                                              #
#                                                                                                  #
# Configuration:                                                                                   #
# Network: Custom genesis file specified                                                           #
# Network Id: 1337                                                                                 #
# Data storage: Forest                                                                             #
# Sync mode: Full                                                                                  #
# RPC HTTP APIs: EEA,WEB3,ETH,NET,TRACE,DEBUG,ADMIN,TXPOOL,PRIV,PERM,QBFT                          #
# RPC HTTP port: 8545                                                                              #
#                                                                                                  #
# Host:                                                                                            #
# Java: openjdk-java-17                                                                            #
# Maximum heap size: 1.86 GB                                                                       #
# OS: linux-x86_64                                                                                 #
# glibc: 2.35                                                                                      #
# jemalloc: 5.2.1-0-gea6b3e973b477b8061e0076bb257dbd7f3faa756                                      #
# Total memory: 7.45 GB                                                                            #
# CPU cores: 12                                                                                    #
#                                                                                                  #
####################################################################################################","throwable":""}
{"timestamp":"2024-12-02T19:25:46,094","container":"b3f7e2cfb8ab","level":"INFO","thread":"main","class":"Besu","message":"Connecting to 8 static nodes.","throwable":""}
{"timestamp":"2024-12-02T19:25:46,095","container":"b3f7e2cfb8ab","level":"INFO","thread":"main","class":"Besu","message":"Security Module: localfile","throwable":""}
{"timestamp":"2024-12-02T19:25:46,256","container":"b3f7e2cfb8ab","level":"INFO","thread":"main","class":"Besu","message":"Using the native implementation of alt bn128","throwable":""}
{"timestamp":"2024-12-02T19:25:46,458","container":"b3f7e2cfb8ab","level":"INFO","thread":"main","class":"Besu","message":"Using the native implementation of modexp","throwable":""}
{"timestamp":"2024-12-02T19:25:46,459","container":"b3f7e2cfb8ab","level":"INFO","thread":"main","class":"Besu","message":"Using the native implementation of the signature algorithm","throwable":""}
{"timestamp":"2024-12-02T19:25:46,467","container":"b3f7e2cfb8ab","level":"INFO","thread":"main","class":"Besu","message":"Using the native implementation of the blake2bf algorithm","throwable":""}
{"timestamp":"2024-12-02T19:25:46,550","container":"b3f7e2cfb8ab","level":"INFO","thread":"main","class":"RocksDBKeyValueStorageFactory","message":"No existing database detected at /opt/besu/data. Using version 1","throwable":""}
{"timestamp":"2024-12-02T19:25:49,235","container":"b3f7e2cfb8ab","level":"INFO","thread":"main","class":"KeyPairUtil","message":"Loaded public key 0x59cf0c623c582fa9b19bdf70fb6bade07f4ae32218dd4d1c7e2c7e65acf87da45cf2ab55d16d27360aafef17622c37c09db60d7680ebcc17b78867f4c05bcaa4 from /opt/besu/keys/nodekey","throwable":""}
{"timestamp":"2024-12-02T19:25:49,247","container":"b3f7e2cfb8ab","level":"WARN","thread":"main","class":"Besu","message":"Privacy is disabled. Cannot use EEA/PRIV API methods when not using Privacy.","throwable":""}
{"timestamp":"2024-12-02T19:25:49,851","container":"b3f7e2cfb8ab","level":"INFO","thread":"main","class":"ProtocolScheduleBuilder","message":"Protocol schedule created with milestones: [GrayGlacier: 0]","throwable":""}
{"timestamp":"2024-12-02T19:25:50,531","container":"b3f7e2cfb8ab","level":"INFO","thread":"main","class":"TransactionPoolFactory","message":"Enabling transaction pool","throwable":""}
{"timestamp":"2024-12-02T19:25:50,579","container":"b3f7e2cfb8ab","level":"INFO","thread":"main","class":"BesuControllerBuilder","message":"TTD difficulty is not present, creating initial sync phase for PoW","throwable":""}
{"timestamp":"2024-12-02T19:25:50,721","container":"b3f7e2cfb8ab","level":"INFO","thread":"main","class":"RunnerBuilder","message":"Detecting NAT service.","throwable":""}
{"timestamp":"2024-12-02T19:25:52,108","container":"b3f7e2cfb8ab","level":"INFO","thread":"main","class":"Runner","message":"Starting external services ... ","throwable":""}
{"timestamp":"2024-12-02T19:25:52,109","container":"b3f7e2cfb8ab","level":"INFO","thread":"main","class":"MetricsHttpService","message":"Starting metrics http service on 0.0.0.0:9545","throwable":""}
{"timestamp":"2024-12-02T19:25:52,308","container":"b3f7e2cfb8ab","level":"INFO","thread":"vert.x-eventloop-thread-1","class":"MetricsHttpService","message":"Metrics service started and listening on 0.0.0.0:9545","throwable":""}
{"timestamp":"2024-12-02T19:25:52,311","container":"b3f7e2cfb8ab","level":"INFO","thread":"main","class":"JsonRpcHttpService","message":"Starting JSON-RPC service on 0.0.0.0:8545","throwable":""}
{"timestamp":"2024-12-02T19:25:52,339","container":"b3f7e2cfb8ab","level":"INFO","thread":"vert.x-eventloop-thread-1","class":"JsonRpcHttpService","message":"JSON-RPC service started and listening on 0.0.0.0:8545","throwable":""}
{"timestamp":"2024-12-02T19:25:52,343","container":"b3f7e2cfb8ab","level":"INFO","thread":"main","class":"GraphQLHttpService","message":"Starting GraphQL HTTP service on 0.0.0.0:8547","throwable":""}
{"timestamp":"2024-12-02T19:25:52,349","container":"b3f7e2cfb8ab","level":"INFO","thread":"vert.x-eventloop-thread-1","class":"GraphQLHttpService","message":"GraphQL HTTP service started and listening on 0.0.0.0:8547","throwable":""}
{"timestamp":"2024-12-02T19:25:52,350","container":"b3f7e2cfb8ab","level":"INFO","thread":"main","class":"WebSocketService","message":"Starting Websocket service on 0.0.0.0:8546","throwable":""}
{"timestamp":"2024-12-02T19:25:52,356","container":"b3f7e2cfb8ab","level":"INFO","thread":"vert.x-eventloop-thread-1","class":"WebSocketService","message":"Websocket service started and listening on 0.0.0.0:8546","throwable":""}
{"timestamp":"2024-12-02T19:25:52,361","container":"b3f7e2cfb8ab","level":"INFO","thread":"main","class":"AutoTransactionLogBloomCachingService","message":"Starting auto transaction log bloom caching service.","throwable":""}
{"timestamp":"2024-12-02T19:25:52,364","container":"b3f7e2cfb8ab","level":"INFO","thread":"main","class":"LogBloomCacheMetadata","message":"Lookup cache metadata file in data directory: /opt/besu/data/caches","throwable":""}
{"timestamp":"2024-12-02T19:25:52,390","container":"b3f7e2cfb8ab","level":"INFO","thread":"main","class":"Runner","message":"Starting Ethereum main loop ... ","throwable":""}
{"timestamp":"2024-12-02T19:25:52,391","container":"b3f7e2cfb8ab","level":"INFO","thread":"main","class":"DockerNatManager","message":"Starting docker NAT manager.","throwable":""}
{"timestamp":"2024-12-02T19:25:56,105","container":"b3f7e2cfb8ab","level":"INFO","thread":"main","class":"NetworkRunner","message":"Starting Network.","throwable":""}
{"timestamp":"2024-12-02T19:25:56,125","container":"b3f7e2cfb8ab","level":"INFO","thread":"nioEventLoopGroup-2-1","class":"RlpxAgent","message":"P2P RLPx agent started and listening on /[0:0:0:0:0:0:0:0]:30303.","throwable":""}
{"timestamp":"2024-12-02T19:25:56,126","container":"b3f7e2cfb8ab","level":"INFO","thread":"main","class":"PeerDiscoveryAgent","message":"Starting peer discovery agent on host=0.0.0.0, port=30303","throwable":""}
{"timestamp":"2024-12-02T19:25:56,158","container":"b3f7e2cfb8ab","level":"INFO","thread":"vert.x-eventloop-thread-1","class":"VertxPeerDiscoveryAgent","message":"Started peer discovery agent successfully, on effective host=0:0:0:0:0:0:0:0%0 and port=30303","throwable":""}
{"timestamp":"2024-12-02T19:25:56,159","container":"b3f7e2cfb8ab","level":"INFO","thread":"vert.x-eventloop-thread-1","class":"PeerDiscoveryAgent","message":"P2P peer discovery agent started and listening on /[0:0:0:0:0:0:0:0%0]:30303","throwable":""}
{"timestamp":"2024-12-02T19:25:56,234","container":"b3f7e2cfb8ab","level":"INFO","thread":"vert.x-eventloop-thread-1","class":"PeerDiscoveryAgent","message":"Writing node record to disk. NodeRecord{seq=1, publicKey=0x0259cf0c623c582fa9b19bdf70fb6bade07f4ae32218dd4d1c7e2c7e65acf87da4, udpAddress=Optional[/172.16.239.13:30303], tcpAddress=Optional[/172.16.239.13:30303], asBase64=-Je4QOsX_W-bh_7hX5r0adH-SWf1kKu_ARQQrop7w0_LO-9qGpqaTf0DBkLtB9N6PdTrL62h0MTTrCLHQCxryqcgmCQBg2V0aMfGhMw13_-AgmlkgnY0gmlwhKwQ7w2Jc2VjcDI1NmsxoQJZzwxiPFgvqbGb33D7a63gf0rjIhjdTRx-LH5lrPh9pIN0Y3CCdl-DdWRwgnZf, nodeId=0x2a2fe7f9e880372cfd2bda0cce412f988377e31f4d0ff12d74df73b51c42d0ca, customFields={tcp=30303, udp=30303, ip=0xac10ef0d, eth=[[0xcc35dfff, 0x]], id=V4, secp256k1=0x0259cf0c623c582fa9b19bdf70fb6bade07f4ae32218dd4d1c7e2c7e65acf87da4}}","throwable":""}
{"timestamp":"2024-12-02T19:25:56,283","container":"b3f7e2cfb8ab","level":"INFO","thread":"main","class":"DefaultP2PNetwork","message":"Enode URL enode://59cf0c623c582fa9b19bdf70fb6bade07f4ae32218dd4d1c7e2c7e65acf87da45cf2ab55d16d27360aafef17622c37c09db60d7680ebcc17b78867f4c05bcaa4@172.16.239.13:30303","throwable":""}
{"timestamp":"2024-12-02T19:25:56,283","container":"b3f7e2cfb8ab","level":"INFO","thread":"main","class":"DefaultP2PNetwork","message":"Node address 0xce412f988377e31f4d0ff12d74df73b51c42d0ca","throwable":""}
{"timestamp":"2024-12-02T19:25:56,319","container":"b3f7e2cfb8ab","level":"INFO","thread":"main","class":"NetworkRunner","message":"Supported capabilities: [eth/62, eth/63, eth/64, eth/65, eth/66, eth/67, eth/68], [istanbul/100], [snap/1]","throwable":""}
{"timestamp":"2024-12-02T19:25:56,321","container":"b3f7e2cfb8ab","level":"INFO","thread":"main","class":"DefaultSynchronizer","message":"Starting synchronizer.","throwable":""}
{"timestamp":"2024-12-02T19:25:56,324","container":"b3f7e2cfb8ab","level":"INFO","thread":"main","class":"TransactionPoolFactory","message":"Enabling transaction handling following initial sync","throwable":""}
{"timestamp":"2024-12-02T19:25:56,327","container":"b3f7e2cfb8ab","level":"INFO","thread":"main","class":"FullSyncDownloader","message":"Starting full sync.","throwable":""}
{"timestamp":"2024-12-02T19:25:56,328","container":"b3f7e2cfb8ab","level":"INFO","thread":"main","class":"FullSyncTargetManager","message":"Unable to find sync target. Currently checking 0 peers for usefulness","throwable":""}
{"timestamp":"2024-12-02T19:25:56,417","container":"b3f7e2cfb8ab","level":"INFO","thread":"main","class":"Runner","message":"Ethereum main loop is up.","throwable":""}
{"timestamp":"2024-12-02T19:25:56,713","container":"b3f7e2cfb8ab","level":"INFO","thread":"nioEventLoopGroup-3-3","class":"FullSyncTargetManager","message":"Unable to find sync target. Currently checking 4 peers for usefulness","throwable":""}
{"timestamp":"2024-12-02T19:25:56,968","container":"b3f7e2cfb8ab","level":"INFO","thread":"nioEventLoopGroup-3-7","class":"FullSyncTargetManager","message":"Unable to find sync target. Currently checking 5 peers for usefulness","throwable":""}
{"timestamp":"2024-12-02T19:25:57,064","container":"b3f7e2cfb8ab","level":"INFO","thread":"nioEventLoopGroup-3-9","class":"FullSyncTargetManager","message":"Unable to find sync target. Currently checking 6 peers for usefulness","throwable":""}
{"timestamp":"2024-12-02T19:25:57,088","container":"b3f7e2cfb8ab","level":"INFO","thread":"nioEventLoopGroup-3-10","class":"FullSyncTargetManager","message":"Unable to find sync target. Currently checking 7 peers for usefulness","throwable":""}
{"timestamp":"2024-12-02T19:26:02,092","container":"b3f7e2cfb8ab","level":"INFO","thread":"EthScheduler-Timer-0","class":"FullSyncTargetManager","message":"Unable to find sync target. Currently checking 7 peers for usefulness","throwable":""}
{"timestamp":"2024-12-02T19:26:05,730","container":"b3f7e2cfb8ab","level":"INFO","thread":"BftProcessorExecutor-QBFT-0","class":"QbftRound","message":"Importing proposed block to chain. round=ConsensusRoundIdentifier{Sequence=1, Round=1}, hash=0x4aaf249dc1033276cdd70706fcc2228959f020d65ef7928828abff40a944e8e3","throwable":""}
{"timestamp":"2024-12-02T19:26:05,795","container":"b3f7e2cfb8ab","level":"INFO","thread":"BftProcessorExecutor-QBFT-0","class":"QbftBesuControllerBuilder","message":"Imported #1 / 0 tx / 0 pending / 0 (0.0%) gas / (0x4aaf249dc1033276cdd70706fcc2228959f020d65ef7928828abff40a944e8e3)","throwable":""}
{"timestamp":"2024-12-02T19:26:07,093","container":"b3f7e2cfb8ab","level":"INFO","thread":"EthScheduler-Timer-0","class":"FullSyncTargetManager","message":"Unable to find sync target. Currently checking 7 peers for usefulness","throwable":""}
{"timestamp":"2024-12-02T19:26:10,107","container":"b3f7e2cfb8ab","level":"INFO","thread":"EthScheduler-Workers-0","class":"PersistBlockTask","message":"Block 2 (0x66555fb3135cd2a9e0a65aaf757fca7bbb4c160d6474ab6e58aa1e3ca06e5d12) is already imported","throwable":""}
{"timestamp":"2024-12-02T19:26:10,112","container":"b3f7e2cfb8ab","level":"INFO","thread":"BftProcessorExecutor-QBFT-0","class":"QbftBesuControllerBuilder","message":"Imported #2 / 0 tx / 0 pending / 0 (0.0%) gas / (0x66555fb3135cd2a9e0a65aaf757fca7bbb4c160d6474ab6e58aa1e3ca06e5d12)","throwable":""}
{"timestamp":"2024-12-02T19:26:15,126","container":"b3f7e2cfb8ab","level":"INFO","thread":"BftProcessorExecutor-QBFT-0","class":"QbftBesuControllerBuilder","message":"Produced #3 / 0 tx / 0 pending / 0 (0.0%) gas / (0x408e3f16bf69a7a96b0604b39ce37197f407c1d8462126025f899eb6c0a9d887)","throwable":""}
{"timestamp":"2024-12-02T19:26:20,087","container":"b3f7e2cfb8ab","level":"INFO","thread":"BftProcessorExecutor-QBFT-0","class":"QbftBesuControllerBuilder","message":"Imported #4 / 0 tx / 0 pending / 0 (0.0%) gas / (0x1b87262fd87ccb39d6486707d1b6fb5ad8087d6dcabc5c9b2a021cf8fe03c227)","throwable":""}
{"timestamp":"2024-12-02T19:26:25,054","container":"b3f7e2cfb8ab","level":"INFO","thread":"BftProcessorExecutor-QBFT-0","class":"QbftBesuControllerBuilder","message":"Imported #5 / 0 tx / 0 pending / 0 (0.0%) gas / (0xbf419341fa0c5dfda022025e0eee4062135f7144a5a1f2c270950ddb4ceea5d8)","throwable":""}
{"timestamp":"2024-12-02T19:26:30,046","container":"b3f7e2cfb8ab","level":"INFO","thread":"BftProcessorExecutor-QBFT-0","class":"QbftBesuControllerBuilder","message":"Imported #6 / 0 tx / 0 pending / 0 (0.0%) gas / (0x6e529a21dd690560def95f731c31610afca53e0041d9e9010ed1f61641157d91)","throwable":""}
{"timestamp":"2024-12-02T19:26:35,040","container":"b3f7e2cfb8ab","level":"INFO","thread":"BftProcessorExecutor-QBFT-0","class":"QbftBesuControllerBuilder","message":"Produced #7 / 0 tx / 0 pending / 0 (0.0%) gas / (0xaced712652725a3bff8fca7142a5b55030c60f88be2fa9eef79ed5d6c494a245)","throwable":""}
{"timestamp":"2024-12-02T19:26:40,043","container":"b3f7e2cfb8ab","level":"INFO","thread":"BftProcessorExecutor-QBFT-0","class":"QbftBesuControllerBuilder","message":"Imported #8 / 0 tx / 0 pending / 0 (0.0%) gas / (0xc6b766826a40f248d29198a0a0092cc6d1d44aed3ed1ff55d660628f15467890)","throwable":""}
{"timestamp":"2024-12-02T19:26:45,043","container":"b3f7e2cfb8ab","level":"INFO","thread":"BftProcessorExecutor-QBFT-0","class":"QbftBesuControllerBuilder","message":"Imported #9 / 0 tx / 0 pending / 0 (0.0%) gas / (0x3327f5480f3542c1bedaa80bd1a075fb976751476903ec7f555a9633d2f7566a)","throwable":""}
{"timestamp":"2024-12-02T19:26:50,040","container":"b3f7e2cfb8ab","level":"INFO","thread":"BftProcessorExecutor-QBFT-0","class":"QbftBesuControllerBuilder","message":"Imported #10 / 0 tx / 0 pending / 0 (0.0%) gas / (0xec5eb5ef84e14345c0dbe611f979e95612f08950c02b8078e72714d571e2587f)","throwable":""}
{"timestamp":"2024-12-02T19:26:55,042","container":"b3f7e2cfb8ab","level":"INFO","thread":"BftProcessorExecutor-QBFT-0","class":"QbftBesuControllerBuilder","message":"Produced #11 / 0 tx / 0 pending / 0 (0.0%) gas / (0x552d7204a6282692d211b91c4d8237cbafa5eb9f39d2d74228045c3f1ff8b670)","throwable":""}
{"timestamp":"2024-12-02T19:27:00,049","container":"b3f7e2cfb8ab","level":"INFO","thread":"BftProcessorExecutor-QBFT-0","class":"QbftBesuControllerBuilder","message":"Imported #12 / 0 tx / 0 pending / 0 (0.0%) gas / (0xa1a597f166780e60d58c3321caed8d9c82aa01537661ab39104e955a972ec220)","throwable":""}
{"timestamp":"2024-12-02T19:27:05,061","container":"b3f7e2cfb8ab","level":"INFO","thread":"BftProcessorExecutor-QBFT-0","class":"QbftBesuControllerBuilder","message":"Imported #13 / 0 tx / 0 pending / 0 (0.0%) gas / (0xed91fc28c0880f2f8e399c400be6b457789749a5455d6d2d548014b927c111f0)","throwable":""}
{"timestamp":"2024-12-02T19:27:10,041","container":"b3f7e2cfb8ab","level":"INFO","thread":"BftProcessorExecutor-QBFT-0","class":"QbftBesuControllerBuilder","message":"Imported #14 / 0 tx / 0 pending / 0 (0.0%) gas / (0x6efc4cb4775c64c8b4501f2ef845ecf0cdacb0cda3752542a673013f6e791b52)","throwable":""}
{"timestamp":"2024-12-02T19:27:15,061","container":"b3f7e2cfb8ab","level":"INFO","thread":"BftProcessorExecutor-QBFT-0","class":"QbftBesuControllerBuilder","message":"Produced #15 / 0 tx / 0 pending / 0 (0.0%) gas / (0xaff8dbd0d73baf1ae15df7dd4c64452c2d0e8fa26590464a691400e49f6841fb)","throwable":""}
{"timestamp":"2024-12-02T19:27:20,050","container":"b3f7e2cfb8ab","level":"INFO","thread":"BftProcessorExecutor-QBFT-0","class":"QbftBesuControllerBuilder","message":"Imported #16 / 0 tx / 0 pending / 0 (0.0%) gas / (0xf394e2bee1afa4ba5c7bbbcb6e99e3441bd373983efd1ea7d042edbbd8b065f5)","throwable":""}
{"timestamp":"2024-12-02T19:27:25,039","container":"b3f7e2cfb8ab","level":"INFO","thread":"BftProcessorExecutor-QBFT-0","class":"QbftBesuControllerBuilder","message":"Imported #17 / 0 tx / 0 pending / 0 (0.0%) gas / (0x533010dc97bd571bfd8ec5d1007f4ef7ce2698e549f18fbb4ba0e7dbccbf98f8)","throwable":""}
{"timestamp":"2024-12-02T19:27:30,025","container":"b3f7e2cfb8ab","level":"INFO","thread":"BftProcessorExecutor-QBFT-0","class":"QbftBesuControllerBuilder","message":"Imported #18 / 0 tx / 0 pending / 0 (0.0%) gas / (0xa553c47d77ce8b64f524233fa63a2439b177aaf76c7cefd314094350fed20720)","throwable":""}
{"timestamp":"2024-12-02T19:27:35,041","container":"b3f7e2cfb8ab","level":"INFO","thread":"BftProcessorExecutor-QBFT-0","class":"QbftBesuControllerBuilder","message":"Produced #19 / 0 tx / 0 pending / 0 (0.0%) gas / (0x35f0b4ead1f44b36d3d4eb2957494af5b01935edda4c54b83fc7431b2bca935e)","throwable":""}
{"timestamp":"2024-12-02T19:27:40,057","container":"b3f7e2cfb8ab","level":"INFO","thread":"BftProcessorExecutor-QBFT-0","class":"QbftBesuControllerBuilder","message":"Imported #20 / 0 tx / 0 pending / 0 (0.0%) gas / (0x145540412af28d66aa0f2e57218218ebd95e3ee47e794065e4ae9e36aec3a8b0)","throwable":""}
{"timestamp":"2024-12-02T19:27:45,034","container":"b3f7e2cfb8ab","level":"INFO","thread":"BftProcessorExecutor-QBFT-0","class":"QbftBesuControllerBuilder","message":"Imported #21 / 0 tx / 0 pending / 0 (0.0%) gas / (0x17715b7491f8c271924adad2ead27b204df2d892808c70c73c1208b7e7b26763)","throwable":""}
{"timestamp":"2024-12-02T19:27:50,037","container":"b3f7e2cfb8ab","level":"INFO","thread":"BftProcessorExecutor-QBFT-0","class":"QbftBesuControllerBuilder","message":"Imported #22 / 0 tx / 0 pending / 0 (0.0%) gas / (0x85911a87818734c83f1c1062a1b937380dd42c8c1f5e81aabe9edfdec30f19da)","throwable":""}
{"timestamp":"2024-12-02T19:27:55,028","container":"b3f7e2cfb8ab","level":"INFO","thread":"BftProcessorExecutor-QBFT-0","class":"QbftBesuControllerBuilder","message":"Produced #23 / 0 tx / 0 pending / 0 (0.0%) gas / (0xa48eda7b5c818354fcb32d07d38e95c0269bb9cf14a404a337e3773da4c1074f)","throwable":""}
{"timestamp":"2024-12-02T19:28:00,045","container":"b3f7e2cfb8ab","level":"INFO","thread":"BftProcessorExecutor-QBFT-0","class":"QbftBesuControllerBuilder","message":"Imported #24 / 0 tx / 0 pending / 0 (0.0%) gas / (0xb0c367c759825f639afad5c560402ca2297a5abaa2d51aaf54dfe5369e88df1a)","throwable":""}
{"timestamp":"2024-12-02T19:28:05,027","container":"b3f7e2cfb8ab","level":"INFO","thread":"BftProcessorExecutor-QBFT-0","class":"QbftBesuControllerBuilder","message":"Imported #25 / 0 tx / 0 pending / 0 (0.0%) gas / (0x3a430856f65377c8ece536e8a45f8ed39ef48a8960946b3ce074a3be752d5452)","throwable":""}
{"timestamp":"2024-12-02T19:28:10,050","container":"b3f7e2cfb8ab","level":"INFO","thread":"BftProcessorExecutor-QBFT-0","class":"QbftBesuControllerBuilder","message":"Imported #26 / 0 tx / 0 pending / 0 (0.0%) gas / (0x2e33b1a70b5c0f9f1da6f4896259a6c7c7318629d86a9cab20b9b197179f88f2)","throwable":""}
{"timestamp":"2024-12-02T19:28:15,037","container":"b3f7e2cfb8ab","level":"INFO","thread":"BftProcessorExecutor-QBFT-0","class":"QbftBesuControllerBuilder","message":"Produced #27 / 0 tx / 0 pending / 0 (0.0%) gas / (0xf2b33719be5f852b40701c4c0ac5fae623cbff05e2573722989532e026073697)","throwable":""}
{"timestamp":"2024-12-02T19:28:20,029","container":"b3f7e2cfb8ab","level":"INFO","thread":"BftProcessorExecutor-QBFT-0","class":"QbftBesuControllerBuilder","message":"Imported #28 / 0 tx / 0 pending / 0 (0.0%) gas / (0x6f623698ef5993036806346e1b06752a2b69ad928171895f7ee453fc1f8e4961)","throwable":""}
{"timestamp":"2024-12-02T19:28:25,041","container":"b3f7e2cfb8ab","level":"INFO","thread":"BftProcessorExecutor-QBFT-0","class":"QbftBesuControllerBuilder","message":"Imported #29 / 0 tx / 0 pending / 0 (0.0%) gas / (0x1fa98ea09fa02468d7c2b603c6a9443677f10a8e040f52888d9af2c6cb3b3812)","throwable":""}
{"timestamp":"2024-12-02T19:28:30,053","container":"b3f7e2cfb8ab","level":"INFO","thread":"BftProcessorExecutor-QBFT-0","class":"QbftBesuControllerBuilder","message":"Imported #30 / 0 tx / 0 pending / 0 (0.0%) gas / (0x1167bf30e80f2788e8369d7f6d5de39008003d5cd30e0852a09fd83912c5bc21)","throwable":""}
{"timestamp":"2024-12-02T19:28:35,041","container":"b3f7e2cfb8ab","level":"INFO","thread":"BftProcessorExecutor-QBFT-0","class":"QbftBesuControllerBuilder","message":"Produced #31 / 0 tx / 0 pending / 0 (0.0%) gas / (0x735b929d419d4212f608940253e5326c09ce2bc493fe85fd4db2eb068dfc2ec7)","throwable":""}
{"timestamp":"2024-12-02T19:28:40,028","container":"b3f7e2cfb8ab","level":"INFO","thread":"BftProcessorExecutor-QBFT-0","class":"QbftBesuControllerBuilder","message":"Imported #32 / 0 tx / 0 pending / 0 (0.0%) gas / (0xdc776687eacb9cb7cc7100e7cf7e6620412e541737e822ed43cbc860ac59a4ae)","throwable":""}
{"timestamp":"2024-12-02T19:28:45,041","container":"b3f7e2cfb8ab","level":"INFO","thread":"BftProcessorExecutor-QBFT-0","class":"QbftBesuControllerBuilder","message":"Imported #33 / 0 tx / 0 pending / 0 (0.0%) gas / (0x5e276709feaf6fcc3b10e4f6b08fbe0e493dc830761451bf0c98920e6c23c70d)","throwable":""}
{"timestamp":"2024-12-02T19:28:50,022","container":"b3f7e2cfb8ab","level":"INFO","thread":"BftProcessorExecutor-QBFT-0","class":"QbftBesuControllerBuilder","message":"Imported #34 / 0 tx / 0 pending / 0 (0.0%) gas / (0xbe0922ca5abc97e9a59d16034e542eb71914107f0b7f544058ac052cb44fe3b4)","throwable":""}
{"timestamp":"2024-12-02T19:28:55,022","container":"b3f7e2cfb8ab","level":"INFO","thread":"BftProcessorExecutor-QBFT-0","class":"QbftBesuControllerBuilder","message":"Produced #35 / 0 tx / 0 pending / 0 (0.0%) gas / (0x0d57751345948c6b98c0b0b07d41290d74cce95a271f2fa5fdedba4a82dc5b4e)","throwable":""}
{"timestamp":"2024-12-02T19:29:00,033","container":"b3f7e2cfb8ab","level":"INFO","thread":"BftProcessorExecutor-QBFT-0","class":"QbftBesuControllerBuilder","message":"Imported #36 / 0 tx / 0 pending / 0 (0.0%) gas / (0x189a9609edc37e4c7661ea1c352bf5e2a00bff62b3d3ef7de6a0b07869edc881)","throwable":""}
{"timestamp":"2024-12-02T19:29:05,090","container":"b3f7e2cfb8ab","level":"INFO","thread":"BftProcessorExecutor-QBFT-0","class":"QbftBesuControllerBuilder","message":"Imported #37 / 1 tx / 0 pending / 804,612 (5.0%) gas / (0x65d924338f9e3fd8b48e9f85fe0f4d524d21d339e0f333d8793845e7cdb742f8)","throwable":""}
{"timestamp":"2024-12-02T19:29:10,023","container":"b3f7e2cfb8ab","level":"INFO","thread":"BftProcessorExecutor-QBFT-0","class":"QbftBesuControllerBuilder","message":"Imported #38 / 0 tx / 0 pending / 0 (0.0%) gas / (0x94d634b0a8711853dfc091924f376ea9e913ef673bac04d8e305f50be0708025)","throwable":""}
{"timestamp":"2024-12-02T19:29:15,024","container":"b3f7e2cfb8ab","level":"INFO","thread":"BftProcessorExecutor-QBFT-0","class":"QbftBesuControllerBuilder","message":"Produced #39 / 0 tx / 0 pending / 0 (0.0%) gas / (0xc7bd85fa598e23922aed0442a00f6f4412dacdfa5e3f6cbd583c2e81d10f2f00)","throwable":""}
{"timestamp":"2024-12-02T19:29:20,026","container":"b3f7e2cfb8ab","level":"INFO","thread":"BftProcessorExecutor-QBFT-0","class":"QbftBesuControllerBuilder","message":"Imported #40 / 0 tx / 0 pending / 0 (0.0%) gas / (0xa933cf437a739652dfb11a92b05cd955b25700b12effac28a606980a88c0bf20)","throwable":""}
{"timestamp":"2024-12-02T19:29:25,024","container":"b3f7e2cfb8ab","level":"INFO","thread":"BftProcessorExecutor-QBFT-0","class":"QbftBesuControllerBuilder","message":"Imported #41 / 0 tx / 0 pending / 0 (0.0%) gas / (0x90054e988b7ea49a41076f5ab0890471955ca92451e18c48cccc0a6e2a186b0d)","throwable":""}
{"timestamp":"2024-12-02T19:29:30,022","container":"b3f7e2cfb8ab","level":"INFO","thread":"BftProcessorExecutor-QBFT-0","class":"QbftBesuControllerBuilder","message":"Imported #42 / 0 tx / 0 pending / 0 (0.0%) gas / (0xbcecc234e2d46cc560afa89cdee3d10a00d7f025cf0ed5d69d8c1b68e45b4add)","throwable":""}
{"timestamp":"2024-12-02T19:29:35,040","container":"b3f7e2cfb8ab","level":"INFO","thread":"BftProcessorExecutor-QBFT-0","class":"QbftBesuControllerBuilder","message":"Produced #43 / 0 tx / 0 pending / 0 (0.0%) gas / (0xd5308f61e49b5b1dccd516c02f76b42091a53d314344ec88c90487713a6e4e45)","throwable":""}
{"timestamp":"2024-12-02T19:29:40,037","container":"b3f7e2cfb8ab","level":"INFO","thread":"BftProcessorExecutor-QBFT-0","class":"QbftBesuControllerBuilder","message":"Imported #44 / 0 tx / 0 pending / 0 (0.0%) gas / (0xff71f22122f97ef602930443fbbb2e754e6dac93787dba5fe120d38706dd4ce8)","throwable":""}
{"timestamp":"2024-12-02T19:29:45,023","container":"b3f7e2cfb8ab","level":"INFO","thread":"BftProcessorExecutor-QBFT-0","class":"QbftBesuControllerBuilder","message":"Imported #45 / 0 tx / 0 pending / 0 (0.0%) gas / (0x31a69a1e0ba746cfbf9620b281597d26001faaf86d3612ae9b1575237ae10109)","throwable":""}
{"timestamp":"2024-12-02T19:29:50,024","container":"b3f7e2cfb8ab","level":"INFO","thread":"BftProcessorExecutor-QBFT-0","class":"QbftBesuControllerBuilder","message":"Imported #46 / 0 tx / 0 pending / 0 (0.0%) gas / (0xc53ae9d23f350e18bff3374db639ea97dfeeb0aa6054b24c59a6936de35f0aba)","throwable":""}
{"timestamp":"2024-12-02T19:29:55,022","container":"b3f7e2cfb8ab","level":"INFO","thread":"BftProcessorExecutor-QBFT-0","class":"QbftBesuControllerBuilder","message":"Produced #47 / 0 tx / 0 pending / 0 (0.0%) gas / (0xcc40ee8945f3e3e255945e088421ec39c8ad3453c8ba57ece363ae11f0c8cd89)","throwable":""}
{"timestamp":"2024-12-02T19:30:00,027","container":"b3f7e2cfb8ab","level":"INFO","thread":"BftProcessorExecutor-QBFT-0","class":"QbftBesuControllerBuilder","message":"Imported #48 / 0 tx / 0 pending / 0 (0.0%) gas / (0x9e238e1a828d26564bba6c1771f34da4279df52bd14013c074afbd46cb72dabf)","throwable":""}
{"timestamp":"2024-12-02T19:30:05,041","container":"b3f7e2cfb8ab","level":"INFO","thread":"EthScheduler-Workers-0","class":"PersistBlockTask","message":"Imported #49 / 0 tx / 0 om / 0 (0.0%) gas / (0x623cdabd5dcff81100a05e6c11d3bac850287fb903b2125c3f0a16c8a94a9c62) in 0.013s. Peers: 7","throwable":""}
{"timestamp":"2024-12-02T19:30:05,047","container":"b3f7e2cfb8ab","level":"INFO","thread":"BftProcessorExecutor-QBFT-0","class":"QbftBesuControllerBuilder","message":"Imported #49 / 0 tx / 0 pending / 0 (0.0%) gas / (0x623cdabd5dcff81100a05e6c11d3bac850287fb903b2125c3f0a16c8a94a9c62)","throwable":""}
{"timestamp":"2024-12-02T19:30:10,073","container":"b3f7e2cfb8ab","level":"INFO","thread":"BftProcessorExecutor-QBFT-0","class":"QbftBesuControllerBuilder","message":"Imported #50 / 1 tx / 0 pending / 280,295 (1.7%) gas / (0x9be3ba3feaabb77c37d1f0e66e926e1cab2da6c9d27db7097083bf1fe957738e)","throwable":""}
{"timestamp":"2024-12-02T19:30:15,020","container":"b3f7e2cfb8ab","level":"INFO","thread":"BftProcessorExecutor-QBFT-0","class":"QbftBesuControllerBuilder","message":"Produced #51 / 0 tx / 0 pending / 0 (0.0%) gas / (0xf51ac6450409a577bf536b9ebf0559355b6a4047bb1de345329c826b88333f01)","throwable":""}
{"timestamp":"2024-12-02T19:30:20,036","container":"b3f7e2cfb8ab","level":"INFO","thread":"BftProcessorExecutor-QBFT-0","class":"QbftBesuControllerBuilder","message":"Imported #52 / 0 tx / 0 pending / 0 (0.0%) gas / (0xcf35617c6959553648a8034a50bfd2093f911f476773f39dcf739d8226eedea6)","throwable":""}
{"timestamp":"2024-12-02T19:30:25,022","container":"b3f7e2cfb8ab","level":"INFO","thread":"BftProcessorExecutor-QBFT-0","class":"QbftBesuControllerBuilder","message":"Imported #53 / 0 tx / 0 pending / 0 (0.0%) gas / (0x048569a09271597c60363c3d0525ba20e50fdb5e6c21a6be0c305a4be345a01a)","throwable":""}
{"timestamp":"2024-12-02T19:30:30,024","container":"b3f7e2cfb8ab","level":"INFO","thread":"BftProcessorExecutor-QBFT-0","class":"QbftBesuControllerBuilder","message":"Imported #54 / 0 tx / 0 pending / 0 (0.0%) gas / (0x286bf596dbd01b6d9951d575388b4a37db2aadbbeeebdb5938a3b5ffc9971248)","throwable":""}
{"timestamp":"2024-12-02T19:30:35,017","container":"b3f7e2cfb8ab","level":"INFO","thread":"BftProcessorExecutor-QBFT-0","class":"QbftBesuControllerBuilder","message":"Produced #55 / 0 tx / 0 pending / 0 (0.0%) gas / (0x458713de07ded02a7376adad27de56800ea2fec66b355599de60e36a50247112)","throwable":""}
{"timestamp":"2024-12-02T19:30:40,037","container":"b3f7e2cfb8ab","level":"INFO","thread":"BftProcessorExecutor-QBFT-0","class":"QbftBesuControllerBuilder","message":"Imported #56 / 0 tx / 0 pending / 0 (0.0%) gas / (0x8bb15029d18c8bf9d4d2d1cb938a482fd77419fb5e863e9a9e391c966074edcf)","throwable":""}
{"timestamp":"2024-12-02T19:30:45,026","container":"b3f7e2cfb8ab","level":"INFO","thread":"BftProcessorExecutor-QBFT-0","class":"QbftBesuControllerBuilder","message":"Imported #57 / 0 tx / 0 pending / 0 (0.0%) gas / (0x12275bef27c67f48349c0b0b8d82ae7455f8052dc3fb7b9c9ad8fb0bf408a492)","throwable":""}
{"timestamp":"2024-12-02T19:30:50,030","container":"b3f7e2cfb8ab","level":"INFO","thread":"BftProcessorExecutor-QBFT-0","class":"QbftBesuControllerBuilder","message":"Imported #58 / 0 tx / 0 pending / 0 (0.0%) gas / (0x23e12a39e5061f87e18260f2c1e3718151d591c1ff159ab77a312c471c46b275)","throwable":""}
{"timestamp":"2024-12-02T19:30:55,021","container":"b3f7e2cfb8ab","level":"INFO","thread":"BftProcessorExecutor-QBFT-0","class":"QbftBesuControllerBuilder","message":"Produced #59 / 0 tx / 0 pending / 0 (0.0%) gas / (0x90031dda04fe533fdfd5f84530e6ebce955b850fe9e2c67069b9c83239c8e235)","throwable":""}
{"timestamp":"2024-12-02T19:31:00,028","container":"b3f7e2cfb8ab","level":"INFO","thread":"BftProcessorExecutor-QBFT-0","class":"QbftBesuControllerBuilder","message":"Imported #60 / 0 tx / 0 pending / 0 (0.0%) gas / (0x570f50d37f8fe7ee26447a93e6b9e30daaa07059dfe41188fe29b7893c048c63)","throwable":""}
{"timestamp":"2024-12-02T19:31:05,020","container":"b3f7e2cfb8ab","level":"INFO","thread":"BftProcessorExecutor-QBFT-0","class":"QbftBesuControllerBuilder","message":"Imported #61 / 0 tx / 0 pending / 0 (0.0%) gas / (0x1682342d4d2e1c3c848d9a8fdbaddc73c9ccdc5f9234034816c7264c8d8528d2)","throwable":""}
{"timestamp":"2024-12-02T19:31:10,019","container":"b3f7e2cfb8ab","level":"INFO","thread":"BftProcessorExecutor-QBFT-0","class":"QbftBesuControllerBuilder","message":"Imported #62 / 0 tx / 0 pending / 0 (0.0%) gas / (0x4b1f8a8b301541208ffa88d2d077b07e48776019d0fd7381952109d96becbb18)","throwable":""}
{"timestamp":"2024-12-02T19:31:15,028","container":"b3f7e2cfb8ab","level":"INFO","thread":"EthScheduler-Workers-0","class":"PersistBlockTask","message":"Imported #63 / 0 tx / 0 om / 0 (0.0%) gas / (0x6934c40ea4dbc1ea35bbe0e88f766b817e5bfef3cea7790d8e3b09808893a118) in 0.003s. Peers: 7","throwable":""}
{"timestamp":"2024-12-02T19:31:15,030","container":"b3f7e2cfb8ab","level":"INFO","thread":"BftProcessorExecutor-QBFT-0","class":"QbftBesuControllerBuilder","message":"Produced #63 / 0 tx / 0 pending / 0 (0.0%) gas / (0x6934c40ea4dbc1ea35bbe0e88f766b817e5bfef3cea7790d8e3b09808893a118)","throwable":""}
{"timestamp":"2024-12-02T19:31:20,022","container":"b3f7e2cfb8ab","level":"INFO","thread":"BftProcessorExecutor-QBFT-0","class":"QbftBesuControllerBuilder","message":"Imported #64 / 0 tx / 0 pending / 0 (0.0%) gas / (0xb982e3c65433981eeb12ba9328d691c499bf00221cd56ab92522547c1b47baf0)","throwable":""}
{"timestamp":"2024-12-02T19:31:25,022","container":"b3f7e2cfb8ab","level":"INFO","thread":"BftProcessorExecutor-QBFT-0","class":"QbftBesuControllerBuilder","message":"Imported #65 / 0 tx / 0 pending / 0 (0.0%) gas / (0x4fcb4e787bc24ec7657085203b701041568007b1e6151efe10b26e44ab6ba25b)","throwable":""}
{"timestamp":"2024-12-02T19:31:30,020","container":"b3f7e2cfb8ab","level":"INFO","thread":"BftProcessorExecutor-QBFT-0","class":"QbftBesuControllerBuilder","message":"Imported #66 / 0 tx / 0 pending / 0 (0.0%) gas / (0xc62e5562436a46a242882a7df801bf7f986a82c9b240626efce10e2394497d97)","throwable":""}
{"timestamp":"2024-12-02T19:31:35,018","container":"b3f7e2cfb8ab","level":"INFO","thread":"BftProcessorExecutor-QBFT-0","class":"QbftBesuControllerBuilder","message":"Produced #67 / 0 tx / 0 pending / 0 (0.0%) gas / (0x6293e46fe2b3df8230f6f3fa7c72f209c9eb1833975e220c9124ba29be3680ba)","throwable":""}
{"timestamp":"2024-12-02T19:31:40,027","container":"b3f7e2cfb8ab","level":"INFO","thread":"BftProcessorExecutor-QBFT-0","class":"QbftBesuControllerBuilder","message":"Imported #68 / 0 tx / 0 pending / 0 (0.0%) gas / (0x058cf418921cc0086c7e0465b40eff61f7fc42d424eab12b105cd861c3869c8d)","throwable":""}
{"timestamp":"2024-12-02T19:31:45,027","container":"b3f7e2cfb8ab","level":"INFO","thread":"EthScheduler-Workers-0","class":"PersistBlockTask","message":"Block 69 (0x2bb34a84de283d59f5e951c33081158f9aff2c58a20f663385f8cf0b19ff7a65) is already imported","throwable":""}
{"timestamp":"2024-12-02T19:31:45,042","container":"b3f7e2cfb8ab","level":"INFO","thread":"BftProcessorExecutor-QBFT-0","class":"QbftBesuControllerBuilder","message":"Imported #69 / 0 tx / 0 pending / 0 (0.0%) gas / (0x2bb34a84de283d59f5e951c33081158f9aff2c58a20f663385f8cf0b19ff7a65)","throwable":""}
{"timestamp":"2024-12-02T19:31:50,022","container":"b3f7e2cfb8ab","level":"INFO","thread":"BftProcessorExecutor-QBFT-0","class":"QbftBesuControllerBuilder","message":"Imported #70 / 0 tx / 0 pending / 0 (0.0%) gas / (0x376d9701ad0183f51b9c1f74d28b81e4d435c28039e5cd867ab1b37622ce761d)","throwable":""}
{"timestamp":"2024-12-02T19:31:55,029","container":"b3f7e2cfb8ab","level":"INFO","thread":"BftProcessorExecutor-QBFT-0","class":"QbftBesuControllerBuilder","message":"Produced #71 / 0 tx / 0 pending / 0 (0.0%) gas / (0xb595e1d64d35490d6949459eed4933a77b664af74c1ced2bbeff31bc3b35408e)","throwable":""}
{"timestamp":"2024-12-02T19:32:00,024","container":"b3f7e2cfb8ab","level":"INFO","thread":"BftProcessorExecutor-QBFT-0","class":"QbftBesuControllerBuilder","message":"Imported #72 / 0 tx / 0 pending / 0 (0.0%) gas / (0x0d12ed3b8ffd30ce005ea8d9339a11c4c53e1ccdfb4ea59d4501d3683af5d579)","throwable":""}
{"timestamp":"2024-12-02T19:32:05,021","container":"b3f7e2cfb8ab","level":"INFO","thread":"BftProcessorExecutor-QBFT-0","class":"QbftBesuControllerBuilder","message":"Imported #73 / 0 tx / 0 pending / 0 (0.0%) gas / (0x82c67777e45bd2c4210236706bee513c7e92a850001c43abd8bd983dfd23c645)","throwable":""}
{"timestamp":"2024-12-02T19:32:10,024","container":"b3f7e2cfb8ab","level":"INFO","thread":"BftProcessorExecutor-QBFT-0","class":"QbftBesuControllerBuilder","message":"Imported #74 / 0 tx / 0 pending / 0 (0.0%) gas / (0xb876b7c6b68a09b5aa153152e97629c5a42f44d464424be325297a63fc78e9b6)","throwable":""}
{"timestamp":"2024-12-02T19:32:15,022","container":"b3f7e2cfb8ab","level":"INFO","thread":"BftProcessorExecutor-QBFT-0","class":"QbftBesuControllerBuilder","message":"Produced #75 / 0 tx / 0 pending / 0 (0.0%) gas / (0x3cdb7f160e18b1fdf54e2058eea7ebcc52b7b9403b2ba5ac173ff8ca8e2563f4)","throwable":""}
{"timestamp":"2024-12-02T19:32:20,015","container":"b3f7e2cfb8ab","level":"INFO","thread":"BftProcessorExecutor-QBFT-0","class":"QbftBesuControllerBuilder","message":"Imported #76 / 0 tx / 0 pending / 0 (0.0%) gas / (0x0dee21eaf2e0ca3424a7345d0deb3afdd4b02cf728f67cf8ade64c0af0fa331a)","throwable":""}
{"timestamp":"2024-12-02T19:32:25,026","container":"b3f7e2cfb8ab","level":"INFO","thread":"BftProcessorExecutor-QBFT-0","class":"QbftBesuControllerBuilder","message":"Imported #77 / 0 tx / 0 pending / 0 (0.0%) gas / (0xdaf3b6b6a889f5ec4db56d5bc695195783110c0926ce63ce07a641f2d1ced06d)","throwable":""}
{"timestamp":"2024-12-02T19:32:30,021","container":"b3f7e2cfb8ab","level":"INFO","thread":"BftProcessorExecutor-QBFT-0","class":"QbftBesuControllerBuilder","message":"Imported #78 / 0 tx / 0 pending / 0 (0.0%) gas / (0x67c6f7b6628fedba0777bfd4e3324c6224e86b5c4987ec015d5cba5b5cb298fb)","throwable":""}
{"timestamp":"2024-12-02T19:32:35,046","container":"b3f7e2cfb8ab","level":"INFO","thread":"BftProcessorExecutor-QBFT-0","class":"QbftBesuControllerBuilder","message":"Produced #79 / 0 tx / 0 pending / 0 (0.0%) gas / (0xc48c2cae35a8c52326c742778fcdeb7680feefedb83f822d061617cc4f75ed73)","throwable":""}
{"timestamp":"2024-12-02T19:32:40,026","container":"b3f7e2cfb8ab","level":"INFO","thread":"BftProcessorExecutor-QBFT-0","class":"QbftBesuControllerBuilder","message":"Imported #80 / 0 tx / 0 pending / 0 (0.0%) gas / (0xe02d36923fc2cc2a3904dd96d03c850c87605cf6c487d930fa714d576de5b25f)","throwable":""}
{"timestamp":"2024-12-02T19:32:45,037","container":"b3f7e2cfb8ab","level":"INFO","thread":"BftProcessorExecutor-QBFT-0","class":"QbftBesuControllerBuilder","message":"Imported #81 / 0 tx / 0 pending / 0 (0.0%) gas / (0xad9a1c57602a8ec9c8bdbc13ae1e64d8702db64c1618f64ceb3ca8b7ea4a9ab3)","throwable":""}
{"timestamp":"2024-12-02T19:32:50,024","container":"b3f7e2cfb8ab","level":"INFO","thread":"BftProcessorExecutor-QBFT-0","class":"QbftBesuControllerBuilder","message":"Imported #82 / 0 tx / 0 pending / 0 (0.0%) gas / (0xa4fe576080f45a902c8ae25ac038b28951e755f33e9b65e12dc1d91224d3c833)","throwable":""}
{"timestamp":"2024-12-02T19:32:55,021","container":"b3f7e2cfb8ab","level":"INFO","thread":"BftProcessorExecutor-QBFT-0","class":"QbftBesuControllerBuilder","message":"Produced #83 / 0 tx / 0 pending / 0 (0.0%) gas / (0xb5b09aaf149e72b3067e846538540b7ee4e4909baa35d5860257ef942c5c85fd)","throwable":""}
{"timestamp":"2024-12-02T19:33:00,043","container":"b3f7e2cfb8ab","level":"INFO","thread":"BftProcessorExecutor-QBFT-0","class":"QbftBesuControllerBuilder","message":"Imported #84 / 0 tx / 0 pending / 0 (0.0%) gas / (0x52d7d57ccbf4aee0666fcd5d48d8c3e0490e25fe34b670682313bc2ac2c2fe6f)","throwable":""}
{"timestamp":"2024-12-02T19:33:05,021","container":"b3f7e2cfb8ab","level":"INFO","thread":"BftProcessorExecutor-QBFT-0","class":"QbftBesuControllerBuilder","message":"Imported #85 / 0 tx / 0 pending / 0 (0.0%) gas / (0xcde5e64394d334a6862f8af23e813b84628084a376a6369e99a03a1fe4a88523)","throwable":""}
{"timestamp":"2024-12-02T19:33:08,524","container":"b3f7e2cfb8ab","level":"INFO","thread":"BftProcessorExecutor-QBFT-0","class":"BftProcessor","message":"Shutting down BFT event processor","throwable":""}
{"timestamp":"2024-12-02T19:33:08,526","container":"b3f7e2cfb8ab","level":"INFO","thread":"BesuCommand-Shutdown-Hook","class":"DefaultSynchronizer","message":"Stopping synchronizer","throwable":""}
{"timestamp":"2024-12-02T19:33:08,528","container":"b3f7e2cfb8ab","level":"INFO","thread":"BesuCommand-Shutdown-Hook","class":"NetworkRunner","message":"Stopping Network.","throwable":""}
{"timestamp":"2024-12-02T19:33:08,538","container":"b3f7e2cfb8ab","level":"INFO","thread":"BesuCommand-Shutdown-Hook","class":"EthProtocolManager","message":"Stopping eth Subprotocol.","throwable":""}
{"timestamp":"2024-12-02T19:33:08,542","container":"b3f7e2cfb8ab","level":"INFO","thread":"BesuCommand-Shutdown-Hook","class":"EthProtocolManager","message":"eth Subprotocol stopped.","throwable":""}
{"timestamp":"2024-12-02T19:33:08,542","container":"b3f7e2cfb8ab","level":"INFO","thread":"BesuCommand-Shutdown-Hook","class":"NetworkRunner","message":"Network stopped.","throwable":""}
{"timestamp":"2024-12-02T19:33:08,543","container":"b3f7e2cfb8ab","level":"INFO","thread":"BesuCommand-Shutdown-Hook","class":"AutoTransactionLogBloomCachingService","message":"Shutting down Auto transaction logs caching service.","throwable":""}
{"timestamp":"2024-12-02T19:33:08,551","container":"b3f7e2cfb8ab","level":"INFO","thread":"BesuCommand-Shutdown-Hook","class":"DockerNatManager","message":"Stopping docker NAT manager.","throwable":""}
